     0.0012500000000      0.9978515097877     -2.0000000000000      0.3987977649067      0.9991410570486
     0.0037500000000      0.9978515097877     -1.9993157779618      0.3987977649067      0.9991410570486
     0.0062500000000      0.9980742383173     -1.9984175776160      0.3989220320067      0.9992293576260
     0.0087500000000      0.9976030697017     -1.9979655682531      0.3986583044319      0.9990403912626
     0.0112500000000      0.9971323497343     -1.9974866279337      0.3983949538263      0.9988517420293
     0.0137500000000      0.9965635699136     -1.9969756139507      0.3980767928495      0.9986236825916
     0.0162500000000      0.9958954152813     -1.9963954117409      0.3977031317445      0.9983556647668
     0.0187500000000      0.9951187640114     -1.9957286236381      0.3972689089460      0.9980439604630
     0.0212500000000      0.9942218342796     -1.9949630587154      0.3967675907093      0.9976837588686
     0.0237500000000      0.9931916925833     -1.9940876811954      0.3961920174334      0.9972697627053
     0.0262500000000      0.9920147550924     -1.9930915403222      0.3955346877782      0.9967963826843
     0.0287500000000      0.9906770233649     -1.9919635464193      0.3947878948597      0.9962578255796
     0.0312500000000      0.9891642595581     -1.9906924893348      0.3939438291030      0.9956481577664
     0.0337500000000      0.9874621555644     -1.9892671289069      0.3929946780838      0.9949613660364
     0.0362500000000      0.9855565082451     -1.9876763083121      0.3919327300447      0.9941914206994
     0.0387500000000      0.9834334009337     -1.9859090746243      0.3907504810404      0.9933323412378
     0.0412500000000      0.9810793878446     -1.9839548000356      0.3894407436648      0.9923782633952
     0.0437500000000      0.9784816769327     -1.9818032997084      0.3879967546793      0.9913235061682
     0.0462500000000      0.9756283064804     -1.9794449430431      0.3864122786961      0.9901626370654
     0.0487500000000      0.9725083107931     -1.9768707555895      0.3846817051234      0.9888905340297
     0.0512500000000      0.9691118707368     -1.9740725092526      0.3828001357795      0.9875024425417
     0.0537500000000      0.9654304453947     -1.9710427989155      0.3807634609019      0.9859940265976
     0.0562500000000      0.9614568818097     -1.9677751041193      0.3785684216898      0.9843614124881
     0.0587500000000      0.9571855005810     -1.9642638349823      0.3762126580026      0.9826012245647
     0.0612500000000      0.9526121559361     -1.9605043620812      0.3736947403562      0.9807106124659
     0.0637500000000      0.9477342697685     -1.9564930305229      0.3710141858979      0.9786872695565
     0.0662500000000      0.9425508399647     -1.9522271588928      0.3681714585536      0.9765294426117
     0.0687500000000      0.9370624241066     -1.9477050241544      0.3651679540231      0.9742359330309
     0.0712500000000      0.9312711002968     -1.9429258338796      0.3620059707149      0.9718060900837
     0.0737500000000      0.9251804073878     -1.9378896874175      0.3586886680524      0.9692397968768
     0.0762500000000      0.9187952672992     -1.9325975277470      0.3552200138423      0.9665374498677
     0.0787500000000      0.9121218923661     -1.9270510858205      0.3516047225685      0.9636999328468
     0.0812500000000      0.9051676807908     -1.9212528191991      0.3478481865558      0.9607285863652
     0.0837500000000      0.8979411032753     -1.9152058467113      0.3439564019616      0.9576251735971
     0.0862500000000      0.8904515838104     -1.9089138807509      0.3399358914863      0.9543918436073
     0.0887500000000      0.8827093774120     -1.9023811586818      0.3357936255816      0.9510310929463
     0.0912500000000      0.8747254473404     -1.8956123746416      0.3315369437683      0.9475457264228
     0.0937500000000      0.8665113440398     -1.8886126128501      0.3271734774878      0.9439388178189
     0.0962500000000      0.8580790877112     -1.8813872833396      0.3227110756992      0.9402136712129
     0.0987500000000      0.8494410560937     -1.8739420608367      0.3181577342135      0.9363737834753
     0.1012500000000      0.8406098786994     -1.8662828273505      0.3135215295460      0.9324228083991
     0.1037500000000      0.8315983384334     -1.8584156188601      0.3088105578569      0.9283645228255
     0.1062500000000      0.8224192812362     -1.8503465763503      0.3040328793634      0.9242027950341
     0.1087500000000      0.8130855341275     -1.8420819013190      0.2991964684344      0.9199415555815
     0.1112500000000      0.8036098318003     -1.8336278157714      0.2943091694304      0.9155847706938
     0.1137500000000      0.7940047517237     -1.8249905266310      0.2893786582258      0.9111364182568
     0.1162500000000      0.7842826575516     -1.8161761944235      0.2844124092468      0.9066004663888
     0.1187500000000      0.7744556505091     -1.8071909060403      0.2794176677793      0.9019808545381
     0.1212500000000      0.7645355283340     -1.7980406513420      0.2744014272360      0.8972814770097
     0.1237500000000      0.7545337512786     -1.7887313033435      0.2693704110333      0.8925061687992
     0.1262500000000      0.7444614146368     -1.7792686016986      0.2643310586986      0.8876586935924
     0.1287500000000      0.7343292272307     -1.7696581391988      0.2592895158148      0.8827427337757
     0.1312500000000      0.7241474952883     -1.7599053510023      0.2542516274093      0.8777618822946
     0.1337500000000      0.7139261111467     -1.7500155063099      0.2492229343967      0.8727196361973
     0.1362500000000      0.7036745462317     -1.7399937022212      0.2442086727023      0.8676193916992
     0.1387500000000      0.6934018477902     -1.7298448595135      0.2392137747088      0.8624644406097
     0.1412500000000      0.6831166388811     -1.7195737201029      0.2342428726933      0.8572579679692
     0.1437500000000      0.6728271211655     -1.7091848459661      0.2293003039448      0.8520030507524
     0.1462500000000      0.6625410800726     -1.6986826193162      0.2243901172811      0.8467026575036
     0.1487500000000      0.6522658919544     -1.6880712438465      0.2195160807061      0.8413596487789
     0.1512500000000      0.6420085328830     -1.6773547468726      0.2146816899796      0.8359767782819
     0.1537500000000      0.6317755887753     -1.6665369822214      0.2098901778939      0.8305566945881
     0.1562500000000      0.6215732665693     -1.6556216337311      0.2051445240762      0.8251019433656
     0.1587500000000      0.6114074062081     -1.6446122192423      0.2004474651604      0.8196149700067
     0.1612500000000      0.6012834932158     -1.6335120949748      0.1958015051902      0.8140981225968
     0.1637500000000      0.5912066716824     -1.6223244601973      0.1912089261360      0.8085536551537
     0.1662500000000      0.5811817574974     -1.6110523621102      0.1866717984281      0.8029837310789
     0.1687500000000      0.5712132516960     -1.5996987008721      0.1821919914190      0.7973904267714
     0.1712500000000      0.5613053538048     -1.5882662347106      0.1777711837077      0.7917757353580
     0.1737500000000      0.5514619750903     -1.5767575850670      0.1734108732679      0.7861415705023
     0.1762500000000      0.5416867516326     -1.5651752417327      0.1691123873340      0.7804897702608
     0.1787500000000      0.5319830571600     -1.5535215679415      0.1648768920085      0.7748221009553
     0.1812500000000      0.5223540155933     -1.5417988053883      0.1607054015637      0.7691402610409
     0.1837500000000      0.5128025132617     -1.5300090791507      0.1565987874158      0.7634458849456
     0.1862500000000      0.5033312107587     -1.5181544024945      0.1525577867584      0.7577405468678
     0.1887500000000      0.4939425544179     -1.5062366815468      0.1485830108450      0.7520257645149
     0.1912500000000      0.4846387873937     -1.4942577198271      0.1446749529168      0.7463030027727
     0.1937500000000      0.4754219603391     -1.4822192226256      0.1408339957741      0.7405736772951
     0.1962500000000      0.4662939416763     -1.4701228012253      0.1370604189938      0.7348391580058
     0.1987500000000      0.4572564274618     -1.4579699769613      0.1333544057984      0.7291007725063
     0.2012500000000      0.4483109508498     -1.4457621851188      0.1297160495807      0.7233598093848
     0.2037500000000      0.4394588911605     -1.4335007786659      0.1261453600964      0.7176175214213
     0.2062500000000      0.4307014825619     -1.4211870318257      0.1226422693298      0.7118751286869
     0.2087500000000      0.4220398223770     -1.4088221434871      0.1192066370460      0.7061338215347
     0.2112500000000      0.4134748790259     -1.3964072404588      0.1158382560402      0.7003947634808
     0.2137500000000      0.4050074996169     -1.3839433805696      0.1125368570947      0.6946590939743
     0.2162500000000      0.3966384171991     -1.3714315556197      0.1093021136555      0.6889279310574
     0.2187500000000      0.3883682576889     -1.3588726941873      0.1061336462425      0.6832023739148
     0.2212500000000      0.3801975464842     -1.3462676642956      0.1030310266016      0.6774835053141
     0.2237500000000      0.3721267147797     -1.3336172759464      0.0999937816144      0.6717723939382
     0.2262500000000      0.3641561055942     -1.3209222835247      0.0970213969741      0.6660700966126
     0.2287500000000      0.3562859795241     -1.3081833880807      0.0941133206407      0.6603776604290
     0.2312500000000      0.3485165202334     -1.2954012394951      0.0912689660860      0.6546961247692
     0.2337500000000      0.3408478396914     -1.2825764385334      0.0884877153385      0.6490265232325
     0.2362500000000      0.3332799831694     -1.2697095387952      0.0857689218405      0.6433698854701
     0.2387500000000      0.3258129340055     -1.2568010485647      0.0831119131247      0.6377272389325
     0.2412500000000      0.3184466181468     -1.2438514325679      0.0805159933225      0.6320996105335
     0.2437500000000      0.3111809084777     -1.2308611136431      0.0779804455109      0.6264880282374
     0.2462500000000      0.3040156289423     -1.2178304743313      0.0755045339088      0.6208935225757
     0.2487500000000      0.2969505584683     -1.2047598583906      0.0730875059297      0.6153171280990
     0.2512500000000      0.2899854346993     -1.1916495722430      0.0707285940993      0.6097598847735
     0.2537500000000      0.2831199575412     -1.1784998863590      0.0684270178463      0.6042228393277
     0.2562500000000      0.2763537925300     -1.1653110365855      0.0661819851724      0.5987070465594
     0.2587500000000      0.2696865740253     -1.1520832254244      0.0639926942094      0.5932135706116
     0.2612500000000      0.2631179082350     -1.1388166232685      0.0618583346699      0.5877434862269
     0.2637500000000      0.2566473760759     -1.1255113696000      0.0597780891977      0.5822978799906
     0.2662500000000      0.2502745358761     -1.1121675741602      0.0577511346238      0.5768778515729
     0.2687500000000      0.2439989259211     -1.0987853180965      0.0557766431345      0.5714845149828
     0.2712500000000      0.2378200668506     -1.0853646550938      0.0538537833553      0.5661189998440
     0.2737500000000      0.2317374639081     -1.0719056124991      0.0519817213577      0.5607824527064
     0.2762500000000      0.2257506090486     -1.0584081924460      0.0501596215928      0.5554760384060
     0.2787500000000      0.2198589829078     -1.0448723729887      0.0483866477561      0.5502009414868
     0.2812500000000      0.2140620566370     -1.0312981092535      0.0466619635885      0.5449583676997
     0.2837500000000      0.2083592936084     -1.0176853346185      0.0449847336180      0.5397495455922
     0.2862500000000      0.2027501509930     -1.0040339619303      0.0433541238444      0.5345757282067
     0.2887500000000      0.1972340812180     -0.9903438847700      0.0417693023733      0.5294381949024
     0.2912500000000      0.1918105333048     -0.9766149787795      0.0402294400005      0.5243382533192
     0.2937500000000      0.1864789540944     -0.9628471030610      0.0387337107522      0.5192772415023
     0.2962500000000      0.1812387893629     -0.9490401016646      0.0372812923827      0.5142565302074
     0.2987500000000      0.1760894848313     -0.9351938051776      0.0358713668340      0.5092775254071
     0.3012500000000      0.1710304870750     -0.9213080324348      0.0345031206588      0.5043416710217
     0.3037500000000      0.1660612443360     -0.9073825923655      0.0331757454106      0.4994504518988
     0.3062500000000      0.1611812072422     -0.8934172860010      0.0318884380031      0.4946053970678
     0.3087500000000      0.1563898294388     -0.8794119086624      0.0306404010419      0.4898080832979
     0.3112500000000      0.1516865681344     -0.8653662523578      0.0294308431290      0.4850601389919
     0.3137500000000      0.1470708845657     -0.8512801084142      0.0282589791449      0.4803632484485
     0.3162500000000      0.1425422443858     -0.8371532703791      0.0271240305078      0.4757191565328
     0.3187500000000      0.1381001179774     -0.8229855372278      0.0260252254136      0.4711296737961
     0.3212500000000      0.1337439806947     -0.8087767169164      0.0249617990568      0.4665966820921
     0.3237500000000      0.1294733130368     -0.7945266303286      0.0239329938358      0.4621221407413
     0.3262500000000      0.1252876007537     -0.7802351156688      0.0229380595423      0.4577080933044
     0.3287500000000      0.1211863348872     -0.7659020333621      0.0219762535373      0.4533566750281
     0.3312500000000      0.1171690117476     -0.7515272715286      0.0210468409151      0.4490701210411
     0.3337500000000      0.1132351328248     -0.7371107521109      0.0201490946552      0.4448507753845
     0.3362500000000      0.1093842046357     -0.7226524377431      0.0192822957648      0.4407011009739
     0.3387500000000      0.1056157385040     -0.7081523394616      0.0184457334127      0.4366236906061
     0.3412500000000      0.1019292502705     -0.6936105253707      0.0176387050535      0.4326212791398
     0.3437500000000      0.0983242599295     -0.6790271303952      0.0168605165465      0.4286967570004
     0.3462500000000      0.0948002911845     -0.6644023672630      0.0161104822666      0.4248531851870
     0.3487500000000      0.0913568709143     -0.6497365388842      0.0153879252102      0.4210938119965
     0.3512500000000      0.0879935285346     -0.6350300523126      0.0146921770958      0.4174220917287
     0.3537500000000      0.0847097952311     -0.6202834344967      0.0140225784598      0.4138417057198
     0.3562500000000      0.0815052030229     -0.6054973500548      0.0133784787479      0.4103565861972
     0.3587500000000      0.0783792835696     -0.5906726213369      0.0127592364018      0.4069709437461
     0.3612500000000      0.0753315665357     -0.5758102510751      0.0121642189412      0.4036892998730
     0.3637500000000      0.0723615770489     -0.5609114479743      0.0115928030382      0.4005165279334
     0.3662500000000      0.0694688310258     -0.5459776556907      0.0110443745751      0.3974579106936
     0.3687500000000      0.0666528248456     -0.5310105856712      0.0105183286663      0.3945192379577
     0.3712500000000      0.0639130084577     -0.5160122565059      0.0100140695405      0.3917070163872
     0.3737500000000      0.0612487081331     -0.5009850227693      0.0095310103103      0.3890290342779
     0.3762500000000      0.0586588696132     -0.4859318295619      0.0090685702177      0.3864961206007
     0.3787500000000      0.0561406923513     -0.4708580621033      0.0086260713538      0.3841274035163
     0.3812500000000      0.0536901653647     -0.4557700755378      0.0082027442954      0.3819481761532
     0.3837500000000      0.0513118241014     -0.4406719959945      0.0077983968902      0.3799512601027
     0.3862500000000      0.0490061089071     -0.4255686755557      0.0074125619303      0.3781447913126
     0.3887500000000      0.0467725364692     -0.4104674767838      0.0070447430221      0.3765427082816
     0.3912500000000      0.0446107143728     -0.3953763428348      0.0066944777870      0.3751608711677
     0.3937500000000      0.0425199072753     -0.3803035203606      0.0063612466617      0.3740157886817
     0.3962500000000      0.0404994431881     -0.3652583603155      0.0060445584985      0.3731260248698
     0.3987500000000      0.0385486366642     -0.3502516622032      0.0057439346002      0.3725121753483
     0.4012500000000      0.0366667924428     -0.3352956844438      0.0054589089685      0.3721970620294
     0.4037500000000      0.0348532067092     -0.3204043120895      0.0051890281058      0.3722059313695
     0.4062500000000      0.0331071643187     -0.3055931806553      0.0049338499590      0.3725666378065
     0.4087500000000      0.0314279390008     -0.2908798090012      0.0046929434265      0.3733098300223
     0.4112500000000      0.0298147926186     -0.2762837249928      0.0044658875741      0.3744691126341
     0.4137500000000      0.0282669742667     -0.2618265773278      0.0042522707816      0.3760811770558
     0.4162500000000      0.0267837187427     -0.2475322234452      0.0040516897619      0.3781858860636
     0.4187500000000      0.0253642440666     -0.2334267800179      0.0038637484122      0.3808262925167
     0.4212500000000      0.0240077477850     -0.2195386207683      0.0036880564627      0.3840485679561
     0.4237500000000      0.0227134019095     -0.2058983035872      0.0035242278961      0.3879018112463
     0.4262500000000      0.0214803464848     -0.1925384065944      0.0033718791180      0.3924377011786
     0.4287500000000      0.0203076819493     -0.1794932511492      0.0032306268715      0.3977099503008
     0.4312500000000      0.0191944606254     -0.1667984896658      0.0031000859037      0.4037735110358
     0.4337500000000      0.0181396778462     -0.1544905385785      0.0029798664146      0.4106834806900
     0.4362500000000      0.0171422633799     -0.1426058434817      0.0028695713563      0.4184936511445
     0.4387500000000      0.0162010739608     -0.1311799761749      0.0027687937031      0.4272546545108
     0.4412500000000      0.0153148878357     -0.1202465833348      0.0026771138918      0.4370116713481
     0.4437500000000      0.0144824022072     -0.1098362330273      0.0025940977189      0.4478016978492
     0.4462500000000      0.0137022340385     -0.0999752334986      0.0025192950562      0.4596504207075
     0.4487500000000      0.0129729233082     -0.0906845132666      0.0024522397592      0.4725688460798
     0.4512500000000      0.0122929339282     -0.0819785104421      0.0023924511015      0.4865500610808
     0.4537500000000      0.0116606464455     -0.0738648432485      0.0023394395321      0.5015672894011
     0.4562500000000      0.0110746640987     -0.0663499388599      0.0022927645325      0.5175697682682
     0.4587500000000      0.0105334061871     -0.0594275002036      0.0022519012267      0.5344665312141
     0.4612500000000      0.0100349995020     -0.0530747074475      0.0022162889060      0.5521397648111
     0.4637500000000      0.0095777234503     -0.0472649249829      0.0021854168479      0.5704426681384
     0.4662500000000      0.0091598580384     -0.0419665397739      0.0021587874995      0.5891978594034
     0.4687500000000      0.0087797255958     -0.0371434540251      0.0021359333272      0.6082004795875
     0.4712500000000      0.0084356810703     -0.0327566375912      0.0021164165931      0.6272216124254
     0.4737500000000      0.0081261209546     -0.0287651408224      0.0020998336195      0.6460135257819
     0.4762500000000      0.0078494928515     -0.0251273509604      0.0020858175565      0.6643160252225
     0.4787500000000      0.0076043066489     -0.0218020166891      0.0020740398334      0.6818635574268
     0.4812500000000      0.0073891480831     -0.0187490888896      0.0020642106681      0.6983926444885
     0.4837500000000      0.0072026934516     -0.0159303267072      0.0020560784383      0.7136491550316
     0.4862500000000      0.0070437253504     -0.0133096620527      0.0020494282588      0.7273950064965
     0.4887500000000      0.0069111488241     -0.0108533465323      0.0020440800157      0.7394139772263
     0.4912500000000      0.0068040075981     -0.0085299020807      0.0020398862774      0.7495164606951
     0.4937500000000      0.0067215003393     -0.0063097794018      0.0020367306990      0.7575431809117
     0.4962500000000      0.0066630010770     -0.0041655987778      0.0020345291617      0.7633681648036
     0.4987500000000      0.0066280734643     -0.0020712461517      0.0020332226568      0.7668980540741
     0.5012500000000      0.0066164419810     -0.0000000000000      0.0020327813235      0.7680794788626
     0.5037500000000      0.0066280734643      0.0020712461517      0.0020332226568      0.7668980540741
     0.5062500000000      0.0066630010770      0.0041655987778      0.0020345291617      0.7633681648036
     0.5087500000000      0.0067215003393      0.0063097794018      0.0020367306990      0.7575431809117
     0.5112500000000      0.0068040075981      0.0085299020807      0.0020398862774      0.7495164606951
     0.5137500000000      0.0069111488241      0.0108533465323      0.0020440800157      0.7394139772263
     0.5162500000000      0.0070437253504      0.0133096620527      0.0020494282588      0.7273950064965
     0.5187500000000      0.0072026934516      0.0159303267072      0.0020560784383      0.7136491550316
     0.5212500000000      0.0073891480831      0.0187490888896      0.0020642106681      0.6983926444885
     0.5237500000000      0.0076043066489      0.0218020166891      0.0020740398334      0.6818635574268
     0.5262500000000      0.0078494928515      0.0251273509604      0.0020858175565      0.6643160252225
     0.5287500000000      0.0081261209546      0.0287651408224      0.0020998336195      0.6460135257819
     0.5312500000000      0.0084356810703      0.0327566375912      0.0021164165931      0.6272216124254
     0.5337500000000      0.0087797255958      0.0371434540251      0.0021359333272      0.6082004795875
     0.5362500000000      0.0091598580384      0.0419665397739      0.0021587874995      0.5891978594034
     0.5387500000000      0.0095777234503      0.0472649249829      0.0021854168479      0.5704426681384
     0.5412500000000      0.0100349995020      0.0530747074475      0.0022162889060      0.5521397648111
     0.5437500000000      0.0105334061871      0.0594275002036      0.0022519012267      0.5344665312141
     0.5462500000000      0.0110746640987      0.0663499388599      0.0022927645325      0.5175697682682
     0.5487500000000      0.0116606464455      0.0738648432485      0.0023394395321      0.5015672894011
     0.5512500000000      0.0122929339282      0.0819785104421      0.0023924511015      0.4865500610808
     0.5537500000000      0.0129729233082      0.0906845132666      0.0024522397592      0.4725688460798
     0.5562500000000      0.0137022340385      0.0999752334986      0.0025192950562      0.4596504207075
     0.5587500000000      0.0144824022072      0.1098362330273      0.0025940977189      0.4478016978492
     0.5612500000000      0.0153148878357      0.1202465833348      0.0026771138918      0.4370116713481
     0.5637500000000      0.0162010739608      0.1311799761749      0.0027687937031      0.4272546545108
     0.5662500000000      0.0171422633799      0.1426058434817      0.0028695713563      0.4184936511445
     0.5687500000000      0.0181396778462      0.1544905385785      0.0029798664146      0.4106834806900
     0.5712500000000      0.0191944606254      0.1667984896658      0.0031000859037      0.4037735110358
     0.5737500000000      0.0203076819493      0.1794932511492      0.0032306268715      0.3977099503008
     0.5762500000000      0.0214803464848      0.1925384065944      0.0033718791180      0.3924377011786
     0.5787500000000      0.0227134019095      0.2058983035872      0.0035242278961      0.3879018112463
     0.5812500000000      0.0240077477850      0.2195386207683      0.0036880564627      0.3840485679561
     0.5837500000000      0.0253642440666      0.2334267800179      0.0038637484122      0.3808262925167
     0.5862500000000      0.0267837187427      0.2475322234452      0.0040516897619      0.3781858860636
     0.5887500000000      0.0282669742667      0.2618265773278      0.0042522707816      0.3760811770558
     0.5912500000000      0.0298147926186      0.2762837249928      0.0044658875741      0.3744691126341
     0.5937500000000      0.0314279390008      0.2908798090012      0.0046929434265      0.3733098300223
     0.5962500000000      0.0331071643187      0.3055931806553      0.0049338499590      0.3725666378065
     0.5987500000000      0.0348532067092      0.3204043120895      0.0051890281058      0.3722059313695
     0.6012500000000      0.0366667924428      0.3352956844438      0.0054589089685      0.3721970620294
     0.6037500000000      0.0385486366642      0.3502516622032      0.0057439346002      0.3725121753483
     0.6062500000000      0.0404994431881      0.3652583603155      0.0060445584985      0.3731260248698
     0.6087500000000      0.0425199072753      0.3803035203606      0.0063612466617      0.3740157886817
     0.6112500000000      0.0446107143728      0.3953763428348      0.0066944777870      0.3751608711677
     0.6137500000000      0.0467725364692      0.4104674767838      0.0070447430221      0.3765427082816
     0.6162500000000      0.0490061089071      0.4255686755557      0.0074125619303      0.3781447913126
     0.6187500000000      0.0513118241014      0.4406719959945      0.0077983968902      0.3799512601027
     0.6212500000000      0.0536901653647      0.4557700755378      0.0082027442954      0.3819481761532
     0.6237500000000      0.0561406923513      0.4708580621033      0.0086260713538      0.3841274035163
     0.6262500000000      0.0586588696132      0.4859318295619      0.0090685702177      0.3864961206007
     0.6287500000000      0.0612487081331      0.5009850227693      0.0095310103103      0.3890290342779
     0.6312500000000      0.0639130084577      0.5160122565059      0.0100140695405      0.3917070163872
     0.6337500000000      0.0666528248456      0.5310105856712      0.0105183286663      0.3945192379577
     0.6362500000000      0.0694688310258      0.5459776556907      0.0110443745751      0.3974579106936
     0.6387500000000      0.0723615770489      0.5609114479743      0.0115928030382      0.4005165279334
     0.6412500000000      0.0753315665357      0.5758102510751      0.0121642189412      0.4036892998730
     0.6437500000000      0.0783792835696      0.5906726213369      0.0127592364018      0.4069709437461
     0.6462500000000      0.0815052030229      0.6054973500548      0.0133784787479      0.4103565861972
     0.6487500000000      0.0847097952311      0.6202834344967      0.0140225784598      0.4138417057198
     0.6512500000000      0.0879935285346      0.6350300523126      0.0146921770958      0.4174220917287
     0.6537500000000      0.0913568709143      0.6497365388842      0.0153879252102      0.4210938119965
     0.6562500000000      0.0948002911845      0.6644023672630      0.0161104822666      0.4248531851870
     0.6587500000000      0.0983242599295      0.6790271303952      0.0168605165465      0.4286967570004
     0.6612500000000      0.1019292502705      0.6936105253707      0.0176387050535      0.4326212791398
     0.6637500000000      0.1056157385040      0.7081523394616      0.0184457334127      0.4366236906061
     0.6662500000000      0.1093842046357      0.7226524377432      0.0192822957648      0.4407011009739
     0.6687500000000      0.1132351328248      0.7371107521109      0.0201490946552      0.4448507753845
     0.6712500000000      0.1171690117476      0.7515272715286      0.0210468409151      0.4490701210411
     0.6737500000000      0.1211863348872      0.7659020333621      0.0219762535373      0.4533566750281
     0.6762500000000      0.1252876007537      0.7802351156688      0.0229380595423      0.4577080933044
     0.6787500000000      0.1294733130368      0.7945266303286      0.0239329938358      0.4621221407413
     0.6812500000000      0.1337439806947      0.8087767169164      0.0249617990568      0.4665966820921
     0.6837500000000      0.1381001179774      0.8229855372278      0.0260252254136      0.4711296737961
     0.6862500000000      0.1425422443858      0.8371532703791      0.0271240305078      0.4757191565328
     0.6887500000000      0.1470708845657      0.8512801084142      0.0282589791449      0.4803632484485
     0.6912500000000      0.1516865681344      0.8653662523578      0.0294308431290      0.4850601389919
     0.6937500000000      0.1563898294388      0.8794119086624      0.0306404010419      0.4898080832979
     0.6962500000000      0.1611812072422      0.8934172860010      0.0318884380031      0.4946053970678
     0.6987500000000      0.1660612443360      0.9073825923655      0.0331757454106      0.4994504518988
     0.7012500000000      0.1710304870750      0.9213080324348      0.0345031206588      0.5043416710217
     0.7037500000000      0.1760894848313      0.9351938051776      0.0358713668340      0.5092775254071
     0.7062500000000      0.1812387893629      0.9490401016646      0.0372812923827      0.5142565302074
     0.7087500000000      0.1864789540944      0.9628471030610      0.0387337107522      0.5192772415023
     0.7112500000000      0.1918105333048      0.9766149787795      0.0402294400005      0.5243382533192
     0.7137500000000      0.1972340812180      0.9903438847700      0.0417693023733      0.5294381949024
     0.7162500000000      0.2027501509930      1.0040339619303      0.0433541238444      0.5345757282067
     0.7187500000000      0.2083592936084      1.0176853346185      0.0449847336180      0.5397495455922
     0.7212500000000      0.2140620566370      1.0312981092535      0.0466619635885      0.5449583676997
     0.7237500000000      0.2198589829078      1.0448723729887      0.0483866477561      0.5502009414868
     0.7262500000000      0.2257506090486      1.0584081924460      0.0501596215928      0.5554760384060
     0.7287500000000      0.2317374639081      1.0719056124991      0.0519817213577      0.5607824527064
     0.7312500000000      0.2378200668506      1.0853646550938      0.0538537833553      0.5661189998440
     0.7337500000000      0.2439989259211      1.0987853180965      0.0557766431345      0.5714845149828
     0.7362500000000      0.2502745358761      1.1121675741602      0.0577511346238      0.5768778515729
     0.7387500000000      0.2566473760759      1.1255113696000      0.0597780891977      0.5822978799906
     0.7412500000000      0.2631179082350      1.1388166232685      0.0618583346699      0.5877434862269
     0.7437500000000      0.2696865740253      1.1520832254244      0.0639926942094      0.5932135706116
     0.7462500000000      0.2763537925300      1.1653110365855      0.0661819851724      0.5987070465594
     0.7487500000000      0.2831199575412      1.1784998863590      0.0684270178463      0.6042228393277
     0.7512500000000      0.2899854346993      1.1916495722430      0.0707285940993      0.6097598847735
     0.7537500000000      0.2969505584683      1.2047598583906      0.0730875059297      0.6153171280990
     0.7562500000000      0.3040156289423      1.2178304743313      0.0755045339088      0.6208935225757
     0.7587500000000      0.3111809084777      1.2308611136431      0.0779804455109      0.6264880282374
     0.7612500000000      0.3184466181468      1.2438514325679      0.0805159933225      0.6320996105335
     0.7637500000000      0.3258129340055      1.2568010485647      0.0831119131247      0.6377272389325
     0.7662500000000      0.3332799831694      1.2697095387952      0.0857689218405      0.6433698854701
     0.7687500000000      0.3408478396914      1.2825764385334      0.0884877153385      0.6490265232325
     0.7712500000000      0.3485165202334      1.2954012394951      0.0912689660860      0.6546961247692
     0.7737500000000      0.3562859795241      1.3081833880807      0.0941133206407      0.6603776604290
     0.7762500000000      0.3641561055942      1.3209222835247      0.0970213969741      0.6660700966126
     0.7787500000000      0.3721267147797      1.3336172759464      0.0999937816144      0.6717723939382
     0.7812500000000      0.3801975464842      1.3462676642956      0.1030310266016      0.6774835053141
     0.7837500000000      0.3883682576889      1.3588726941873      0.1061336462425      0.6832023739148
     0.7862500000000      0.3966384171991      1.3714315556197      0.1093021136555      0.6889279310574
     0.7887500000000      0.4050074996169      1.3839433805696      0.1125368570947      0.6946590939743
     0.7912500000000      0.4134748790259      1.3964072404588      0.1158382560402      0.7003947634808
     0.7937500000000      0.4220398223770      1.4088221434871      0.1192066370460      0.7061338215347
     0.7962500000000      0.4307014825619      1.4211870318257      0.1226422693298      0.7118751286869
     0.7987500000000      0.4394588911605      1.4335007786659      0.1261453600964      0.7176175214213
     0.8012500000000      0.4483109508498      1.4457621851188      0.1297160495807      0.7233598093848
     0.8037500000000      0.4572564274618      1.4579699769613      0.1333544057984      0.7291007725063
     0.8062500000000      0.4662939416763      1.4701228012253      0.1370604189938      0.7348391580058
     0.8087500000000      0.4754219603391      1.4822192226256      0.1408339957741      0.7405736772951
     0.8112500000000      0.4846387873937      1.4942577198271      0.1446749529168      0.7463030027727
     0.8137500000000      0.4939425544179      1.5062366815468      0.1485830108450      0.7520257645148
     0.8162500000000      0.5033312107587      1.5181544024945      0.1525577867584      0.7577405468678
     0.8187500000000      0.5128025132617      1.5300090791507      0.1565987874158      0.7634458849456
     0.8212500000000      0.5223540155933      1.5417988053883      0.1607054015637      0.7691402610409
     0.8237500000000      0.5319830571600      1.5535215679415      0.1648768920085      0.7748221009553
     0.8262500000000      0.5416867516326      1.5651752417327      0.1691123873340      0.7804897702608
     0.8287500000000      0.5514619750903      1.5767575850670      0.1734108732679      0.7861415705023
     0.8312500000000      0.5613053538048      1.5882662347106      0.1777711837077      0.7917757353580
     0.8337500000000      0.5712132516960      1.5996987008721      0.1821919914190      0.7973904267714
     0.8362500000000      0.5811817574974      1.6110523621102      0.1866717984281      0.8029837310789
     0.8387500000000      0.5912066716824      1.6223244601973      0.1912089261360      0.8085536551537
     0.8412500000000      0.6012834932158      1.6335120949748      0.1958015051902      0.8140981225968
     0.8437500000000      0.6114074062081      1.6446122192423      0.2004474651604      0.8196149700067
     0.8462500000000      0.6215732665693      1.6556216337311      0.2051445240762      0.8251019433656
     0.8487500000000      0.6317755887753      1.6665369822214      0.2098901778939      0.8305566945881
     0.8512500000000      0.6420085328830      1.6773547468726      0.2146816899796      0.8359767782819
     0.8537500000000      0.6522658919544      1.6880712438465      0.2195160807061      0.8413596487789
     0.8562500000000      0.6625410800726      1.6986826193162      0.2243901172811      0.8467026575036
     0.8587500000000      0.6728271211655      1.7091848459661      0.2293003039448      0.8520030507524
     0.8612500000000      0.6831166388811      1.7195737201029      0.2342428726933      0.8572579679692
     0.8637500000000      0.6934018477902      1.7298448595135      0.2392137747088      0.8624644406097
     0.8662500000000      0.7036745462317      1.7399937022212      0.2442086727023      0.8676193916992
     0.8687500000000      0.7139261111467      1.7500155063099      0.2492229343967      0.8727196361973
     0.8712500000000      0.7241474952883      1.7599053510023      0.2542516274093      0.8777618822946
     0.8737500000000      0.7343292272307      1.7696581391988      0.2592895158148      0.8827427337757
     0.8762500000000      0.7444614146368      1.7792686016986      0.2643310586986      0.8876586935924
     0.8787500000000      0.7545337512786      1.7887313033435      0.2693704110333      0.8925061687992
     0.8812500000000      0.7645355283340      1.7980406513420      0.2744014272360      0.8972814770097
     0.8837500000000      0.7744556505091      1.8071909060403      0.2794176677793      0.9019808545381
     0.8862500000000      0.7842826575516      1.8161761944235      0.2844124092468      0.9066004663888
     0.8887500000000      0.7940047517237      1.8249905266310      0.2893786582258      0.9111364182568
     0.8912500000000      0.8036098318003      1.8336278157714      0.2943091694304      0.9155847706938
     0.8937500000000      0.8130855341275      1.8420819013190      0.2991964684344      0.9199415555815
     0.8962500000000      0.8224192812362      1.8503465763503      0.3040328793634      0.9242027950341
     0.8987500000000      0.8315983384334      1.8584156188601      0.3088105578569      0.9283645228255
     0.9012500000000      0.8406098786994      1.8662828273505      0.3135215295460      0.9324228083991
     0.9037500000000      0.8494410560937      1.8739420608367      0.3181577342135      0.9363737834753
     0.9062500000000      0.8580790877112      1.8813872833396      0.3227110756992      0.9402136712129
     0.9087500000000      0.8665113440398      1.8886126128501      0.3271734774878      0.9439388178189
     0.9112500000000      0.8747254473404      1.8956123746416      0.3315369437683      0.9475457264228
     0.9137500000000      0.8827093774120      1.9023811586818      0.3357936255816      0.9510310929463
     0.9162500000000      0.8904515838104      1.9089138807509      0.3399358914863      0.9543918436073
     0.9187500000000      0.8979411032753      1.9152058467113      0.3439564019616      0.9576251735971
     0.9212500000000      0.9051676807908      1.9212528191991      0.3478481865558      0.9607285863652
     0.9237500000000      0.9121218923661      1.9270510858205      0.3516047225685      0.9636999328468
     0.9262500000000      0.9187952672992      1.9325975277470      0.3552200138423      0.9665374498677
     0.9287500000000      0.9251804073878      1.9378896874175      0.3586886680524      0.9692397968768
     0.9312500000000      0.9312711002968      1.9429258338796      0.3620059707149      0.9718060900837
     0.9337500000000      0.9370624241066      1.9477050241544      0.3651679540231      0.9742359330309
     0.9362500000000      0.9425508399647      1.9522271588928      0.3681714585536      0.9765294426117
     0.9387500000000      0.9477342697685      1.9564930305229      0.3710141858979      0.9786872695565
     0.9412500000000      0.9526121559361      1.9605043620812      0.3736947403562      0.9807106124659
     0.9437500000000      0.9571855005810      1.9642638349823      0.3762126580026      0.9826012245647
     0.9462500000000      0.9614568818097      1.9677751041193      0.3785684216898      0.9843614124881
     0.9487500000000      0.9654304453947      1.9710427989155      0.3807634609019      0.9859940265976
     0.9512500000000      0.9691118707368      1.9740725092526      0.3828001357795      0.9875024425417
     0.9537500000000      0.9725083107930      1.9768707555896      0.3846817051234      0.9888905340297
     0.9562500000000      0.9756283064803      1.9794449430437      0.3864122786960      0.9901626370653
     0.9587500000000      0.9784816769321      1.9818032997106      0.3879967546790      0.9913235061680
     0.9612500000000      0.9810793878419      1.9839548000445      0.3894407436633      0.9923782633941
     0.9637500000000      0.9834334009228      1.9859090746597      0.3907504810344      0.9933323412335
     0.9662500000000      0.9855565082022      1.9876763084508      0.3919327300210      0.9941914206825
     0.9687500000000      0.9874621553959      1.9892671294456      0.3929946779905      0.9949613659700
     0.9712500000000      0.9891642589025      1.9906924914076      0.3939438287395      0.9956481575076
     0.9737500000000      0.9906770208379      1.9919635543213      0.3947878934567      0.9962578245803
     0.9762500000000      0.9920147454416      1.9930915701674      0.3955346824140      0.9967963788630
     0.9787500000000      0.9931916560732      1.9940877928619      0.3961919971191      0.9972697482315
     0.9812500000000      0.9942216974673      1.9949634725603      0.3967675145178      0.9976837045714
     0.9837500000000      0.9951182562445      1.9957301426970      0.3972686259425      0.9980437587431
     0.9862500000000      0.9958935489461      1.9964009336119      0.3977020908303      0.9983549227003
     0.9887500000000      0.9965567770030      1.9969954896349      0.3980730021618      0.9986209801285
     0.9912500000000      0.9971078735475      1.9975574461797      0.3983812609457      0.9988419295304
     0.9937500000000      0.9976633332640      1.9980931700355      0.3986921401865      0.9990648320265
     0.9962500000000      0.9973825196212      1.9991741302966      0.3985355697705      0.9989536660465
     0.9987500000000      0.9973825196212      2.0000000000000      0.3985355697705      0.9989536660465

