     0.0006250000000      0.9995499114731     -2.0000000000000      0.9998199903574      0.3997479931403
     0.0018750000000      0.9995499114731     -1.9998696192487      0.9998199903574      0.3997479931403
     0.0031250000000      0.9996028399790     -1.9997020389323      0.9998411354701      0.3997776154175
     0.0043750000000      0.9995527815225     -1.9996350817928      0.9998211023661      0.3997495855580
     0.0056250000000      0.9994899480123     -1.9995750762377      0.9997959647440      0.3997144067299
     0.0068750000000      0.9994165210094     -1.9995116775421      0.9997665886787      0.3996732983515
     0.0081250000000      0.9993339681656     -1.9994417965696      0.9997335609050      0.3996270826110
     0.0093750000000      0.9992407695774     -1.9993640245152      0.9996962727413      0.3995749091671
     0.0106250000000      0.9991360803533     -1.9992770951338      0.9996543857006      0.3995163058548
     0.0118750000000      0.9990186822471     -1.9991799319912      0.9996074117058      0.3994505916827
     0.0131250000000      0.9988873308891     -1.9990714491183      0.9995548520802      0.3993770713087
     0.0143750000000      0.9987406598468     -1.9989505303845      0.9994961590796      0.3992949813734
     0.0156250000000      0.9985772125609     -1.9988159994760      0.9994307486322      0.3992035084467
     0.0168750000000      0.9983954325920     -1.9986666126091      0.9993579963717      0.3991017836407
     0.0181250000000      0.9981936658405     -1.9985010532400      0.9992772384569      0.3989888839385
     0.0193750000000      0.9979701592946     -1.9983179303921      0.9991877709887      0.3988638315915
     0.0206250000000      0.9977230614414     -1.9981157780996      0.9990888500802      0.3987255944616
     0.0218750000000      0.9974504230039     -1.9978930558892      0.9989796920424      0.3985730865600
     0.0231250000000      0.9971501985434     -1.9976481499837      0.9988594739005      0.3984051690867
     0.0243750000000      0.9968202488518     -1.9973793751919      0.9987273342086      0.3982206519284
     0.0256250000000      0.9964583442188     -1.9970849774536      0.9985823741965      0.3980182956632
     0.0268750000000      0.9960621685914     -1.9967631370368      0.9984236592530      0.3977968140834
     0.0281250000000      0.9956293246485     -1.9964119723814      0.9982502207551      0.3975548772482
     0.0293750000000      0.9951573397956     -1.9960295445835      0.9980610582432      0.3972911150700
     0.0306250000000      0.9946436730744     -1.9956138625057      0.9978551419407      0.3970041214304
     0.0318750000000      0.9940857229672     -1.9951628884904      0.9976314156079      0.3966924588157
     0.0331250000000      0.9934808360655     -1.9946745446447      0.9973887997205      0.3963546634515
     0.0343750000000      0.9928263165566     -1.9941467196573      0.9971261949519      0.3959892509105
     0.0356250000000      0.9921194364693     -1.9935772760992      0.9968424859391      0.3955947221594
     0.0368750000000      0.9913574466091     -1.9929640581514      0.9965365453040      0.3951695700021
     0.0381250000000      0.9905375880988     -1.9923048996959      0.9962072378993      0.3947122858701
     0.0393750000000      0.9896571044302     -1.9915976327016      0.9958534252427      0.3942213669050
     0.0406250000000      0.9887132539256     -1.9908400958282      0.9954739701029      0.3936953232715
     0.0418750000000      0.9877033224947     -1.9900301431710      0.9950677411945      0.3931326856340
     0.0431250000000      0.9866246365708     -1.9891656530639      0.9946336179383      0.3925320127278
     0.0443750000000      0.9854745761028     -1.9882445368571      0.9941704952436      0.3918918989496
     0.0456250000000      0.9842505874787     -1.9872647475876      0.9936772882665      0.3912109818962
     0.0468750000000      0.9829501962537     -1.9862242884596      0.9931529370972      0.3904879497718
     0.0481250000000      0.9815710195597     -1.9851212210566      0.9925964113355      0.3897215485943
     0.0493750000000      0.9801107780758     -1.9839536732089      0.9920067145073      0.3889105891249
     0.0506250000000      0.9785673074444     -1.9827198464475      0.9913828882851      0.3880539534542
     0.0518750000000      0.9769385690250     -1.9814180229799      0.9907240164727      0.3871506011806
     0.0531250000000      0.9752226598892     -1.9800465721313      0.9900292287195      0.3861995751199
     0.0543750000000      0.9734178219655     -1.9786039562013      0.9892977039363      0.3852000064965
     0.0556250000000      0.9715224502616     -1.9770887356954      0.9885286733836      0.3841511195678
     0.0568750000000      0.9695351000970     -1.9754995738998      0.9877214234126      0.3830522356465
     0.0581250000000      0.9674544932977     -1.9738352407750      0.9868752978417      0.3819027764886
     0.0593750000000      0.9652795233158     -1.9720946161533      0.9859896999566      0.3807022670274
     0.0606250000000      0.9630092592501     -1.9702766922357      0.9850640941261      0.3794503374393
     0.0618750000000      0.9606429487599     -1.9683805753882      0.9840980070325      0.3781467245378
     0.0631250000000      0.9581800198748     -1.9664054872499      0.9830910285176      0.3767912724975
     0.0643750000000      0.9556200817178     -1.9643507651682      0.9820428120511      0.3753839329211
     0.0656250000000      0.9529629241685     -1.9622158619867      0.9809530748320      0.3739247642656
     0.0668750000000      0.9502085165074     -1.9600003452147      0.9798215975360      0.3724139306547
     0.0681250000000      0.9473570050882     -1.9577038956139      0.9786482237273      0.3708517001061
     0.0693750000000      0.9444087100951     -1.9553263052402      0.9774328589535      0.3692384422115
     0.0706250000000      0.9413641214504     -1.9528674749857      0.9761754695460      0.3675746253082
     0.0718750000000      0.9382238939401     -1.9503274116632      0.9748760811500      0.3658608131863
     0.0731250000000      0.9349888416335     -1.9477062246820      0.9735347770096      0.3640976613784
     0.0743750000000      0.9316599316720     -1.9450041223627      0.9721516960322      0.3622859130801
     0.0756250000000      0.9282382775080     -1.9422214079387      0.9707270306622      0.3604263947489
     0.0768750000000      0.9247251316712     -1.9393584752930      0.9692610245876      0.3585200114342
     0.0781250000000      0.9211218781440     -1.9364158044773      0.9677539703074      0.3565677418843
     0.0793750000000      0.9174300244211     -1.9333939570580      0.9662062065859      0.3545706334816
     0.0806250000000      0.9136511933305     -1.9302935713342      0.9646181158184      0.3525297970503
     0.0818750000000      0.9097871146870     -1.9271153574684      0.9629901213325      0.3504464015837
     0.0831250000000      0.9058396168467     -1.9238600925684      0.9613226846476      0.3483216689309
     0.0843750000000      0.9018106182282     -1.9205286157572      0.9596163027141      0.3461568684850
     0.0856250000000      0.8977021188575     -1.9171218232639      0.9578715051516      0.3439533119071
     0.0868750000000      0.8935161919931     -1.9136406635655      0.9560888515051      0.3417123479216
     0.0881250000000      0.8892549758810     -1.9100861326065      0.9542689285339      0.3394353572110
     0.0893750000000      0.8849206656818     -1.9064592691209      0.9524123475496      0.3371237474388
     0.0906250000000      0.8805155056112     -1.9027611500770      0.9505197418149      0.3347789484231
     0.0918750000000      0.8760417813266     -1.8989928862632      0.9485917640156      0.3324024074800
     0.0931250000000      0.8715018125884     -1.8951556180300      0.9466290838140      0.3299955849571
     0.0943750000000      0.8668979462204     -1.8912505112003      0.9446323854929      0.3275599499668
     0.0956250000000      0.8622325493895     -1.8872787531587      0.9426023656972      0.3250969763343
     0.0968750000000      0.8575080032175     -1.8832415491267      0.9405397312762      0.3226081387654
     0.0981250000000      0.8527266967382     -1.8791401186292      0.9384451972330      0.3200949092425
     0.0993750000000      0.8478910212059     -1.8749756921567      0.9363194847824      0.3175587536509
     0.1006250000000      0.8430033647597     -1.8707495080230      0.9341633195185      0.3150011286357
     0.1018750000000      0.8380661074432     -1.8664628094204      0.9319774296944      0.3124234786916
     0.1031250000000      0.8330816165799     -1.8621168416693      0.9297625446114      0.3098272334801
     0.1043750000000      0.8280522424967     -1.8577128496608      0.9275193931187      0.3072138053724
     0.1056250000000      0.8229803145925     -1.8532520754874      0.9252487022209      0.3045845872120
     0.1068750000000      0.8178681377405     -1.8487357562580      0.9229511957911      0.3019409502908
     0.1081250000000      0.8127179890156     -1.8441651220911      0.9206275933869      0.2992842425319
     0.1093750000000      0.8075321147368     -1.8395413942800      0.9182786091661      0.2966157868710
     0.1106250000000      0.8023127278098     -1.8348657836246      0.9159049508985      0.2939368798280
     0.1118750000000      0.7970620053594     -1.8301394889206      0.9135073190703      0.2912487902595
     0.1131250000000      0.7917820866362     -1.8253636956011      0.9110864060761      0.2885527582835
     0.1143750000000      0.7864750711847     -1.8205395745212      0.9086428954955      0.2858499943665
     0.1156250000000      0.7811430172583     -1.8156682808791      0.9061774614499      0.2831416785634
     0.1168750000000      0.7757879404661     -1.8107509532662      0.9036907680335      0.2804289599004
     0.1181250000000      0.7704118126386     -1.8057887128369      0.9011834688171      0.2777129558925
     0.1193750000000      0.7650165608967     -1.8007826625935      0.8986562064173      0.2749947521847
     0.1206250000000      0.7596040669106     -1.7957338867753      0.8961096121294      0.2722754023085
     0.1218750000000      0.7541761663353     -1.7906434503483      0.8935443056183      0.2695559275448
     0.1231250000000      0.7487346484094     -1.7855123985850      0.8909608946638      0.2668373168850
     0.1243750000000      0.7432812557031     -1.7803417567305      0.8883599749564      0.2641205270808
     0.1256250000000      0.7378176840056     -1.7751325297464      0.8857421299398      0.2614064827754
     0.1268750000000      0.7323455823373     -1.7698857021275      0.8831079306967      0.2586960767091
     0.1281250000000      0.7268665530778     -1.7646022377838      0.8804579358735      0.2559901699914
     0.1293750000000      0.7213821521977     -1.7592830799845      0.8777926916417      0.2532895924320
     0.1306250000000      0.7158938895844     -1.7539291513559      0.8751127316922      0.2505951429264
     0.1318750000000      0.7104032294528     -1.7485413539304      0.8724185772598      0.2479075898880
     0.1331250000000      0.7049115908310     -1.7431205692406      0.8697107371743      0.2452276717217
     0.1343750000000      0.6994203481134     -1.7376676584535      0.8669897079367      0.2425560973343
     0.1356250000000      0.6939308316729     -1.7321834625428      0.8642559738175      0.2398935466758
     0.1368750000000      0.6884443285248     -1.7266688024921      0.8615100069740      0.2372406713074
     0.1381250000000      0.6829620830359     -1.7211244795287      0.8587522675858      0.2345980949929
     0.1393750000000      0.6774852976721     -1.7155512753820      0.8559832040054      0.2319664143072
     0.1406250000000      0.6720151337789     -1.7099499525643      0.8532032529219      0.2293461992612
     0.1418750000000      0.6665527123894     -1.7043212546714      0.8504128395379      0.2267379939379
     0.1431250000000      0.6610991150543     -1.6986659066996      0.8476123777547      0.2241423171371
     0.1443750000000      0.6556553846902     -1.6929846153774      0.8448022703675      0.2215596630260
     0.1456250000000      0.6502225264418     -1.6872780695081      0.8419829092676      0.2189905017939
     0.1468750000000      0.6448015085537     -1.6815469403233      0.8391546756500      0.2164352803076
     0.1481250000000      0.6393932632485     -1.6757918818438      0.8363179402269      0.2138944227660
     0.1493750000000      0.6339986876092     -1.6700135312461      0.8334730634441      0.2113683313525
     0.1506250000000      0.6286186444613     -1.6642125092345      0.8306203957007      0.2088573868829
     0.1518750000000      0.6232539632535     -1.6583894204149      0.8277602775707      0.2063619494479
     0.1531250000000      0.6179054409342     -1.6525448536718      0.8248930400255      0.2038823590482
     0.1543750000000      0.6125738428213     -1.6466793825445      0.8220190046576      0.2014189362221
     0.1556250000000      0.6072599034649     -1.6407935656038      0.8191384839031      0.1989719826638
     0.1568750000000      0.6019643275002     -1.6348879468265      0.8162517812645      0.1965417818319
     0.1581250000000      0.5966877904886     -1.6289630559682      0.8133591915312      0.1941285995473
     0.1593750000000      0.5914309397482     -1.6230194089322      0.8104610009992      0.1917326845801
     0.1606250000000      0.5861943951698     -1.6170575081359      0.8075574876885      0.1893542692242
     0.1618750000000      0.5809787500201     -1.6110778428718      0.8046489215570      0.1869935698605
     0.1631250000000      0.5757845717290     -1.6050808896638      0.8017355647136      0.1846507875074
     0.1643750000000      0.5706124026622     -1.5990671126190      0.7988176716262      0.1823261083582
     0.1656250000000      0.5654627608778     -1.5930369637729      0.7958954893277      0.1800197043062
     0.1668750000000      0.5603361408666     -1.5869908834293      0.7929692576185      0.1777317334559
     0.1681250000000      0.5552330142755     -1.5809293004935      0.7900392092645      0.1754623406223
     0.1693750000000      0.5501538306144     -1.5748526327994      0.7871055701922      0.1732116578157
     0.1706250000000      0.5450990179461     -1.5687612874298      0.7841685596796      0.1709798047142
     0.1718750000000      0.5400689835588     -1.5626556610297      0.7812283905431      0.1687668891232
     0.1731250000000      0.5350641146221     -1.5565361401133      0.7782852693207      0.1665730074210
     0.1743750000000      0.5300847788252     -1.5504031013632      0.7753393964503      0.1643982449927
     0.1756250000000      0.5251313249989     -1.5442569119233      0.7723909664450      0.1622426766506
     0.1768750000000      0.5202040837201     -1.5380979296846      0.7694401680636      0.1601063670420
     0.1781250000000      0.5153033678998     -1.5319265035634      0.7664871844768      0.1579893710452
     0.1793750000000      0.5104294733553     -1.5257429737732      0.7635321934303      0.1558917341530
     0.1806250000000      0.5055826793645     -1.5195476720890      0.7605753674025      0.1538134928440
     0.1818750000000      0.5007632492064     -1.5133409221055      0.7576168737593      0.1517546749429
     0.1831250000000      0.4959714306836     -1.5071230394877      0.7546568749041      0.1497152999686
     0.1843750000000      0.4912074566311     -1.5008943322152      0.7516955284243      0.1476953794713
     0.1856250000000      0.4864715454089     -1.4946551008194      0.7487329872338      0.1456949173593
     0.1868750000000      0.4817639013802     -1.4884056386150      0.7457693997114      0.1437139102140
     0.1881250000000      0.4770847153748     -1.4821462319242      0.7428049098360      0.1417523475952
     0.1893750000000      0.4724341651388     -1.4758771602951      0.7398396573172      0.1398102123365
     0.1906250000000      0.4678124157698     -1.4695986967134      0.7368737777233      0.1378874808297
     0.1918750000000      0.4632196201391     -1.4633111078090      0.7339074026049      0.1359841233008
     0.1931250000000      0.4586559193005     -1.4570146540555      0.7309406596157      0.1341001040760
     0.1943750000000      0.4541214428861     -1.4507095899648      0.7279736726289      0.1322353818389
     0.1956250000000      0.4496163094905     -1.4443961642757      0.7250065618514      0.1303899098784
     0.1968750000000      0.4451406270412     -1.4380746201370      0.7220394439341      0.1285636363285
     0.1981250000000      0.4406944931593     -1.4317451952853      0.7190724320790      0.1267565044000
     0.1993750000000      0.4362779955069     -1.4254081222175      0.7161056361437      0.1249684526032
     0.2006250000000      0.4318912121244     -1.4190636283582      0.7131391627419      0.1231994149640
     0.2018750000000      0.4275342117569     -1.4127119362226      0.7101731153421      0.1214493212315
     0.2031250000000      0.4232070541699     -1.4063532635737      0.7072075943630      0.1197180970788
     0.2043750000000      0.4189097904549     -1.3999878235757      0.7042426972656      0.1180056642964
     0.2056250000000      0.4146424633254     -1.3936158249428      0.7012785186430      0.1163119409789
     0.2068750000000      0.4104051074030     -1.3872374720829      0.6983151503080      0.1146368417053
     0.2081250000000      0.4061977494947     -1.3808529652376      0.6953526813776      0.1129802777123
     0.2093750000000      0.4020204088612     -1.3744625006187      0.6923911983544      0.1113421570617
     0.2106250000000      0.3978730974760     -1.3680662705390      0.6894307852073      0.1097223848023
     0.2118750000000      0.3937558202771     -1.3616644635413      0.6864715234481      0.1081208631249
     0.2131250000000      0.3896685754096     -1.3552572645222      0.6835134922065      0.1065374915125
     0.2143750000000      0.3856113544616     -1.3488448548527      0.6805567683033      0.1049721668854
     0.2156250000000      0.3815841426914     -1.3424274124961      0.6776014263206      0.1034247837396
     0.2168750000000      0.3775869192484     -1.3360051121209      0.6746475386703      0.1018952342820
     0.2181250000000      0.3736196573860     -1.3295781252126      0.6716951756608      0.1003834085593
     0.2193750000000      0.3696823246688     -1.3231466201802      0.6687444055608      0.0988891945828
     0.2206250000000      0.3657748831719     -1.3167107624616      0.6657952946627      0.0974124784487
     0.2218750000000      0.3618972896751     -1.3102707146249      0.6628479073423      0.0959531444536
     0.2231250000000      0.3580494958498     -1.3038266364673      0.6599023061180      0.0945110752063
     0.2243750000000      0.3542314484413     -1.2973786851115      0.6569585517075      0.0930861517349
     0.2256250000000      0.3504430894439     -1.2909270150993      0.6540167030833      0.0916782535906
     0.2268750000000      0.3466843562713     -1.2844717784828      0.6510768175259      0.0902872589468
     0.2281250000000      0.3429551819219     -1.2780131249134      0.6481389506756      0.0889130446958
     0.2293750000000      0.3392554951381     -1.2715512017283      0.6452031565832      0.0875554865405
     0.2306250000000      0.3355852205613     -1.2650861540352      0.6422694877580      0.0862144590836
     0.2318750000000      0.3319442788818     -1.2586181247941      0.6393379952153      0.0848898359134
     0.2331250000000      0.3283325869840     -1.2521472548986      0.6364087285221      0.0835814896859
     0.2343750000000      0.3247500580875     -1.2456736832536      0.6334817358407      0.0822892922046
     0.2356250000000      0.3211966018829     -1.2391975468525      0.6305570639722      0.0810131144965
     0.2368750000000      0.3176721246650     -1.2327189808524      0.6276347583969      0.0797528268854
     0.2381250000000      0.3141765294603     -1.2262381186470      0.6247148633151      0.0785082990634
     0.2393750000000      0.3107097161515     -1.2197550919390      0.6217974216852      0.0772794001582
     0.2406250000000      0.3072715815982     -1.2132700308102      0.6188824752611      0.0760659987987
     0.2418750000000      0.3038620197536     -1.2067830637910      0.6159700646282      0.0748679631783
     0.2431250000000      0.3004809217782     -1.2002943179276      0.6130602292381      0.0736851611148
     0.2443750000000      0.2971281761491     -1.1938039188493      0.6101530074424      0.0725174601093
     0.2456250000000      0.2938036687675     -1.1873119908334      0.6072484365244      0.0713647274017
     0.2468750000000      0.2905072830613     -1.1808186568701      0.6043465527309      0.0702268300245
     0.2481250000000      0.2872389000864     -1.1743240387254      0.6014473913017      0.0691036348549
     0.2493750000000      0.2839983986236     -1.1678282570041      0.5985509864986      0.0679950086641
     0.2506250000000      0.2807856552737     -1.1613314312112      0.5956573716334      0.0669008181651
     0.2518750000000      0.2776005445497     -1.1548336798123      0.5927665790951      0.0658209300591
     0.2531250000000      0.2744429389680     -1.1483351202927      0.5898786403768      0.0647552110798
     0.2543750000000      0.2713127091392     -1.1418358692135      0.5869935861045      0.0637035280373
     0.2556250000000      0.2682097238637     -1.1353360422613      0.5841114460696      0.0626657478624
     0.2568750000000      0.2651338502443     -1.1288357542832      0.5812322492757      0.0616417376547
     0.2581250000000      0.2620849538440     -1.1223351192916      0.5783560240202      0.0606313647443
     0.2593750000000      0.2590628989721     -1.1158342504048      0.5754827980686      0.0596344967905
     0.2606250000000      0.2560675493526     -1.1093332586183      0.5726125991055      0.0586510019926
     0.2618750000000      0.2530987666789     -1.1028322501827      0.5697454532535      0.0576807486157
     0.2631250000000      0.2501564012181     -1.0963313296245      0.5668813767754      0.0567236020527
     0.2643750000000      0.2472403092334     -1.0898306058073      0.5640203918652      0.0557794304395
     0.2656250000000      0.2443503479751     -1.0833301902649      0.5611625223050      0.0548481030383
     0.2668750000000      0.2414863735227     -1.0768301940993      0.5583077912139      0.0539294895239
     0.2681250000000      0.2386482408470     -1.0703307281830      0.5554562210427      0.0530234600077
     0.2693750000000      0.2358358038702     -1.0638319032194      0.5526078335847      0.0521298850634
     0.2706250000000      0.2330489155241     -1.0573338297890      0.5497626499853      0.0512486357499
     0.2718750000000      0.2302874278054     -1.0508366184052      0.5469206907504      0.0503795836346
     0.2731250000000      0.2275511918301     -1.0443403795739      0.5440819757527      0.0495226008143
     0.2743750000000      0.2248400578863     -1.0378452238543      0.5412465242382      0.0486775599362
     0.2756250000000      0.2221538754847     -1.0313512619203      0.5384143548304      0.0478443342169
     0.2768750000000      0.2194924934083     -1.0248586046227      0.5355854855343      0.0470227974613
     0.2781250000000      0.2168557597602     -1.0183673630530      0.5327599337381      0.0462128240802
     0.2793750000000      0.2142435220103     -1.0118776486083      0.5299377162144      0.0454142891071
     0.2806250000000      0.2116556270397     -1.0053895730579      0.5271188491204      0.0446270682140
     0.2818750000000      0.2090919211847     -0.9989032486110      0.5243033479957      0.0438510377264
     0.2831250000000      0.2065522502786     -0.9924187879872      0.5214912277599      0.0430860746377
     0.2843750000000      0.2040364596922     -0.9859363044878      0.5186825027082      0.0423320566228
     0.2856250000000      0.2015443943736     -0.9794559120703      0.5158771865056      0.0415888620502
     0.2868750000000      0.1990758988853     -0.9729777254244      0.5130752921802      0.0408563699946
     0.2881250000000      0.1966308174411     -0.9665018600511      0.5102768321143      0.0401344602480
     0.2893750000000      0.1942089939410     -0.9600284323441      0.5074818180343      0.0394230133295
     0.2906250000000      0.1918102720048     -0.9535575596743      0.5046902609991      0.0387219104962
     0.2918750000000      0.1894344950043     -0.9470893604779      0.5019021713868      0.0380310337513
     0.2931250000000      0.1870815060941     -0.9406239543470      0.4991175588796      0.0373502658533
     0.2943750000000      0.1847511482408     -0.9341614621248      0.4963364324468      0.0366794903233
     0.2956250000000      0.1824432642508     -0.9277020060045      0.4935588003267      0.0360185914525
     0.2968750000000      0.1801576967967     -0.9212457096322      0.4907846700059      0.0353674543086
     0.2981250000000      0.1778942884419     -0.9147926982149      0.4880140481970      0.0347259647415
     0.2993750000000      0.1756528816637     -0.9083430986333      0.4852469408144      0.0340940093890
     0.3006250000000      0.1734333188746     -0.9018970395598      0.4824833529479      0.0334714756814
     0.3018750000000      0.1712354424419     -0.8954546515826      0.4797232888347      0.0328582518453
     0.3031250000000      0.1690590947057     -0.8890160673359      0.4769667518284      0.0322542269075
     0.3043750000000      0.1669041179944     -0.8825814216368      0.4742137443669      0.0316592906977
     0.3056250000000      0.1647703546386     -0.8761508516295      0.4714642679372      0.0310733338510
     0.3068750000000      0.1626576469830     -0.8697244969375      0.4687183230390      0.0304962478093
     0.3081250000000      0.1605658373953     -0.8633024998234      0.4659759091448      0.0299279248231
     0.3093750000000      0.1584947682731     -0.8568850053592      0.4632370246590      0.0293682579516
     0.3106250000000      0.1564442820485     -0.8504721616050      0.4605016668742      0.0288171410625
     0.3118750000000      0.1544142211890     -0.8440641197991      0.4577698319253      0.0282744688322
     0.3131250000000      0.1524044281961     -0.8376610345593      0.4550415147418      0.0277401367439
     0.3143750000000      0.1504147456002     -0.8312630640964      0.4523167089980      0.0272140410859
     0.3156250000000      0.1484450159520     -0.8248703704412      0.4495954070617      0.0266960789493
     0.3168750000000      0.1464950818105     -0.8184831196860      0.4468775999405      0.0261861482250
     0.3181250000000      0.1445647857256     -0.8121014822411      0.4441632772279      0.0256841475998
     0.3193750000000      0.1426539702174     -0.8057256331088      0.4414524270473      0.0251899765522
     0.3206250000000      0.1407624777495     -0.7993557521755      0.4387450359968      0.0247035353469
     0.3218750000000      0.1388901506976     -0.7929920245228      0.4360410890922      0.0242247250297
     0.3231250000000      0.1370368313110     -0.7866346407613      0.4333405697127      0.0237534474208
     0.3243750000000      0.1352023616685     -0.7802837973859      0.4306434595465      0.0232896051071
     0.3256250000000      0.1333865836260     -0.7739396971577      0.4279497385399      0.0228331014350
     0.3268750000000      0.1315893387571     -0.7676025495117      0.4252593848501      0.0223838405011
     0.3281250000000      0.1298104682840     -0.7612725709948      0.4225723748024      0.0219417271428
     0.3293750000000      0.1280498129984     -0.7549499857352      0.4198886828558      0.0215066669279
     0.3306250000000      0.1263072131729     -0.7486350259467      0.4172082815771      0.0210785661435
     0.3318750000000      0.1245825084586     -0.7423279324697      0.4145311416265      0.0206573317832
     0.3331250000000      0.1228755377713     -0.7360289553535      0.4118572317593      0.0202428715350
     0.3343750000000      0.1211861391615     -0.7297383544819      0.4091865188447      0.0198350937663
     0.3356250000000      0.1195141496692     -0.7234564002470      0.4065189679092      0.0194339075096
     0.3368750000000      0.1178594051610     -0.7171833742736      0.4038545422065      0.0190392224464
     0.3381250000000      0.1162217401462     -0.7109195702000      0.4011932033231      0.0186509488900
     0.3393750000000      0.1146009875726     -0.7046652945188      0.3985349113247      0.0182689977680
     0.3406250000000      0.1129969785970     -0.6984208674825      0.3958796249529      0.0178932806031
     0.3418750000000      0.1114095423295     -0.6921866240798      0.3932273018817      0.0175237094936
     0.3431250000000      0.1098385055479     -0.6859629150873      0.3905778990469      0.0171601970925
     0.3443750000000      0.1082836923804     -0.6797501082029      0.3879313730602      0.0168026565861
     0.3456250000000      0.1067449239512     -0.6735485892669      0.3852876807262      0.0164510016714
     0.3468750000000      0.1052220179872     -0.6673587635773      0.3826467796806      0.0161051465337
     0.3481250000000      0.1037147883815     -0.6611810573063      0.3800086291718      0.0157650058231
     0.3493750000000      0.1022230447081     -0.6550159190239      0.3773731910123      0.0154304946306
     0.3506250000000      0.1007465916849     -0.6488638213371      0.3747404307298      0.0151015284650
     0.3518750000000      0.0992852285789     -0.6427252626511      0.3721103189544      0.0147780232296
     0.3531250000000      0.0978387485482     -0.6366007690598      0.3694828330817      0.0144598951995
     0.3543750000000      0.0964069379165     -0.6304908963722      0.3668579592613      0.0141470610011
     0.3556250000000      0.0949895753721     -0.6243962322826      0.3642356947647      0.0138394375924
     0.3568750000000      0.0935864310869     -0.6183173986886      0.3616160507977      0.0135369422472
     0.3581250000000      0.0921972657483     -0.6122550541641      0.3589990558317      0.0132394925416
     0.3593750000000      0.0908218294977     -0.6062098965903      0.3563847595393      0.0129470063466
     0.3606250000000      0.0894598607689     -0.6001826659465      0.3537732374329      0.0126594018258
     0.3618750000000      0.0881110850214     -0.5941741472622      0.3511645963207      0.0123765974412
     0.3631250000000      0.0867752133610     -0.5881851737271      0.3485589807089      0.0120985119680
     0.3643750000000      0.0854519410445     -0.5822166299524      0.3459565803005      0.0118250645215
     0.3656250000000      0.0841409458646     -0.5762694553743      0.3433576387599      0.0115561745980
     0.3668750000000      0.0828418864114     -0.5703446477825      0.3407624639365      0.0112917621323
     0.3681250000000      0.0815544002125     -0.5644432669518      0.3381714397679      0.0110317475757
     0.3693750000000      0.0802781017539     -0.5585664383462      0.3355850401092      0.0107760519988
     0.3706250000000      0.0790125803881     -0.5527153568551      0.3330038447681      0.0105245972217
     0.3718750000000      0.0777573981424     -0.5468912905110      0.3304285580592      0.0102773059787
     0.3731250000000      0.0765120874446     -0.5410955841220      0.3278600302256      0.0100341021209
     0.3743750000000      0.0752761487913     -0.5353296627410      0.3252992821163      0.0097949108649
     0.3756250000000      0.0740490483957     -0.5295950348702      0.3227475335464      0.0095596590925
     0.3768750000000      0.0728302158594     -0.5238932952843      0.3202062358078      0.0093282757094
     0.3781250000000      0.0716190419291     -0.5182261273278      0.3176771088411      0.0091006920712
     0.3793750000000      0.0704148764157     -0.5125953045177      0.3151621836163      0.0088768424841
     0.3806250000000      0.0692170263695     -0.5070026912525      0.3126638503092      0.0086566647887
     0.3818750000000      0.0680247546302     -0.5014502423931      0.3101849128901      0.0084401010357
     0.3831250000000      0.0668372788925     -0.4959400014461      0.3077286507677      0.0082270982618
     0.3843750000000      0.0656537714584     -0.4904740970398      0.3052988881429      0.0080176093714
     0.3856250000000      0.0644733598749     -0.4850547373449      0.3029000717267      0.0078115941322
     0.3868750000000      0.0632951286909     -0.4796842020688      0.3005373574577      0.0076090202867
     0.3881250000000      0.0621181225990     -0.4743648316487      0.2982167068036      0.0074098647817
     0.3893750000000      0.0609413512650     -0.4690990132999      0.2959449931524      0.0072141151131
     0.3906250000000      0.0597637961811     -0.4638891636487      0.2937301186582      0.0070217707775
     0.3918750000000      0.0585844199147     -0.4587377077477      0.2915811416869      0.0068328448175
     0.3931250000000      0.0574021781542     -0.4536470542640      0.2895084146315      0.0066473654375
     0.3943750000000      0.0562160349892     -0.4486195663982      0.2875237311964      0.0064653776533
     0.3956250000000      0.0550249819006     -0.4436575274948      0.2856404809647      0.0062869449181
     0.3968750000000      0.0538280610082     -0.4387630993481      0.2838738063735      0.0061121506272
     0.3981250000000      0.0526243932735     -0.4339382702718      0.2822407512178      0.0059410993160
     0.3993750000000      0.0514132126779     -0.4291847901535      0.2807603753939      0.0057739171567
     0.4006250000000      0.0501939079934     -0.4245040930833      0.2794537738883      0.0056107508060
     0.4018750000000      0.0489660745339     -0.4198972190523      0.2783438389882      0.0054517620664
     0.4031250000000      0.0477295775267     -0.4153647754710      0.2774543231239      0.0052971110503
     0.4043750000000      0.0464846169909     -0.4109070616706      0.2768069151556      0.0051469053726
     0.4056250000000      0.0452317151848     -0.4065247339359      0.2764123617622      0.0050010420883
     0.4068750000000      0.0439712455703     -0.4022210752200      0.2762432285629      0.0048587035361
     0.4081250000000      0.0427014721789     -0.3980071570246      0.2761599025080      0.0047169737575
     0.4093750000000      0.0414222719312     -0.3938486561995      0.2758519585575      0.0045705659360
     0.4106250000000      0.0401376026586     -0.3896910511991      0.2770207144801      0.0044475789464
     0.4118750000000      0.0388513957951     -0.3855598513133      0.2788605348238      0.0043336484040
     0.4131250000000      0.0375667349875     -0.3814876769976      0.2813313558834      0.0042274801961
     0.4143750000000      0.0362867446504     -0.3774652406979      0.2844866278265      0.0041292374482
     0.4156250000000      0.0350151289593     -0.3734833730656      0.2883780189219      0.0040390374086
     0.4168750000000      0.0337559953308     -0.3695327923339      0.2930531417571      0.0039569201939
     0.4181250000000      0.0325136598813     -0.3656049793774      0.2985552962417      0.0038828501431
     0.4193750000000      0.0312921521641     -0.3616937829827      0.3049226628728      0.0038166745460
     0.4206250000000      0.0300949766472     -0.3577926750844      0.3121911491386      0.0037581541371
     0.4218750000000      0.0289252760022     -0.3538934001111      0.3203963468523      0.0037070211051
     0.4231250000000      0.0277856495642     -0.3499881972011      0.3295732319980      0.0036629625320
     0.4243750000000      0.0266787734129     -0.3460698276754      0.3397574039954      0.0036257243186
     0.4256250000000      0.0256068583924     -0.3421315346437      0.3509839321710      0.0035950383396
     0.4268750000000      0.0245715588059     -0.3381670243517      0.3632883609095      0.0035706245294
     0.4281250000000      0.0235740175789     -0.3341704866469      0.3767071054694      0.0035521999706
     0.4293750000000      0.0226149107029     -0.3301366022414      0.3912777236249      0.0035394843119
     0.4306250000000      0.0216944961247     -0.3260605391793      0.4070390986431      0.0035322032592
     0.4318750000000      0.0208126667335     -0.3219379418821      0.4240315505504      0.0035300909384
     0.4331250000000      0.0199690052654     -0.3177649148313      0.4422968826439      0.0035328915114
     0.4343750000000      0.0191628381870     -0.3135380024027      0.4618783748938      0.0035403602241
     0.4356250000000      0.0183932862246     -0.3092541660817      0.4828207380912      0.0035522640123
     0.4368750000000      0.0176593100950     -0.3049107600641      0.5051700423345      0.0035683817713
     0.4381250000000      0.0169597507671     -0.3005055060304      0.5289736313725      0.0035885043802
     0.4393750000000      0.0162933641285     -0.2960364676919      0.5542800318548      0.0036124345553
     0.4406250000000      0.0156588502728     -0.2915020255459      0.5811388644583      0.0036399865865
     0.4418750000000      0.0150548778249     -0.2869008521570      0.6096007621703      0.0036709859986
     0.4431250000000      0.0144801038273     -0.2822318881886      0.6397172995541      0.0037052691671
     0.4443750000000      0.0139331897475     -0.2774943193389      0.6715409355224      0.0037426829111
     0.4456250000000      0.0134128141583     -0.2726875542881      0.7051249710258      0.0037830840779
     0.4468750000000      0.0129176826014     -0.2678112037235      0.7405235221539      0.0038263391272
     0.4481250000000      0.0124465350966     -0.2628650604867      0.7777915084706      0.0038723237232
     0.4493750000000      0.0119981516982     -0.2578490808639      0.8169846559665      0.0039209223350
     0.4506250000000      0.0115713564470     -0.2527633670271      0.8581595137905      0.0039720278490
     0.4518750000000      0.0111650200099     -0.2476081506234      0.9013734839074      0.0040255411937
     0.4531250000000      0.0107780612568     -0.2423837774950      0.9466848629874      0.0040813709776
     0.4543750000000      0.0104094479811     -0.2370906935091      0.9941528961337      0.0041394331430
     0.4556250000000      0.0100581969369     -0.2317294314624      1.0438378424850      0.0041996506359
     0.4568750000000      0.0097233733358     -0.2263005990236      1.0958010532525      0.0042619530970
     0.4581250000000      0.0094040899229     -0.2208048676645      1.1501050633708      0.0043262765747
     0.4593750000000      0.0090995057288     -0.2152429625286      1.2068136986418      0.0043925632657
     0.4606250000000      0.0088088245797     -0.2096156531797      1.2659922010518      0.0044607612873
     0.4618750000000      0.0085312934315     -0.2039237451676      1.3277073758598      0.0045308244858
     0.4631250000000      0.0082662005810     -0.1981680723464      1.3920277651243      0.0046027122883
     0.4643750000000      0.0080128737990     -0.1923494898781      1.4590238536197      0.0046763896035
     0.4656250000000      0.0077706784193     -0.1864688678506      1.5287683146576      0.0047518267803
     0.4668750000000      0.0075390154116     -0.1805270854401      1.6013363052819      0.0048289996339
     0.4681250000000      0.0073173194592     -0.1745250255441      1.6768058227894      0.0049078895505
     0.4693750000000      0.0071050570565     -0.1684635698107      1.7552581377288      0.0049884836870
     0.4706250000000      0.0069017246385     -0.1623435939863      1.8367783227234      0.0050707752822
     0.4718750000000      0.0067068467474     -0.1561659635012      1.9214559020222      0.0051547641067
     0.4731250000000      0.0065199742391     -0.1499315292067      2.0093856541411      0.0052404570806
     0.4743750000000      0.0063406825294     -0.1436411231686      2.1006686101097      0.0053278691025
     0.4756250000000      0.0061685698731     -0.1372955544123      2.1954133038290      0.0054170241460
     0.4768750000000      0.0060032556684     -0.1308956044977      2.2937373506087      0.0055079567007
     0.4781250000000      0.0058443787689     -0.1244420227780      2.3957694577553      0.0056007136616
     0.4793750000000      0.0056915957848     -0.1179355211690      2.5016520112283      0.0056953568169
     0.4806250000000      0.0055445793402     -0.1113767682045      2.6115444414825      0.0057919661425
     0.4818750000000      0.0054030162420     -0.1047663820969      2.7256276603856      0.0058906442075
     0.4831250000000      0.0052666054983     -0.0981049224268      2.8441099975407      0.0059915221403
     0.4843750000000      0.0051350560872     -0.0913928799620      2.9672352794747      0.0060947678336
     0.4856250000000      0.0050080843324     -0.0846306639217      3.0952940443191      0.0062005974430
     0.4868750000000      0.0048854106515     -0.0778185857368      3.2286394703389      0.0063092918633
     0.4881250000000      0.0047667552969     -0.0709568379851      3.3677106171806      0.0064212209691
     0.4893750000000      0.0046518324292     -0.0640454666586      3.5130674371359      0.0065368804120
     0.4906250000000      0.0045403413237     -0.0570843342790      3.6654455789895      0.0066569496128
     0.4918750000000      0.0044319523658     -0.0500730708705      3.8258462879149      0.0067823874027
     0.4931250000000      0.0043262828571     -0.0430110107784      3.9956927555360      0.0069145988281
     0.4943750000000      0.0042228508247     -0.0358971219738      4.1771232271003      0.0070557473058
     0.4956250000000      0.0041209743563     -0.0287299818923      4.3735983019163      0.0072093945787
     0.4968750000000      0.0040195061953     -0.0215081346857      4.5913495148277      0.0073819831278
     0.4981250000000      0.0039158846118     -0.0142337703701      4.8436672055285      0.0075868967499
     0.4993750000000      0.0037996424034     -0.0070648488945      5.1695341673996      0.0078569524912
     0.5006250000000      0.0032931921423     -0.0000000000000      5.9099299671367      0.0077850139718
     0.5018750000000      0.0037996424034      0.0070648488945      5.1695341673996      0.0078569524912
     0.5031250000000      0.0039158846118      0.0142337703701      4.8436672055285      0.0075868967499
     0.5043750000000      0.0040195061953      0.0215081346857      4.5913495148276      0.0073819831278
     0.5056250000000      0.0041209743563      0.0287299818923      4.3735983019163      0.0072093945787
     0.5068750000000      0.0042228508247      0.0358971219738      4.1771232271003      0.0070557473058
     0.5081250000000      0.0043262828571      0.0430110107784      3.9956927555360      0.0069145988281
     0.5093750000000      0.0044319523658      0.0500730708705      3.8258462879149      0.0067823874027
     0.5106250000000      0.0045403413237      0.0570843342790      3.6654455789894      0.0066569496128
     0.5118750000000      0.0046518324292      0.0640454666586      3.5130674371359      0.0065368804120
     0.5131250000000      0.0047667552969      0.0709568379851      3.3677106171806      0.0064212209691
     0.5143750000000      0.0048854106515      0.0778185857368      3.2286394703389      0.0063092918633
     0.5156250000000      0.0050080843324      0.0846306639217      3.0952940443191      0.0062005974430
     0.5168750000000      0.0051350560872      0.0913928799620      2.9672352794746      0.0060947678336
     0.5181250000000      0.0052666054983      0.0981049224268      2.8441099975407      0.0059915221403
     0.5193750000000      0.0054030162420      0.1047663820969      2.7256276603856      0.0058906442075
     0.5206250000000      0.0055445793402      0.1113767682045      2.6115444414825      0.0057919661425
     0.5218750000000      0.0056915957848      0.1179355211690      2.5016520112283      0.0056953568169
     0.5231250000000      0.0058443787689      0.1244420227780      2.3957694577553      0.0056007136616
     0.5243750000000      0.0060032556684      0.1308956044977      2.2937373506087      0.0055079567007
     0.5256250000000      0.0061685698731      0.1372955544123      2.1954133038290      0.0054170241460
     0.5268750000000      0.0063406825294      0.1436411231686      2.1006686101097      0.0053278691025
     0.5281250000000      0.0065199742391      0.1499315292067      2.0093856541411      0.0052404570806
     0.5293750000000      0.0067068467474      0.1561659635012      1.9214559020222      0.0051547641067
     0.5306250000000      0.0069017246385      0.1623435939863      1.8367783227234      0.0050707752822
     0.5318750000000      0.0071050570565      0.1684635698107      1.7552581377288      0.0049884836870
     0.5331250000000      0.0073173194592      0.1745250255441      1.6768058227894      0.0049078895505
     0.5343750000000      0.0075390154116      0.1805270854401      1.6013363052819      0.0048289996339
     0.5356250000000      0.0077706784193      0.1864688678506      1.5287683146576      0.0047518267803
     0.5368750000000      0.0080128737990      0.1923494898781      1.4590238536197      0.0046763896035
     0.5381250000000      0.0082662005810      0.1981680723464      1.3920277651243      0.0046027122883
     0.5393750000000      0.0085312934315      0.2039237451676      1.3277073758598      0.0045308244858
     0.5406250000000      0.0088088245797      0.2096156531797      1.2659922010518      0.0044607612873
     0.5418750000000      0.0090995057288      0.2152429625286      1.2068136986418      0.0043925632657
     0.5431250000000      0.0094040899229      0.2208048676645      1.1501050633708      0.0043262765747
     0.5443750000000      0.0097233733358      0.2263005990236      1.0958010532525      0.0042619530970
     0.5456250000000      0.0100581969369      0.2317294314624      1.0438378424850      0.0041996506359
     0.5468750000000      0.0104094479811      0.2370906935091      0.9941528961337      0.0041394331430
     0.5481250000000      0.0107780612568      0.2423837774950      0.9466848629874      0.0040813709776
     0.5493750000000      0.0111650200099      0.2476081506234      0.9013734839074      0.0040255411937
     0.5506250000000      0.0115713564470      0.2527633670271      0.8581595137904      0.0039720278490
     0.5518750000000      0.0119981516982      0.2578490808639      0.8169846559665      0.0039209223350
     0.5531250000000      0.0124465350966      0.2628650604867      0.7777915084706      0.0038723237232
     0.5543750000000      0.0129176826014      0.2678112037235      0.7405235221539      0.0038263391272
     0.5556250000000      0.0134128141583      0.2726875542881      0.7051249710258      0.0037830840779
     0.5568750000000      0.0139331897475      0.2774943193389      0.6715409355224      0.0037426829111
     0.5581250000000      0.0144801038273      0.2822318881886      0.6397172995541      0.0037052691671
     0.5593750000000      0.0150548778249      0.2869008521570      0.6096007621703      0.0036709859986
     0.5606250000000      0.0156588502728      0.2915020255459      0.5811388644583      0.0036399865865
     0.5618750000000      0.0162933641285      0.2960364676919      0.5542800318548      0.0036124345553
     0.5631250000000      0.0169597507671      0.3005055060304      0.5289736313725      0.0035885043802
     0.5643750000000      0.0176593100950      0.3049107600641      0.5051700423345      0.0035683817713
     0.5656250000000      0.0183932862246      0.3092541660817      0.4828207380912      0.0035522640123
     0.5668750000000      0.0191628381870      0.3135380024027      0.4618783748938      0.0035403602241
     0.5681250000000      0.0199690052654      0.3177649148313      0.4422968826439      0.0035328915114
     0.5693750000000      0.0208126667335      0.3219379418821      0.4240315505504      0.0035300909384
     0.5706250000000      0.0216944961247      0.3260605391793      0.4070390986431      0.0035322032592
     0.5718750000000      0.0226149107029      0.3301366022414      0.3912777236249      0.0035394843119
     0.5731250000000      0.0235740175789      0.3341704866469      0.3767071054694      0.0035521999706
     0.5743750000000      0.0245715588059      0.3381670243517      0.3632883609095      0.0035706245294
     0.5756250000000      0.0256068583924      0.3421315346437      0.3509839321710      0.0035950383396
     0.5768750000000      0.0266787734129      0.3460698276754      0.3397574039954      0.0036257243186
     0.5781250000000      0.0277856495642      0.3499881972011      0.3295732319980      0.0036629625320
     0.5793750000000      0.0289252760022      0.3538934001111      0.3203963468523      0.0037070211051
     0.5806250000000      0.0300949766472      0.3577926750844      0.3121911491386      0.0037581541371
     0.5818750000000      0.0312921521641      0.3616937829827      0.3049226628728      0.0038166745460
     0.5831250000000      0.0325136598813      0.3656049793774      0.2985552962417      0.0038828501431
     0.5843750000000      0.0337559953308      0.3695327923339      0.2930531417571      0.0039569201939
     0.5856250000000      0.0350151289593      0.3734833730656      0.2883780189219      0.0040390374086
     0.5868750000000      0.0362867446504      0.3774652406979      0.2844866278265      0.0041292374482
     0.5881250000000      0.0375667349875      0.3814876769976      0.2813313558834      0.0042274801961
     0.5893750000000      0.0388513957951      0.3855598513133      0.2788605348238      0.0043336484040
     0.5906250000000      0.0401376026586      0.3896910511991      0.2770207144801      0.0044475789464
     0.5918750000000      0.0414222719312      0.3938486561995      0.2758519585575      0.0045705659360
     0.5931250000000      0.0427014721789      0.3980071570246      0.2761599025080      0.0047169737575
     0.5943750000000      0.0439712455703      0.4022210752200      0.2762432285629      0.0048587035361
     0.5956250000000      0.0452317151848      0.4065247339359      0.2764123617622      0.0050010420883
     0.5968750000000      0.0464846169909      0.4109070616706      0.2768069151556      0.0051469053726
     0.5981250000000      0.0477295775267      0.4153647754710      0.2774543231240      0.0052971110503
     0.5993750000000      0.0489660745339      0.4198972190523      0.2783438389882      0.0054517620664
     0.6006250000000      0.0501939079934      0.4245040930833      0.2794537738883      0.0056107508060
     0.6018750000000      0.0514132126779      0.4291847901535      0.2807603753939      0.0057739171567
     0.6031250000000      0.0526243932735      0.4339382702718      0.2822407512178      0.0059410993160
     0.6043750000000      0.0538280610082      0.4387630993481      0.2838738063735      0.0061121506272
     0.6056250000000      0.0550249819006      0.4436575274948      0.2856404809647      0.0062869449181
     0.6068750000000      0.0562160349892      0.4486195663982      0.2875237311964      0.0064653776533
     0.6081250000000      0.0574021781542      0.4536470542640      0.2895084146315      0.0066473654375
     0.6093750000000      0.0585844199147      0.4587377077477      0.2915811416869      0.0068328448175
     0.6106250000000      0.0597637961811      0.4638891636487      0.2937301186582      0.0070217707775
     0.6118750000000      0.0609413512650      0.4690990132999      0.2959449931524      0.0072141151131
     0.6131250000000      0.0621181225990      0.4743648316487      0.2982167068036      0.0074098647817
     0.6143750000000      0.0632951286909      0.4796842020688      0.3005373574577      0.0076090202867
     0.6156250000000      0.0644733598749      0.4850547373449      0.3029000717267      0.0078115941322
     0.6168750000000      0.0656537714584      0.4904740970398      0.3052988881429      0.0080176093714
     0.6181250000000      0.0668372788925      0.4959400014461      0.3077286507677      0.0082270982618
     0.6193750000000      0.0680247546302      0.5014502423931      0.3101849128901      0.0084401010357
     0.6206250000000      0.0692170263695      0.5070026912525      0.3126638503092      0.0086566647887
     0.6218750000000      0.0704148764157      0.5125953045177      0.3151621836163      0.0088768424841
     0.6231250000000      0.0716190419291      0.5182261273278      0.3176771088411      0.0091006920712
     0.6243750000000      0.0728302158594      0.5238932952843      0.3202062358078      0.0093282757094
     0.6256250000000      0.0740490483957      0.5295950348702      0.3227475335464      0.0095596590925
     0.6268750000000      0.0752761487913      0.5353296627410      0.3252992821163      0.0097949108649
     0.6281250000000      0.0765120874446      0.5410955841220      0.3278600302256      0.0100341021209
     0.6293750000000      0.0777573981424      0.5468912905110      0.3304285580592      0.0102773059787
     0.6306250000000      0.0790125803881      0.5527153568551      0.3330038447681      0.0105245972217
     0.6318750000000      0.0802781017539      0.5585664383462      0.3355850401092      0.0107760519988
     0.6331250000000      0.0815544002125      0.5644432669518      0.3381714397679      0.0110317475757
     0.6343750000000      0.0828418864114      0.5703446477825      0.3407624639365      0.0112917621323
     0.6356250000000      0.0841409458646      0.5762694553743      0.3433576387599      0.0115561745980
     0.6368750000000      0.0854519410445      0.5822166299524      0.3459565803005      0.0118250645215
     0.6381250000000      0.0867752133610      0.5881851737271      0.3485589807089      0.0120985119680
     0.6393750000000      0.0881110850214      0.5941741472622      0.3511645963207      0.0123765974412
     0.6406250000000      0.0894598607689      0.6001826659465      0.3537732374329      0.0126594018258
     0.6418750000000      0.0908218294977      0.6062098965903      0.3563847595393      0.0129470063466
     0.6431250000000      0.0921972657483      0.6122550541641      0.3589990558317      0.0132394925416
     0.6443750000000      0.0935864310869      0.6183173986886      0.3616160507977      0.0135369422472
     0.6456250000000      0.0949895753721      0.6243962322826      0.3642356947647      0.0138394375924
     0.6468750000000      0.0964069379165      0.6304908963722      0.3668579592613      0.0141470610011
     0.6481250000000      0.0978387485482      0.6366007690598      0.3694828330817      0.0144598951995
     0.6493750000000      0.0992852285789      0.6427252626511      0.3721103189544      0.0147780232296
     0.6506250000000      0.1007465916849      0.6488638213371      0.3747404307298      0.0151015284650
     0.6518750000000      0.1022230447081      0.6550159190239      0.3773731910123      0.0154304946306
     0.6531250000000      0.1037147883815      0.6611810573063      0.3800086291718      0.0157650058231
     0.6543750000000      0.1052220179872      0.6673587635773      0.3826467796806      0.0161051465337
     0.6556250000000      0.1067449239512      0.6735485892669      0.3852876807262      0.0164510016714
     0.6568750000000      0.1082836923804      0.6797501082029      0.3879313730602      0.0168026565861
     0.6581250000000      0.1098385055479      0.6859629150873      0.3905778990469      0.0171601970925
     0.6593750000000      0.1114095423295      0.6921866240798      0.3932273018817      0.0175237094936
     0.6606250000000      0.1129969785970      0.6984208674825      0.3958796249529      0.0178932806031
     0.6618750000000      0.1146009875726      0.7046652945188      0.3985349113247      0.0182689977680
     0.6631250000000      0.1162217401462      0.7109195702000      0.4011932033231      0.0186509488900
     0.6643750000000      0.1178594051610      0.7171833742736      0.4038545422065      0.0190392224464
     0.6656250000000      0.1195141496692      0.7234564002470      0.4065189679092      0.0194339075096
     0.6668750000000      0.1211861391615      0.7297383544819      0.4091865188447      0.0198350937663
     0.6681250000000      0.1228755377713      0.7360289553535      0.4118572317593      0.0202428715350
     0.6693750000000      0.1245825084586      0.7423279324697      0.4145311416265      0.0206573317832
     0.6706250000000      0.1263072131729      0.7486350259467      0.4172082815771      0.0210785661435
     0.6718750000000      0.1280498129984      0.7549499857352      0.4198886828558      0.0215066669279
     0.6731250000000      0.1298104682840      0.7612725709948      0.4225723748024      0.0219417271428
     0.6743750000000      0.1315893387571      0.7676025495117      0.4252593848501      0.0223838405011
     0.6756250000000      0.1333865836260      0.7739396971577      0.4279497385399      0.0228331014350
     0.6768750000000      0.1352023616685      0.7802837973859      0.4306434595465      0.0232896051071
     0.6781250000000      0.1370368313110      0.7866346407613      0.4333405697127      0.0237534474208
     0.6793750000000      0.1388901506976      0.7929920245228      0.4360410890922      0.0242247250297
     0.6806250000000      0.1407624777495      0.7993557521755      0.4387450359968      0.0247035353469
     0.6818750000000      0.1426539702174      0.8057256331088      0.4414524270473      0.0251899765522
     0.6831250000000      0.1445647857256      0.8121014822411      0.4441632772279      0.0256841475998
     0.6843750000000      0.1464950818105      0.8184831196860      0.4468775999405      0.0261861482250
     0.6856250000000      0.1484450159520      0.8248703704412      0.4495954070617      0.0266960789493
     0.6868750000000      0.1504147456002      0.8312630640964      0.4523167089980      0.0272140410859
     0.6881250000000      0.1524044281961      0.8376610345593      0.4550415147418      0.0277401367439
     0.6893750000000      0.1544142211890      0.8440641197991      0.4577698319253      0.0282744688322
     0.6906250000000      0.1564442820485      0.8504721616050      0.4605016668742      0.0288171410625
     0.6918750000000      0.1584947682731      0.8568850053592      0.4632370246590      0.0293682579516
     0.6931250000000      0.1605658373953      0.8633024998234      0.4659759091448      0.0299279248231
     0.6943750000000      0.1626576469830      0.8697244969375      0.4687183230390      0.0304962478093
     0.6956250000000      0.1647703546386      0.8761508516295      0.4714642679372      0.0310733338510
     0.6968750000000      0.1669041179944      0.8825814216368      0.4742137443669      0.0316592906977
     0.6981250000000      0.1690590947057      0.8890160673359      0.4769667518284      0.0322542269075
     0.6993750000000      0.1712354424419      0.8954546515826      0.4797232888347      0.0328582518453
     0.7006250000000      0.1734333188746      0.9018970395598      0.4824833529479      0.0334714756814
     0.7018750000000      0.1756528816637      0.9083430986333      0.4852469408144      0.0340940093890
     0.7031250000000      0.1778942884419      0.9147926982149      0.4880140481970      0.0347259647415
     0.7043750000000      0.1801576967967      0.9212457096322      0.4907846700059      0.0353674543086
     0.7056250000000      0.1824432642508      0.9277020060045      0.4935588003267      0.0360185914525
     0.7068750000000      0.1847511482408      0.9341614621248      0.4963364324468      0.0366794903233
     0.7081250000000      0.1870815060941      0.9406239543470      0.4991175588796      0.0373502658533
     0.7093750000000      0.1894344950043      0.9470893604779      0.5019021713868      0.0380310337513
     0.7106250000000      0.1918102720048      0.9535575596743      0.5046902609991      0.0387219104962
     0.7118750000000      0.1942089939410      0.9600284323441      0.5074818180343      0.0394230133295
     0.7131250000000      0.1966308174411      0.9665018600511      0.5102768321143      0.0401344602480
     0.7143750000000      0.1990758988853      0.9729777254244      0.5130752921802      0.0408563699946
     0.7156250000000      0.2015443943736      0.9794559120703      0.5158771865056      0.0415888620502
     0.7168750000000      0.2040364596922      0.9859363044878      0.5186825027082      0.0423320566228
     0.7181250000000      0.2065522502786      0.9924187879872      0.5214912277599      0.0430860746377
     0.7193750000000      0.2090919211847      0.9989032486110      0.5243033479957      0.0438510377264
     0.7206250000000      0.2116556270397      1.0053895730579      0.5271188491204      0.0446270682140
     0.7218750000000      0.2142435220103      1.0118776486083      0.5299377162144      0.0454142891071
     0.7231250000000      0.2168557597602      1.0183673630530      0.5327599337381      0.0462128240802
     0.7243750000000      0.2194924934083      1.0248586046227      0.5355854855343      0.0470227974613
     0.7256250000000      0.2221538754847      1.0313512619203      0.5384143548304      0.0478443342169
     0.7268750000000      0.2248400578863      1.0378452238543      0.5412465242382      0.0486775599362
     0.7281250000000      0.2275511918301      1.0443403795739      0.5440819757527      0.0495226008143
     0.7293750000000      0.2302874278054      1.0508366184052      0.5469206907504      0.0503795836346
     0.7306250000000      0.2330489155241      1.0573338297890      0.5497626499853      0.0512486357499
     0.7318750000000      0.2358358038702      1.0638319032194      0.5526078335847      0.0521298850634
     0.7331250000000      0.2386482408470      1.0703307281830      0.5554562210427      0.0530234600077
     0.7343750000000      0.2414863735227      1.0768301940993      0.5583077912139      0.0539294895239
     0.7356250000000      0.2443503479751      1.0833301902649      0.5611625223050      0.0548481030383
     0.7368750000000      0.2472403092334      1.0898306058073      0.5640203918652      0.0557794304395
     0.7381250000000      0.2501564012181      1.0963313296245      0.5668813767754      0.0567236020527
     0.7393750000000      0.2530987666789      1.1028322501827      0.5697454532535      0.0576807486157
     0.7406250000000      0.2560675493526      1.1093332586183      0.5726125991055      0.0586510019926
     0.7418750000000      0.2590628989721      1.1158342504048      0.5754827980686      0.0596344967905
     0.7431250000000      0.2620849538440      1.1223351192916      0.5783560240202      0.0606313647443
     0.7443750000000      0.2651338502443      1.1288357542832      0.5812322492757      0.0616417376547
     0.7456250000000      0.2682097238637      1.1353360422613      0.5841114460696      0.0626657478624
     0.7468750000000      0.2713127091392      1.1418358692135      0.5869935861045      0.0637035280373
     0.7481250000000      0.2744429389680      1.1483351202927      0.5898786403768      0.0647552110798
     0.7493750000000      0.2776005445497      1.1548336798123      0.5927665790951      0.0658209300591
     0.7506250000000      0.2807856552737      1.1613314312112      0.5956573716334      0.0669008181651
     0.7518750000000      0.2839983986236      1.1678282570041      0.5985509864986      0.0679950086641
     0.7531250000000      0.2872389000864      1.1743240387254      0.6014473913017      0.0691036348549
     0.7543750000000      0.2905072830613      1.1808186568701      0.6043465527309      0.0702268300245
     0.7556250000000      0.2938036687675      1.1873119908334      0.6072484365244      0.0713647274017
     0.7568750000000      0.2971281761491      1.1938039188493      0.6101530074424      0.0725174601093
     0.7581250000000      0.3004809217782      1.2002943179276      0.6130602292381      0.0736851611148
     0.7593750000000      0.3038620197536      1.2067830637910      0.6159700646282      0.0748679631783
     0.7606250000000      0.3072715815982      1.2132700308102      0.6188824752611      0.0760659987987
     0.7618750000000      0.3107097161515      1.2197550919390      0.6217974216852      0.0772794001582
     0.7631250000000      0.3141765294603      1.2262381186470      0.6247148633151      0.0785082990634
     0.7643750000000      0.3176721246650      1.2327189808524      0.6276347583969      0.0797528268854
     0.7656250000000      0.3211966018829      1.2391975468525      0.6305570639722      0.0810131144965
     0.7668750000000      0.3247500580875      1.2456736832536      0.6334817358407      0.0822892922046
     0.7681250000000      0.3283325869840      1.2521472548986      0.6364087285221      0.0835814896859
     0.7693750000000      0.3319442788818      1.2586181247941      0.6393379952153      0.0848898359134
     0.7706250000000      0.3355852205613      1.2650861540352      0.6422694877580      0.0862144590836
     0.7718750000000      0.3392554951381      1.2715512017283      0.6452031565832      0.0875554865405
     0.7731250000000      0.3429551819219      1.2780131249134      0.6481389506756      0.0889130446958
     0.7743750000000      0.3466843562713      1.2844717784828      0.6510768175259      0.0902872589468
     0.7756250000000      0.3504430894439      1.2909270150993      0.6540167030833      0.0916782535906
     0.7768750000000      0.3542314484413      1.2973786851115      0.6569585517075      0.0930861517349
     0.7781250000000      0.3580494958498      1.3038266364673      0.6599023061180      0.0945110752063
     0.7793750000000      0.3618972896751      1.3102707146249      0.6628479073423      0.0959531444536
     0.7806250000000      0.3657748831719      1.3167107624616      0.6657952946627      0.0974124784487
     0.7818750000000      0.3696823246688      1.3231466201802      0.6687444055608      0.0988891945828
     0.7831250000000      0.3736196573860      1.3295781252126      0.6716951756608      0.1003834085593
     0.7843750000000      0.3775869192484      1.3360051121209      0.6746475386703      0.1018952342820
     0.7856250000000      0.3815841426914      1.3424274124961      0.6776014263206      0.1034247837396
     0.7868750000000      0.3856113544616      1.3488448548527      0.6805567683033      0.1049721668854
     0.7881250000000      0.3896685754096      1.3552572645222      0.6835134922065      0.1065374915125
     0.7893750000000      0.3937558202771      1.3616644635413      0.6864715234481      0.1081208631249
     0.7906250000000      0.3978730974760      1.3680662705390      0.6894307852073      0.1097223848023
     0.7918750000000      0.4020204088612      1.3744625006187      0.6923911983544      0.1113421570617
     0.7931250000000      0.4061977494947      1.3808529652376      0.6953526813776      0.1129802777123
     0.7943750000000      0.4104051074030      1.3872374720829      0.6983151503080      0.1146368417053
     0.7956250000000      0.4146424633254      1.3936158249428      0.7012785186430      0.1163119409789
     0.7968750000000      0.4189097904549      1.3999878235757      0.7042426972656      0.1180056642964
     0.7981250000000      0.4232070541699      1.4063532635737      0.7072075943630      0.1197180970788
     0.7993750000000      0.4275342117569      1.4127119362226      0.7101731153421      0.1214493212315
     0.8006250000000      0.4318912121244      1.4190636283582      0.7131391627419      0.1231994149640
     0.8018750000000      0.4362779955069      1.4254081222175      0.7161056361437      0.1249684526032
     0.8031250000000      0.4406944931593      1.4317451952853      0.7190724320790      0.1267565044000
     0.8043750000000      0.4451406270412      1.4380746201370      0.7220394439341      0.1285636363285
     0.8056250000000      0.4496163094905      1.4443961642757      0.7250065618514      0.1303899098784
     0.8068750000000      0.4541214428861      1.4507095899648      0.7279736726289      0.1322353818389
     0.8081250000000      0.4586559193005      1.4570146540555      0.7309406596157      0.1341001040760
     0.8093750000000      0.4632196201391      1.4633111078090      0.7339074026049      0.1359841233008
     0.8106250000000      0.4678124157698      1.4695986967134      0.7368737777233      0.1378874808297
     0.8118750000000      0.4724341651388      1.4758771602951      0.7398396573172      0.1398102123365
     0.8131250000000      0.4770847153748      1.4821462319242      0.7428049098360      0.1417523475952
     0.8143750000000      0.4817639013802      1.4884056386150      0.7457693997114      0.1437139102140
     0.8156250000000      0.4864715454089      1.4946551008194      0.7487329872338      0.1456949173593
     0.8168750000000      0.4912074566311      1.5008943322152      0.7516955284243      0.1476953794713
     0.8181250000000      0.4959714306836      1.5071230394877      0.7546568749041      0.1497152999686
     0.8193750000000      0.5007632492064      1.5133409221055      0.7576168737593      0.1517546749429
     0.8206250000000      0.5055826793645      1.5195476720890      0.7605753674025      0.1538134928440
     0.8218750000000      0.5104294733553      1.5257429737732      0.7635321934303      0.1558917341530
     0.8231250000000      0.5153033678998      1.5319265035634      0.7664871844768      0.1579893710452
     0.8243750000000      0.5202040837201      1.5380979296846      0.7694401680636      0.1601063670420
     0.8256250000000      0.5251313249989      1.5442569119233      0.7723909664450      0.1622426766506
     0.8268750000000      0.5300847788252      1.5504031013632      0.7753393964503      0.1643982449927
     0.8281250000000      0.5350641146221      1.5565361401133      0.7782852693207      0.1665730074210
     0.8293750000000      0.5400689835588      1.5626556610297      0.7812283905431      0.1687668891232
     0.8306250000000      0.5450990179461      1.5687612874298      0.7841685596796      0.1709798047142
     0.8318750000000      0.5501538306144      1.5748526327994      0.7871055701922      0.1732116578157
     0.8331250000000      0.5552330142755      1.5809293004935      0.7900392092645      0.1754623406223
     0.8343750000000      0.5603361408666      1.5869908834293      0.7929692576185      0.1777317334559
     0.8356250000000      0.5654627608778      1.5930369637729      0.7958954893277      0.1800197043062
     0.8368750000000      0.5706124026622      1.5990671126190      0.7988176716262      0.1823261083582
     0.8381250000000      0.5757845717290      1.6050808896638      0.8017355647136      0.1846507875074
     0.8393750000000      0.5809787500201      1.6110778428718      0.8046489215570      0.1869935698605
     0.8406250000000      0.5861943951698      1.6170575081359      0.8075574876885      0.1893542692242
     0.8418750000000      0.5914309397482      1.6230194089322      0.8104610009992      0.1917326845801
     0.8431250000000      0.5966877904886      1.6289630559682      0.8133591915312      0.1941285995473
     0.8443750000000      0.6019643275002      1.6348879468265      0.8162517812645      0.1965417818319
     0.8456250000000      0.6072599034649      1.6407935656038      0.8191384839031      0.1989719826638
     0.8468750000000      0.6125738428213      1.6466793825445      0.8220190046576      0.2014189362221
     0.8481250000000      0.6179054409342      1.6525448536718      0.8248930400255      0.2038823590482
     0.8493750000000      0.6232539632535      1.6583894204149      0.8277602775707      0.2063619494479
     0.8506250000000      0.6286186444613      1.6642125092345      0.8306203957007      0.2088573868829
     0.8518750000000      0.6339986876092      1.6700135312461      0.8334730634441      0.2113683313525
     0.8531250000000      0.6393932632485      1.6757918818438      0.8363179402269      0.2138944227660
     0.8543750000000      0.6448015085537      1.6815469403233      0.8391546756500      0.2164352803076
     0.8556250000000      0.6502225264418      1.6872780695081      0.8419829092676      0.2189905017939
     0.8568750000000      0.6556553846902      1.6929846153774      0.8448022703675      0.2215596630260
     0.8581250000000      0.6610991150543      1.6986659066996      0.8476123777547      0.2241423171371
     0.8593750000000      0.6665527123894      1.7043212546714      0.8504128395379      0.2267379939379
     0.8606250000000      0.6720151337789      1.7099499525643      0.8532032529219      0.2293461992612
     0.8618750000000      0.6774852976721      1.7155512753820      0.8559832040054      0.2319664143072
     0.8631250000000      0.6829620830359      1.7211244795287      0.8587522675858      0.2345980949929
     0.8643750000000      0.6884443285248      1.7266688024921      0.8615100069740      0.2372406713074
     0.8656250000000      0.6939308316729      1.7321834625428      0.8642559738175      0.2398935466758
     0.8668750000000      0.6994203481134      1.7376676584535      0.8669897079367      0.2425560973343
     0.8681250000000      0.7049115908310      1.7431205692406      0.8697107371743      0.2452276717217
     0.8693750000000      0.7104032294528      1.7485413539304      0.8724185772598      0.2479075898880
     0.8706250000000      0.7158938895844      1.7539291513559      0.8751127316922      0.2505951429264
     0.8718750000000      0.7213821521977      1.7592830799845      0.8777926916417      0.2532895924320
     0.8731250000000      0.7268665530778      1.7646022377838      0.8804579358735      0.2559901699914
     0.8743750000000      0.7323455823373      1.7698857021275      0.8831079306967      0.2586960767091
     0.8756250000000      0.7378176840056      1.7751325297464      0.8857421299398      0.2614064827754
     0.8768750000000      0.7432812557031      1.7803417567305      0.8883599749564      0.2641205270808
     0.8781250000000      0.7487346484094      1.7855123985850      0.8909608946638      0.2668373168850
     0.8793750000000      0.7541761663353      1.7906434503483      0.8935443056183      0.2695559275448
     0.8806250000000      0.7596040669106      1.7957338867753      0.8961096121294      0.2722754023085
     0.8818750000000      0.7650165608967      1.8007826625935      0.8986562064173      0.2749947521847
     0.8831250000000      0.7704118126386      1.8057887128369      0.9011834688171      0.2777129558925
     0.8843750000000      0.7757879404661      1.8107509532662      0.9036907680335      0.2804289599004
     0.8856250000000      0.7811430172583      1.8156682808791      0.9061774614499      0.2831416785634
     0.8868750000000      0.7864750711847      1.8205395745212      0.9086428954955      0.2858499943665
     0.8881250000000      0.7917820866362      1.8253636956011      0.9110864060761      0.2885527582835
     0.8893750000000      0.7970620053594      1.8301394889206      0.9135073190703      0.2912487902595
     0.8906250000000      0.8023127278098      1.8348657836246      0.9159049508985      0.2939368798280
     0.8918750000000      0.8075321147368      1.8395413942800      0.9182786091661      0.2966157868710
     0.8931250000000      0.8127179890156      1.8441651220911      0.9206275933869      0.2992842425319
     0.8943750000000      0.8178681377405      1.8487357562580      0.9229511957911      0.3019409502908
     0.8956250000000      0.8229803145925      1.8532520754874      0.9252487022209      0.3045845872120
     0.8968750000000      0.8280522424967      1.8577128496608      0.9275193931187      0.3072138053724
     0.8981250000000      0.8330816165799      1.8621168416693      0.9297625446114      0.3098272334801
     0.8993750000000      0.8380661074432      1.8664628094204      0.9319774296944      0.3124234786916
     0.9006250000000      0.8430033647597      1.8707495080230      0.9341633195185      0.3150011286357
     0.9018750000000      0.8478910212059      1.8749756921567      0.9363194847824      0.3175587536509
     0.9031250000000      0.8527266967382      1.8791401186292      0.9384451972330      0.3200949092425
     0.9043750000000      0.8575080032175      1.8832415491267      0.9405397312762      0.3226081387654
     0.9056250000000      0.8622325493895      1.8872787531587      0.9426023656972      0.3250969763343
     0.9068750000000      0.8668979462204      1.8912505112003      0.9446323854929      0.3275599499668
     0.9081250000000      0.8715018125884      1.8951556180300      0.9466290838140      0.3299955849571
     0.9093750000000      0.8760417813266      1.8989928862632      0.9485917640156      0.3324024074800
     0.9106250000000      0.8805155056112      1.9027611500770      0.9505197418149      0.3347789484231
     0.9118750000000      0.8849206656818      1.9064592691209      0.9524123475496      0.3371237474388
     0.9131250000000      0.8892549758810      1.9100861326065      0.9542689285339      0.3394353572110
     0.9143750000000      0.8935161919931      1.9136406635655      0.9560888515052      0.3417123479216
     0.9156250000000      0.8977021188575      1.9171218232639      0.9578715051516      0.3439533119071
     0.9168750000000      0.9018106182282      1.9205286157572      0.9596163027141      0.3461568684850
     0.9181250000000      0.9058396168467      1.9238600925684      0.9613226846476      0.3483216689309
     0.9193750000000      0.9097871146869      1.9271153574684      0.9629901213325      0.3504464015837
     0.9206250000000      0.9136511933305      1.9302935713342      0.9646181158184      0.3525297970503
     0.9218750000000      0.9174300244211      1.9333939570580      0.9662062065859      0.3545706334816
     0.9231250000000      0.9211218781440      1.9364158044773      0.9677539703074      0.3565677418843
     0.9243750000000      0.9247251316712      1.9393584752930      0.9692610245876      0.3585200114342
     0.9256250000000      0.9282382775080      1.9422214079387      0.9707270306622      0.3604263947489
     0.9268750000000      0.9316599316720      1.9450041223627      0.9721516960322      0.3622859130801
     0.9281250000000      0.9349888416335      1.9477062246820      0.9735347770096      0.3640976613784
     0.9293750000000      0.9382238939401      1.9503274116632      0.9748760811500      0.3658608131863
     0.9306250000000      0.9413641214504      1.9528674749857      0.9761754695459      0.3675746253082
     0.9318750000000      0.9444087100951      1.9553263052402      0.9774328589535      0.3692384422115
     0.9331250000000      0.9473570050882      1.9577038956139      0.9786482237273      0.3708517001061
     0.9343750000000      0.9502085165074      1.9600003452147      0.9798215975360      0.3724139306547
     0.9356250000000      0.9529629241685      1.9622158619867      0.9809530748320      0.3739247642656
     0.9368750000000      0.9556200817178      1.9643507651682      0.9820428120511      0.3753839329211
     0.9381250000000      0.9581800198748      1.9664054872499      0.9830910285176      0.3767912724975
     0.9393750000000      0.9606429487599      1.9683805753882      0.9840980070325      0.3781467245378
     0.9406250000000      0.9630092592501      1.9702766922357      0.9850640941261      0.3794503374393
     0.9418750000000      0.9652795233158      1.9720946161533      0.9859896999566      0.3807022670274
     0.9431250000000      0.9674544932977      1.9738352407750      0.9868752978417      0.3819027764886
     0.9443750000000      0.9695351000970      1.9754995738998      0.9877214234126      0.3830522356465
     0.9456250000000      0.9715224502616      1.9770887356954      0.9885286733836      0.3841511195678
     0.9468750000000      0.9734178219655      1.9786039562013      0.9892977039363      0.3852000064965
     0.9481250000000      0.9752226598892      1.9800465721313      0.9900292287195      0.3861995751199
     0.9493750000000      0.9769385690250      1.9814180229799      0.9907240164727      0.3871506011806
     0.9506250000000      0.9785673074444      1.9827198464475      0.9913828882851      0.3880539534542
     0.9518750000000      0.9801107780758      1.9839536732089      0.9920067145073      0.3889105891249
     0.9531250000000      0.9815710195597      1.9851212210566      0.9925964113355      0.3897215485943
     0.9543750000000      0.9829501962537      1.9862242884596      0.9931529370972      0.3904879497718
     0.9556250000000      0.9842505874787      1.9872647475876      0.9936772882665      0.3912109818962
     0.9568750000000      0.9854745761028      1.9882445368571      0.9941704952436      0.3918918989496
     0.9581250000000      0.9866246365708      1.9891656530639      0.9946336179383      0.3925320127278
     0.9593750000000      0.9877033224947      1.9900301431710      0.9950677411945      0.3931326856340
     0.9606250000000      0.9887132539256      1.9908400958282      0.9954739701029      0.3936953232715
     0.9618750000000      0.9896571044302      1.9915976327016      0.9958534252427      0.3942213669050
     0.9631250000000      0.9905375880988      1.9923048996959      0.9962072378993      0.3947122858701
     0.9643750000000      0.9913574466091      1.9929640581514      0.9965365453040      0.3951695700021
     0.9656250000000      0.9921194364693      1.9935772760992      0.9968424859391      0.3955947221594
     0.9668750000000      0.9928263165566      1.9941467196573      0.9971261949519      0.3959892509105
     0.9681250000000      0.9934808360655      1.9946745446447      0.9973887997205      0.3963546634515
     0.9693750000000      0.9940857229672      1.9951628884905      0.9976314156079      0.3966924588157
     0.9706250000000      0.9946436730744      1.9956138625060      0.9978551419407      0.3970041214304
     0.9718750000000      0.9951573397955      1.9960295445842      0.9980610582432      0.3972911150699
     0.9731250000000      0.9956293246482      1.9964119723830      0.9982502207550      0.3975548772481
     0.9743750000000      0.9960621685908      1.9967631370407      0.9984236592528      0.3977968140831
     0.9756250000000      0.9964583442174      1.9970849774628      0.9985823741960      0.3980182956624
     0.9768750000000      0.9968202488484      1.9973793752135      0.9987273342073      0.3982206519265
     0.9781250000000      0.9971501985353      1.9976481500346      0.9988594738973      0.3984051690822
     0.9793750000000      0.9974504229853      1.9978930560087      0.9989796920350      0.3985730865496
     0.9806250000000      0.9977230613959      1.9981157783801      0.9990888500620      0.3987255944361
     0.9818750000000      0.9979701591923      1.9983179310478      0.9991877709478      0.3988638315343
     0.9831250000000      0.9981936655825      1.9985010547784      0.9992772383539      0.3989888837942
     0.9843750000000      0.9983954320407      1.9986666161875      0.9993579961517      0.3991017833325
     0.9856250000000      0.9985772110820      1.9988160078736      0.9994307480415      0.3992035076196
     0.9868750000000      0.9987406569768      1.9989505497842      0.9994961579338      0.3992949797682
     0.9881250000000      0.9988873221921      1.9990714947838      0.9995548486049      0.3993770664428
     0.9893750000000      0.9990186683504      1.9991800363258      0.9996074061582      0.3994505839093
     0.9906250000000      0.9991360267076      1.9992773429008      0.9996543642546      0.3995162758329
     0.9918750000000      0.9992407137043      1.9993645797143      0.9996962504498      0.3995748779148
     0.9931250000000      0.9993336108787      1.9994431421662      0.9997334180195      0.3996268826182
     0.9943750000000      0.9994164328874      1.9995145849497      0.9997665537630      0.3996732491527
     0.9956250000000      0.9994873100929      1.9995824376826      0.9997949102131      0.3997129301814
     0.9968750000000      0.9995437975689      1.9996586246603      0.9998175180372      0.3997445595419
     0.9981250000000      0.9994820767918      1.9998505425195      0.9997928644777      0.3997100194199
     0.9993750000000      0.9994820767918      2.0000000000000      0.9997928644777      0.3997100194199

