     0.0012500000000      1.0000000000000     -2.0000000000000      1.0000000000000      0.4000000000000
     0.0037500000000      1.0000000000000     -2.0000000000000      1.0000000000000      0.4000000000000
     0.0062500000000      1.0000000000000     -2.0000000000000      1.0000000000000      0.4000000000000
     0.0087500000000      1.0000000000000     -2.0000000000000      1.0000000000000      0.4000000000000
     0.0112500000000      1.0000000000000     -2.0000000000000      1.0000000000000      0.4000000000000
     0.0137500000000      1.0000000000000     -2.0000000000000      1.0000000000000      0.4000000000000
     0.0162500000000      1.0000000000000     -2.0000000000000      1.0000000000000      0.4000000000000
     0.0187500000000      1.0000000000000     -2.0000000000000      1.0000000000000      0.4000000000000
     0.0212500000000      1.0000000000000     -2.0000000000000      1.0000000000000      0.4000000000000
     0.0237500000000      1.0000000000000     -2.0000000000000      1.0000000000000      0.4000000000000
     0.0262500000000      1.0000000000000     -2.0000000000000      1.0000000000000      0.4000000000000
     0.0287500000000      1.0000000000000     -2.0000000000000      1.0000000000000      0.4000000000000
     0.0312500000000      1.0000000000000     -2.0000000000000      1.0000000000000      0.4000000000000
     0.0337500000000      1.0000000000000     -2.0000000000000      1.0000000000000      0.4000000000000
     0.0362500000000      1.0000000000000     -2.0000000000000      1.0000000000000      0.4000000000000
     0.0387500000000      1.0000000000000     -2.0000000000000      1.0000000000000      0.4000000000000
     0.0412500000000      1.0000000000000     -2.0000000000000      1.0000000000000      0.4000000000000
     0.0437500000000      1.0000000000000     -2.0000000000000      1.0000000000000      0.4000000000000
     0.0462500000000      1.0000000000000     -2.0000000000000      1.0000000000000      0.4000000000000
     0.0487500000000      1.0000000000000     -2.0000000000000      1.0000000000000      0.4000000000000
     0.0512500000000      1.0000000000000     -2.0000000000000      1.0000000000000      0.4000000000000
     0.0537500000000      1.0000000000000     -2.0000000000000      1.0000000000000      0.4000000000000
     0.0562500000000      1.0000000000000     -2.0000000000000      1.0000000000000      0.4000000000000
     0.0587500000000      1.0000000000000     -2.0000000000000      1.0000000000000      0.4000000000000
     0.0612500000000      1.0000000000000     -2.0000000000000      1.0000000000000      0.4000000000000
     0.0637500000000      1.0000000000000     -2.0000000000000      1.0000000000000      0.4000000000000
     0.0662500000000      1.0000000000000     -2.0000000000000      1.0000000000000      0.4000000000000
     0.0687500000000      1.0000000000000     -2.0000000000000      1.0000000000000      0.4000000000000
     0.0712500000000      1.0000000000000     -2.0000000000000      1.0000000000000      0.4000000000000
     0.0737500000000      1.0000000000000     -2.0000000000000      1.0000000000000      0.4000000000000
     0.0762500000000      1.0000000000000     -2.0000000000000      1.0000000000000      0.4000000000000
     0.0787500000000      1.0000000000000     -2.0000000000000      1.0000000000000      0.4000000000000
     0.0812500000000      1.0000000000000     -2.0000000000000      1.0000000000000      0.4000000000000
     0.0837500000000      1.0000000000000     -2.0000000000000      1.0000000000000      0.4000000000000
     0.0862500000000      1.0000000000000     -2.0000000000000      1.0000000000000      0.4000000000000
     0.0887500000000      1.0000000000000     -2.0000000000000      1.0000000000000      0.4000000000000
     0.0912500000000      1.0000000000000     -2.0000000000000      1.0000000000000      0.4000000000000
     0.0937500000000      1.0000000000000     -2.0000000000000      1.0000000000000      0.4000000000000
     0.0962500000000      1.0000000000000     -2.0000000000000      1.0000000000000      0.4000000000000
     0.0987500000000      1.0000000000000     -2.0000000000000      1.0000000000000      0.4000000000000
     0.1012500000000      1.0000000000000     -2.0000000000000      1.0000000000000      0.4000000000000
     0.1037500000000      1.0000000000000     -2.0000000000000      1.0000000000000      0.4000000000000
     0.1062500000000      1.0000000000000     -2.0000000000000      1.0000000000000      0.4000000000000
     0.1087500000000      1.0000000000000     -2.0000000000000      1.0000000000000      0.4000000000000
     0.1112500000000      1.0000000000000     -2.0000000000000      1.0000000000000      0.4000000000000
     0.1137500000000      1.0000000000000     -2.0000000000000      1.0000000000000      0.4000000000000
     0.1162500000000      1.0000000000000     -2.0000000000000      1.0000000000000      0.4000000000000
     0.1187500000000      1.0000000000000     -2.0000000000000      1.0000000000000      0.4000000000000
     0.1212500000000      1.0000000000000     -2.0000000000000      1.0000000000000      0.4000000000000
     0.1237500000000      1.0000000000000     -2.0000000000000      1.0000000000000      0.4000000000000
     0.1262500000000      1.0000000000000     -2.0000000000000      1.0000000000000      0.4000000000000
     0.1287500000000      1.0000000000000     -2.0000000000000      1.0000000000000      0.4000000000000
     0.1312500000000      1.0000000000000     -2.0000000000000      1.0000000000000      0.4000000000000
     0.1337500000000      1.0000000000000     -2.0000000000000      1.0000000000000      0.4000000000000
     0.1362500000000      1.0000000000000     -2.0000000000000      1.0000000000000      0.4000000000000
     0.1387500000000      1.0000000000000     -2.0000000000000      1.0000000000000      0.4000000000000
     0.1412500000000      1.0000000000000     -2.0000000000000      1.0000000000000      0.4000000000000
     0.1437500000000      1.0000000000000     -2.0000000000000      1.0000000000000      0.4000000000000
     0.1462500000000      1.0000000000000     -2.0000000000000      1.0000000000000      0.4000000000000
     0.1487500000000      1.0000000000000     -2.0000000000000      1.0000000000000      0.4000000000000
     0.1512500000000      1.0000000000000     -2.0000000000000      1.0000000000000      0.4000000000000
     0.1537500000000      1.0000000000000     -2.0000000000000      1.0000000000000      0.4000000000000
     0.1562500000000      1.0000000000000     -2.0000000000000      1.0000000000000      0.4000000000000
     0.1587500000000      1.0000000000000     -2.0000000000000      1.0000000000000      0.4000000000000
     0.1612500000000      1.0000000000000     -2.0000000000000      1.0000000000000      0.4000000000000
     0.1637500000000      1.0000000000000     -2.0000000000000      1.0000000000000      0.4000000000000
     0.1662500000000      1.0000000000000     -2.0000000000000      1.0000000000000      0.4000000000000
     0.1687500000000      1.0000000000000     -2.0000000000000      1.0000000000000      0.4000000000000
     0.1712500000000      1.0000000000000     -2.0000000000000      1.0000000000000      0.4000000000000
     0.1737500000000      1.0000000000000     -2.0000000000000      1.0000000000000      0.4000000000000
     0.1762500000000      1.0000000000000     -2.0000000000000      1.0000000000000      0.4000000000000
     0.1787500000000      1.0000000000000     -2.0000000000000      1.0000000000000      0.4000000000000
     0.1812500000000      1.0000000000000     -2.0000000000000      1.0000000000000      0.4000000000000
     0.1837500000000      1.0000000000000     -2.0000000000000      1.0000000000000      0.4000000000000
     0.1862500000000      1.0000000000000     -2.0000000000000      1.0000000000000      0.4000000000000
     0.1887500000000      1.0000000000000     -2.0000000000000      1.0000000000000      0.4000000000000
     0.1912500000000      1.0000000000000     -2.0000000000000      1.0000000000000      0.4000000000000
     0.1937500000000      1.0000000000000     -2.0000000000000      1.0000000000000      0.4000000000000
     0.1962500000000      1.0000000000000     -2.0000000000000      1.0000000000000      0.4000000000000
     0.1987500000000      1.0000000000000     -2.0000000000000      1.0000000000000      0.4000000000000
     0.2012500000000      1.0000000000000     -2.0000000000000      1.0000000000000      0.4000000000000
     0.2037500000000      1.0000000000000     -2.0000000000000      1.0000000000000      0.4000000000000
     0.2062500000000      1.0000000000000     -2.0000000000000      1.0000000000000      0.4000000000000
     0.2087500000000      1.0000000000000     -2.0000000000000      1.0000000000000      0.4000000000000
     0.2112500000000      1.0000000000000     -2.0000000000000      1.0000000000000      0.4000000000000
     0.2137500000000      1.0000000000000     -2.0000000000000      1.0000000000000      0.4000000000000
     0.2162500000000      1.0000000000000     -2.0000000000000      1.0000000000000      0.4000000000000
     0.2187500000000      1.0000000000000     -2.0000000000000      1.0000000000000      0.4000000000000
     0.2212500000000      1.0000000000000     -2.0000000000000      1.0000000000000      0.4000000000000
     0.2237500000000      1.0000000000000     -2.0000000000000      1.0000000000000      0.4000000000000
     0.2262500000000      1.0000000000000     -2.0000000000000      1.0000000000000      0.4000000000000
     0.2287500000000      1.0000000000000     -2.0000000000000      1.0000000000000      0.4000000000000
     0.2312500000000      1.0000000000000     -2.0000000000000      1.0000000000000      0.4000000000000
     0.2337500000000      1.0000000000000     -2.0000000000000      1.0000000000000      0.4000000000000
     0.2362500000000      1.0000000000000     -2.0000000000000      1.0000000000000      0.4000000000000
     0.2387500000000      1.0000000000000     -2.0000000000000      1.0000000000000      0.4000000000000
     0.2412500000000      1.0000000000000     -2.0000000000000      1.0000000000000      0.4000000000000
     0.2437500000000      1.0000000000000     -2.0000000000000      1.0000000000000      0.4000000000000
     0.2462500000000      1.0000000000000     -2.0000000000000      1.0000000000000      0.4000000000000
     0.2487500000000      1.0000000000000     -2.0000000000000      1.0000000000000      0.4000000000000
     0.2512500000000      1.0000000000000     -2.0000000000000      1.0000000000000      0.4000000000000
     0.2537500000000      1.0000000000000     -2.0000000000000      1.0000000000000      0.4000000000000
     0.2562500000000      1.0000000000000     -2.0000000000000      1.0000000000000      0.4000000000000
     0.2587500000000      1.0000000000000     -2.0000000000000      1.0000000000000      0.4000000000000
     0.2612500000000      1.0000000000000     -2.0000000000000      1.0000000000000      0.4000000000000
     0.2637500000000      1.0000000000000     -2.0000000000000      1.0000000000000      0.4000000000000
     0.2662500000000      1.0000000000000     -2.0000000000000      1.0000000000000      0.4000000000000
     0.2687500000000      1.0000000000000     -2.0000000000000      1.0000000000000      0.4000000000000
     0.2712500000000      1.0000000000000     -2.0000000000000      1.0000000000000      0.4000000000000
     0.2737500000000      1.0000000000000     -2.0000000000000      1.0000000000000      0.4000000000000
     0.2762500000000      1.0000000000000     -2.0000000000000      1.0000000000000      0.4000000000000
     0.2787500000000      1.0000000000000     -2.0000000000000      1.0000000000000      0.4000000000000
     0.2812500000000      1.0000000000000     -2.0000000000000      1.0000000000000      0.4000000000000
     0.2837500000000      1.0000000000000     -2.0000000000000      1.0000000000000      0.4000000000000
     0.2862500000000      1.0000000000000     -2.0000000000000      1.0000000000000      0.4000000000000
     0.2887500000000      1.0000000000000     -2.0000000000000      1.0000000000000      0.4000000000000
     0.2912500000000      1.0000000000000     -2.0000000000000      1.0000000000000      0.4000000000000
     0.2937500000000      1.0000000000000     -2.0000000000000      1.0000000000000      0.4000000000000
     0.2962500000000      1.0000000000000     -2.0000000000000      1.0000000000000      0.4000000000000
     0.2987500000000      1.0000000000000     -2.0000000000000      1.0000000000000      0.4000000000000
     0.3012500000000      1.0000000000000     -2.0000000000000      1.0000000000000      0.4000000000000
     0.3037500000000      1.0000000000000     -2.0000000000000      1.0000000000000      0.4000000000000
     0.3062500000000      1.0000000000000     -2.0000000000000      1.0000000000000      0.4000000000000
     0.3087500000000      1.0000000000000     -2.0000000000000      1.0000000000000      0.4000000000000
     0.3112500000000      1.0000000000000     -2.0000000000000      1.0000000000000      0.4000000000000
     0.3137500000000      1.0000000000000     -2.0000000000000      1.0000000000000      0.4000000000000
     0.3162500000000      1.0000000000000     -2.0000000000000      1.0000000000000      0.4000000000000
     0.3187500000000      1.0000000000000     -2.0000000000000      1.0000000000000      0.4000000000000
     0.3212500000000      1.0000000000000     -2.0000000000000      1.0000000000000      0.4000000000000
     0.3237500000000      1.0000000000000     -2.0000000000000      1.0000000000000      0.4000000000000
     0.3262500000000      1.0000000000000     -2.0000000000000      1.0000000000000      0.4000000000000
     0.3287500000000      1.0000000000000     -2.0000000000000      1.0000000000000      0.4000000000000
     0.3312500000000      1.0000000000000     -2.0000000000000      1.0000000000000      0.4000000000000
     0.3337500000000      1.0000000000000     -2.0000000000000      1.0000000000000      0.4000000000000
     0.3362500000000      1.0000000000000     -2.0000000000000      1.0000000000000      0.4000000000000
     0.3387500000000      1.0000000000000     -2.0000000000000      1.0000000000000      0.4000000000000
     0.3412500000000      1.0000000000000     -2.0000000000000      1.0000000000000      0.4000000000000
     0.3437500000000      1.0000000000000     -2.0000000000000      1.0000000000000      0.4000000000000
     0.3462500000000      1.0000000000000     -2.0000000000000      1.0000000000000      0.4000000000000
     0.3487500000000      1.0000000000000     -2.0000000000000      1.0000000000000      0.4000000000000
     0.3512500000000      1.0000000000000     -2.0000000000000      1.0000000000000      0.4000000000000
     0.3537500000000      1.0000000000000     -2.0000000000000      1.0000000000000      0.4000000000000
     0.3562500000000      1.0000000000000     -2.0000000000000      1.0000000000000      0.4000000000000
     0.3587500000000      1.0000000000000     -2.0000000000000      1.0000000000000      0.4000000000000
     0.3612500000000      1.0000000000000     -2.0000000000000      1.0000000000000      0.4000000000000
     0.3637500000000      1.0000000000000     -2.0000000000000      1.0000000000000      0.4000000000000
     0.3662500000000      1.0000000000000     -2.0000000000000      1.0000000000000      0.4000000000000
     0.3687500000000      1.0000000000000     -2.0000000000000      1.0000000000000      0.4000000000000
     0.3712500000000      1.0000000000000     -2.0000000000000      1.0000000000000      0.4000000000000
     0.3737500000000      1.0000000000000     -2.0000000000000      1.0000000000000      0.4000000000000
     0.3762500000000      1.0000000000000     -2.0000000000000      1.0000000000000      0.4000000000000
     0.3787500000000      1.0000000000000     -2.0000000000000      1.0000000000000      0.4000000000000
     0.3812500000000      1.0000000000000     -2.0000000000000      1.0000000000000      0.4000000000000
     0.3837500000000      1.0000000000000     -2.0000000000000      1.0000000000000      0.4000000000000
     0.3862500000000      1.0000000000000     -2.0000000000000      1.0000000000000      0.4000000000000
     0.3887500000000      1.0000000000000     -2.0000000000000      1.0000000000000      0.4000000000000
     0.3912500000000      1.0000000000000     -2.0000000000000      1.0000000000000      0.4000000000000
     0.3937500000000      1.0000000000000     -2.0000000000000      1.0000000000000      0.4000000000000
     0.3962500000000      1.0000000000000     -2.0000000000000      1.0000000000000      0.4000000000000
     0.3987500000000      1.0000000000000     -2.0000000000000      1.0000000000000      0.4000000000000
     0.4012500000000      1.0000000000000     -2.0000000000000      1.0000000000000      0.4000000000000
     0.4037500000000      1.0000000000000     -2.0000000000000      1.0000000000000      0.4000000000000
     0.4062500000000      1.0000000000000     -2.0000000000000      1.0000000000000      0.4000000000000
     0.4087500000000      1.0000000000000     -2.0000000000000      1.0000000000000      0.4000000000000
     0.4112500000000      1.0000000000000     -2.0000000000000      1.0000000000000      0.4000000000000
     0.4137500000000      1.0000000000000     -2.0000000000000      1.0000000000000      0.4000000000000
     0.4162500000000      1.0000000000000     -2.0000000000000      1.0000000000000      0.4000000000000
     0.4187500000000      1.0000000000000     -2.0000000000000      1.0000000000000      0.4000000000000
     0.4212500000000      1.0000000000000     -2.0000000000000      1.0000000000000      0.4000000000000
     0.4237500000000      1.0000000000000     -2.0000000000000      1.0000000000000      0.4000000000000
     0.4262500000000      1.0000000000000     -2.0000000000000      1.0000000000000      0.4000000000000
     0.4287500000000      1.0000000000000     -2.0000000000000      1.0000000000000      0.4000000000000
     0.4312500000000      1.0000000000000     -2.0000000000000      1.0000000000000      0.4000000000000
     0.4337500000000      1.0000000000000     -2.0000000000000      1.0000000000000      0.4000000000000
     0.4362500000000      1.0000000000000     -2.0000000000000      1.0000000000000      0.4000000000000
     0.4387500000000      1.0000000000000     -2.0000000000000      1.0000000000000      0.4000000000000
     0.4412500000000      1.0000000000000     -2.0000000000000      1.0000000000000      0.4000000000000
     0.4437500000000      1.0000000000000     -2.0000000000000      1.0000000000000      0.4000000000000
     0.4462500000000      1.0000000000000     -2.0000000000000      1.0000000000000      0.4000000000000
     0.4487500000000      1.0000000000000     -2.0000000000000      1.0000000000000      0.4000000000000
     0.4512500000000      1.0000000000000     -2.0000000000000      1.0000000000000      0.4000000000000
     0.4537500000000      1.0000000000000     -2.0000000000000      1.0000000000000      0.4000000000000
     0.4562500000000      1.0000000000000     -2.0000000000000      1.0000000000000      0.4000000000000
     0.4587500000000      1.0000000000000     -2.0000000000000      1.0000000000000      0.4000000000000
     0.4612500000000      1.0000000000000     -2.0000000000000      1.0000000000000      0.4000000000000
     0.4637500000000      1.0000000000000     -2.0000000000000      1.0000000000000      0.4000000000000
     0.4662500000000      1.0000000000000     -2.0000000000000      1.0000000000000      0.4000000000000
     0.4687500000000      1.0000000000000     -2.0000000000000      1.0000000000000      0.4000000000000
     0.4712500000000      1.0000000000000     -2.0000000000000      1.0000000000000      0.4000000000000
     0.4737500000000      1.0000000000000     -2.0000000000000      1.0000000000000      0.4000000000000
     0.4762500000000      1.0000000000000     -2.0000000000000      1.0000000000000      0.4000000000000
     0.4787500000000      1.0000000000000     -2.0000000000000      1.0000000000000      0.4000000000000
     0.4812500000000      1.0000000000000     -2.0000000000000      1.0000000000000      0.4000000000000
     0.4837500000000      1.0000000000000     -2.0000000000000      1.0000000000000      0.4000000000000
     0.4862500000000      1.0000000000000     -2.0000000000000      1.0000000000000      0.4000000000000
     0.4887500000000      1.0000000000000     -2.0000000000000      1.0000000000000      0.4000000000000
     0.4912500000000      1.0000000000000     -2.0000000000000      1.0000000000000      0.4000000000000
     0.4937500000000      1.0000000000000     -2.0000000000000      1.0000000000000      0.4000000000000
     0.4962500000000      1.0000000000000     -2.0000000000000      1.0000000000000      0.4000000000000
     0.4987500000000      1.0000000000000     -2.0000000000000      1.0000000000000      0.4000000000000
     0.5012500000000      1.0000000000000      0.0000000000000      1.0000000000000      0.4000000000000
     0.5037500000000      1.0000000000000      2.0000000000000      1.0000000000000      0.4000000000000
     0.5062500000000      1.0000000000000      2.0000000000000      1.0000000000000      0.4000000000000
     0.5087500000000      1.0000000000000      2.0000000000000      1.0000000000000      0.4000000000000
     0.5112500000000      1.0000000000000      2.0000000000000      1.0000000000000      0.4000000000000
     0.5137500000000      1.0000000000000      2.0000000000000      1.0000000000000      0.4000000000000
     0.5162500000000      1.0000000000000      2.0000000000000      1.0000000000000      0.4000000000000
     0.5187500000000      1.0000000000000      2.0000000000000      1.0000000000000      0.4000000000000
     0.5212500000000      1.0000000000000      2.0000000000000      1.0000000000000      0.4000000000000
     0.5237500000000      1.0000000000000      2.0000000000000      1.0000000000000      0.4000000000000
     0.5262500000000      1.0000000000000      2.0000000000000      1.0000000000000      0.4000000000000
     0.5287500000000      1.0000000000000      2.0000000000000      1.0000000000000      0.4000000000000
     0.5312500000000      1.0000000000000      2.0000000000000      1.0000000000000      0.4000000000000
     0.5337500000000      1.0000000000000      2.0000000000000      1.0000000000000      0.4000000000000
     0.5362500000000      1.0000000000000      2.0000000000000      1.0000000000000      0.4000000000000
     0.5387500000000      1.0000000000000      2.0000000000000      1.0000000000000      0.4000000000000
     0.5412500000000      1.0000000000000      2.0000000000000      1.0000000000000      0.4000000000000
     0.5437500000000      1.0000000000000      2.0000000000000      1.0000000000000      0.4000000000000
     0.5462500000000      1.0000000000000      2.0000000000000      1.0000000000000      0.4000000000000
     0.5487500000000      1.0000000000000      2.0000000000000      1.0000000000000      0.4000000000000
     0.5512500000000      1.0000000000000      2.0000000000000      1.0000000000000      0.4000000000000
     0.5537500000000      1.0000000000000      2.0000000000000      1.0000000000000      0.4000000000000
     0.5562500000000      1.0000000000000      2.0000000000000      1.0000000000000      0.4000000000000
     0.5587500000000      1.0000000000000      2.0000000000000      1.0000000000000      0.4000000000000
     0.5612500000000      1.0000000000000      2.0000000000000      1.0000000000000      0.4000000000000
     0.5637500000000      1.0000000000000      2.0000000000000      1.0000000000000      0.4000000000000
     0.5662500000000      1.0000000000000      2.0000000000000      1.0000000000000      0.4000000000000
     0.5687500000000      1.0000000000000      2.0000000000000      1.0000000000000      0.4000000000000
     0.5712500000000      1.0000000000000      2.0000000000000      1.0000000000000      0.4000000000000
     0.5737500000000      1.0000000000000      2.0000000000000      1.0000000000000      0.4000000000000
     0.5762500000000      1.0000000000000      2.0000000000000      1.0000000000000      0.4000000000000
     0.5787500000000      1.0000000000000      2.0000000000000      1.0000000000000      0.4000000000000
     0.5812500000000      1.0000000000000      2.0000000000000      1.0000000000000      0.4000000000000
     0.5837500000000      1.0000000000000      2.0000000000000      1.0000000000000      0.4000000000000
     0.5862500000000      1.0000000000000      2.0000000000000      1.0000000000000      0.4000000000000
     0.5887500000000      1.0000000000000      2.0000000000000      1.0000000000000      0.4000000000000
     0.5912500000000      1.0000000000000      2.0000000000000      1.0000000000000      0.4000000000000
     0.5937500000000      1.0000000000000      2.0000000000000      1.0000000000000      0.4000000000000
     0.5962500000000      1.0000000000000      2.0000000000000      1.0000000000000      0.4000000000000
     0.5987500000000      1.0000000000000      2.0000000000000      1.0000000000000      0.4000000000000
     0.6012500000000      1.0000000000000      2.0000000000000      1.0000000000000      0.4000000000000
     0.6037500000000      1.0000000000000      2.0000000000000      1.0000000000000      0.4000000000000
     0.6062500000000      1.0000000000000      2.0000000000000      1.0000000000000      0.4000000000000
     0.6087500000000      1.0000000000000      2.0000000000000      1.0000000000000      0.4000000000000
     0.6112500000000      1.0000000000000      2.0000000000000      1.0000000000000      0.4000000000000
     0.6137500000000      1.0000000000000      2.0000000000000      1.0000000000000      0.4000000000000
     0.6162500000000      1.0000000000000      2.0000000000000      1.0000000000000      0.4000000000000
     0.6187500000000      1.0000000000000      2.0000000000000      1.0000000000000      0.4000000000000
     0.6212500000000      1.0000000000000      2.0000000000000      1.0000000000000      0.4000000000000
     0.6237500000000      1.0000000000000      2.0000000000000      1.0000000000000      0.4000000000000
     0.6262500000000      1.0000000000000      2.0000000000000      1.0000000000000      0.4000000000000
     0.6287500000000      1.0000000000000      2.0000000000000      1.0000000000000      0.4000000000000
     0.6312500000000      1.0000000000000      2.0000000000000      1.0000000000000      0.4000000000000
     0.6337500000000      1.0000000000000      2.0000000000000      1.0000000000000      0.4000000000000
     0.6362500000000      1.0000000000000      2.0000000000000      1.0000000000000      0.4000000000000
     0.6387500000000      1.0000000000000      2.0000000000000      1.0000000000000      0.4000000000000
     0.6412500000000      1.0000000000000      2.0000000000000      1.0000000000000      0.4000000000000
     0.6437500000000      1.0000000000000      2.0000000000000      1.0000000000000      0.4000000000000
     0.6462500000000      1.0000000000000      2.0000000000000      1.0000000000000      0.4000000000000
     0.6487500000000      1.0000000000000      2.0000000000000      1.0000000000000      0.4000000000000
     0.6512500000000      1.0000000000000      2.0000000000000      1.0000000000000      0.4000000000000
     0.6537500000000      1.0000000000000      2.0000000000000      1.0000000000000      0.4000000000000
     0.6562500000000      1.0000000000000      2.0000000000000      1.0000000000000      0.4000000000000
     0.6587500000000      1.0000000000000      2.0000000000000      1.0000000000000      0.4000000000000
     0.6612500000000      1.0000000000000      2.0000000000000      1.0000000000000      0.4000000000000
     0.6637500000000      1.0000000000000      2.0000000000000      1.0000000000000      0.4000000000000
     0.6662500000000      1.0000000000000      2.0000000000000      1.0000000000000      0.4000000000000
     0.6687500000000      1.0000000000000      2.0000000000000      1.0000000000000      0.4000000000000
     0.6712500000000      1.0000000000000      2.0000000000000      1.0000000000000      0.4000000000000
     0.6737500000000      1.0000000000000      2.0000000000000      1.0000000000000      0.4000000000000
     0.6762500000000      1.0000000000000      2.0000000000000      1.0000000000000      0.4000000000000
     0.6787500000000      1.0000000000000      2.0000000000000      1.0000000000000      0.4000000000000
     0.6812500000000      1.0000000000000      2.0000000000000      1.0000000000000      0.4000000000000
     0.6837500000000      1.0000000000000      2.0000000000000      1.0000000000000      0.4000000000000
     0.6862500000000      1.0000000000000      2.0000000000000      1.0000000000000      0.4000000000000
     0.6887500000000      1.0000000000000      2.0000000000000      1.0000000000000      0.4000000000000
     0.6912500000000      1.0000000000000      2.0000000000000      1.0000000000000      0.4000000000000
     0.6937500000000      1.0000000000000      2.0000000000000      1.0000000000000      0.4000000000000
     0.6962500000000      1.0000000000000      2.0000000000000      1.0000000000000      0.4000000000000
     0.6987500000000      1.0000000000000      2.0000000000000      1.0000000000000      0.4000000000000
     0.7012500000000      1.0000000000000      2.0000000000000      1.0000000000000      0.4000000000000
     0.7037500000000      1.0000000000000      2.0000000000000      1.0000000000000      0.4000000000000
     0.7062500000000      1.0000000000000      2.0000000000000      1.0000000000000      0.4000000000000
     0.7087500000000      1.0000000000000      2.0000000000000      1.0000000000000      0.4000000000000
     0.7112500000000      1.0000000000000      2.0000000000000      1.0000000000000      0.4000000000000
     0.7137500000000      1.0000000000000      2.0000000000000      1.0000000000000      0.4000000000000
     0.7162500000000      1.0000000000000      2.0000000000000      1.0000000000000      0.4000000000000
     0.7187500000000      1.0000000000000      2.0000000000000      1.0000000000000      0.4000000000000
     0.7212500000000      1.0000000000000      2.0000000000000      1.0000000000000      0.4000000000000
     0.7237500000000      1.0000000000000      2.0000000000000      1.0000000000000      0.4000000000000
     0.7262500000000      1.0000000000000      2.0000000000000      1.0000000000000      0.4000000000000
     0.7287500000000      1.0000000000000      2.0000000000000      1.0000000000000      0.4000000000000
     0.7312500000000      1.0000000000000      2.0000000000000      1.0000000000000      0.4000000000000
     0.7337500000000      1.0000000000000      2.0000000000000      1.0000000000000      0.4000000000000
     0.7362500000000      1.0000000000000      2.0000000000000      1.0000000000000      0.4000000000000
     0.7387500000000      1.0000000000000      2.0000000000000      1.0000000000000      0.4000000000000
     0.7412500000000      1.0000000000000      2.0000000000000      1.0000000000000      0.4000000000000
     0.7437500000000      1.0000000000000      2.0000000000000      1.0000000000000      0.4000000000000
     0.7462500000000      1.0000000000000      2.0000000000000      1.0000000000000      0.4000000000000
     0.7487500000000      1.0000000000000      2.0000000000000      1.0000000000000      0.4000000000000
     0.7512500000000      1.0000000000000      2.0000000000000      1.0000000000000      0.4000000000000
     0.7537500000000      1.0000000000000      2.0000000000000      1.0000000000000      0.4000000000000
     0.7562500000000      1.0000000000000      2.0000000000000      1.0000000000000      0.4000000000000
     0.7587500000000      1.0000000000000      2.0000000000000      1.0000000000000      0.4000000000000
     0.7612500000000      1.0000000000000      2.0000000000000      1.0000000000000      0.4000000000000
     0.7637500000000      1.0000000000000      2.0000000000000      1.0000000000000      0.4000000000000
     0.7662500000000      1.0000000000000      2.0000000000000      1.0000000000000      0.4000000000000
     0.7687500000000      1.0000000000000      2.0000000000000      1.0000000000000      0.4000000000000
     0.7712500000000      1.0000000000000      2.0000000000000      1.0000000000000      0.4000000000000
     0.7737500000000      1.0000000000000      2.0000000000000      1.0000000000000      0.4000000000000
     0.7762500000000      1.0000000000000      2.0000000000000      1.0000000000000      0.4000000000000
     0.7787500000000      1.0000000000000      2.0000000000000      1.0000000000000      0.4000000000000
     0.7812500000000      1.0000000000000      2.0000000000000      1.0000000000000      0.4000000000000
     0.7837500000000      1.0000000000000      2.0000000000000      1.0000000000000      0.4000000000000
     0.7862500000000      1.0000000000000      2.0000000000000      1.0000000000000      0.4000000000000
     0.7887500000000      1.0000000000000      2.0000000000000      1.0000000000000      0.4000000000000
     0.7912500000000      1.0000000000000      2.0000000000000      1.0000000000000      0.4000000000000
     0.7937500000000      1.0000000000000      2.0000000000000      1.0000000000000      0.4000000000000
     0.7962500000000      1.0000000000000      2.0000000000000      1.0000000000000      0.4000000000000
     0.7987500000000      1.0000000000000      2.0000000000000      1.0000000000000      0.4000000000000
     0.8012500000000      1.0000000000000      2.0000000000000      1.0000000000000      0.4000000000000
     0.8037500000000      1.0000000000000      2.0000000000000      1.0000000000000      0.4000000000000
     0.8062500000000      1.0000000000000      2.0000000000000      1.0000000000000      0.4000000000000
     0.8087500000000      1.0000000000000      2.0000000000000      1.0000000000000      0.4000000000000
     0.8112500000000      1.0000000000000      2.0000000000000      1.0000000000000      0.4000000000000
     0.8137500000000      1.0000000000000      2.0000000000000      1.0000000000000      0.4000000000000
     0.8162500000000      1.0000000000000      2.0000000000000      1.0000000000000      0.4000000000000
     0.8187500000000      1.0000000000000      2.0000000000000      1.0000000000000      0.4000000000000
     0.8212500000000      1.0000000000000      2.0000000000000      1.0000000000000      0.4000000000000
     0.8237500000000      1.0000000000000      2.0000000000000      1.0000000000000      0.4000000000000
     0.8262500000000      1.0000000000000      2.0000000000000      1.0000000000000      0.4000000000000
     0.8287500000000      1.0000000000000      2.0000000000000      1.0000000000000      0.4000000000000
     0.8312500000000      1.0000000000000      2.0000000000000      1.0000000000000      0.4000000000000
     0.8337500000000      1.0000000000000      2.0000000000000      1.0000000000000      0.4000000000000
     0.8362500000000      1.0000000000000      2.0000000000000      1.0000000000000      0.4000000000000
     0.8387500000000      1.0000000000000      2.0000000000000      1.0000000000000      0.4000000000000
     0.8412500000000      1.0000000000000      2.0000000000000      1.0000000000000      0.4000000000000
     0.8437500000000      1.0000000000000      2.0000000000000      1.0000000000000      0.4000000000000
     0.8462500000000      1.0000000000000      2.0000000000000      1.0000000000000      0.4000000000000
     0.8487500000000      1.0000000000000      2.0000000000000      1.0000000000000      0.4000000000000
     0.8512500000000      1.0000000000000      2.0000000000000      1.0000000000000      0.4000000000000
     0.8537500000000      1.0000000000000      2.0000000000000      1.0000000000000      0.4000000000000
     0.8562500000000      1.0000000000000      2.0000000000000      1.0000000000000      0.4000000000000
     0.8587500000000      1.0000000000000      2.0000000000000      1.0000000000000      0.4000000000000
     0.8612500000000      1.0000000000000      2.0000000000000      1.0000000000000      0.4000000000000
     0.8637500000000      1.0000000000000      2.0000000000000      1.0000000000000      0.4000000000000
     0.8662500000000      1.0000000000000      2.0000000000000      1.0000000000000      0.4000000000000
     0.8687500000000      1.0000000000000      2.0000000000000      1.0000000000000      0.4000000000000
     0.8712500000000      1.0000000000000      2.0000000000000      1.0000000000000      0.4000000000000
     0.8737500000000      1.0000000000000      2.0000000000000      1.0000000000000      0.4000000000000
     0.8762500000000      1.0000000000000      2.0000000000000      1.0000000000000      0.4000000000000
     0.8787500000000      1.0000000000000      2.0000000000000      1.0000000000000      0.4000000000000
     0.8812500000000      1.0000000000000      2.0000000000000      1.0000000000000      0.4000000000000
     0.8837500000000      1.0000000000000      2.0000000000000      1.0000000000000      0.4000000000000
     0.8862500000000      1.0000000000000      2.0000000000000      1.0000000000000      0.4000000000000
     0.8887500000000      1.0000000000000      2.0000000000000      1.0000000000000      0.4000000000000
     0.8912500000000      1.0000000000000      2.0000000000000      1.0000000000000      0.4000000000000
     0.8937500000000      1.0000000000000      2.0000000000000      1.0000000000000      0.4000000000000
     0.8962500000000      1.0000000000000      2.0000000000000      1.0000000000000      0.4000000000000
     0.8987500000000      1.0000000000000      2.0000000000000      1.0000000000000      0.4000000000000
     0.9012500000000      1.0000000000000      2.0000000000000      1.0000000000000      0.4000000000000
     0.9037500000000      1.0000000000000      2.0000000000000      1.0000000000000      0.4000000000000
     0.9062500000000      1.0000000000000      2.0000000000000      1.0000000000000      0.4000000000000
     0.9087500000000      1.0000000000000      2.0000000000000      1.0000000000000      0.4000000000000
     0.9112500000000      1.0000000000000      2.0000000000000      1.0000000000000      0.4000000000000
     0.9137500000000      1.0000000000000      2.0000000000000      1.0000000000000      0.4000000000000
     0.9162500000000      1.0000000000000      2.0000000000000      1.0000000000000      0.4000000000000
     0.9187500000000      1.0000000000000      2.0000000000000      1.0000000000000      0.4000000000000
     0.9212500000000      1.0000000000000      2.0000000000000      1.0000000000000      0.4000000000000
     0.9237500000000      1.0000000000000      2.0000000000000      1.0000000000000      0.4000000000000
     0.9262500000000      1.0000000000000      2.0000000000000      1.0000000000000      0.4000000000000
     0.9287500000000      1.0000000000000      2.0000000000000      1.0000000000000      0.4000000000000
     0.9312500000000      1.0000000000000      2.0000000000000      1.0000000000000      0.4000000000000
     0.9337500000000      1.0000000000000      2.0000000000000      1.0000000000000      0.4000000000000
     0.9362500000000      1.0000000000000      2.0000000000000      1.0000000000000      0.4000000000000
     0.9387500000000      1.0000000000000      2.0000000000000      1.0000000000000      0.4000000000000
     0.9412500000000      1.0000000000000      2.0000000000000      1.0000000000000      0.4000000000000
     0.9437500000000      1.0000000000000      2.0000000000000      1.0000000000000      0.4000000000000
     0.9462500000000      1.0000000000000      2.0000000000000      1.0000000000000      0.4000000000000
     0.9487500000000      1.0000000000000      2.0000000000000      1.0000000000000      0.4000000000000
     0.9512500000000      1.0000000000000      2.0000000000000      1.0000000000000      0.4000000000000
     0.9537500000000      1.0000000000000      2.0000000000000      1.0000000000000      0.4000000000000
     0.9562500000000      1.0000000000000      2.0000000000000      1.0000000000000      0.4000000000000
     0.9587500000000      1.0000000000000      2.0000000000000      1.0000000000000      0.4000000000000
     0.9612500000000      1.0000000000000      2.0000000000000      1.0000000000000      0.4000000000000
     0.9637500000000      1.0000000000000      2.0000000000000      1.0000000000000      0.4000000000000
     0.9662500000000      1.0000000000000      2.0000000000000      1.0000000000000      0.4000000000000
     0.9687500000000      1.0000000000000      2.0000000000000      1.0000000000000      0.4000000000000
     0.9712500000000      1.0000000000000      2.0000000000000      1.0000000000000      0.4000000000000
     0.9737500000000      1.0000000000000      2.0000000000000      1.0000000000000      0.4000000000000
     0.9762500000000      1.0000000000000      2.0000000000000      1.0000000000000      0.4000000000000
     0.9787500000000      1.0000000000000      2.0000000000000      1.0000000000000      0.4000000000000
     0.9812500000000      1.0000000000000      2.0000000000000      1.0000000000000      0.4000000000000
     0.9837500000000      1.0000000000000      2.0000000000000      1.0000000000000      0.4000000000000
     0.9862500000000      1.0000000000000      2.0000000000000      1.0000000000000      0.4000000000000
     0.9887500000000      1.0000000000000      2.0000000000000      1.0000000000000      0.4000000000000
     0.9912500000000      1.0000000000000      2.0000000000000      1.0000000000000      0.4000000000000
     0.9937500000000      1.0000000000000      2.0000000000000      1.0000000000000      0.4000000000000
     0.9962500000000      1.0000000000000      2.0000000000000      1.0000000000000      0.4000000000000
     0.9987500000000      1.0000000000000      2.0000000000000      1.0000000000000      0.4000000000000

