     0.0012500000000      0.1521110256776      1.0000000000000     72.3206073871141   1188.6154712479183
     0.0037500000000      0.1521110256776      1.0227210011382     72.3206073871141   1188.6154712479183
     0.0062500000000      0.1521600319802      1.0630732871739     72.3532676298023   1188.7692629957887
     0.0087500000000      0.1521484510261      1.1012641630118     72.3456090545830   1188.7339070274716
     0.0112500000000      0.1521421940706      1.1421948798153     72.3414989941267   1188.7152580524589
     0.0137500000000      0.1521373015993      1.1829425329983     72.3383026028201   1188.7009602903115
     0.0162500000000      0.1521340518245      1.2236665226641     72.3362049637032   1188.6918821951965
     0.0187500000000      0.1521320196367      1.2643539569165     72.3349228247508   1188.6866912945650
     0.0212500000000      0.1521312532134      1.3050212706569     72.3344878767215   1188.6855322106869
     0.0237500000000      0.1521317037203      1.3456656421948     72.3348672176946   1188.6882459211281
     0.0262500000000      0.1521333803443      1.3862882698830     72.3360665554181   1188.6948543395808
     0.0287500000000      0.1521362776370      1.4268879734172     72.3380818536848   1188.7053334229129
     0.0312500000000      0.1521403973564      1.4674641877201     72.3409138718805   1188.7196814405950
     0.0337500000000      0.1521457391071      1.5080160541557     72.3445619362540   1188.7378897502583
     0.0362500000000      0.1521523033366      1.5485428103439     72.3490259345129   1188.7599521653565
     0.0387500000000      0.1521600901223      1.5890436648300     72.3543055086677   1188.7858611692502
     0.0412500000000      0.1521690995744      1.6295178485158     72.3604003232203   1188.8156091744033
     0.0437500000000      0.1521793316778      1.6699645980774     72.3673099598818   1188.8491880272531
     0.0462500000000      0.1521907863455      1.7103831631563     72.3750339525971   1188.8865891705689
     0.0487500000000      0.1522034633972      1.7507728045861     72.3835717732631   1188.9278035737921
     0.0512500000000      0.1522173625660      1.7911327957831     72.3929228356746   1188.9728217486634
     0.0537500000000      0.1522324834948      1.8314624229563     72.4030864930052   1189.0216337345753
     0.0562500000000      0.1522488257372      1.8717609857313     72.4140620376336   1189.0742290953033
     0.0587500000000      0.1522663887553      1.9120277976158     72.4258487001188   1189.1305969123771
     0.0612500000000      0.1522851719200      1.9522621865146     72.4384456484666   1189.1907257806984
     0.0637500000000      0.1523051745091      1.9924634952189     72.4518519872761   1189.2546038046853
     0.0662500000000      0.1523263957064      2.0326310818968     72.4660667569138   1189.3222185958309
     0.0687500000000      0.1523488346005      2.0727643205753     72.4810889326652   1189.3935572715802
     0.0712500000000      0.1523724901826      2.1128626016157     72.4969174238827   1189.4686064557620
     0.0737500000000      0.1523973613453      2.1529253321814     72.5135510731244   1189.5473522806419
     0.0762500000000      0.1524234468800      2.1929519366991     72.5309886552883   1189.6297803906955
     0.0787500000000      0.1524507454751      2.2329418573101     72.5492288767416   1189.7158759481529
     0.0812500000000      0.1524792557132      2.2728945543152     72.5682703744476   1189.8056236403484
     0.0837500000000      0.1525089760686      2.3128095066082     72.5881117150901   1189.8990076888842
     0.0862500000000      0.1525399049041      2.3526862121018     72.6087513941989   1189.9960118605939
     0.0887500000000      0.1525720404680      2.3925241881426     72.6301878352762   1190.0966194802702
     0.0912500000000      0.1526053808908      2.4323229719153     72.6524193889258   1190.2008134451039
     0.0937500000000      0.1526399241815      2.4720821208370     72.6754443319872   1190.3085762407602
     0.0962500000000      0.1526756682240      2.5118012129396     72.6992608666761   1190.4198899589999
     0.0987500000000      0.1527126107734      2.5514798472394     72.7238671197320   1190.5347363167452
     0.1012500000000      0.1527507494514      2.5911176440962     72.7492611415763   1190.6530966764665
     0.1037500000000      0.1527900817428      2.6307142455579     72.7754409054807   1190.7749520677589
     0.1062500000000      0.1528306049909      2.6702693156925     72.8024043067491   1190.9002832099668
     0.1087500000000      0.1528723163935      2.7097825409061     72.8301491619142   1191.0290705357065
     0.1112500000000      0.1529152129980      2.7492536302471     72.8586732079504   1191.1612942151253
     0.1137500000000      0.1529592916976      2.7886823156948     72.8879741015052   1191.2969341807320
     0.1162500000000      0.1530045492264      2.8280683524336     72.9180494181504   1191.4359701526309
     0.1187500000000      0.1530509821557      2.8674115191111     72.9488966516563   1191.5783816639832
     0.1212500000000      0.1530985868887      2.9067116180802     72.9805132132883   1191.7241480865221
     0.1237500000000      0.1531473596573      2.9459684756251     73.0128964311307   1191.8732486559484
     0.1262500000000      0.1531972965171      2.9851819421695     73.0460435494372   1192.0256624970232
     0.1287500000000      0.1532483933440      3.0243518924687     73.0799517280113   1192.1813686481917
     0.1312500000000      0.1533006458300      3.0634782257824     73.1146180416182   1192.3403460855623
     0.1337500000000      0.1533540494794      3.1025608660314     73.1500394794300   1192.5025737460728
     0.1362500000000      0.1534085996058      3.1415997619339     73.1862129445059   1192.6680305496764
     0.1387500000000      0.1534642913285      3.1805948871246     73.2231352533095   1192.8366954203912
     0.1412500000000      0.1535211195693      3.2195462402538     73.2608031352651   1193.0085473060537
     0.1437500000000      0.1535790790503      3.2584538450677     73.2992132323552   1193.1835651966264
     0.1462500000000      0.1536381642912      3.2973177504688     73.3383620987593   1193.3617281409147
     0.1487500000000      0.1536983696069      3.3361380305571     73.3782462005378   1193.5430152615500
     0.1512500000000      0.1537596891062      3.3749147846501     73.4188619153624   1193.7274057681084
     0.1537500000000      0.1538221166901      3.4136481372840     73.4602055322923   1193.9148789682306
     0.1562500000000      0.1538856460510      3.4523382381937     73.5022732516019   1194.1054142766191
     0.1587500000000      0.1539502706718      3.4909852622728     73.5450611846575   1194.2989912217929
     0.1612500000000      0.1540159838257      3.5295894095128     73.5885653538471   1194.4955894504803
     0.1637500000000      0.1540827785765      3.5681509049218     73.6327816925640   1194.6951887295379
     0.1662500000000      0.1541506477794      3.6066699984228     73.6777060452452   1194.8977689452811
     0.1687500000000      0.1542195840820      3.6451469647310     73.7233341674665   1195.1033101001171
     0.1712500000000      0.1542895799257      3.6835821032113     73.7696617260949   1195.3117923063724
     0.1737500000000      0.1543606275483      3.7219757377144     73.8166842995002   1195.5231957771964
     0.1762500000000      0.1544327189862      3.7603282163928     73.8643973778259   1195.7375008144418
     0.1787500000000      0.1545058460779      3.7986399114971     73.9127963633217   1195.9546877933922
     0.1812500000000      0.1545800004674      3.8369112191512     73.9618765707371   1196.1747371442250
     0.1837500000000      0.1546551736090      3.8751425591084     74.0116332277780   1196.3976293300823
     0.1862500000000      0.1547313567718      3.9133343744869     74.0620614756264   1196.6233448216155
     0.1887500000000      0.1548085410454      3.9514871314865     74.1131563695241   1196.8518640678594
     0.1912500000000      0.1548867173460      3.9896013190854     74.1649128794213   1197.0831674632875
     0.1937500000000      0.1549658764233      4.0276774487185     74.2173258906896   1197.3172353108782
     0.1962500000000      0.1550460088681      4.0657160539364     74.2703902049011   1197.5540477810143
     0.1987500000000      0.1551271051201      4.1037176900462     74.3241005406728   1197.7935848660145
     0.2012500000000      0.1552091554775      4.1416829337344     74.3784515345767   1198.0358263300918
     0.2037500000000      0.1552921501062      4.1796123826715     74.4334377421171   1198.2807516544922
     0.2062500000000      0.1553760790508      4.2175066551000     74.4890536387728   1198.5283399775662
     0.2087500000000      0.1554609322455      4.2553663894044     74.5452936211058   1198.7785700294792
     0.2112500000000      0.1555466995271      4.2931922436654     74.6021520079364   1199.0314200612615
     0.2137500000000      0.1556333706475      4.3309848951976     74.6596230415833   1199.2868677678539
     0.2162500000000      0.1557209352882      4.3687450400715     74.7177008891702   1199.5448902047754
     0.2187500000000      0.1558093830760      4.4064733926205     74.7763796439965   1199.8054636980100
     0.2212500000000      0.1558987035985      4.4441706849322     74.8356533269735   1200.0685637466704
     0.2237500000000      0.1559888864224      4.4818376663268     74.8955158881243   1200.3341649179488
     0.2262500000000      0.1560799211118      4.5194751028207     74.9559612081480   1200.6022407338403
     0.2287500000000      0.1561717972484      4.5570837765771     75.0169831000468   1200.8727635490552
     0.2312500000000      0.1562645044531      4.5946644853439     75.0785753108148   1201.1457044195108
     0.2337500000000      0.1563580324085      4.6322180418796     75.1407315231898   1201.4210329607238
     0.2362500000000      0.1564523708842      4.6697452733676     75.2034453574654   1201.6987171953813
     0.2387500000000      0.1565475097619      4.7072470208195     75.2667103733631   1201.9787233893046
     0.2412500000000      0.1566434390646      4.7447241384676     75.3305200719646   1202.2610158749658
     0.2437500000000      0.1567401489854      4.7821774931488     75.3948678977021   1202.5455568616374
     0.2462500000000      0.1568376299204      4.8196079636782     75.4597472404068   1202.8323062312095
     0.2487500000000      0.1569358725022      4.8570164402150     75.5251514374147   1203.1212213186193
     0.2512500000000      0.1570348676366      4.8944038236205     75.5910737757278   1203.4122566757685
     0.2537500000000      0.1571346065417      4.9317710248086     75.6575074942318   1203.7053638177329
     0.2562500000000      0.1572350807893      4.9691189640910     75.7244457859682   1204.0004909499735
     0.2587500000000      0.1573362823500      5.0064485705152     75.7918818004606   1204.2975826751824
     0.2612500000000      0.1574382036398      5.0437607811989     75.8598086460943   1204.5965796783034
     0.2637500000000      0.1575408375721      5.0810565406592     75.9282193925499   1204.8974183881767
     0.2662500000000      0.1576441776112      5.1183368001392     75.9971070732881   1205.2000306141497
     0.2687500000000      0.1577482178309      5.1556025169307     76.0664646880885   1205.5043431559175
     0.2712500000000      0.1578529529761      5.1928546536955     76.1362852056393   1205.8102773847190
     0.2737500000000      0.1579583785298      5.2300941777857     76.2065615661794   1206.1177487939458
     0.2762500000000      0.1580644907834      5.2673220605626     76.2772866841933   1206.4266665170683
     0.2787500000000      0.1581712869128      5.3045392767161     76.3484534511580   1206.7369328107070
     0.2812500000000      0.1582787650594      5.3417468035856     76.4200547383422   1207.0484425005250
     0.2837500000000      0.1583869244162      5.3789456204808     76.4920833996608   1207.3610823875217
     0.2862500000000      0.1584957653204      5.4161367080073     76.5645322745816   1207.6747306121663
     0.2887500000000      0.1586052893519      5.4533210473925     76.6373941910891   1207.9892559736913
     0.2912500000000      0.1587154994387      5.4904996198176     76.7106619687047   1208.3045172017348
     0.2937500000000      0.1588263999690      5.5276734057526     76.7843284215640   1208.6203621773825
     0.2962500000000      0.1589379969112      5.5648433842967     76.8583863615564   1208.9366271005422
     0.2987500000000      0.1590502979414      5.6020105326447     76.9328286015221   1209.2531356004206
     0.3012500000000      0.1591633125782      5.6391758450478     77.0076479571481   1209.5696977798812
     0.3037500000000      0.1592770522208      5.6763403584915     77.0828371781753   1209.8861088806402
     0.3062500000000      0.1593915303630      5.7135050712501     77.1583889916239   1210.2021483811136
     0.3087500000000      0.1595067630664      5.7506708836477     77.2342963139972   1210.5175797753668
     0.3112500000000      0.1596227690060      5.7878386982129     77.3105521668645   1210.8321489514281
     0.3137500000000      0.1597395692759      5.8250094591414     77.3871494225914   1211.1455817335266
     0.3162500000000      0.1598571878921      5.8621841119966     77.4640810140845   1211.4575834147699
     0.3187500000000      0.1599756519054      5.8993635946425     77.5413398717510   1211.7678369828611
     0.3212500000000      0.1600949917060      5.9365488375452     77.6189189817182   1212.0760017944106
     0.3237500000000      0.1602152412098      5.9737407628815     77.6968113548629   1212.3817117550752
     0.3262500000000      0.1603364381414      6.0109402830810     77.7750100507970   1212.6845736433579
     0.3287500000000      0.1604586242744      6.0481483014667     77.8535081629981   1212.9841651556405
     0.3312500000000      0.1605818457604      6.0853657129374     77.9322988531598   1213.2800330594862
     0.3337500000000      0.1607061533835      6.1225934024189     78.0113753234358   1213.5716909555038
     0.3362500000000      0.1608316029092      6.1598322436104     78.0907308405539   1213.8586171497850
     0.3387500000000      0.1609582554092      6.1970830990528     78.1703587312049   1214.1402522736382
     0.3412500000000      0.1610861776284      6.2343468194729     78.2502523928493   1214.4159968421170
     0.3437500000000      0.1612154423596      6.2716242434868     78.3304052952405   1214.6852086367867
     0.3462500000000      0.1613461288468      6.3089161971150     78.4108109876913   1214.9471999747814
     0.3487500000000      0.1614783232070      6.3462234933924     78.4914631030729   1215.2012348195462
     0.3512500000000      0.1616121188782      6.3835469319077     78.5723553640560   1215.4465257532422
     0.3537500000000      0.1617476170918      6.4208872984151     78.6534815886904   1215.6822307936579
     0.3562500000000      0.1618849273703      6.4582453644038     78.7348356965919   1215.9074500571937
     0.3587500000000      0.1620241680523      6.4956218867024     78.8164117150170   1216.1212222609647
     0.3612500000000      0.1621654668470      6.5330176071593     78.8982037860524   1216.3225210659837
     0.3637500000000      0.1623089614166      6.5704332523098     78.9802061733116   1216.5102512512742
     0.3662500000000      0.1624547999901      6.6078695330343     79.0624132688983   1216.6832447196880
     0.3687500000000      0.1626031420090      6.6453271443034     79.1448196013397   1216.8402563364375
     0.3712500000000      0.1627541588061      6.6828067648655     79.2274198429384   1216.9799595920722
     0.3737500000000      0.1629080343179      6.7203090568526     79.3102088170524   1217.1009420914070
     0.3762500000000      0.1630649658342      6.7578346654803     79.3931815065270   1217.2017008737980
     0.3787500000000      0.1632251647855      6.7953842188318     79.4763330625540   1217.2806375624934
     0.3812500000000      0.1633888575696      6.8329583276299     79.5596588136567   1217.3360533436592
     0.3837500000000      0.1635562864181      6.8705575850029     79.6431542750868   1217.3661437793764
     0.3862500000000      0.1637277103060      6.9081825662638     79.7268151586119   1217.3689934587737
     0.3887500000000      0.1639034059049      6.9458338287041     79.8106373827310   1217.3425704930926
     0.3912500000000      0.1640836685824      6.9835119114021     79.8946170833126   1217.2847208618166
     0.3937500000000      0.1642688134491      7.0212173350507     79.9787506246789   1217.1931626187522
     0.3962500000000      0.1644591764553      7.0589506018029     80.0630346111356   1217.0654799686938
     0.3987500000000      0.1646551155399      7.0967121951385     80.1474658989651   1216.8991172273263
     0.4012500000000      0.1648570118325      7.1345025797509     80.2320416089027   1216.6913726792272
     0.4037500000000      0.1650652709131      7.1723222014522     80.3167591391181   1216.4393923511343
     0.4062500000000      0.1652803241297      7.2101714870921     80.4016161787369   1216.1401637202564
     0.4087500000000      0.1655026299781      7.2480508444878     80.4866107219555   1215.7905093802019
     0.4112500000000      0.1657326755461      7.2859606623583     80.5717410827835   1215.3870806899251
     0.4137500000000      0.1659709780252      7.3239013102602     80.6570059104557   1214.9263514342817
     0.4162500000000      0.1662180862933      7.3618731385236     80.7424042055642   1214.4046115281442
     0.4187500000000      0.1664745825718      7.3998764781898     80.8279353369170   1213.8179607994161
     0.4212500000000      0.1667410841616      7.4379116409507     80.9135990591323   1213.1623028900517
     0.4237500000000      0.1670182452599      7.4759789190987     80.9993955309962   1212.4333393182740
     0.4262500000000      0.1673067588657      7.5140785854888     81.0853253345783   1211.6265637492245
     0.4287500000000      0.1676073587758      7.5522108935148     81.1713894951061   1210.7372565257306
     0.4312500000000      0.1679208216782      7.5903760771011     81.2575895016569   1209.7604795156883
     0.4337500000000      0.1682479693482      7.6285743507069     81.3439273287044   1208.6910713372765
     0.4362500000000      0.1685896709533      7.6668059093383     81.4304054585683   1207.5236430281716
     0.4387500000000      0.1689468454748      7.7050709285682     81.5170269048191   1206.2525742300418
     0.4412500000000      0.1693204642521      7.7433695645646     81.6037952366329   1204.8720099645409
     0.4437500000000      0.1697115536585      7.7817019541117     81.6907146041179   1203.3758580823840
     0.4462500000000      0.1701211979179      7.8200682145904     81.7777897648807   1201.7577874734397
     0.4487500000000      0.1705505420726      7.8584684439392     81.8650261121474   1200.0112271311718
     0.4512500000000      0.1710007951116      7.8969027207617     81.9524297046140   1198.1293661693387
     0.4537500000000      0.1714732332708      7.9353711045080     82.0400072960090   1196.1051548848852
     0.4562500000000      0.1719692035095      7.9738736364770     82.1277663613219   1193.9313069621842
     0.4587500000000      0.1724901272119      8.0124103378528     82.2157151415017   1191.6003030205186
     0.4612500000000      0.1730375040400      8.0509812130950     82.3038626467591   1189.1043953645433
     0.4637500000000      0.1736129163723      8.0895862426694     82.3922188972212   1186.4356152015102
     0.4662500000000      0.1742180330468      8.1282254206014     82.4807945458362   1183.5857790291018
     0.4687500000000      0.1748546158352      8.1668987404929     82.5696021601143   1180.5465038155148
     0.4712500000000      0.1755245203675      8.2056063761546     82.6586535176015   1177.3092064932398
     0.4737500000000      0.1762297162940      8.2443485286948     82.7479690917681   1173.8651521418515
     0.4762500000000      0.1769722599739      8.2831247844262     82.8375662628265   1170.2055208406900
     0.4787500000000      0.1777543101388      8.3219345543020     82.9274547859500   1166.3212937172875
     0.4812500000000      0.1785781566554      8.3607776840534     83.0176487335825   1162.2032936226860
     0.4837500000000      0.1794462190331      8.3996541341507     83.1081660421311   1157.8422561639984
     0.4862500000000      0.1803610499121      8.4385637669664     83.1990261074416   1153.2288449749185
     0.4887500000000      0.1813253421931      8.4775063807872     83.2902494439886   1148.3536779332535
     0.4912500000000      0.1823419373453      8.5164817263400     83.3818578310417   1143.2073587268069
     0.4937500000000      0.1834138344321      8.5554895388893     83.4738745417723   1137.7805114897533
     0.4962500000000      0.1845441995253      8.5945295496487     83.5663244142398   1132.0638176271686
     0.4987500000000      0.1857363756154      8.6336014714998     83.6592338098840   1126.0480551088312
     0.5012500000000      0.1869938933820      8.6727049869140     83.7526306573009   1119.7241410208294
     0.5037500000000      0.1883204828676      8.7118397509956     83.8465445673410   1113.0831772862659
     0.5062500000000      0.1897200860261      8.7510053991739     83.9410069578905   1106.1164992610545
     0.5087500000000      0.1911968701211      8.7902015479271     84.0360511296875   1098.8157269057563
     0.5112500000000      0.1927552420952      8.8294277890016     84.1317123224786   1091.1728185445174
     0.5137500000000      0.1943998640840      8.8686836861530     84.2280278088831   1083.1801272823870
     0.5162500000000      0.1961356701493      8.9079687766641     84.3250370157336   1074.8304598486309
     0.5187500000000      0.1979678842684      8.9472825723635     84.4227816374452   1066.1171375024985
     0.5212500000000      0.1999020396783      8.9866245575673     84.5213057394514   1057.0340587255387
     0.5237500000000      0.2019439997178      9.0259941863341     84.6206558722713   1047.5757634605334
     0.5262500000000      0.2040999802954      9.0653908810634     84.7208812026497   1037.7374985538904
     0.5287500000000      0.2063765740945      9.1048140316362     84.8220336529455   1027.5152839550542
     0.5312500000000      0.2087807766429      9.1442629937679     84.9241680436304   1016.9059791946158
     0.5337500000000      0.2113200143936      9.1837370865894     85.0273422424599   1005.9073496475138
     0.5362500000000      0.2140021749781      9.2232355901661     85.1316173251216    994.5181320451204
     0.5387500000000      0.2168356397949      9.2627577431773     85.2370577478122    982.7380986402829
     0.5412500000000      0.2198293191008      9.3023027403972     85.3437315298077    970.5681193812256
     0.5437500000000      0.2229926897828      9.3418697297169     85.4517104455094    958.0102214197082
     0.5462500000000      0.2263358360064      9.3814578088535     85.5610702289778    945.0676452596425
     0.5487500000000      0.2298694929359      9.4210660218361     85.6718907907022    931.7448968163656
     0.5512500000000      0.2336050937350      9.4606933553706     85.7842564486403    918.0477946465609
     0.5537500000000      0.2375548200615      9.5003387346096     85.8982561741869    903.9835115946543
     0.5562500000000      0.2417316562537      9.5400010185871     86.0139838444845    889.5606100739053
     0.5587500000000      0.2461494474946      9.5796789958297     86.1315385353591    874.7890703393857
     0.5612500000000      0.2508229620367      9.6193713779876     86.2510247855919    859.6803108179884
     0.5637500000000      0.2557679579038      9.6590767979058     86.3725529351499    844.2472001090350
     0.5662500000000      0.2610012541876      9.6987938000246     86.4962394871336    828.5040598401948
     0.5687500000000      0.2665408065759      9.7385208387914     86.6222072394796    812.4666570970917
     0.5712500000000      0.2724057897878      9.7782562855460     86.7505863385842    796.1521890390138
     0.5737500000000      0.2786166806759      9.8179983726740     86.8815133290289    779.5792513057460
     0.5762500000000      0.2851953536743      9.8577453321583     87.0151334508449    762.7678039787590
     0.5787500000000      0.2921651775411      9.8974951650265     87.1516010475498    745.7391207692768
     0.5812500000000      0.2995510957763      9.9372452256641     87.2910711004008    728.5157050936201
     0.5837500000000      0.3073797589915      9.9769927228106     87.4337108737244    711.1212459190594
     0.5862500000000      0.3156796329188     10.0167350198115     87.5796985316841    693.5805275266197
     0.5887500000000      0.3244811108692     10.0564693531809     87.7292218072054    675.9193283408057
     0.5912500000000      0.3338166343619     10.0961927334382     87.8824783836494    658.1643134084323
     0.5937500000000      0.3437208174190     10.1359019171313     88.0396762532960    640.3429163412087
     0.5962500000000      0.3542305739214     10.1755933761950     88.2010340839421    622.4832113412723
     0.5987500000000      0.3653852471593     10.2152632681774     88.3667815907150    604.6137759920199
     0.6012500000000      0.3772267404666     10.2549074064890     88.5371598913969    586.7635455924764
     0.6037500000000      0.3897996476249     10.2945212286084     88.7124218258387    568.9616599602324
     0.6062500000000      0.4031513814957     10.3340997607621     88.8928322199067    551.2373037771985
     0.6087500000000      0.4173322990953     10.3736375779783     89.0786680749328    533.6195417179372
     0.6112500000000      0.4323958210512     10.4131287587584     89.2702186631399    516.1371497885218
     0.6137500000000      0.4483985430435     10.4525668337785     89.4677855077383    498.8184445275152
     0.6162500000000      0.4654003363893     10.4919447280412     89.6716822234431    481.6911119958843
     0.6187500000000      0.4834644342980     10.5312546957849     89.8822341893316    464.7820388269107
     0.6212500000000      0.5026574993629     10.5704882472559     90.0997780214676    448.1171480364896
     0.6237500000000      0.5230496663652     10.6096360661592     90.3246608077215    431.7212428191401
     0.6262500000000      0.5447145521375     10.6486879161976     90.5572390618284    415.6178621742425
     0.6287500000000      0.5677292206561     10.6876325344903     90.7978773482383    399.8291528983634
     0.6312500000000      0.5921740861684     10.7264575086562     91.0469465244498    384.3757631880039
     0.6337500000000      0.6181327294006     10.7651491326459     91.3048215450948    369.2767637204346
     0.6362500000000      0.6456915911220     10.8036922333818     91.5718787761274    354.5496024542142
     0.6387500000000      0.6749394931355     10.8420699548089     91.8484927867219    340.2100992787676
     0.6412500000000      0.7059669192762     10.8802634760032     92.1350326382454    326.2724857303163
     0.6437500000000      0.7388649694594     10.9182516219225     92.4318578066729    312.7494928955200
     0.6462500000000      0.7737238812379     10.9560102922005     92.7393141167847    299.6524870358299
     0.6487500000000      0.8106310008750     10.9935115715627     93.0577305456150    286.9916473869358
     0.6512500000000      0.8496680954311     11.0307222734093     93.3874186947724    274.7761720045262
     0.6537500000000      0.8909079407048     11.0676014581958     93.7286784950325    263.0144884017955
     0.6562500000000      0.9344100786602     11.1040959965317     94.0818166354973    251.7144741482065
     0.6587500000000      0.9802163546854     11.1401324103045     94.4471923367988    240.8835352658294
     0.6612500000000      1.0283465474269     11.1756022845303     94.8253205593564    230.5286111880822
     0.6637500000000      1.0787064224400     11.2103314766021     95.2170078606935    220.6740543115332
     0.6662500000000      1.1303894204344     11.2440439934277     95.6236435313947    211.4838519424707
     0.6687500000000      1.1830423863789     11.2762727767991     96.0478360326859    202.9678672939838
     0.6712500000000      1.2368004949129     11.3061510051237     96.4957176985009    195.0510977627251
     0.6737500000000      1.2918463937413     11.3320367356904     96.9803299589917    187.6777502898877
     0.6762500000000      1.3479045953165     11.3519103281055     97.4687893233938    180.7783534199364
     0.6787500000000      1.4069566691120     11.3607163613769     98.1520517787019    174.4048945029892
     0.6812500000000      1.4675279290539     11.3483876921944     98.8712926397034    168.4317052545719
     0.6837500000000      1.5317477239269     11.3003005435997     99.8189539578377    162.9167655982081
     0.6862500000000      1.6020013288037     11.1894152722895    101.1903017533660    157.9123249369170
     0.6887500000000      1.6845042511398     10.9642920391319    103.5079769405966    153.6178624520520
     0.6912500000000      1.7888130516857     10.5256899033289    107.6438209348049    150.4402889298115
     0.6937500000000      1.9765898461436      9.7188610032761    119.1568193837044    150.7100975149002
     0.6962500000000      2.3395691411429      8.5231307641183    146.0200245233400    156.0330297099127
     0.6987500000000      2.8226971573634      7.2039186645041    182.7810197237393    161.8850779359458
     0.7012500000000      3.3764465673330      6.0809101851737    223.2597314301538    165.3067263007988
     0.7037500000000      3.9298404907202      5.2802339665135    260.0756502383866    165.4492407850404
     0.7062500000000      4.4384737782017      4.7780528318373    289.3671571017767    162.9879839117907
     0.7087500000000      4.8923443493266      4.5047357218493    311.0816003674165    158.9634631964507
     0.7112500000000      5.2839669613005      4.3883455298517    325.4267128638787    153.9689381326984
     0.7137500000000      5.6054098341500      4.3819359490485    332.9304595468608    148.4862255381126
     0.7162500000000      5.8860448575505      4.4502685340625    336.7780853287619    143.0409101014371
     0.7187500000000      6.1296050392498      4.5641662731978    337.7704048614556    137.7618960351463
     0.7212500000000      6.3416977852052      4.7075912732499    336.6910882100917    132.7290812389275
     0.7237500000000      6.5275743487556      4.8708311359018    334.1780825951375    127.9870839996037
     0.7262500000000      6.6902942437269      5.0472901114328    330.6260561523639    123.5469039580628
     0.7287500000000      6.8320841072585      5.2337848632944    326.3111027946070    119.4039394391864
     0.7312500000000      6.9546391899698      5.4287516049566    321.4266774782031    115.5439803195596
     0.7337500000000      7.0592918507304      5.6313816178860    316.1065077356713    111.9469609770288
     0.7362500000000      7.1471690041976      5.8412200754329    310.4441427599406    108.5898985240219
     0.7387500000000      7.2193164026612      6.0579940918798    304.5074575636845    105.4488543580925
     0.7412500000000      7.2767890742665      6.2815316014684    298.3488693902468    102.5001777381879
     0.7437500000000      7.3205610262077      6.5116933065142    292.0036161805002     99.7203681299580
     0.7462500000000      7.3518446467692      6.7482877941229    285.5083307900107     97.0873109089288
     0.7487500000000      7.3702686646283      6.9909822531746    278.7932201007318     94.5668444349688
     0.7512500000000      7.3798528617678      7.2382657527968    271.9245822276522     92.1172099637620
     0.7537500000000      7.3868759984733      7.4864342383200    265.1923078623126     89.7511708322709
     0.7562500000000      7.3965196855754      7.7330497414487    259.0073246516121     87.5436474389183
     0.7587500000000      7.4022213325768      7.9797028237363    253.0643059192138     85.4690418420385
     0.7612500000000      7.3996942383649      8.2284698244470    247.2068818238499     83.5192893992047
     0.7637500000000      7.3862116408855      8.4799217367487    241.3802921114517     81.6996262249379
     0.7662500000000      7.3591916366973      8.7341409975927    235.5539458288593     80.0203193018674
     0.7687500000000      7.3160427791845      8.9909796426386    229.7070446951683     78.4942938512908
     0.7712500000000      7.2542011353308      9.2501661893678    223.8237689075726     77.1359122569210
     0.7737500000000      7.1712538938766      9.5113515518886    217.8927511773209     75.9604786003235
     0.7762500000000      7.0650254447840      9.7741191556468    211.9054747767808     74.9839743794653
     0.7787500000000      6.9337832695099     10.0380173507677    205.8604513758216     74.2237114192249
     0.7812500000000      6.7762428689916     10.3024797761734    199.7596439953657     73.6985258119494
     0.7837500000000      6.5912326586712     10.5667153415143    193.5924553797107     73.4280162015774
     0.7862500000000      6.3784512320132     10.8298084501914    187.3654027433833     73.4368720274148
     0.7887500000000      6.1382209483152     11.0907556682957    181.0906623039733     73.7553534765142
     0.7912500000000      5.8715184739809     11.3483947210429    174.7868113042880     74.4214686877173
     0.7937500000000      5.5799902452650     11.6013827167977    168.4792840572390     75.4836821624398
     0.7962500000000      5.2659606001831     11.8481789267530    162.2005860567598     77.0042725211047
     0.7987500000000      4.9324358350571     12.0870316027801    155.9900793065089     79.0634103123117
     0.8012500000000      4.5831070289687     12.3159705934653    149.8931649435759     81.7639452865363
     0.8037500000000      4.2223498162925     12.5328068447443    143.9596142114798     85.2366694346318
     0.8062500000000      3.8552122506463     12.7351373265936    138.2407587219189     89.6453617428870
     0.8087500000000      3.4873722443720     12.9203491326477    132.7852489422999     95.1900454250282
     0.8112500000000      3.1250350096357     13.0856183650757    127.6331399858545    102.1053680937277
     0.8137500000000      2.7747292164748     13.2277975128629    122.8080366657878    110.6486679282282
     0.8162500000000      2.4430110923153     13.3432339310634    118.3099008332964    121.0697540480397
     0.8187500000000      2.1359689354025     13.4290189948906    114.1035666457122    133.5501242018418
     0.8212500000000      1.8614421664053     13.4838731865817    110.3261153487803    148.1729023602064
     0.8237500000000      1.6195420594072     13.5010201359646    106.6195393723039    164.5828503696469
     0.8262500000000      1.4124123560289     13.4705720658062    102.9277554963467    182.1843229015226
     0.8287500000000      1.2409949310934     13.3865152303430     99.2413650576776    199.9229863296887
     0.8312500000000      1.0995869894795     13.2318740939327     95.1144725605478    216.2504501021069
     0.8337500000000      0.9824163955482     12.9748559639812     90.2261747479209    229.6026795684134
     0.8362500000000      0.8821710722309     12.5729510434701     84.1850317146996    238.5734308363930
     0.8387500000000      0.7916503712188     11.9658261508357     76.6534371594138    242.0684684370198
     0.8412500000000      0.7034142792762     11.0663694843071     67.3357288418962    239.3174649197536
     0.8437500000000      0.6118567653685      9.7707558149706     56.2991132179716    230.0338755920494
     0.8462500000000      0.5165763819220      7.9542341779107     44.2522005102044    214.1609743439982
     0.8487500000000      0.4183061978262      5.5659014568626     32.0114999308777    191.3161943167065
     0.8512500000000      0.3398869119941      3.0458269900683     22.8879879799480    168.3500244659840
     0.8537500000000      0.2953003238923      1.1555816171675     18.2672689201916    154.6499228261423
     0.8562500000000      0.2773035114253      0.1821963338042     16.6233102065647    149.8656663336231
     0.8587500000000      0.2724130696359     -0.1425045615380     16.2288154001978    148.9357267429251
     0.8612500000000      0.2714049945183     -0.1914474699490     16.1677149998439    148.9261005360320
     0.8637500000000      0.2712099981353     -0.1741328205516     16.1715562376241    149.0685847573304
     0.8662500000000      0.2712108507415     -0.1459738865934     16.1888984361925    149.2279751338318
     0.8687500000000      0.2713018725262     -0.1160747147008     16.2113118861212    149.3844452230628
     0.8712500000000      0.2714518019023     -0.0867384716941     16.2365110332732    149.5340141370658
     0.8737500000000      0.2716519491506     -0.0582755032947     16.2640519271924    149.6772982675619
     0.8762500000000      0.2718969305533     -0.0307190973852     16.2937346464116    149.8153603026716
     0.8787500000000      0.2721829298854     -0.0040323105212     16.3254623537905    149.9493590640207
     0.8812500000000      0.2725054610826      0.0218126994392     16.3590566521530    150.0800808464938
     0.8837500000000      0.2728595006455      0.0468583035720     16.3942711074765    150.2079922881151
     0.8862500000000      0.2732413465061      0.0711719106192     16.4309496212220    150.3336686716790
     0.8887500000000      0.2736474488611      0.0948107476114     16.4689302995486    150.4575537620796
     0.8912500000000      0.2740744648726      0.1178342046324     16.5080518916313    150.5799883555647
     0.8937500000000      0.2745192383146      0.1403003233027     16.5481537582417    150.7012209767156
     0.8962500000000      0.2749787826222      0.1622658763712     16.5890759793925    150.8214181217836
     0.8987500000000      0.2754502880031      0.1837857805904     16.6306613615627    150.9406786441149
     0.9012500000000      0.2759311157413      0.2049126330949     16.6727562444885    151.0590442083531
     0.9037500000000      0.2764187970988      0.2256963788954     16.7152115839550    151.1765096964221
     0.9062500000000      0.2769110292941      0.2461840427863     16.7578836827127    151.2930319661824
     0.9087500000000      0.2774056710142      0.2664195721901     16.8006347840412    151.4085375635879
     0.9112500000000      0.2779007364842      0.2864437616814     16.8433334515545    151.5229292358376
     0.9137500000000      0.2783943883261      0.3062942577379     16.8858547609665    151.6360913603387
     0.9162500000000      0.2788849291970      0.3260056327387     16.9280803087710    151.7478943511708
     0.9187500000000      0.2793707922230      0.3456095276893     16.9698980445434    151.8581981093371
     0.9212500000000      0.2798505299172      0.3651348792108     17.0112019060458    151.9668545123114
     0.9237500000000      0.2803228004393      0.3846083012458     17.0518911646753    152.0737087560779
     0.9262500000000      0.2807863505876      0.4040547175677     17.0918694342503    152.1785994803482
     0.9287500000000      0.2812400448564      0.4234958928015     17.1310475506101    152.2813683890132
     0.9312500000000      0.2816828736960      0.4429493251283     17.1693446451564    152.3818649308791
     0.9337500000000      0.2821138852264      0.4624310843525     17.2066826394971    152.4799339962494
     0.9362500000000      0.2825321613577      0.4819570185734     17.2429844883793    152.5754130566579
     0.9387500000000      0.2829368513325      0.5015417285324     17.2781772862270    152.6681413613538
     0.9412500000000      0.2833271590686      0.5211984840048     17.3121914089290    152.7579589073134
     0.9437500000000      0.2837023379576      0.5409393820182     17.3449602659682    152.8447068046282
     0.9462500000000      0.2840616850796      0.5607755152748     17.3764199815882    152.9282273383741
     0.9487500000000      0.2844045364158      0.5807170977095     17.4065091432460    153.0083640947925
     0.9512500000000      0.2847302633105      0.6007735564517     17.4351686414706    153.0849622266775
     0.9537500000000      0.2850382701786      0.6209535911804     17.4623416033038    153.1578688745946
     0.9562500000000      0.2853279933872      0.6412652046383     17.4879734147953    153.2269337402882
     0.9587500000000      0.2855989010845      0.6617157110258     17.5120118141287    153.2920097699097
     0.9612500000000      0.2858504935131      0.6823117334398     17.5344070154573    153.3529538462658
     0.9637500000000      0.2860823038622      0.7030591933679     17.5551118670213    153.4096274919933
     0.9662500000000      0.2862938985272      0.7239633139959     17.5740819435666    153.4618973192950
     0.9687500000000      0.2864848792876      0.7450285991599     17.5912757845036    153.5096357288359
     0.9712500000000      0.2866548805416      0.7662589000889     17.6066546817262    153.5527203344925
     0.9737500000000      0.2868035806140      0.7876572696292     17.6201836426606    153.5910361102899
     0.9762500000000      0.2869306765842      0.8092264198454     17.6318291703896    153.6244693343044
     0.9787500000000      0.2870359621115      0.8309676135799     17.6415658386324    153.6529230419222
     0.9812500000000      0.2871191362683      0.8528839919643     17.6493596447185    153.6762741949733
     0.9837500000000      0.2871803759193      0.8749726216333     17.6552169398967    153.6944932551428
     0.9862500000000      0.2872189424400      0.8972496669853     17.6590640612404    153.7073417862179
     0.9887500000000      0.2872375252258      0.9196951871545     17.6611204435149    153.7152956392968
     0.9912500000000      0.2872323589246      0.9424497120872     17.6610469009311    153.7174203409089
     0.9937500000000      0.2872271333556      0.9638675441992     17.6608625084900    153.7186120106430
     0.9962500000000      0.2869868921562      0.9868925696459     17.6403222717201    153.6683621609509
     0.9987500000000      0.2869868921562      1.0000000000000     17.6403222717201    153.6683621609509

