     0.0006250000000      0.1483365443017      1.0000000000000     69.5196546227767   1171.6542095216835
     0.0018750000000      0.1483365443017      1.0131067129761     69.5196546227767   1171.6542095216835
     0.0031250000000      0.1483638003103      1.0363882350317     69.5375504799525   1171.7405178103377
     0.0043750000000      0.1483564678559      1.0584257126399     69.5327545057044   1171.7176121575594
     0.0056250000000      0.1483518239989      1.0820437851874     69.5297236809740   1171.7032154842677
     0.0068750000000      0.1483475934527      1.1055603350238     69.5269654714800   1171.6901476671751
     0.0081250000000      0.1483439366737      1.1290689737621     69.5245852310950   1171.6789170832578
     0.0093750000000      0.1483406202474      1.1525621106661     69.5224298296660   1171.6687869057478
     0.0106250000000      0.1483376654635      1.1760490345936     69.5205132251892   1171.6598243601509
     0.0118750000000      0.1483350457370      1.1995285556345     69.5188179592730   1171.6519453289088
     0.0131250000000      0.1483327655875      1.2230014840454     69.5173469789956   1171.6451638927863
     0.0143750000000      0.1483308220690      1.2464673432516     69.5160983327738   1171.6394705282369
     0.0156250000000      0.1483292161483      1.2699259697790     69.5150726363390   1171.6348680567962
     0.0168750000000      0.1483279477053      1.2933770376440     69.5142697923381   1171.6313558532997
     0.0181250000000      0.1483270171255      1.3168202669935     69.5136900353073   1171.6289348772850
     0.0193750000000      0.1483264246453      1.3402553572485     69.5133335019751   1171.6276056040747
     0.0206250000000      0.1483261705704      1.3636820146137     69.5132003748543   1171.6273687158236
     0.0218750000000      0.1483262551903      1.3870999428673     69.5132908256068   1171.6282248284092
     0.0231250000000      0.1483266788070      1.4105088470299     69.5136050345001   1171.6301745845813
     0.0243750000000      0.1483274417248      1.4339084321315     69.5141431828901   1171.6332186171467
     0.0256250000000      0.1483285442531      1.4572984037234     69.5149054557988   1171.6373575606842
     0.0268750000000      0.1483299867059      1.4806784677359     69.5158920408790   1171.6425920457898
     0.0281250000000      0.1483317694018      1.5040483305704     69.5171031287157   1171.6489226996903
     0.0293750000000      0.1483338926642      1.5274076991055     69.5185389126442   1171.6563501444780
     0.0306250000000      0.1483363568208      1.5507562807340     69.5201995887438   1171.6648749961339
     0.0318750000000      0.1483391622045      1.5740937833884     69.5220853557657   1171.6744978631975
     0.0331250000000      0.1483423091526      1.5974199155709     69.5241964150822   1171.6852193454999
     0.0343750000000      0.1483457980074      1.6207343863826     69.5265329706268   1171.6970400328221
     0.0356250000000      0.1483496291159      1.6440369055521     69.5290952288342   1171.7099605035357
     0.0368750000000      0.1483538028300      1.6673271834652     69.5318833985784   1171.7239813232177
     0.0381250000000      0.1483583195067      1.6906049311946     69.5348976911092   1171.7391030432493
     0.0393750000000      0.1483631795076      1.7138698605290     69.5381383199866   1171.7553261994055
     0.0406250000000      0.1483683831997      1.7371216840035     69.5416055010140   1171.7726513104456
     0.0418750000000      0.1483739309546      1.7603601149292     69.5452994521689   1171.7910788767026
     0.0431250000000      0.1483798231491      1.7835848674234     69.5492203935324   1171.8106093786919
     0.0443750000000      0.1483860601651      1.8067956564396     69.5533685472171   1171.8312432757316
     0.0456250000000      0.1483926423895      1.8299921977987     69.5577441372924   1171.8529810045929
     0.0468750000000      0.1483995702141      1.8531742082185     69.5623473897094   1171.8758229781763
     0.0481250000000      0.1484068440360      1.8763414053453     69.5671785322225   1171.8997695842274
     0.0493750000000      0.1484144642572      1.8994935077842     69.5722377943107   1171.9248211840963
     0.0506250000000      0.1484224312847      1.9226302351303     69.5775254070961   1171.9509781115403
     0.0518750000000      0.1484307455303      1.9457513080003     69.5830416032614   1171.9782406715847
     0.0531250000000      0.1484394074110      1.9688564480629     69.5887866169653   1172.0066091394374
     0.0543750000000      0.1484484173485      1.9919453780711     69.5947606837562   1172.0360837594685
     0.0556250000000      0.1484577757692      2.0150178218936     69.6009640404844   1172.0666647442540
     0.0568750000000      0.1484674831045      2.0380735045464     69.6073969252121   1172.0983522736919
     0.0581250000000      0.1484775397901      2.0611121522247     69.6140595771225   1172.1311464941896
     0.0593750000000      0.1484879462663      2.0841334923355     69.6209522364263   1172.1650475179301
     0.0606250000000      0.1484987029778      2.1071372535292     69.6280751442672   1172.2000554222152
     0.0618750000000      0.1485098103735      2.1301231657324     69.6354285426253   1172.2361702488911
     0.0631250000000      0.1485212689063      2.1530909601802     69.6430126742191   1172.2733920038602
     0.0643750000000      0.1485330790333      2.1760403694491     69.6508277824054   1172.3117206566717
     0.0656250000000      0.1485452412151      2.1989711274897     69.6588741110777   1172.3511561402031
     0.0668750000000      0.1485577559159      2.2218829696596     69.6671519045636   1172.3916983504262
     0.0681250000000      0.1485706236033      2.2447756327568     69.6756614075194   1172.4333471462626
     0.0693750000000      0.1485838447478      2.2676488550528     69.6844028648235   1172.4761023495196
     0.0706250000000      0.1485974198232      2.2905023763259     69.6933765214687   1172.5199637449225
     0.0718750000000      0.1486113493055      2.3133359378951     69.7025826224521   1172.5649310802226
     0.0731250000000      0.1486256336733      2.3361492826536     69.7120214126636   1172.6110040663948
     0.0743750000000      0.1486402734073      2.3589421551027     69.7216931367729   1172.6581823779195
     0.0756250000000      0.1486552689898      2.3817143013858     69.7315980391150   1172.7064656531409
     0.0768750000000      0.1486706209049      2.4044654693224     69.7417363635736   1172.7558534947086
     0.0781250000000      0.1486863296376      2.4271954084428     69.7521083534632   1172.8063454700934
     0.0793750000000      0.1487023956739      2.4499038700221     69.7627142514099   1172.8579411121796
     0.0806250000000      0.1487188195002      2.4725906071146     69.7735542992303   1172.9106399199247
     0.0818750000000      0.1487356016030      2.4952553745892     69.7846287378086   1172.9644413590895
     0.0831250000000      0.1487527424689      2.5178979291635     69.7959378069728   1173.0193448630323
     0.0843750000000      0.1487702425835      2.5405180294389     69.8074817453688   1173.0753498335650
     0.0856250000000      0.1487881024316      2.5631154359359     69.8192607903333   1173.1324556418622
     0.0868750000000      0.1488063224966      2.5856899111290     69.8312751777652   1173.1906616294286
     0.0881250000000      0.1488249032602      2.6082412194822     69.8435251419953   1173.2499671091130
     0.0893750000000      0.1488438452017      2.6307691274841     69.8560109156548   1173.3103713661644
     0.0906250000000      0.1488631487979      2.6532734036836     69.8687327295420   1173.3718736593355
     0.0918750000000      0.1488828145227      2.6757538187255     69.8816908124881   1173.4344732220136
     0.0931250000000      0.1489028428461      2.6982101453864     69.8948853912212   1173.4981692633921
     0.0943750000000      0.1489232342346      2.7206421586098     69.9083166902291   1173.5629609696609
     0.0956250000000      0.1489439891501      2.7430496355427     69.9219849316206   1173.6288475052256
     0.0968750000000      0.1489651080496      2.7654323555715     69.9358903349855   1173.6958280139395
     0.0981250000000      0.1489865913850      2.7877901003573     69.9500331172539   1173.7639016203548
     0.0993750000000      0.1490084396022      2.8101226538731     69.9644134925527   1173.8330674309775
     0.1006250000000      0.1490306531412      2.8324298024390     69.9790316720630   1173.9033245355290
     0.1018750000000      0.1490532324350      2.8547113347588     69.9938878638743   1173.9746720082092
     0.1031250000000      0.1490761779097      2.8769670419564     70.0089822728389   1174.0471089089522
     0.1043750000000      0.1490994899836      2.8991967176119     70.0243151004241   1174.1206342846760
     0.1056250000000      0.1491231690669      2.9214001577979     70.0398865445643   1174.1952471705183
     0.1068750000000      0.1491472155615      2.9435771611158     70.0556967995112   1174.2709465910566
     0.1081250000000      0.1491716298598      2.9657275287326     70.0717460556836   1174.3477315615053
     0.1093750000000      0.1491964123452      2.9878510644164     70.0880344995154   1174.4256010888910
     0.1106250000000      0.1492215633907      3.0099475745735     70.1045623133033   1174.5045541731995
     0.1118750000000      0.1492470833592      3.0320168682845     70.1213296750538   1174.5845898084895
     0.1131250000000      0.1492729726026      3.0540587573404     70.1383367583283   1174.6657069839723
     0.1143750000000      0.1492992314613      3.0760730562791     70.1555837320879   1174.7479046850542
     0.1156250000000      0.1493258602640      3.0980595824212     70.1730707605382   1174.8311818943375
     0.1168750000000      0.1493528593272      3.1200181559067     70.1907980029716   1174.9155375925775
     0.1181250000000      0.1493802289547      3.1419485997306     70.2087656136106   1175.0009707595923
     0.1193750000000      0.1494079694369      3.1638507397790     70.2269737414494   1175.0874803751265
     0.1206250000000      0.1494360810511      3.1857244048650     70.2454225300953   1175.1750654196601
     0.1218750000000      0.1494645640600      3.2075694267642     70.2641121176090   1175.2637248751687
     0.1231250000000      0.1494934187124      3.2293856402506     70.2830426363457   1175.3534577258240
     0.1243750000000      0.1495226452419      3.2511728831319     70.3022142127939   1175.4442629586422
     0.1256250000000      0.1495522438670      3.2729309962850     70.3216269674153   1175.5361395640718
     0.1268750000000      0.1495822147905      3.2946598236905     70.3412810144837   1175.6290865365224
     0.1281250000000      0.1496125581990      3.3163592124684     70.3611764619235   1175.7231028748361
     0.1293750000000      0.1496432742630      3.3380290129124     70.3813134111484   1175.8181875826929
     0.1306250000000      0.1496743631358      3.3596690785245     70.4016919568993   1175.9143396689581
     0.1318750000000      0.1497058249538      3.3812792660492     70.4223121870830   1176.0115581479677
     0.1331250000000      0.1497376598355      3.4028594355076     70.4431741826096   1176.1098420397477
     0.1343750000000      0.1497698678818      3.4244094502309     70.4642780172312   1176.2091903701757
     0.1356250000000      0.1498024491751      3.4459291768942     70.4856237573795   1176.3096021710744
     0.1368750000000      0.1498354037794      3.4674184855495     70.5072114620046   1176.4110764802492
     0.1381250000000      0.1498687317396      3.4888772496583     70.5290411824128   1176.5136123414570
     0.1393750000000      0.1499024330814      3.5103053461245     70.5511129621061   1176.6172088043199
     0.1406250000000      0.1499365078110      3.5317026553260     70.5734268366204   1176.7218649241740
     0.1418750000000      0.1499709559145      3.5530690611470     70.5959828333657   1176.8275797618603
     0.1431250000000      0.1500057773580      3.5744044510088     70.6187809714655   1176.9343523834550
     0.1443750000000      0.1500409720873      3.5957087159014     70.6418212615974   1177.0421818599457
     0.1456250000000      0.1500765400271      3.6169817504130     70.6651037058341   1177.1510672668460
     0.1468750000000      0.1501124810813      3.6382234527613     70.6886282974854   1177.2610076837602
     0.1481250000000      0.1501487951327      3.6594337248221     70.7123950209401   1177.3720021938898
     0.1493750000000      0.1501854820422      3.6806124721586     70.7364038515099   1177.4840498834910
     0.1506250000000      0.1502225416493      3.7017596040504     70.7606547552734   1177.5971498412812
     0.1518750000000      0.1502599737714      3.7228750335212     70.7851476889211   1177.7113011577951
     0.1531250000000      0.1502977782037      3.7439586773662     70.8098825996020   1177.8265029246954
     0.1543750000000      0.1503359547189      3.7650104561794     70.8348594247709   1177.9427542340391
     0.1556250000000      0.1503745030671      3.7860302943797     70.8600780920367   1178.0600541774982
     0.1568750000000      0.1504134229756      3.8070181202369     70.8855385190129   1178.1784018455430
     0.1581250000000      0.1504527141488      3.8279738658963     70.9112406131684   1178.2977963265832
     0.1593750000000      0.1504923762678      3.8488974674038     70.9371842716807   1178.4182367060728
     0.1606250000000      0.1505324089902      3.8697888647294     70.9633693812896   1178.5397220655821
     0.1618750000000      0.1505728119504      3.8906480017905     70.9897958181538   1178.6622514818346
     0.1631250000000      0.1506135847587      3.9114748264741     71.0164634477079   1178.7858240257151
     0.1643750000000      0.1506547270019      3.9322692906588     71.0433721245223   1178.9104387612488
     0.1656250000000      0.1506962382427      3.9530313502354     71.0705216921641   1179.0360947445536
     0.1668750000000      0.1507381180197      3.9737609651276     71.0979119830605   1179.1627910227696
     0.1681250000000      0.1507803658472      3.9944580993111     71.1255428183642   1179.2905266329681
     0.1693750000000      0.1508229812153      4.0151227208326     71.1534140078203   1179.4193006010355
     0.1706250000000      0.1508659635895      4.0357548018270     71.1815253496363   1179.5491119405469
     0.1718750000000      0.1509093124108      4.0563543185351     71.2098766303537   1179.6799596516191
     0.1731250000000      0.1509530270956      4.0769212513196     71.2384676247223   1179.8118427197528
     0.1743750000000      0.1509971070354      4.0974555846799     71.2672980955765   1179.9447601146621
     0.1756250000000      0.1510415515971      4.1179573072674     71.2963677937148   1180.0787107890956
     0.1768750000000      0.1510863601225      4.1384264118983     71.3256764577813   1180.2136936776503
     0.1781250000000      0.1511315319285      4.1588628955664     71.3552238141503   1180.3497076955787
     0.1793750000000      0.1511770663071      4.1792667594550     71.3850095768131   1180.4867517375956
     0.1806250000000      0.1512229625250      4.1996380089475     71.4150334472679   1180.6248246766777
     0.1818750000000      0.1512692198241      4.2199766536372     71.4452951144131   1180.7639253628702
     0.1831250000000      0.1513158374208      4.2402827073360     71.4757942544427   1180.9040526220886
     0.1843750000000      0.1513628145066      4.2605561880823     71.5065305307453   1181.0452052549285
     0.1856250000000      0.1514101502476      4.2807971181483     71.5375035938058   1181.1873820354785
     0.1868750000000      0.1514578437847      4.3010055240448     71.5687130811110   1181.3305817101384
     0.1881250000000      0.1515058942338      4.3211814365270     71.6001586170573   1181.4748029964483
     0.1893750000000      0.1515543006851      4.3413248905978     71.6318398128632   1181.6200445819238
     0.1906250000000      0.1516030622041      4.3614359255105     71.6637562664835   1181.7663051229051
     0.1918750000000      0.1516521778305      4.3815145847705     71.6959075625282   1181.9135832434140
     0.1931250000000      0.1517016465792      4.4015609161361     71.7282932721849   1182.0618775340288
     0.1943750000000      0.1517514674398      4.4215749716177     71.7609129531432   1182.2111865507686
     0.1956250000000      0.1518016393766      4.4415568074764     71.7937661495252   1182.3615088139961
     0.1968750000000      0.1518521613290      4.4615064842215     71.8268523918171   1182.5128428073342
     0.1981250000000      0.1519030322109      4.4814240666063     71.8601711968065   1182.6651869766031
     0.1993750000000      0.1519542509116      4.5013096236237     71.8937220675225   1182.8185397287705
     0.2006250000000      0.1520058162951      4.5211632285000     71.9275044931795   1182.9728994309257
     0.2018750000000      0.1520577272006      4.5409849586877     71.9615179491257   1183.1282644092691
     0.2031250000000      0.1521099824423      4.5607748958576     71.9957618967945   1183.2846329481242
     0.2043750000000      0.1521625808098      4.5805331258891     72.0302357836603   1183.4420032889691
     0.2056250000000      0.1522155210678      4.6002597388599     72.0649390431987   1183.6003736294904
     0.2068750000000      0.1522688019563      4.6199548290344     72.0998710948499   1183.7597421226574
     0.2081250000000      0.1523224221910      4.6396184948509     72.1350313439866   1183.9201068758202
     0.2093750000000      0.1523763804630      4.6592508389078     72.1704191818860   1184.0814659498303
     0.2106250000000      0.1524306754389      4.6788519679485     72.2060339857060   1184.2438173581806
     0.2118750000000      0.1524853057614      4.6984219928450     72.2418751184648   1184.4071590661754
     0.2131250000000      0.1525402700487      4.7179610285813     72.2779419290258   1184.5714889901169
     0.2143750000000      0.1525955668953      4.7374691942342     72.3142337520856   1184.7368049965205
     0.2156250000000      0.1526511948717      4.7569466129542     72.3507499081672   1184.9031049013506
     0.2168750000000      0.1527071525247      4.7763934119448     72.3874897036161   1185.0703864692839
     0.2181250000000      0.1527634383773      4.7958097224403     72.4244524306022   1185.2386474129919
     0.2193750000000      0.1528200509294      4.8151956796835     72.4616373671246   1185.4078853924534
     0.2206250000000      0.1528769886574      4.8345514229011     72.4990437770210   1185.5780980142865
     0.2218750000000      0.1529342500145      4.8538770952788     72.5366709099819   1185.7492828311065
     0.2231250000000      0.1529918334310      4.8731728439351     72.5745180015685   1185.9214373409102
     0.2243750000000      0.1530497373145      4.8924388198939     72.6125842732346   1186.0945589864791
     0.2256250000000      0.1531079600500      4.9116751780559     72.6508689323532   1186.2686451548125
     0.2268750000000      0.1531664999997      4.9308820771694     72.6893711722473   1186.4436931765817
     0.2281250000000      0.1532253555041      4.9500596797998     72.7280901722247   1186.6197003256075
     0.2293750000000      0.1532845248812      4.9692081522975     72.7670250976167   1186.7966638183627
     0.2306250000000      0.1533440064275      4.9883276647656     72.8061750998218   1186.9745808134994
     0.2318750000000      0.1534037984176      5.0074183910263     72.8455393163530   1187.1534484113979
     0.2331250000000      0.1534638991049      5.0264805085861     72.8851168708888   1187.3332636537382
     0.2343750000000      0.1535243067214      5.0455141985998     72.9249068733294   1187.5140235231001
     0.2356250000000      0.1535850194783      5.0645196458344     72.9649084198559   1187.6957249425791
     0.2368750000000      0.1536460355661      5.0834970386309     73.0051205929943   1187.8783647754310
     0.2381250000000      0.1537073531546      5.1024465688659     73.0455424616833   1188.0619398247375
     0.2393750000000      0.1537689703936      5.1213684319122     73.0861730813456   1188.2464468330932
     0.2406250000000      0.1538308854127      5.1402628265980     73.1270114939638   1188.4318824823165
     0.2418750000000      0.1538930963218      5.1591299551655     73.1680567281598   1188.6182433931838
     0.2431250000000      0.1539556012115      5.1779700232288     73.2093077992784   1188.8055261251845
     0.2443750000000      0.1540183981530      5.1967832397309     73.2507637094741   1188.9937271762976
     0.2456250000000      0.1540814851986      5.2155698168990     73.2924234478023   1189.1828429827922
     0.2468750000000      0.1541448603820      5.2343299702004     73.3342859903139   1189.3728699190488
     0.2481250000000      0.1542085217184      5.2530639182963     73.3763503001533   1189.5638042974017
     0.2493750000000      0.1542724672050      5.2717718829956     73.4186153276605   1189.7556423680051
     0.2506250000000      0.1543366948212      5.2904540892077     73.4610800104766   1189.9483803187175
     0.2518750000000      0.1544012025288      5.3091107648940     73.5037432736523   1190.1420142750112
     0.2531250000000      0.1544659882726      5.3277421410200     73.5466040297606   1190.3365402999004
     0.2543750000000      0.1545310499803      5.3463484515049     73.5896611790120   1190.5319543938913
     0.2556250000000      0.1545963855630      5.3649299331724     73.6329136093737   1190.7282524949530
     0.2568750000000      0.1546619929156      5.3834868256991     73.6763601966920   1190.9254304785122
     0.2581250000000      0.1547278699172      5.4020193715636     73.7199998048169   1191.1234841574644
     0.2593750000000      0.1547940144309      5.4205278159941     73.7638312857310   1191.3224092822084
     0.2606250000000      0.1548604243048      5.4390124069160     73.8078534796810   1191.5222015407028
     0.2618750000000      0.1549270973718      5.4574733948984     73.8520652153115   1191.7228565585422
     0.2631250000000      0.1549940314503      5.4759110331005     73.8964653098026   1191.9243698990531
     0.2643750000000      0.1550612243442      5.4943255772172     73.9410525690100   1192.1267370634116
     0.2656250000000      0.1551286738436      5.5127172854244     73.9858257876072   1192.3299534907828
     0.2668750000000      0.1551963777248      5.5310864183234     74.0307837492314   1192.5340145584785
     0.2681250000000      0.1552643337509      5.5494332388855     74.0759252266312   1192.7389155821368
     0.2693750000000      0.1553325396719      5.5677580123955     74.1212489818169   1192.9446518159243
     0.2706250000000      0.1554009932253      5.5860610063956     74.1667537662137   1193.1512184527523
     0.2718750000000      0.1554696921363      5.6043424906277     74.2124383208165   1193.3586106245218
     0.2731250000000      0.1555386341183      5.6226027369769     74.2583013763472   1193.5668234023804
     0.2743750000000      0.1556078168727      5.6408420194130     74.3043416534148   1193.7758517970055
     0.2756250000000      0.1556772380903      5.6590606139333     74.3505578626767   1193.9856907589049
     0.2768750000000      0.1557468954505      5.6772587985040     74.3969487050023   1194.1963351787363
     0.2781250000000      0.1558167866226      5.6954368530014     74.4435128716389   1194.4077798876474
     0.2793750000000      0.1558869092654      5.7135950591541     74.4902490443788   1194.6200196576349
     0.2806250000000      0.1559572610280      5.7317337004828     74.5371558957287   1194.8330492019238
     0.2818750000000      0.1560278395504      5.7498530622424     74.5842320890803   1195.0468631753618
     0.2831250000000      0.1560986424630      5.7679534313619     74.6314762788829   1195.2614561748353
     0.2843750000000      0.1561696673878      5.7860350963855     74.6788871108172   1195.4768227397024
     0.2856250000000      0.1562409119383      5.8040983474128     74.7264632219707   1195.6929573522414
     0.2868750000000      0.1563123737201      5.8221434760394     74.7742032410138   1195.9098544381191
     0.2881250000000      0.1563840503312      5.8401707752973     74.8221057883783   1196.1275083668704
     0.2893750000000      0.1564559393620      5.8581805395951     74.8701694764352   1196.3459134523989
     0.2906250000000      0.1565280383963      5.8761730646588     74.9183929096756   1196.5650639534867
     0.2918750000000      0.1566003450112      5.8941486474716     74.9667746848908   1196.7849540743225
     0.2931250000000      0.1566728567775      5.9121075862151     75.0153133913537   1197.0055779650370
     0.2943750000000      0.1567455712603      5.9300501802092     75.0640076110015   1197.2269297222547
     0.2956250000000      0.1568184860190      5.9479767298535     75.1128559186178   1197.4490033896520
     0.2968750000000      0.1568915986081      5.9658875365674     75.1618568820164   1197.6717929585277
     0.2981250000000      0.1569649065769      5.9837829027319     75.2110090622245   1197.8952923683776
     0.2993750000000      0.1570384074708      6.0016631316304     75.2603110136664   1198.1194955074752
     0.3006250000000      0.1571120988305      6.0195285273903     75.3097612843475   1198.3443962134593
     0.3018750000000      0.1571859781934      6.0373793949249     75.3593584160384   1198.5699882739209
     0.3031250000000      0.1572600430933      6.0552160398751     75.4091009444584   1198.7962654269913
     0.3043750000000      0.1573342910610      6.0730387685522     75.4589873994593   1199.0232213619270
     0.3056250000000      0.1574087196245      6.0908478878807     75.5090163052084   1199.2508497196905
     0.3068750000000      0.1574833263097      6.1086437053409     75.5591861803717   1199.4791440935255
     0.3081250000000      0.1575581086401      6.1264265289127     75.6094955382963   1199.7080980295211
     0.3093750000000      0.1576330641379      6.1441966670197     75.6599428871917   1199.9377050271612
     0.3106250000000      0.1577081903237      6.1619544284733     75.7105267303115   1200.1679585398631
     0.3118750000000      0.1577834847173      6.1797001224177     75.7612455661334   1200.3988519754907
     0.3131250000000      0.1578589448378      6.1974340582748     75.8120978885386   1200.6303786968513
     0.3143750000000      0.1579345682042      6.2151565456906     75.8630821869910   1200.8625320221604
     0.3156250000000      0.1580103523352      6.2328678944809     75.9141969467145   1201.0953052254790
     0.3168750000000      0.1580862947502      6.2505684145783     75.9654406488699   1201.3286915371157
     0.3181250000000      0.1581623929693      6.2682584159794     76.0168117707310   1201.5626841439885
     0.3193750000000      0.1582386445138      6.2859382086928     76.0683087858590   1201.7972761899416
     0.3206250000000      0.1583150469063      6.3036081026868     76.1199301642770   1202.0324607760149
     0.3218750000000      0.1583915976715      6.3212684078388     76.1716743726421   1202.2682309606566
     0.3231250000000      0.1584682943362      6.3389194338841     76.2235398744184   1202.5045797598748
     0.3243750000000      0.1585451344298      6.3565614903658     76.2755251300472   1202.7415001473212
     0.3256250000000      0.1586221154846      6.3741948865851     76.3276285971173   1202.9789850543011
     0.3268750000000      0.1586992350364      6.3918199315519     76.3798487305349   1203.2170273697020
     0.3281250000000      0.1587764906248      6.4094369339357     76.4321839826914   1203.4556199398316
     0.3293750000000      0.1588538797935      6.4270462020178     76.4846328036318   1203.6947555681600
     0.3306250000000      0.1589314000908      6.4446480436423     76.5371936412214   1203.9344270149525
     0.3318750000000      0.1590090490703      6.4622427661697     76.5898649413129   1204.1746269967869
     0.3331250000000      0.1590868242906      6.4798306764284     76.6426451479115   1204.4153481859471
     0.3343750000000      0.1591647233168      6.4974120806691     76.6955327033412   1204.6565832096755
     0.3356250000000      0.1592427437202      6.5149872845173     76.7485260484092   1204.8983246492762
     0.3368750000000      0.1593208830791      6.5325565929282     76.8016236225706   1205.1405650390593
     0.3381250000000      0.1593991389792      6.5501203101402     76.8548238640926   1205.3832968651068
     0.3393750000000      0.1594775090145      6.5676787396300     76.9081252102179   1205.6265125638497
     0.3406250000000      0.1595559907874      6.5852321840674     76.9615260973283   1205.8702045204409
     0.3418750000000      0.1596345819097      6.6027809452712     77.0150249611072   1206.1143650669026
     0.3431250000000      0.1597132800029      6.6203253241641     77.0686202367022   1206.3589864800413
     0.3443750000000      0.1597920826992      6.6378656207300     77.1223103588869   1206.6040609790955
     0.3456250000000      0.1598709876420      6.6554021339698     77.1760937622220   1206.8495807231125
     0.3468750000000      0.1599499924866      6.6729351618594     77.2299688812152   1207.0955378080182
     0.3481250000000      0.1600290949012      6.6904650013080     77.2839341504783   1207.3419242633602
     0.3493750000000      0.1601082925676      6.7079919481191     77.3379880048788   1207.5887320486781
     0.3506250000000      0.1601875831819      6.7255162969583     77.3921288796751   1207.8359530494390
     0.3518750000000      0.1602669644555      6.7430383413363     77.4463552106092   1208.0835790723872
     0.3531250000000      0.1603464341160      6.7605583736328     77.5006654338890   1208.3316018399833
     0.3543750000000      0.1604259899071      6.7780766852229     77.5550579858878   1208.5800129831343
     0.3556250000000      0.1605056295883      6.7955935668496     77.6095313021416   1208.8288040303278
     0.3568750000000      0.1605853509320      6.8131093095980     77.6640838146628   1209.0779663887856
     0.3581250000000      0.1606651517141      6.8306242073140     77.7187139451127   1209.3274913067189
     0.3593750000000      0.1607450296910      6.8481385636305     77.7734200883037   1209.5773697921682
     0.3606250000000      0.1608249826092      6.8656526857538     77.8282006179298   1209.8275926300591
     0.3618750000000      0.1609050084706      6.8831668479503     77.8830540654313   1210.0781511667255
     0.3631250000000      0.1609851052618      6.9006812962140     77.9379789357071   1210.3290364804491
     0.3643750000000      0.1610652709673      6.9181962949702     77.9929737150692   1210.5802394061711
     0.3656250000000      0.1611455035356      6.9357121226644     78.0480368471795   1210.8317504175270
     0.3668750000000      0.1612258009533      6.9532290546630     78.1031667821581   1211.0835598325314
     0.3681250000000      0.1613061612651      6.9707473660966     78.1583619887938   1211.3356578538514
     0.3693750000000      0.1613865825158      6.9882673293463     78.2136209139226   1211.5880343747306
     0.3706250000000      0.1614670628211      7.0057892155517     78.2689420290784   1211.8406791699201
     0.3718750000000      0.1615476003223      7.0233132943751     78.3243237982300   1212.0935817363072
     0.3731250000000      0.1616281931984      7.0408398327799     78.3797646842586   1212.3467313039528
     0.3743750000000      0.1617088396923      7.0583690968280     78.4352631651191   1212.6001168884056
     0.3756250000000      0.1617895380827      7.0759013505976     78.4908177127289   1212.8537271771602
     0.3768750000000      0.1618702867034      7.0934368558974     78.5464268044015   1213.1075505584679
     0.3781250000000      0.1619510839486      7.1109758730685     78.6020889237208   1213.3615751019502
     0.3793750000000      0.1620319282667      7.1285186604052     78.6578025547637   1213.6157885083708
     0.3806250000000      0.1621128181715      7.1460654741628     78.7135661866694   1213.8701781033483
     0.3818750000000      0.1621937522439      7.1636165687380     78.7693783125068   1214.1247308041659
     0.3831250000000      0.1622747291360      7.1811721965012     78.8252374291370   1214.3794330891067
     0.3843750000000      0.1623557475755      7.1987326077675     78.8811420374523   1214.6342709664762
     0.3856250000000      0.1624368063715      7.2162980508292     78.9370906427477   1214.8892299421218
     0.3868750000000      0.1625179044190      7.2338687719334     78.9930817550127   1215.1442949843915
     0.3881250000000      0.1625990407039      7.2514450151895     79.0491138881716   1215.3994504821524
     0.3893750000000      0.1626802143098      7.2690270226028     79.1051855612106   1215.6546802086366
     0.3906250000000      0.1627614244240      7.2866150340880     79.1612952981737   1215.9099672777234
     0.3918750000000      0.1628426703430      7.3042092873636     79.2174416275596   1216.1652940948554
     0.3931250000000      0.1629239514806      7.3218100179657     79.2736230832041   1216.4206423115932
     0.3943750000000      0.1630052673750      7.3394174592599     79.3298382043119   1216.6759927733874
     0.3956250000000      0.1630866176959      7.3570318423661     79.3860855351767   1216.9313254627857
     0.3968750000000      0.1631680022534      7.3746533961429     79.4423636256160   1217.1866194423912
     0.3981250000000      0.1632494210068      7.3922823471926     79.4986710311588   1217.4418527931894
     0.3993750000000      0.1633308740732      7.4099189198249     79.5550063130243   1217.6970025482112
     0.4006250000000      0.1634123617383      7.4275633360349     79.6113680383349   1217.9520446232941
     0.4018750000000      0.1634938844659      7.4452158154993     79.6677547803571   1218.2069537438210
     0.4031250000000      0.1635754429095      7.4628765755494     79.7241651185502   1218.4617033662755
     0.4043750000000      0.1636570379237      7.4805458311471     79.7805976387094   1218.7162655956411
     0.4056250000000      0.1637386705765      7.4982237948779     79.8370509332307   1218.9706110985292
     0.4068750000000      0.1638203421624      7.5159106769311     79.8935236012037   1219.2247090105272
     0.4081250000000      0.1639020542162      7.5336066850717     79.9500142485188   1219.4785268383268
     0.4093750000000      0.1639838085270      7.5513120246279     80.0065214881081   1219.7320303568883
     0.4106250000000      0.1640656071543      7.5690268984769     80.0630439400988   1219.9851835004242
     0.4118750000000      0.1641474524437      7.5867515070210     80.1195802319361   1220.2379482471624
     0.4131250000000      0.1642293470439      7.6044860481733     80.1761289985996   1220.4902844981430
     0.4143750000000      0.1643112939251      7.6222307173470     80.2326888828072   1220.7421499492925
     0.4156250000000      0.1643932963977      7.6399857074385     80.2892585351750   1220.9934999563286
     0.4168750000000      0.1644753581324      7.6577512088119     80.3458366144189   1221.2442873925422
     0.4181250000000      0.1645574831815      7.6755274092880     80.4024217875734   1221.4944624990335
     0.4193750000000      0.1646396760006      7.6933144941289     80.4590127301762   1221.7439727268215
     0.4206250000000      0.1647219414726      7.7111126460216     80.5156081264667   1221.9927625706944
     0.4218750000000      0.1648042849320      7.7289220450662     80.5722066696192   1222.2407733945208
     0.4231250000000      0.1648867121907      7.7467428687630     80.6288070619592   1222.4879432474281
     0.4243750000000      0.1649692295656      7.7645752919979     80.6854080151798   1222.7342066705246
     0.4256250000000      0.1650518439068      7.7824194870304     80.7420082505894   1222.9794944939167
     0.4268750000000      0.1651345626283      7.8002756234844     80.7986064993680   1223.2237336235005
     0.4281250000000      0.1652173937389      7.8181438683359     80.8552015028160   1223.4668468170428
     0.4293750000000      0.1653003458762      7.8360243859028     80.9117920126193   1223.7087524492247
     0.4306250000000      0.1653834283409      7.8539173378347     80.9683767911305   1223.9493642651967
     0.4318750000000      0.1654666511337      7.8718228831030     81.0249546116478   1224.1885911221211
     0.4331250000000      0.1655500249938      7.8897411779894     81.0815242587058   1224.4263367182875
     0.4343750000000      0.1656335614386      7.9076723760776     81.1380845283837   1224.6624993093635
     0.4356250000000      0.1657172728068      7.9256166282436     81.1946342286247   1224.8969714112529
     0.4368750000000      0.1658011723017      7.9435740826472     81.2511721795616   1225.1296394890626
     0.4381250000000      0.1658852740385      7.9615448847234     81.3076972138622   1225.3603836317186
     0.4393750000000      0.1659695930919      7.9795291771756     81.3642081770906   1225.5890772117082
     0.4406250000000      0.1660541455477      7.9975270999679     81.4207039280776   1225.8155865294034
     0.4418750000000      0.1661389485554      8.0155387903183     81.4771833393059   1226.0397704414520
     0.4431250000000      0.1662240203842      8.0335643826912     81.5336452973140   1226.2614799727262
     0.4443750000000      0.1663093804807      8.0516040087917     81.5900887031143   1226.4805579112710
     0.4456250000000      0.1663950495301      8.0696577975583     81.6465124726275   1226.6968383857104
     0.4468750000000      0.1664810495195      8.0877258751571     81.7029155371366   1226.9101464245839
     0.4481250000000      0.1665674038041      8.1058083649763     81.7592968437624   1227.1202974970640
     0.4493750000000      0.1666541371767      8.1239053876202     81.8156553559569   1227.3270970344993
     0.4506250000000      0.1667412759397      8.1420170609044     81.8719900540183   1227.5303399322306
     0.4518750000000      0.1668288479807      8.1601434998509     81.9282999356285   1227.7298100311502
     0.4531250000000      0.1669168828509      8.1782848166831     81.9845840164136   1227.9252795784505
     0.4543750000000      0.1670054118472      8.1964411208214     82.0408413305257   1228.1165086670187
     0.4556250000000      0.1670944680978      8.2146125188786     82.0970709312500   1228.3032446529558
     0.4568750000000      0.1671840866509      8.2327991146560     82.1532718916376   1228.4852215507033
     0.4581250000000      0.1672743045675      8.2510010091393     82.2094433051640   1228.6621594052624
     0.4593750000000      0.1673651610179      8.2692183004952     82.2655842864150   1228.8337636410115
     0.4606250000000      0.1674566973823      8.2874510840684     82.3216939718006   1228.9997243866499
     0.4618750000000      0.1675489573548      8.3056994523784     82.3777715202978   1229.1597157758058
     0.4631250000000      0.1676419870526      8.3239634951174     82.4338161142241   1229.3133952228736
     0.4643750000000      0.1677358351287      8.3422432991482     82.4898269600401   1229.4604026736740
     0.4656250000000      0.1678305528891      8.3605389485021     82.5458032891858   1229.6003598305579
     0.4668750000000      0.1679261944151      8.3788505243779     82.6017443589489   1229.7328693516126
     0.4681250000000      0.1680228166898      8.3971781051407     82.6576494533683   1229.8575140236574
     0.4693750000000      0.1681204797297      8.4155217663216     82.7135178841717   1229.9738559087732
     0.4706250000000      0.1682192467211      8.4338815806177     82.7693489917513   1230.0814354641393
     0.4718750000000      0.1683191841616      8.4522576178917     82.8251421461759   1230.1797706350142
     0.4731250000000      0.1684203620076      8.4706499451737     82.8808967482429   1230.2683559207508
     0.4743750000000      0.1685228538257      8.4890586266613     82.9366122305692   1230.3466614137972
     0.4756250000000      0.1686267369518      8.5074837237220     82.9922880587248   1230.4141318116992
     0.4768750000000      0.1687320926538      8.5259252948945     83.0479237324084   1230.4701854022021
     0.4781250000000      0.1688390063017      8.5443833958917     83.1035187866669   1230.5142130216225
     0.4793750000000      0.1689475675432      8.5628580796034     83.1590727931602   1230.5455769867510
     0.4806250000000      0.1690578704855      8.5813493960999     83.2145853614729   1230.5636100006375
     0.4818750000000      0.1691700138841      8.5998573926358     83.2700561404736   1230.5676140327159
     0.4831250000000      0.1692841013370      8.6183821136549     83.3254848197237   1230.5568591738304
     0.4843750000000      0.1694002414873      8.6369236007949     83.3808711309361   1230.5305824668467
     0.4856250000000      0.1695185482313      8.6554818928937     83.4362148494873   1230.4879867136501
     0.4868750000000      0.1696391409348      8.6740570259949     83.4915157959813   1230.4282392594780
     0.4881250000000      0.1697621446565      8.6926490333551     83.5467738378698   1230.3504707556635
     0.4893750000000      0.1698876903786      8.7112579454515     83.6019888911285   1230.2537739020388
     0.4906250000000      0.1700159152459      8.7298837899889     83.6571609219920   1230.1372021703896
     0.4918750000000      0.1701469628123      8.7485265919090     83.7122899487482   1229.9997685105416
     0.4931250000000      0.1702809832964      8.7671863733988     83.7673760435947   1229.8404440408378
     0.4943750000000      0.1704181338450      8.7858631538998     83.8224193345585   1229.6581567249605
     0.4956250000000      0.1705585788056      8.8045569501182     83.8774200074812   1229.4517900372548
     0.4968750000000      0.1707024900078      8.8232677760353     83.9323783080700   1229.2201816189388
     0.4981250000000      0.1708500470549      8.8419956429177     83.9872945440185   1228.9621219278040
     0.4993750000000      0.1710014376241      8.8607405593293     84.0421690871968   1228.6763528842607
     0.5006250000000      0.1711568577776      8.8795025311427     84.0970023759155   1228.3615665168300
     0.5018750000000      0.1713165122832      8.8982815615511     84.1517949172625   1228.0164036104632
     0.5031250000000      0.1714806149467      8.9170776510811     84.2065472895185   1227.6394523613380
     0.5043750000000      0.1716493889543      8.9358907976056     84.2612601446494   1227.2292470420764
     0.5056250000000      0.1718230672271      8.9547209963562     84.3159342108815   1226.7842666816423
     0.5068750000000      0.1720018927875      8.9735682399380     84.3705702953585   1226.3029337644857
     0.5081250000000      0.1721861191378      8.9924325183425     84.4251692868826   1225.7836129538291
     0.5093750000000      0.1723760106514      9.0113138189627     84.4797321587442   1225.2246098443511
     0.5106250000000      0.1725718429780      9.0302121266076     84.5342599716394   1224.6241697498658
     0.5118750000000      0.1727739034620      9.0491274235168     84.5887538766821   1223.9804765319743
     0.5131250000000      0.1729824915759      9.0680596893752     84.6432151185124   1223.2916514760416
     0.5143750000000      0.1731979193681      9.0870089013271     84.6976450385067   1222.5557522212489
     0.5156250000000      0.1734205119275      9.1059750339905     84.7520450780926   1221.7707717518592
     0.5168750000000      0.1736506078630      9.1249580594723     84.8064167821613   1220.9346374572035
     0.5181250000000      0.1738885598016      9.1439579473867     84.8607618025862   1220.0452102683666
     0.5193750000000      0.1741347349038      9.1629746648705     84.9150819018226   1219.1002838798554
     0.5206250000000      0.1743895153972      9.1820081765961     84.9693789566443   1218.0975840652595
     0.5218750000000      0.1746532991311      9.2010584448013     85.0236549621556   1217.0347680966997
     0.5231250000000      0.1749265001513      9.2201254292873     85.0779120358971   1215.9094242769665
     0.5243750000000      0.1752095492942      9.2392090876044     85.1321524209126   1214.7190715898721
     0.5256250000000      0.1755028948113      9.2583093748161     85.1863784935201   1213.4611595027375
     0.5268750000000      0.1758070029985      9.2774262438861     85.2405927583414   1212.1330678600125
     0.5281250000000      0.1761223589228      9.2965596456242     85.2947978926628   1210.7321071316840
     0.5293750000000      0.1764494670121      9.3157095327706     85.3489966809129   1209.2555183954687
     0.5306250000000      0.1767888520217      9.3348758606782     85.4031921872567   1207.7004744729859
     0.5318750000000      0.1771410593633      9.3540586067006     85.4573874552495   1206.0640791360026
     0.5331250000000      0.1775066577601      9.3732577721445     85.5115867409910   1204.3433725251709
     0.5343750000000      0.1778862363514      9.3924732715654     85.5657943286669   1202.5353406158754
     0.5356250000000      0.1782804042532      9.4117049454905     85.6200128221133   1200.6369009083428
     0.5368750000000      0.1786897970775      9.4309527081007     85.6742452656110   1198.6448956069103
     0.5381250000000      0.1791150764643      9.4502165150469     85.7284954934843   1196.5561077513851
     0.5393750000000      0.1795569303382      9.4694963057045     85.7827676927117   1194.3672618362125
     0.5406250000000      0.1800160736296      9.4887920144514     85.8370662106575   1192.0750253012668
     0.5418750000000      0.1804932492930      9.5081035632678     85.8913955406336   1189.6760111122585
     0.5431250000000      0.1809892295107      9.5274308708641     85.9457604008979   1187.1667810464041
     0.5443750000000      0.1815048168732      9.5467738597770     86.0001657632329   1184.5438490939616
     0.5456250000000      0.1820408454955      9.5661324509062     86.0546168029453   1181.8036848914230
     0.5468750000000      0.1825981822655      9.5855065590560     86.1091189000218   1178.9427177159873
     0.5481250000000      0.1831777282128      9.6048960966199     86.1636776801631   1175.9573410048531
     0.5493750000000      0.1837804198952      9.6243009760405     86.2182990248133   1172.8439171316327
     0.5506250000000      0.1844072308205      9.6437211075752     86.2729890603245   1169.5987824942551
     0.5518750000000      0.1850591729647      9.6631563978079     86.3277541641292   1166.2182530742866
     0.5531250000000      0.1857372983895      9.6826067509914     86.3826009856570   1162.6986304672901
     0.5543750000000      0.1864427009229      9.7020720699569     86.4375364567610   1159.0362082947759
     0.5556250000000      0.1871765179123      9.7215522552252     86.4925677931912   1155.2272790129109
     0.5568750000000      0.1879399320792      9.7410472044525     86.5477025041186   1151.2681411906929
     0.5581250000000      0.1887341734777      9.7605568129734     86.6029484071806   1147.1551072522877
     0.5593750000000      0.1895605215479      9.7800809740530     86.6583136387853   1142.8845116477064
     0.5606250000000      0.1904203072724      9.7996195784875     86.7138066621772   1138.4527194637856
     0.5618750000000      0.1913149154522      9.8191725144082     86.7694362790664   1133.8561354975202
     0.5631250000000      0.1922457871059      9.8387396674625     86.8252116432512   1129.0912137832236
     0.5643750000000      0.1932144219951      9.8583209208554     86.8811422728064   1124.1544675560540
     0.5656250000000      0.1942223812834      9.8779161551589     86.9372380618821   1119.0424796490647
     0.5668750000000      0.1952712903423      9.8975252482037     86.9935092942667   1113.7519133222006
     0.5681250000000      0.1963628417099      9.9171480750951     87.0499666579680   1108.2795235078529
     0.5693750000000      0.1974987982098      9.9367845081563     87.1066212595902   1102.6221684530051
     0.5706250000000      0.1986809962411      9.9564344167929     87.1634846391352   1096.7768217417820
     0.5718750000000      0.1999113492500      9.9760976673943     87.2205687859565   1090.7405846791564
     0.5731250000000      0.2011918513926      9.9957741232675     87.2778861554760   1084.5106990089862
     0.5743750000000      0.2025245814008     10.0154636445297     87.3354496863190   1078.0845599362326
     0.5756250000000      0.2039117066615     10.0351660879715     87.3932728181866   1071.4597294219568
     0.5768750000000      0.2053554875224     10.0548813069283     87.4513695107084   1064.6339497155507
     0.5781250000000      0.2068582818385     10.0746091511509     87.5097542631225   1057.6051570834170
     0.5793750000000      0.2084225497695     10.0943494666508     87.5684421347247   1050.3714956897450
     0.5806250000000      0.2100508588455     10.1141020955280     87.6274487662580   1042.9313315819122
     0.5818750000000      0.2117458893144     10.1338668757938     87.6867904023326   1035.2832667288053
     0.5831250000000      0.2135104397865     10.1536436411798     87.7464839148425   1027.4261530559977
     0.5843750000000      0.2153474331925     10.1734322209273     87.8065468274117   1019.3591064181472
     0.5856250000000      0.2172599230729     10.1932324395594     87.8669973409720   1011.0815204454495
     0.5868750000000      0.2192511002151     10.2130441166382     87.9278543605246   1002.5930801972072
     0.5881250000000      0.2213242996573     10.2328670665024     87.9891375231091    993.8937755520428
     0.5893750000000      0.2234830080781     10.2527010979833     88.0508672270418    984.9839142612066
     0.5906250000000      0.2257308715922     10.2725460140984     88.1130646624960    975.8641345884913
     0.5918750000000      0.2280717039719     10.2924016117234     88.1757518434784    966.5354174575490
     0.5931250000000      0.2305094953155     10.3122676812379     88.2389516412545    956.9990980250792
     0.5943750000000      0.2330484211858     10.3321440061445     88.3026878192885    947.2568765964546
     0.5956250000000      0.2356928522393     10.3520303626591     88.3669850697648    937.3108287988530
     0.5968750000000      0.2384473643700     10.3719265192701     88.4318690517519    927.1634149258825
     0.5981250000000      0.2413167493911     10.3918322362649     88.4973664310706    916.8174883671552
     0.5993750000000      0.2443060262781     10.4117472652205     88.5635049219315    906.2763030362671
     0.6006250000000      0.2474204529976     10.4316713484571     88.6303133304052    895.5435197112070
     0.6018750000000      0.2506655389452     10.4516042184523     88.6978215997835    884.6232112023711
     0.6031250000000      0.2540470580177     10.4715455972131     88.7660608578892    873.5198662651683
     0.6043750000000      0.2575710623431     10.4914951956048     88.8350634663962    862.2383921766594
     0.6056250000000      0.2612438966914     10.5114527126317     88.9048630722197    850.7841158987892
     0.6068750000000      0.2650722135905     10.5314178346685     88.9754946610433    839.1627837545968
     0.6081250000000      0.2690629891693     10.5513902346372     89.0469946130663    827.3805595483074
     0.6093750000000      0.2732235397489     10.5713695711301     89.1194007610116    815.4440210652692
     0.6106250000000      0.2775615392027     10.5913554874811     89.1927524505968    803.3601548940023
     0.6118750000000      0.2820850371039     10.6113476107887     89.2670906032181    791.1363495179638
     0.6131250000000      0.2868024776782     10.6313455509217     89.3424577815689    778.7803866344248
     0.6143750000000      0.2917227195741     10.6513488994681     89.4188982573743    766.3004306617230
     0.6156250000000      0.2968550564667     10.6713572287766     89.4964580821762    753.7050164092525
     0.6168750000000      0.3022092385103     10.6913700908521     89.5751851642008    741.0030348983975
     0.6181250000000      0.3077954946154     10.7113870166407     89.6551293380652    728.2037172935059
     0.6193750000000      0.3136245556709     10.7314075155020     89.7363424754460    715.3166170573664
     0.6206250000000      0.3197076784049     10.7514310738694     89.8188785118814    702.3515900525331
     0.6218750000000      0.3260566705693     10.7714571606635     89.9027936664432    689.3187732479304
     0.6231250000000      0.3326839162879     10.7914852158700     89.9881463942405    676.2285610192470
     0.6243750000000      0.3396024027206     10.8115146828854     90.0749975370081    663.0915801492830
     0.6256250000000      0.3468257498959     10.8315449724349     90.1634113354510    649.9186649385488
     0.6268750000000      0.3543682287586     10.8515753350640     90.2534518257366    636.7208210362421
     0.6281250000000      0.3622447992353     10.8716049455894     90.3451864579271    623.5092032283046
     0.6293750000000      0.3704711390103     10.8916330069186     90.4386858932115    610.2950835442342
     0.6306250000000      0.3790636720160     10.9116586972218     90.5340234800415    597.0898173817151
     0.6318750000000      0.3880395992502     10.9316811414224     90.6312753885633    583.9048099967108
     0.6331250000000      0.3974169299560     10.9516994117500     90.7305206977940    570.7514820004980
     0.6343750000000      0.4072145131833     10.9717125241444     90.8318414795958    557.6412341590026
     0.6356250000000      0.4174520696009     10.9917194343402     90.9353228807765    544.5854117318549
     0.6368750000000      0.4281502233720     11.0117190335527     91.0410532005826    531.5952686160775
     0.6381250000000      0.4393305338461     11.0317101436239     91.1491239621751    518.6819315983398
     0.6393750000000      0.4510155267395     11.0516915115784     91.2596299766206    505.8563650588885
     0.6406250000000      0.4632287243555     11.0716618035762     91.3726693980137    493.1293365126431
     0.6418750000000      0.4759946742444     11.0916195982709     91.4883437681942    480.5113834173962
     0.6431250000000      0.4893389754849     11.1115633795964     91.6067580492491    468.0127817249264
     0.6443750000000      0.5032883014919     11.1314915290043     91.7280206415681    455.6435166964278
     0.6456250000000      0.5178704178807     11.1514023171697     91.8522433846285    443.4132565465079
     0.6468750000000      0.5331141934438     11.1712938951723     91.9795415368963    431.3313295164992
     0.6481250000000      0.5490496016843     11.1911642851456     92.1100337302554    419.4067050030272
     0.6493750000000      0.5657077095942     11.2110113703737     92.2438418932067    407.6479793751151
     0.6506250000000      0.5831206494398     11.2308328848097     92.3810911357041    396.0633670941513
     0.6518750000000      0.6013215682107     11.2506264019829     92.5219095868980    384.6606976954667
     0.6531250000000      0.6203445481165     11.2703893232693     92.6664281752359    373.4474190858852
     0.6543750000000      0.6402244900937     11.2901188655088     92.8147803382887    362.4306074448559
     0.6556250000000      0.6609969507846     11.3098120479673     92.9671016473669    351.6169837735638
     0.6568750000000      0.6826979219784     11.3294656786589     93.1235293295087    341.0129368038965
     0.6581250000000      0.7053635402302     11.3490763400475     93.2842016669557    330.6245515486722
     0.6593750000000      0.7290297135528     11.3686403741336     93.4492572520636    320.4576422429304
     0.6606250000000      0.7537316520478     11.3881538668972     93.6188340741763    310.5177877956544
     0.6618750000000      0.7795032904405     11.4076126320465     93.7930684147667    300.8103672075693
     0.6631250000000      0.8063765927721     11.4270121941596     93.9720935273850    291.3405918825478
     0.6643750000000      0.8343807361118     11.4463477714033     94.1560380808153    282.1135304476758
     0.6656250000000      0.8635411829935     11.4656142571114     94.3450243572254    273.1341197595716
     0.6668750000000      0.8938786337800     11.4848062013653     94.5391661950142    264.4071650846805
     0.6681250000000      0.9254078579027     11.5039178038902     94.7385665871903    255.9373301678554
     0.6693750000000      0.9581369361441     11.5229428491501     94.9433151226319    247.7289819989610
     0.6706250000000      0.9920657373088     11.5418742050711     95.1534811308725    239.7862297638711
     0.6718750000000      1.0269945476689     11.5607040021978     95.3690366643964    232.1556547716454
     0.6731250000000      1.0624504576030     11.5794258682562     95.5898325455463    224.9277410101818
     0.6743750000000      1.0984213424847     11.5980334894353     95.8157255289101    218.0759828286180
     0.6756250000000      1.1349370574873     11.6165180203412     96.0466134825268    211.5681500769026
     0.6768750000000      1.1720181827706     11.6348689873321     96.2823944926629    205.3773480396328
     0.6781250000000      1.2096773231440     11.6530743419567     96.5229615171646    199.4808030010386
     0.6793750000000      1.2479209887561     11.6711193600496     96.7682104772902    193.8588487355802
     0.6806250000000      1.2867511459099     11.6889844955939     97.0180572777384    188.4942119269254
     0.6818750000000      1.3261666448098     11.7066410724519     97.2724736196649    183.3715129247838
     0.6831250000000      1.3661648604984     11.7240425385145     97.5315615821994    178.4769254470139
     0.6843750000000      1.4067441125767     11.7411067741357     97.7957084045312    173.7979699545376
     0.6856250000000      1.4479079671509     11.7576808930223     98.0659047586440    169.3234428283631
     0.6868750000000      1.4896735616789     11.7734712551127     98.3443867569069    165.0435190748623
     0.6881250000000      1.5320883266470     11.7878844337509     98.6359278348404    160.9501327686335
     0.6893750000000      1.5752446245376     11.7998638778068     98.9487658706753    157.0371425640045
     0.6906250000000      1.6190050921495     11.8072778007511     99.2712430911758    153.2905047249949
     0.6918750000000      1.6646034263918     11.8057199171801     99.7053603943254    149.7434145778020
     0.6931250000000      1.7113667589469     11.7875935509963    100.1912250368472    146.3614162672214
     0.6943750000000      1.7610694626477     11.7393088690155    100.8696008695955    143.1936715289191
     0.6956250000000      1.8159387000109     11.6343634455388    101.9116976086317    140.3016764938393
     0.6968750000000      1.8819686548455     11.4204229174318    103.7922836294956    137.8772746324236
     0.6981250000000      1.9657999345258     11.0028963817269    107.1204825717805    136.2301431218879
     0.6993750000000      2.1232539003390     10.1866688535604    116.8950677729489    137.6367043930592
     0.7006250000000      2.5079701385396      8.8638713222500    146.6008903467885    146.1350038563011
     0.7018750000000      3.0539546731010      7.3226762892271    191.2402877220308    156.5513475089066
     0.7031250000000      3.6799509244132      5.9967465269273    241.4722155040814    164.0458123382349
     0.7043750000000      4.2833822209683      5.0547890904836    286.7705202201792    167.3738796974278
     0.7056250000000      4.8113480273187      4.4547250536495    322.1528094717936    167.3921776405575
     0.7068750000000      5.2536558265398      4.1126635719020    347.3670013242582    165.2977530282201
     0.7081250000000      5.6237038548301      3.9408903129780    364.5069119949821    162.0404102902379
     0.7093750000000      5.9242298325570      3.8781791621384    374.5950389955580    158.0775263549636
     0.7106250000000      6.1790236963787      3.8894933134435    380.4664889758083    153.9347102677342
     0.7118750000000      6.3980867632810      3.9437679782348    383.3340205427833    149.7846288763851
     0.7131250000000      6.5938935265328      4.0218752534616    384.4889072544651    145.7746116567326
     0.7143750000000      6.7714343704351      4.1158172868361    384.4726430790694    141.9465293637494
     0.7156250000000      6.9341889293459      4.2185276478164    383.6370039586469    138.3135821173959
     0.7168750000000      7.0845727275872      4.3259465916518    382.2118456231058    134.8746989831794
     0.7181250000000      7.2242581980635      4.4359299631897    380.3488483520661    131.6221118917174
     0.7193750000000      7.3543236975541      4.5473978654114    378.1394595418737    128.5432471743233
     0.7206250000000      7.4755009590016      4.6598032668158    375.6407309022859    125.6239324168496
     0.7218750000000      7.5882521352424      4.7728070040596    372.8860710175463    122.8497895074346
     0.7231250000000      7.6928707130937      4.8861800089111    369.8955588500879    120.2072583322201
     0.7243750000000      7.7895717506004      4.9997850573804    366.6837865016297    117.6841931244061
     0.7256250000000      7.8785462029236      5.1135728455149    363.2641415154258    115.2700422638335
     0.7268750000000      7.9599787247852      5.2275662597376    359.6501249265182    112.9557431499995
     0.7281250000000      8.0340439494287      5.3418340894405    355.8550981216380    110.7334924857313
     0.7293750000000      8.1008983310159      5.4564651618686    351.8917286122783    108.5965143103295
     0.7306250000000      8.1606780256985      5.5715514642586    347.7718084710542    106.5388829751337
     0.7318750000000      8.2135049800213      5.6871821723366    343.5065286775966    104.5554028131561
     0.7331250000000      8.2594980031178      5.8034453233283    339.1069684166648    102.6415189787135
     0.7343750000000      8.2987841721757      5.9204321587620    334.5845139149769    100.7932327716087
     0.7356250000000      8.3315071916233      6.0382402448030    329.9510367233893     99.0070071160499
     0.7368750000000      8.3578317009275      6.1569736413462    325.2188189990965     97.2796625478245
     0.7381250000000      8.3779437749641      6.2767404909896    320.4002851835731     95.6082702956990
     0.7393750000000      8.3920492296128      6.3976486260924    315.5076600055473     93.9900527788324
     0.7406250000000      8.4003736623581      6.5198020087115    310.5527738003593     92.4223094955706
     0.7418750000000      8.4031143083997      6.6432923620836    305.5444153825377     90.9021358537030
     0.7431250000000      8.4005861068104      6.7681822520606    300.4951484148992     89.4268401615716
     0.7443750000000      8.3923625712270      6.8945122757561    295.3746134193473     87.9891123960826
     0.7456250000000      8.3802125375139      7.0217953996081    290.2198111254115     86.5788933831476
     0.7468750000000      8.3666124543157      7.1487983700895    285.1461694486636     85.2035907619866
     0.7481250000000      8.3538971512760      7.2750019341879    280.2926678810560     83.8808111966767
     0.7493750000000      8.3400950214573      7.4011979007161    275.5517100278482     82.5984923789575
     0.7506250000000      8.3243335260462      7.5281944184906    270.8718338554577     81.3494056334718
     0.7518750000000      8.3064783955791      7.6563325253740    266.2392183831391     80.1299918280767
     0.7531250000000      8.2865341791977      7.7857908905178    261.6490917514438     78.9380355204114
     0.7543750000000      8.2645264822759      7.9166641641223    257.1003340527046     77.7722518658756
     0.7556250000000      8.2404473574457      8.0490013195414    252.5932203834959     76.6321321606601
     0.7568750000000      8.2142287212877      8.1828250329918    248.1284469682409     75.5178773891452
     0.7581250000000      8.1857297490367      8.3181410855378    243.7066861682630     74.4303481912965
     0.7593750000000      8.1547330824549      8.4549428206218    239.3284012321237     73.3710100662417
     0.7606250000000      8.1209473350605      8.5932134710116    234.9938007629292     72.3418682166523
     0.7618750000000      8.0840142708427      8.7329275902781    230.7028665815979     71.3453919217130
     0.7631250000000      8.0435194256226      8.8740520343529    226.4554165840930     70.3844314289585
     0.7643750000000      7.9990051515881      9.0165466340492    222.2511812291033     69.4621321705794
     0.7656250000000      7.9499852142688      9.1603646155867    218.0898831740574     68.5818518198705
     0.7668750000000      7.8959601735639      9.3054528159710    213.9713155025960     67.7470854713095
     0.7681250000000      7.8364328420728      9.4517517336084    209.8954160634999     66.9614033239077
     0.7693750000000      7.7709231907929      9.5991954385605    205.8623365505190     66.2284041085452
     0.7706250000000      7.6989821212020      9.7477113493158    201.8725039782536     65.5516861840483
     0.7718750000000      7.6202037179212      9.8972198884653    197.9266760057665     64.9348374835054
     0.7731250000000      7.5342355328845     10.0476339873302    194.0259853776402     64.3814440532090
     0.7743750000000      7.4407869345977     10.1988585692646    190.1719826993365     63.8951176706481
     0.7756250000000      7.3396353831016     10.3507897173490    186.3666759192338     63.4795416228420
     0.7768750000000      7.2306299907137     10.5033145239490    182.6125464394663     63.1385324217928
     0.7781250000000      7.1136987823498     10.6563096925885    178.9127621036024     62.8761378495229
     0.7793750000000      6.9888383859343     10.8096442818314    175.2708483638324     62.6967024722528
     0.7806250000000      6.8561667443703     10.9631783060756    171.6926179255027     62.6051787853916
     0.7818750000000      6.7157928086502     11.1167442611462    168.1817025937382     62.6067939354505
     0.7831250000000      6.5678638047903     11.2701491679154    164.7414002252994     62.7073753056297
     0.7843750000000      6.4126123693973     11.4231937477745    161.3764878966683     62.9137076282671
     0.7856250000000      6.2503150832526     11.5756675020436    158.0919687495797     63.2335996841104
     0.7868750000000      6.0812882627962     11.7273402499795    154.8931219352512     63.6761140245763
     0.7881250000000      5.9058803276830     11.8779633066620    151.7854089112301     64.2518136541628
     0.7893750000000      5.7244658474954     12.0272700496381    148.7743969128635     64.9730476503569
     0.7906250000000      5.5374410866173     12.1749772527502    145.8656734403986     65.8542777967077
     0.7918750000000      5.3452216442225     12.3207871692761    143.0647524259960     66.9124509460849
     0.7931250000000      5.1482426895263     12.4643905264464    140.3769698262738     68.1674205607375
     0.7943750000000      4.9469622635616     12.6054705068316    137.8073673716576     69.6424189379417
     0.7956250000000      4.7418680246091     12.7437077304022    135.3605643564309     71.3645780808021
     0.7968750000000      4.5334876321678     12.8787861724084    133.0406189069790     73.3654912627179
     0.7981250000000      4.3224026638286     13.0103998567114    130.8508820027805     75.6817979371680
     0.7993750000000      4.1092655216510     13.1382600557187    128.7938495621317     78.3557602225617
     0.8006250000000      3.8948182087310     13.2621026163803    126.8710199407801     81.4357777061169
     0.8018750000000      3.6799111732860     13.3816949301461    125.0827659109490     84.9767562454887
     0.8031250000000      3.4655197020758     13.4968419889787    123.4282311876559     89.0402030565018
     0.8043750000000      3.2527547242596     13.6073909343711    121.9052614176042     93.6938623963960
     0.8056250000000      3.0428645334323     13.7132335221316    120.5103778700360     99.0106333571329
     0.8068750000000      2.8372240419844     13.8143059945869    119.2387986621735    105.0664283977172
     0.8081250000000      2.6373089124953     13.9105859664035    118.0845072247250    111.9365526970035
     0.8093750000000      2.4446533373221     14.0020860751183    117.0403611778279    119.6901411245043
     0.8106250000000      2.2607922774646     14.0888442969659    116.0982271178439    128.3822360363490
     0.8118750000000      2.0871913659834     14.1709109271622    115.2491180083503    138.0433053320525
     0.8131250000000      1.9251700226533     14.2483321738712    114.4833012065811    148.6664812191448
     0.8143750000000      1.7758251061250     14.3211299089345    113.7903321713755    160.1936077191652
     0.8156250000000      1.6399632286820     14.3892763071546    113.1589673140177    172.5022935498427
     0.8168750000000      1.5180490318165     14.4526591683213    112.5768625557647    185.3972766957633
     0.8181250000000      1.4101753436087     14.5110310952339    112.0300478268160    198.6101379778169
     0.8193750000000      1.3160556868795     14.5639423572758    111.5017667284150    211.8105028534087
     0.8206250000000      1.2350411387132     14.6105982251080    110.9710968483534    224.6303652766798
     0.8218750000000      1.1661438016507     14.6496044400002    110.4088923267344    236.6965638595541
     0.8231250000000      1.1081220235895     14.6796053729876    109.7801751830603    247.6716752444112
     0.8243750000000      1.0600324483090     14.6992069970748    109.1112270775345    257.3299224273542
     0.8256250000000      1.0194615485652     14.7039452769518    108.2318590768230    265.4142748913547
     0.8268750000000      0.9852532409146     14.6885051011303    107.1511881838105    271.8874288714404
     0.8281250000000      0.9558495125873     14.6483424525669    105.8109952706974    276.7459570709068
     0.8293750000000      0.9288154030541     14.5728367525762    104.0075769197956    279.9468456751630
     0.8306250000000      0.9018820020735     14.4441638212200    101.5419107152595    281.4722726526369
     0.8318750000000      0.8724490898033     14.2379010708510     98.1449270486151    281.2339659576558
     0.8331250000000      0.8375784933568     13.9181720935497     93.4824140586074    279.0258310118317
     0.8343750000000      0.7939097325650     13.4324933187707     87.1535081878970    274.4440098571184
     0.8356250000000      0.7384877317787     12.7064297989577     78.8385213745738    266.8917775542677
     0.8368750000000      0.6681775782522     11.6344363060003     68.2582040649241    255.3894589050296
     0.8381250000000      0.5839761771614     10.0963073880337     55.8285438982968    239.0018038478452
     0.8393750000000      0.4887448594056      7.9438835053587     42.3711385314603    216.7344459796162
     0.8406250000000      0.3906453324448      5.2088512591928     29.4470723609115    188.4514540121528
     0.8418750000000      0.3199965406656      2.5678211792082     21.0746115281360    164.6471824687495
     0.8431250000000      0.2845366041653      0.8194254904652     17.4125135768041    152.9901014658822
     0.8443750000000      0.2729350593724      0.0493541411509     16.3512633372791    149.7724712875003
     0.8456250000000      0.2705370156956     -0.1578662337486     16.1469549919809    149.2120676209712
     0.8468750000000      0.2702236090935     -0.1812129686521     16.1217055363091    149.1515266781237
     0.8481250000000      0.2702725721234     -0.1695605155668     16.1266663730811    149.1703934881407
     0.8493750000000      0.2703881682696     -0.1530752351874     16.1370154664007    149.2023076460108
     0.8506250000000      0.2705291294707     -0.1356909081757     16.1493303604584    149.2383684527534
     0.8518750000000      0.2706842161382     -0.1185212409628     16.1626924942555    149.2762740735768
     0.8531250000000      0.2708517252771     -0.1017001797408     16.1769767211097    149.3157991199661
     0.8543750000000      0.2710308665808     -0.0852492029846     16.1921323047576    149.3569026752189
     0.8556250000000      0.2712210955544     -0.0691669877951     16.2081275164017    149.3995837904071
     0.8568750000000      0.2714219330869     -0.0534453959150     16.2249347244272    149.4438432065617
     0.8581250000000      0.2716329257817     -0.0380734040069     16.2425272051300    149.4896758041231
     0.8593750000000      0.2718536473093     -0.0230374292125     16.2608793667463    149.5370719474420
     0.8606250000000      0.2720837349319     -0.0083203239928     16.2799699073640    149.5860264436742
     0.8618750000000      0.2723230129167      0.0060870400396     16.2997922491309    149.6365664671018
     0.8631250000000      0.2725704747274      0.0201922404278     16.3202693793712    149.6885291381266
     0.8643750000000      0.2728256447073      0.0340098508236     16.3413679963839    149.7418618209191
     0.8656250000000      0.2730880069892      0.0475535769207     16.3630507389370    149.7964971012373
     0.8668750000000      0.2733570909363      0.0608373219811     16.3852834148566    149.8523722096830
     0.8681250000000      0.2736324214034      0.0738746153864     16.4080308880373    149.9094186635675
     0.8693750000000      0.2739135318762      0.0866789703907     16.4312582328119    149.9675656790907
     0.8706250000000      0.2741999633327      0.0992636617299     16.4549306864344    150.0267403981258
     0.8718750000000      0.2744912664586      0.1116416948814     16.4790138789453    150.0868688059904
     0.8731250000000      0.2747870034714      0.1238257240726     16.5034740266805    150.1478765206538
     0.8743750000000      0.2750867496390      0.1358279899222     16.5282780968265    150.2096894753633
     0.8756250000000      0.2753900947185      0.1476602621637     16.5533939621710    150.2722345469059
     0.8768750000000      0.2756966441429      0.1593337900807     16.5787905319953    150.3354400951972
     0.8781250000000      0.2760060200255      0.1708592615972     16.6044378649520    150.3992364316800
     0.8793750000000      0.2763178619518      0.1822467708449     16.6303072617986    150.4635562131976
     0.8806250000000      0.2766318275670      0.1935057943743     16.6563713386967    150.5283347653137
     0.8818750000000      0.2769475929577      0.2046451756401     16.6826040811973    150.5935103374235
     0.8831250000000      0.2772648528344      0.2156731173334     16.7089808795301    150.6590242931992
     0.8843750000000      0.2775833205236      0.2265971809777     16.7354785461119    150.7248212405571
     0.8856250000000      0.2779027277823      0.2374242931306     16.7620753164538    150.7908491059018
     0.8868750000000      0.2782228244502      0.2481607574700     16.7887508348533    150.8570591578065
     0.8881250000000      0.2785433779571      0.2588122720035     16.8154861263978    150.9234059855207
     0.8893750000000      0.2788641727028      0.2693839506254     16.8422635569093    150.9898474378272
     0.8906250000000      0.2791850093298      0.2798803482558     16.8690667825300    151.0563445278249
     0.8918750000000      0.2795057039073      0.2903054888311     16.8958806906855    151.1228613091772
     0.8931250000000      0.2798260870476      0.3006628954604     16.9226913341602    151.1893647292345
     0.8943750000000      0.2801460029722      0.3109556221227     16.9494858599647    151.2558244641899
     0.8956250000000      0.2804653085471      0.3211862863349     16.9762524345827    151.3222127410646
     0.8968750000000      0.2807838723028      0.3313571022824     17.0029801670419    151.3885041508694
     0.8981250000000      0.2811015734532      0.3414699139581     17.0296590310950    151.4546754567785
     0.8993750000000      0.2814183009267      0.3515262279130     17.0562797876208    151.5207054006248
     0.9006250000000      0.2817339524187      0.3615272452768     17.0828339081804    151.5865745105064
     0.9018750000000      0.2820484334746      0.3714738927616     17.1093135005015    151.6522649118161
     0.9031250000000      0.2823616566099      0.3813668524180     17.1357112365120    151.7177601435642
     0.9043750000000      0.2826735404720      0.3912065899659     17.1620202834117    151.7830449814784
     0.9056250000000      0.2829840090480      0.4009933815733     17.1882342381491    151.8481052690208
     0.9068750000000      0.2832929909212      0.4107273390020     17.2143470655687    151.9129277571563
     0.9081250000000      0.2836004185764      0.4204084330803     17.2403530403941    151.9774999534417
     0.9093750000000      0.2839062277560      0.4300365154990     17.2662466931352    152.0418099807662
     0.9106250000000      0.2842103568662      0.4396113389526     17.2920227599297    152.1058464458747
     0.9118750000000      0.2845127464312      0.4491325756751     17.3176761362713    152.1695983176285
     0.9131250000000      0.2848133385949      0.4585998344341     17.3432018345223    152.2330548148142
     0.9143750000000      0.2851120766681      0.4680126760628     17.3685949450675    152.2962053032024
     0.9156250000000      0.2854089047178      0.4773706276178     17.3938506009360    152.3590392014611
     0.9168750000000      0.2857037671964      0.4866731952568     17.4189639456942    152.4215458954751
     0.9181250000000      0.2859966086088      0.4959198759339     17.4439301043971    152.4837146605740
     0.9193750000000      0.2862873732129      0.5051101680115     17.4687441573809    152.5455345911540
     0.9206250000000      0.2865760047521      0.5142435808847     17.4934011166743    152.6069945371662
     0.9218750000000      0.2868624462165      0.5233196437158     17.5178959048108    152.6680830469490
     0.9231250000000      0.2871466396293      0.5323379133682     17.5422233358277    152.7287883158945
     0.9243750000000      0.2874285258576      0.5412979816298     17.5663780982467    152.7890981404537
     0.9256250000000      0.2877080444424      0.5501994818079     17.5903547398380    152.8489998770059
     0.9268750000000      0.2879851334490      0.5590420947747     17.6141476539817    152.9084804051446
     0.9281250000000      0.2882597293314      0.5678255545371     17.6377510674504    152.9675260949496
     0.9293750000000      0.2885317668129      0.5765496533987     17.6611590294476    153.0261227778528
     0.9306250000000      0.2888011787772      0.5852142467766     17.6843654017510    153.0842557207254
     0.9318750000000      0.2890678961714      0.5938192577282     17.7073638498249    153.1419096028601
     0.9331250000000      0.2893318479168      0.6023646812364     17.7301478347829    153.1990684955549
     0.9343750000000      0.2895929608291      0.6108505882919     17.7527106061034    153.2557158440625
     0.9356250000000      0.2898511595434      0.6192771298030     17.7750451950254    153.3118344517202
     0.9368750000000      0.2901063664480      0.6276445403496     17.7971444085772    153.3674064661451
     0.9381250000000      0.2903585016217      0.6359531417908     17.8190008242245    153.4224133674483
     0.9393750000000      0.2906074827796      0.6442033467185     17.8406067851508    153.4768359584960
     0.9406250000000      0.2908532252238      0.6523956617437     17.8619543962194    153.5306543573190
     0.9418750000000      0.2910956418028      0.6605306905857     17.8830355206897    153.5838479918395
     0.9431250000000      0.2913346428788      0.6686091369316     17.9038417777896    153.6363955971399
     0.9443750000000      0.2915701363055      0.6766318070242     17.9243645412613    153.6882752155395
     0.9456250000000      0.2918020274172      0.6845996119345     17.9445949390077    153.7394641997660
     0.9468750000000      0.2920302190303      0.6925135694763     17.9645238539701    153.7899392195087
     0.9481250000000      0.2922546114600      0.7003748057215     17.9841419263575    153.8396762716167
     0.9493750000000      0.2924751025518      0.7081845560843     18.0034395573338    153.8886506941659
     0.9506250000000      0.2926915877296      0.7159441659478     18.0224069142485    153.9368371845600
     0.9518750000000      0.2929039600611      0.7236550908160     18.0410339374678    153.9842098217684
     0.9531250000000      0.2931121103404      0.7313188959840     18.0593103488414    154.0307420927329
     0.9543750000000      0.2933159271889      0.7389372557268     18.0772256618113    154.0764069229127
     0.9556250000000      0.2935152971726      0.7465119520125     18.0947691931532    154.1211767108802
     0.9568750000000      0.2937101049377      0.7540448727525     18.1119300763171    154.1650233668288
     0.9581250000000      0.2939002333625      0.7615380096058     18.1286972763265    154.2079183548076
     0.9593750000000      0.2940855637254      0.7689934553549     18.1450596061770    154.2498327384581
     0.9606250000000      0.2942659758894      0.7764134008786     18.1610057446669    154.2907372299739
     0.9618750000000      0.2944413485000      0.7838001317489     18.1765242555756    154.3306022419544
     0.9631250000000      0.2946115591990      0.7911560244838     18.1916036080916    154.3693979417499
     0.9643750000000      0.2947764848498      0.7984835424959     18.2062321983710    154.4070943078177
     0.9656250000000      0.2949360017755      0.8057852317863     18.2203983720832    154.4436611874921
     0.9668750000000      0.2950899860071      0.8130637164498     18.2340904477543    154.4790683554131
     0.9681250000000      0.2952383135395      0.8203216940974     18.2472967406440    154.5132855715888
     0.9693750000000      0.2953808605923      0.8275619313684     18.2600055867326    154.5462826375958
     0.9706250000000      0.2955175038663      0.8347872598657     18.2722053660781    154.5780294485319
     0.9718750000000      0.2956481207830      0.8420005731686     18.2838845241078    154.6084960365004
     0.9731250000000      0.2957725896749      0.8492048263973     18.2950315880559    154.6376525979629
     0.9743750000000      0.2958907898799      0.8564030534973     18.3056351742182    154.6654694933691
     0.9756250000000      0.2960026031634      0.8635983477428     18.3156841090342    154.6919175143750
     0.9768750000000      0.2961079258043      0.8707935523588     18.3251684726628    154.7169703655352
     0.9781250000000      0.2962066581208      0.8779912657834     18.3340786867914    154.7406024151024
     0.9793750000000      0.2962986936268      0.8851943743089     18.3424045668330    154.7627863484534
     0.9806250000000      0.2963839230190      0.8924060569551     18.3501356559088    154.7834938969724
     0.9818750000000      0.2964622404462      0.8996295179938     18.3572617526339    154.8026970062274
     0.9831250000000      0.2965335451844      0.9068679529579     18.3637730360142    154.8203680008332
     0.9843750000000      0.2965977431443      0.9141245132280     18.3696601693153    154.8364796590806
     0.9856250000000      0.2966547465250      0.9214023155148     18.3749142347328    154.8510048294911
     0.9868750000000      0.2967044777678      0.9287043942081     18.3795270301690    154.8639168546235
     0.9881250000000      0.2967468613904      0.9360338428398     18.3834903012411    154.8751873491270
     0.9893750000000      0.2967818500365      0.9433934607804     18.3867979226601    154.8847909701790
     0.9906250000000      0.2968093611305      0.9507868069173     18.3894403038983    154.8926913377757
     0.9918750000000      0.2968294685096      0.9582156601261     18.3914208799372    154.8988799215554
     0.9931250000000      0.2968419374414      0.9656881305653     18.3927156102273    154.9032775553856
     0.9943750000000      0.2968476852619      0.9732009701029     18.3933994541208    154.9060374000469
     0.9956250000000      0.2968454805860      0.9808037313422     18.3933597425492    154.9068534430612
     0.9968750000000      0.2968434001779      0.9879526734008     18.3932895685021    154.9073480956612
     0.9981250000000      0.2967609351837      0.9956311887503     18.3861960854506    154.8906367516780
     0.9993750000000      0.2967609351837      1.0000000000000     18.3861960854506    154.8906367516780

