          x            density        pressure        velocity        internal energy

   1.2500000E-03   1.0000000E+00   0.0000000E+00   1.0000000E+00   2.5000000E+00
   3.7500000E-03   1.0000000E+00   0.0000000E+00   1.0000000E+00   2.5000000E+00
   6.2500000E-03   1.0000000E+00   0.0000000E+00   1.0000000E+00   2.5000000E+00
   8.7500000E-03   1.0000000E+00   0.0000000E+00   1.0000000E+00   2.5000000E+00
   1.1250000E-02   1.0000000E+00   0.0000000E+00   1.0000000E+00   2.5000000E+00
   1.3750000E-02   1.0000000E+00   0.0000000E+00   1.0000000E+00   2.5000000E+00
   1.6250000E-02   1.0000000E+00   0.0000000E+00   1.0000000E+00   2.5000000E+00
   1.8750000E-02   1.0000000E+00   0.0000000E+00   1.0000000E+00   2.5000000E+00
   2.1250000E-02   1.0000000E+00   0.0000000E+00   1.0000000E+00   2.5000000E+00
   2.3750000E-02   1.0000000E+00   0.0000000E+00   1.0000000E+00   2.5000000E+00
   2.6250000E-02   1.0000000E+00   0.0000000E+00   1.0000000E+00   2.5000000E+00
   2.8750000E-02   1.0000000E+00   0.0000000E+00   1.0000000E+00   2.5000000E+00
   3.1250000E-02   1.0000000E+00   0.0000000E+00   1.0000000E+00   2.5000000E+00
   3.3750000E-02   1.0000000E+00   0.0000000E+00   1.0000000E+00   2.5000000E+00
   3.6250000E-02   1.0000000E+00   0.0000000E+00   1.0000000E+00   2.5000000E+00
   3.8750000E-02   1.0000000E+00   0.0000000E+00   1.0000000E+00   2.5000000E+00
   4.1250000E-02   1.0000000E+00   0.0000000E+00   1.0000000E+00   2.5000000E+00
   4.3750000E-02   1.0000000E+00   0.0000000E+00   1.0000000E+00   2.5000000E+00
   4.6250000E-02   1.0000000E+00   0.0000000E+00   1.0000000E+00   2.5000000E+00
   4.8750000E-02   1.0000000E+00   0.0000000E+00   1.0000000E+00   2.5000000E+00
   5.1250000E-02   1.0000000E+00   0.0000000E+00   1.0000000E+00   2.5000000E+00
   5.3750000E-02   1.0000000E+00   0.0000000E+00   1.0000000E+00   2.5000000E+00
   5.6250000E-02   1.0000000E+00   0.0000000E+00   1.0000000E+00   2.5000000E+00
   5.8750000E-02   1.0000000E+00   0.0000000E+00   1.0000000E+00   2.5000000E+00
   6.1250000E-02   1.0000000E+00   0.0000000E+00   1.0000000E+00   2.5000000E+00
   6.3750000E-02   1.0000000E+00   0.0000000E+00   1.0000000E+00   2.5000000E+00
   6.6250000E-02   1.0000000E+00   0.0000000E+00   1.0000000E+00   2.5000000E+00
   6.8750000E-02   1.0000000E+00   0.0000000E+00   1.0000000E+00   2.5000000E+00
   7.1250000E-02   1.0000000E+00   0.0000000E+00   1.0000000E+00   2.5000000E+00
   7.3750000E-02   1.0000000E+00   0.0000000E+00   1.0000000E+00   2.5000000E+00
   7.6250000E-02   1.0000000E+00   0.0000000E+00   1.0000000E+00   2.5000000E+00
   7.8750000E-02   1.0000000E+00   0.0000000E+00   1.0000000E+00   2.5000000E+00
   8.1250000E-02   1.0000000E+00   0.0000000E+00   1.0000000E+00   2.5000000E+00
   8.3750000E-02   1.0000000E+00   0.0000000E+00   1.0000000E+00   2.5000000E+00
   8.6250000E-02   1.0000000E+00   0.0000000E+00   1.0000000E+00   2.5000000E+00
   8.8750000E-02   1.0000000E+00   0.0000000E+00   1.0000000E+00   2.5000000E+00
   9.1250000E-02   1.0000000E+00   0.0000000E+00   1.0000000E+00   2.5000000E+00
   9.3750000E-02   1.0000000E+00   0.0000000E+00   1.0000000E+00   2.5000000E+00
   9.6250000E-02   1.0000000E+00   0.0000000E+00   1.0000000E+00   2.5000000E+00
   9.8750000E-02   1.0000000E+00   0.0000000E+00   1.0000000E+00   2.5000000E+00
   1.0125000E-01   1.0000000E+00   0.0000000E+00   1.0000000E+00   2.5000000E+00
   1.0375000E-01   1.0000000E+00   0.0000000E+00   1.0000000E+00   2.5000000E+00
   1.0625000E-01   1.0000000E+00   0.0000000E+00   1.0000000E+00   2.5000000E+00
   1.0875000E-01   1.0000000E+00   0.0000000E+00   1.0000000E+00   2.5000000E+00
   1.1125000E-01   1.0000000E+00   0.0000000E+00   1.0000000E+00   2.5000000E+00
   1.1375000E-01   1.0000000E+00   0.0000000E+00   1.0000000E+00   2.5000000E+00
   1.1625000E-01   1.0000000E+00   0.0000000E+00   1.0000000E+00   2.5000000E+00
   1.1875000E-01   1.0000000E+00   0.0000000E+00   1.0000000E+00   2.5000000E+00
   1.2125000E-01   1.0000000E+00   0.0000000E+00   1.0000000E+00   2.5000000E+00
   1.2375000E-01   1.0000000E+00   0.0000000E+00   1.0000000E+00   2.5000000E+00
   1.2625000E-01   1.0000000E+00   0.0000000E+00   1.0000000E+00   2.5000000E+00
   1.2875000E-01   1.0000000E+00   0.0000000E+00   1.0000000E+00   2.5000000E+00
   1.3125000E-01   1.0000000E+00   0.0000000E+00   1.0000000E+00   2.5000000E+00
   1.3375000E-01   1.0000000E+00   0.0000000E+00   1.0000000E+00   2.5000000E+00
   1.3625000E-01   1.0000000E+00   0.0000000E+00   1.0000000E+00   2.5000000E+00
   1.3875000E-01   1.0000000E+00   0.0000000E+00   1.0000000E+00   2.5000000E+00
   1.4125000E-01   1.0000000E+00   0.0000000E+00   1.0000000E+00   2.5000000E+00
   1.4375000E-01   1.0000000E+00   0.0000000E+00   1.0000000E+00   2.5000000E+00
   1.4625000E-01   1.0000000E+00   0.0000000E+00   1.0000000E+00   2.5000000E+00
   1.4875000E-01   1.0000000E+00   0.0000000E+00   1.0000000E+00   2.5000000E+00
   1.5125000E-01   1.0000000E+00   0.0000000E+00   1.0000000E+00   2.5000000E+00
   1.5375000E-01   1.0000000E+00   0.0000000E+00   1.0000000E+00   2.5000000E+00
   1.5625000E-01   1.0000000E+00   0.0000000E+00   1.0000000E+00   2.5000000E+00
   1.5875000E-01   1.0000000E+00   0.0000000E+00   1.0000000E+00   2.5000000E+00
   1.6125000E-01   1.0000000E+00   0.0000000E+00   1.0000000E+00   2.5000000E+00
   1.6375000E-01   1.0000000E+00   0.0000000E+00   1.0000000E+00   2.5000000E+00
   1.6625000E-01   1.0000000E+00   0.0000000E+00   1.0000000E+00   2.5000000E+00
   1.6875000E-01   1.0000000E+00   0.0000000E+00   1.0000000E+00   2.5000000E+00
   1.7125000E-01   1.0000000E+00   0.0000000E+00   1.0000000E+00   2.5000000E+00
   1.7375000E-01   1.0000000E+00   0.0000000E+00   1.0000000E+00   2.5000000E+00
   1.7625000E-01   1.0000000E+00   0.0000000E+00   1.0000000E+00   2.5000000E+00
   1.7875000E-01   1.0000000E+00   0.0000000E+00   1.0000000E+00   2.5000000E+00
   1.8125000E-01   1.0000000E+00   0.0000000E+00   1.0000000E+00   2.5000000E+00
   1.8375000E-01   1.0000000E+00   0.0000000E+00   1.0000000E+00   2.5000000E+00
   1.8625000E-01   1.0000000E+00   0.0000000E+00   1.0000000E+00   2.5000000E+00
   1.8875000E-01   1.0000000E+00   0.0000000E+00   1.0000000E+00   2.5000000E+00
   1.9125000E-01   1.0000000E+00   0.0000000E+00   1.0000000E+00   2.5000000E+00
   1.9375000E-01   1.0000000E+00   0.0000000E+00   1.0000000E+00   2.5000000E+00
   1.9625000E-01   1.0000000E+00   0.0000000E+00   1.0000000E+00   2.5000000E+00
   1.9875000E-01   1.0000000E+00   0.0000000E+00   1.0000000E+00   2.5000000E+00
   2.0125000E-01   1.0000000E+00   0.0000000E+00   1.0000000E+00   2.5000000E+00
   2.0375000E-01   1.0000000E+00   0.0000000E+00   1.0000000E+00   2.5000000E+00
   2.0625000E-01   1.0000000E+00   0.0000000E+00   1.0000000E+00   2.5000000E+00
   2.0875000E-01   1.0000000E+00   0.0000000E+00   1.0000000E+00   2.5000000E+00
   2.1125000E-01   1.0000000E+00   0.0000000E+00   1.0000000E+00   2.5000000E+00
   2.1375000E-01   1.0000000E+00   0.0000000E+00   1.0000000E+00   2.5000000E+00
   2.1625000E-01   1.0000000E+00   0.0000000E+00   1.0000000E+00   2.5000000E+00
   2.1875000E-01   1.0000000E+00   0.0000000E+00   1.0000000E+00   2.5000000E+00
   2.2125000E-01   1.0000000E+00   0.0000000E+00   1.0000000E+00   2.5000000E+00
   2.2375000E-01   1.0000000E+00   0.0000000E+00   1.0000000E+00   2.5000000E+00
   2.2625000E-01   1.0000000E+00   0.0000000E+00   1.0000000E+00   2.5000000E+00
   2.2875000E-01   1.0000000E+00   0.0000000E+00   1.0000000E+00   2.5000000E+00
   2.3125000E-01   1.0000000E+00   0.0000000E+00   1.0000000E+00   2.5000000E+00
   2.3375000E-01   1.0000000E+00   0.0000000E+00   1.0000000E+00   2.5000000E+00
   2.3625000E-01   1.0000000E+00   0.0000000E+00   1.0000000E+00   2.5000000E+00
   2.3875000E-01   1.0000000E+00   0.0000000E+00   1.0000000E+00   2.5000000E+00
   2.4125000E-01   1.0000000E+00   0.0000000E+00   1.0000000E+00   2.5000000E+00
   2.4375000E-01   1.0000000E+00   0.0000000E+00   1.0000000E+00   2.5000000E+00
   2.4625000E-01   1.0000000E+00   0.0000000E+00   1.0000000E+00   2.5000000E+00
   2.4875000E-01   1.0000000E+00   0.0000000E+00   1.0000000E+00   2.5000000E+00
   2.5125000E-01   1.0000000E+00   0.0000000E+00   1.0000000E+00   2.5000000E+00
   2.5375000E-01   1.0000000E+00   0.0000000E+00   1.0000000E+00   2.5000000E+00
   2.5625000E-01   1.0000000E+00   0.0000000E+00   1.0000000E+00   2.5000000E+00
   2.5875000E-01   1.0000000E+00   0.0000000E+00   1.0000000E+00   2.5000000E+00
   2.6125000E-01   1.0000000E+00   0.0000000E+00   1.0000000E+00   2.5000000E+00
   2.6375000E-01   1.0000000E+00   0.0000000E+00   1.0000000E+00   2.5000000E+00
   2.6625000E-01   1.0000000E+00   0.0000000E+00   1.0000000E+00   2.5000000E+00
   2.6875000E-01   1.0000000E+00   0.0000000E+00   1.0000000E+00   2.5000000E+00
   2.7125000E-01   1.0000000E+00   0.0000000E+00   1.0000000E+00   2.5000000E+00
   2.7375000E-01   1.0000000E+00   0.0000000E+00   1.0000000E+00   2.5000000E+00
   2.7625000E-01   1.0000000E+00   0.0000000E+00   1.0000000E+00   2.5000000E+00
   2.7875000E-01   1.0000000E+00   0.0000000E+00   1.0000000E+00   2.5000000E+00
   2.8125000E-01   1.0000000E+00   0.0000000E+00   1.0000000E+00   2.5000000E+00
   2.8375000E-01   1.0000000E+00   0.0000000E+00   1.0000000E+00   2.5000000E+00
   2.8625000E-01   1.0000000E+00   0.0000000E+00   1.0000000E+00   2.5000000E+00
   2.8875000E-01   1.0000000E+00   0.0000000E+00   1.0000000E+00   2.5000000E+00
   2.9125000E-01   1.0000000E+00   0.0000000E+00   1.0000000E+00   2.5000000E+00
   2.9375000E-01   1.0000000E+00   0.0000000E+00   1.0000000E+00   2.5000000E+00
   2.9625000E-01   1.0000000E+00   0.0000000E+00   1.0000000E+00   2.5000000E+00
   2.9875000E-01   1.0000000E+00   0.0000000E+00   1.0000000E+00   2.5000000E+00
   3.0125000E-01   1.0000000E+00   0.0000000E+00   1.0000000E+00   2.5000000E+00
   3.0375000E-01   1.0000000E+00   0.0000000E+00   1.0000000E+00   2.5000000E+00
   3.0625000E-01   1.0000000E+00   0.0000000E+00   1.0000000E+00   2.5000000E+00
   3.0875000E-01   1.0000000E+00   0.0000000E+00   1.0000000E+00   2.5000000E+00
   3.1125000E-01   1.0000000E+00   0.0000000E+00   1.0000000E+00   2.5000000E+00
   3.1375000E-01   1.0000000E+00   0.0000000E+00   1.0000000E+00   2.5000000E+00
   3.1625000E-01   1.0000000E+00   0.0000000E+00   1.0000000E+00   2.5000000E+00
   3.1875000E-01   1.0000000E+00   0.0000000E+00   1.0000000E+00   2.5000000E+00
   3.2125000E-01   1.0000000E+00   0.0000000E+00   1.0000000E+00   2.5000000E+00
   3.2375000E-01   1.0000000E+00   6.8955375E-03   1.0000000E+00   2.5000000E+00
   3.2625000E-01   9.8839863E-01   2.0735519E-02   9.8379585E-01   2.4883580E+00
   3.2875000E-01   9.7682405E-01   3.4624408E-02   9.6770477E-01   2.4766609E+00
   3.3125000E-01   9.6535816E-01   4.8513297E-02   9.5183980E-01   2.4649913E+00
   3.3375000E-01   9.5400019E-01   6.2402186E-02   9.3619829E-01   2.4533493E+00
   3.3625000E-01   9.4274938E-01   7.6291075E-02   9.2077762E-01   2.4417349E+00
   3.3875000E-01   9.3160496E-01   9.0179964E-02   9.0557518E-01   2.4301480E+00
   3.4125000E-01   9.2056619E-01   1.0406885E-01   8.9058839E-01   2.4185887E+00
   3.4375000E-01   9.0963231E-01   1.1795774E-01   8.7581470E-01   2.4070569E+00
   3.4625000E-01   8.9880257E-01   1.3184663E-01   8.6125158E-01   2.3955527E+00
   3.4875000E-01   8.8807623E-01   1.4573552E-01   8.4689651E-01   2.3840761E+00
   3.5125000E-01   8.7745253E-01   1.5962441E-01   8.3274702E-01   2.3726270E+00
   3.5375000E-01   8.6693075E-01   1.7351330E-01   8.1880064E-01   2.3612054E+00
   3.5625000E-01   8.5651015E-01   1.8740219E-01   8.0505494E-01   2.3498114E+00
   3.5875000E-01   8.4619000E-01   2.0129107E-01   7.9150751E-01   2.3384450E+00
   3.6125000E-01   8.3596956E-01   2.1517996E-01   7.7815596E-01   2.3271062E+00
   3.6375000E-01   8.2584812E-01   2.2906885E-01   7.6499793E-01   2.3157948E+00
   3.6625000E-01   8.1582495E-01   2.4295774E-01   7.5203106E-01   2.3045111E+00
   3.6875000E-01   8.0589934E-01   2.5684663E-01   7.3925305E-01   2.2932549E+00
   3.7125000E-01   7.9607058E-01   2.7073552E-01   7.2666158E-01   2.2820263E+00
   3.7375000E-01   7.8633794E-01   2.8462441E-01   7.1425440E-01   2.2708252E+00
   3.7625000E-01   7.7670073E-01   2.9851330E-01   7.0202924E-01   2.2596517E+00
   3.7875000E-01   7.6715824E-01   3.1240219E-01   6.8998387E-01   2.2485057E+00
   3.8125000E-01   7.5770978E-01   3.2629107E-01   6.7811609E-01   2.2373873E+00
   3.8375000E-01   7.4835464E-01   3.4017996E-01   6.6642371E-01   2.2262964E+00
   3.8625000E-01   7.3909213E-01   3.5406885E-01   6.5490455E-01   2.2152331E+00
   3.8875000E-01   7.2992157E-01   3.6795774E-01   6.4355649E-01   2.2041974E+00
   3.9125000E-01   7.2084226E-01   3.8184663E-01   6.3237739E-01   2.1931892E+00
   3.9375000E-01   7.1185352E-01   3.9573552E-01   6.2136515E-01   2.1822086E+00
   3.9625000E-01   7.0295468E-01   4.0962441E-01   6.1051770E-01   2.1712555E+00
   3.9875000E-01   6.9414506E-01   4.2351330E-01   5.9983297E-01   2.1603300E+00
   4.0125000E-01   6.8542398E-01   4.3740219E-01   5.8930892E-01   2.1494321E+00
   4.0375000E-01   6.7679078E-01   4.5129107E-01   5.7894354E-01   2.1385617E+00
   4.0625000E-01   6.6824480E-01   4.6517996E-01   5.6873482E-01   2.1277189E+00
   4.0875000E-01   6.5978536E-01   4.7906885E-01   5.5868079E-01   2.1169036E+00
   4.1125000E-01   6.5141181E-01   4.9295774E-01   5.4877949E-01   2.1061159E+00
   4.1375000E-01   6.4312349E-01   5.0684663E-01   5.3902899E-01   2.0953557E+00
   4.1625000E-01   6.3491975E-01   5.2073552E-01   5.2942735E-01   2.0846231E+00
   4.1875000E-01   6.2679995E-01   5.3462441E-01   5.1997269E-01   2.0739180E+00
   4.2125000E-01   6.1876343E-01   5.4851330E-01   5.1066312E-01   2.0632406E+00
   4.2375000E-01   6.1080956E-01   5.6240219E-01   5.0149679E-01   2.0525906E+00
   4.2625000E-01   6.0293770E-01   5.7629107E-01   4.9247185E-01   2.0419682E+00
   4.2875000E-01   5.9514720E-01   5.9017996E-01   4.8358648E-01   2.0313734E+00
   4.3125000E-01   5.8743744E-01   6.0406885E-01   4.7483888E-01   2.0208062E+00
   4.3375000E-01   5.7980779E-01   6.1795774E-01   4.6622726E-01   2.0102665E+00
   4.3625000E-01   5.7225762E-01   6.3184663E-01   4.5774986E-01   1.9997543E+00
   4.3875000E-01   5.6478631E-01   6.4573552E-01   4.4940492E-01   1.9892697E+00
   4.4125000E-01   5.5739324E-01   6.5962441E-01   4.4119072E-01   1.9788127E+00
   4.4375000E-01   5.5007779E-01   6.7351330E-01   4.3310556E-01   1.9683832E+00
   4.4625000E-01   5.4283936E-01   6.8740219E-01   4.2514772E-01   1.9579813E+00
   4.4875000E-01   5.3567732E-01   7.0129107E-01   4.1731555E-01   1.9476069E+00
   4.5125000E-01   5.2859108E-01   7.1517996E-01   4.0960737E-01   1.9372601E+00
   4.5375000E-01   5.2158003E-01   7.2906885E-01   4.0202156E-01   1.9269409E+00
   4.5625000E-01   5.1464358E-01   7.4295774E-01   3.9455648E-01   1.9166492E+00
   4.5875000E-01   5.0778112E-01   7.5684663E-01   3.8721054E-01   1.9063851E+00
   4.6125000E-01   5.0099206E-01   7.7073552E-01   3.7998214E-01   1.8961485E+00
   4.6375000E-01   4.9427581E-01   7.8462441E-01   3.7286971E-01   1.8859395E+00
   4.6625000E-01   4.8763179E-01   7.9851330E-01   3.6587169E-01   1.8757580E+00
   4.6875000E-01   4.8105940E-01   8.1240219E-01   3.5898656E-01   1.8656041E+00
   4.7125000E-01   4.7455808E-01   8.2629107E-01   3.5221279E-01   1.8554778E+00
   4.7375000E-01   4.6812723E-01   8.4017996E-01   3.4554886E-01   1.8453790E+00
   4.7625000E-01   4.6176629E-01   8.5406885E-01   3.3899330E-01   1.8353078E+00
   4.7875000E-01   4.5547469E-01   8.6795774E-01   3.3254464E-01   1.8252641E+00
   4.8125000E-01   4.4925185E-01   8.8184663E-01   3.2620141E-01   1.8152480E+00
   4.8375000E-01   4.4309722E-01   8.9573552E-01   3.1996217E-01   1.8052594E+00
   4.8625000E-01   4.3701022E-01   9.0962441E-01   3.1382550E-01   1.7952984E+00
   4.8875000E-01   4.3099030E-01   9.2201074E-01   3.0779000E-01   1.7853650E+00
   4.9125000E-01   4.2631943E-01   9.2745262E-01   3.0313018E-01   1.7776001E+00
   4.9375000E-01   4.2631943E-01   9.2745262E-01   3.0313018E-01   1.7776001E+00
   4.9625000E-01   4.2631943E-01   9.2745262E-01   3.0313018E-01   1.7776001E+00
   4.9875000E-01   4.2631943E-01   9.2745262E-01   3.0313018E-01   1.7776001E+00
   5.0125000E-01   4.2631943E-01   9.2745262E-01   3.0313018E-01   1.7776001E+00
   5.0375000E-01   4.2631943E-01   9.2745262E-01   3.0313018E-01   1.7776001E+00
   5.0625000E-01   4.2631943E-01   9.2745262E-01   3.0313018E-01   1.7776001E+00
   5.0875000E-01   4.2631943E-01   9.2745262E-01   3.0313018E-01   1.7776001E+00
   5.1125000E-01   4.2631943E-01   9.2745262E-01   3.0313018E-01   1.7776001E+00
   5.1375000E-01   4.2631943E-01   9.2745262E-01   3.0313018E-01   1.7776001E+00
   5.1625000E-01   4.2631943E-01   9.2745262E-01   3.0313018E-01   1.7776001E+00
   5.1875000E-01   4.2631943E-01   9.2745262E-01   3.0313018E-01   1.7776001E+00
   5.2125000E-01   4.2631943E-01   9.2745262E-01   3.0313018E-01   1.7776001E+00
   5.2375000E-01   4.2631943E-01   9.2745262E-01   3.0313018E-01   1.7776001E+00
   5.2625000E-01   4.2631943E-01   9.2745262E-01   3.0313018E-01   1.7776001E+00
   5.2875000E-01   4.2631943E-01   9.2745262E-01   3.0313018E-01   1.7776001E+00
   5.3125000E-01   4.2631943E-01   9.2745262E-01   3.0313018E-01   1.7776001E+00
   5.3375000E-01   4.2631943E-01   9.2745262E-01   3.0313018E-01   1.7776001E+00
   5.3625000E-01   4.2631943E-01   9.2745262E-01   3.0313018E-01   1.7776001E+00
   5.3875000E-01   4.2631943E-01   9.2745262E-01   3.0313018E-01   1.7776001E+00
   5.4125000E-01   4.2631943E-01   9.2745262E-01   3.0313018E-01   1.7776001E+00
   5.4375000E-01   4.2631943E-01   9.2745262E-01   3.0313018E-01   1.7776001E+00
   5.4625000E-01   4.2631943E-01   9.2745262E-01   3.0313018E-01   1.7776001E+00
   5.4875000E-01   4.2631943E-01   9.2745262E-01   3.0313018E-01   1.7776001E+00
   5.5125000E-01   4.2631943E-01   9.2745262E-01   3.0313018E-01   1.7776001E+00
   5.5375000E-01   4.2631943E-01   9.2745262E-01   3.0313018E-01   1.7776001E+00
   5.5625000E-01   4.2631943E-01   9.2745262E-01   3.0313018E-01   1.7776001E+00
   5.5875000E-01   4.2631943E-01   9.2745262E-01   3.0313018E-01   1.7776001E+00
   5.6125000E-01   4.2631943E-01   9.2745262E-01   3.0313018E-01   1.7776001E+00
   5.6375000E-01   4.2631943E-01   9.2745262E-01   3.0313018E-01   1.7776001E+00
   5.6625000E-01   4.2631943E-01   9.2745262E-01   3.0313018E-01   1.7776001E+00
   5.6875000E-01   4.2631943E-01   9.2745262E-01   3.0313018E-01   1.7776001E+00
   5.7125000E-01   4.2631943E-01   9.2745262E-01   3.0313018E-01   1.7776001E+00
   5.7375000E-01   4.2631943E-01   9.2745262E-01   3.0313018E-01   1.7776001E+00
   5.7625000E-01   4.2631943E-01   9.2745262E-01   3.0313018E-01   1.7776001E+00
   5.7875000E-01   4.2631943E-01   9.2745262E-01   3.0313018E-01   1.7776001E+00
   5.8125000E-01   4.2631943E-01   9.2745262E-01   3.0313018E-01   1.7776001E+00
   5.8375000E-01   4.2631943E-01   9.2745262E-01   3.0313018E-01   1.7776001E+00
   5.8625000E-01   4.2631943E-01   9.2745262E-01   3.0313018E-01   1.7776001E+00
   5.8875000E-01   4.2631943E-01   9.2745262E-01   3.0313018E-01   1.7776001E+00
   5.9125000E-01   4.2631943E-01   9.2745262E-01   3.0313018E-01   1.7776001E+00
   5.9375000E-01   4.2631943E-01   9.2745262E-01   3.0313018E-01   1.7776001E+00
   5.9625000E-01   4.2631943E-01   9.2745262E-01   3.0313018E-01   1.7776001E+00
   5.9875000E-01   4.2631943E-01   9.2745262E-01   3.0313018E-01   1.7776001E+00
   6.0125000E-01   4.2631943E-01   9.2745262E-01   3.0313018E-01   1.7776001E+00
   6.0375000E-01   4.2631943E-01   9.2745262E-01   3.0313018E-01   1.7776001E+00
   6.0625000E-01   4.2631943E-01   9.2745262E-01   3.0313018E-01   1.7776001E+00
   6.0875000E-01   4.2631943E-01   9.2745262E-01   3.0313018E-01   1.7776001E+00
   6.1125000E-01   4.2631943E-01   9.2745262E-01   3.0313018E-01   1.7776001E+00
   6.1375000E-01   4.2631943E-01   9.2745262E-01   3.0313018E-01   1.7776001E+00
   6.1625000E-01   4.2631943E-01   9.2745262E-01   3.0313018E-01   1.7776001E+00
   6.1875000E-01   4.2631943E-01   9.2745262E-01   3.0313018E-01   1.7776001E+00
   6.2125000E-01   4.2631943E-01   9.2745262E-01   3.0313018E-01   1.7776001E+00
   6.2375000E-01   4.2631943E-01   9.2745262E-01   3.0313018E-01   1.7776001E+00
   6.2625000E-01   4.2631943E-01   9.2745262E-01   3.0313018E-01   1.7776001E+00
   6.2875000E-01   4.2631943E-01   9.2745262E-01   3.0313018E-01   1.7776001E+00
   6.3125000E-01   4.2631943E-01   9.2745262E-01   3.0313018E-01   1.7776001E+00
   6.3375000E-01   4.2631943E-01   9.2745262E-01   3.0313018E-01   1.7776001E+00
   6.3625000E-01   4.2631943E-01   9.2745262E-01   3.0313018E-01   1.7776001E+00
   6.3875000E-01   4.2631943E-01   9.2745262E-01   3.0313018E-01   1.7776001E+00
   6.4125000E-01   2.6557371E-01   9.2745262E-01   3.0313018E-01   2.8535409E+00
   6.4375000E-01   2.6557371E-01   9.2745262E-01   3.0313018E-01   2.8535409E+00
   6.4625000E-01   2.6557371E-01   9.2745262E-01   3.0313018E-01   2.8535409E+00
   6.4875000E-01   2.6557371E-01   9.2745262E-01   3.0313018E-01   2.8535409E+00
   6.5125000E-01   2.6557371E-01   9.2745262E-01   3.0313018E-01   2.8535409E+00
   6.5375000E-01   2.6557371E-01   9.2745262E-01   3.0313018E-01   2.8535409E+00
   6.5625000E-01   2.6557371E-01   9.2745262E-01   3.0313018E-01   2.8535409E+00
   6.5875000E-01   2.6557371E-01   9.2745262E-01   3.0313018E-01   2.8535409E+00
   6.6125000E-01   2.6557371E-01   9.2745262E-01   3.0313018E-01   2.8535409E+00
   6.6375000E-01   2.6557371E-01   9.2745262E-01   3.0313018E-01   2.8535409E+00
   6.6625000E-01   2.6557371E-01   9.2745262E-01   3.0313018E-01   2.8535409E+00
   6.6875000E-01   2.6557371E-01   9.2745262E-01   3.0313018E-01   2.8535409E+00
   6.7125000E-01   2.6557371E-01   9.2745262E-01   3.0313018E-01   2.8535409E+00
   6.7375000E-01   2.6557371E-01   9.2745262E-01   3.0313018E-01   2.8535409E+00
   6.7625000E-01   2.6557371E-01   9.2745262E-01   3.0313018E-01   2.8535409E+00
   6.7875000E-01   2.6557371E-01   9.2745262E-01   3.0313018E-01   2.8535409E+00
   6.8125000E-01   2.6557371E-01   9.2745262E-01   3.0313018E-01   2.8535409E+00
   6.8375000E-01   2.6557371E-01   9.2745262E-01   3.0313018E-01   2.8535409E+00
   6.8625000E-01   2.6557371E-01   9.2745262E-01   3.0313018E-01   2.8535409E+00
   6.8875000E-01   2.6557371E-01   9.2745262E-01   3.0313018E-01   2.8535409E+00
   6.9125000E-01   2.6557371E-01   9.2745262E-01   3.0313018E-01   2.8535409E+00
   6.9375000E-01   2.6557371E-01   9.2745262E-01   3.0313018E-01   2.8535409E+00
   6.9625000E-01   2.6557371E-01   9.2745262E-01   3.0313018E-01   2.8535409E+00
   6.9875000E-01   2.6557371E-01   9.2745262E-01   3.0313018E-01   2.8535409E+00
   7.0125000E-01   2.6557371E-01   9.2745262E-01   3.0313018E-01   2.8535409E+00
   7.0375000E-01   2.6557371E-01   9.2745262E-01   3.0313018E-01   2.8535409E+00
   7.0625000E-01   2.6557371E-01   9.2745262E-01   3.0313018E-01   2.8535409E+00
   7.0875000E-01   2.6557371E-01   9.2745262E-01   3.0313018E-01   2.8535409E+00
   7.1125000E-01   2.6557371E-01   9.2745262E-01   3.0313018E-01   2.8535409E+00
   7.1375000E-01   2.6557371E-01   9.2745262E-01   3.0313018E-01   2.8535409E+00
   7.1625000E-01   2.6557371E-01   9.2745262E-01   3.0313018E-01   2.8535409E+00
   7.1875000E-01   2.6557371E-01   9.2745262E-01   3.0313018E-01   2.8535409E+00
   7.2125000E-01   2.6557371E-01   9.2745262E-01   3.0313018E-01   2.8535409E+00
   7.2375000E-01   2.6557371E-01   9.2745262E-01   3.0313018E-01   2.8535409E+00
   7.2625000E-01   2.6557371E-01   9.2745262E-01   3.0313018E-01   2.8535409E+00
   7.2875000E-01   2.6557371E-01   9.2745262E-01   3.0313018E-01   2.8535409E+00
   7.3125000E-01   2.6557371E-01   9.2745262E-01   3.0313018E-01   2.8535409E+00
   7.3375000E-01   2.6557371E-01   9.2745262E-01   3.0313018E-01   2.8535409E+00
   7.3625000E-01   2.6557371E-01   9.2745262E-01   3.0313018E-01   2.8535409E+00
   7.3875000E-01   2.6557371E-01   9.2745262E-01   3.0313018E-01   2.8535409E+00
   7.4125000E-01   2.6557371E-01   9.2745262E-01   3.0313018E-01   2.8535409E+00
   7.4375000E-01   2.6557371E-01   9.2745262E-01   3.0313018E-01   2.8535409E+00
   7.4625000E-01   2.6557371E-01   9.2745262E-01   3.0313018E-01   2.8535409E+00
   7.4875000E-01   2.6557371E-01   9.2745262E-01   3.0313018E-01   2.8535409E+00
   7.5125000E-01   2.6557371E-01   9.2745262E-01   3.0313018E-01   2.8535409E+00
   7.5375000E-01   2.6557371E-01   9.2745262E-01   3.0313018E-01   2.8535409E+00
   7.5625000E-01   2.6557371E-01   9.2745262E-01   3.0313018E-01   2.8535409E+00
   7.5875000E-01   2.6557371E-01   9.2745262E-01   3.0313018E-01   2.8535409E+00
   7.6125000E-01   2.6557371E-01   9.2745262E-01   3.0313018E-01   2.8535409E+00
   7.6375000E-01   2.6557371E-01   4.6372631E-01   3.0313018E-01   2.8535409E+00
   7.6625000E-01   1.2500000E-01   0.0000000E+00   1.0000000E-01   2.0000000E+00
   7.6875000E-01   1.2500000E-01   0.0000000E+00   1.0000000E-01   2.0000000E+00
   7.7125000E-01   1.2500000E-01   0.0000000E+00   1.0000000E-01   2.0000000E+00
   7.7375000E-01   1.2500000E-01   0.0000000E+00   1.0000000E-01   2.0000000E+00
   7.7625000E-01   1.2500000E-01   0.0000000E+00   1.0000000E-01   2.0000000E+00
   7.7875000E-01   1.2500000E-01   0.0000000E+00   1.0000000E-01   2.0000000E+00
   7.8125000E-01   1.2500000E-01   0.0000000E+00   1.0000000E-01   2.0000000E+00
   7.8375000E-01   1.2500000E-01   0.0000000E+00   1.0000000E-01   2.0000000E+00
   7.8625000E-01   1.2500000E-01   0.0000000E+00   1.0000000E-01   2.0000000E+00
   7.8875000E-01   1.2500000E-01   0.0000000E+00   1.0000000E-01   2.0000000E+00
   7.9125000E-01   1.2500000E-01   0.0000000E+00   1.0000000E-01   2.0000000E+00
   7.9375000E-01   1.2500000E-01   0.0000000E+00   1.0000000E-01   2.0000000E+00
   7.9625000E-01   1.2500000E-01   0.0000000E+00   1.0000000E-01   2.0000000E+00
   7.9875000E-01   1.2500000E-01   0.0000000E+00   1.0000000E-01   2.0000000E+00
   8.0125000E-01   1.2500000E-01   0.0000000E+00   1.0000000E-01   2.0000000E+00
   8.0375000E-01   1.2500000E-01   0.0000000E+00   1.0000000E-01   2.0000000E+00
   8.0625000E-01   1.2500000E-01   0.0000000E+00   1.0000000E-01   2.0000000E+00
   8.0875000E-01   1.2500000E-01   0.0000000E+00   1.0000000E-01   2.0000000E+00
   8.1125000E-01   1.2500000E-01   0.0000000E+00   1.0000000E-01   2.0000000E+00
   8.1375000E-01   1.2500000E-01   0.0000000E+00   1.0000000E-01   2.0000000E+00
   8.1625000E-01   1.2500000E-01   0.0000000E+00   1.0000000E-01   2.0000000E+00
   8.1875000E-01   1.2500000E-01   0.0000000E+00   1.0000000E-01   2.0000000E+00
   8.2125000E-01   1.2500000E-01   0.0000000E+00   1.0000000E-01   2.0000000E+00
   8.2375000E-01   1.2500000E-01   0.0000000E+00   1.0000000E-01   2.0000000E+00
   8.2625000E-01   1.2500000E-01   0.0000000E+00   1.0000000E-01   2.0000000E+00
   8.2875000E-01   1.2500000E-01   0.0000000E+00   1.0000000E-01   2.0000000E+00
   8.3125000E-01   1.2500000E-01   0.0000000E+00   1.0000000E-01   2.0000000E+00
   8.3375000E-01   1.2500000E-01   0.0000000E+00   1.0000000E-01   2.0000000E+00
   8.3625000E-01   1.2500000E-01   0.0000000E+00   1.0000000E-01   2.0000000E+00
   8.3875000E-01   1.2500000E-01   0.0000000E+00   1.0000000E-01   2.0000000E+00
   8.4125000E-01   1.2500000E-01   0.0000000E+00   1.0000000E-01   2.0000000E+00
   8.4375000E-01   1.2500000E-01   0.0000000E+00   1.0000000E-01   2.0000000E+00
   8.4625000E-01   1.2500000E-01   0.0000000E+00   1.0000000E-01   2.0000000E+00
   8.4875000E-01   1.2500000E-01   0.0000000E+00   1.0000000E-01   2.0000000E+00
   8.5125000E-01   1.2500000E-01   0.0000000E+00   1.0000000E-01   2.0000000E+00
   8.5375000E-01   1.2500000E-01   0.0000000E+00   1.0000000E-01   2.0000000E+00
   8.5625000E-01   1.2500000E-01   0.0000000E+00   1.0000000E-01   2.0000000E+00
   8.5875000E-01   1.2500000E-01   0.0000000E+00   1.0000000E-01   2.0000000E+00
   8.6125000E-01   1.2500000E-01   0.0000000E+00   1.0000000E-01   2.0000000E+00
   8.6375000E-01   1.2500000E-01   0.0000000E+00   1.0000000E-01   2.0000000E+00
   8.6625000E-01   1.2500000E-01   0.0000000E+00   1.0000000E-01   2.0000000E+00
   8.6875000E-01   1.2500000E-01   0.0000000E+00   1.0000000E-01   2.0000000E+00
   8.7125000E-01   1.2500000E-01   0.0000000E+00   1.0000000E-01   2.0000000E+00
   8.7375000E-01   1.2500000E-01   0.0000000E+00   1.0000000E-01   2.0000000E+00
   8.7625000E-01   1.2500000E-01   0.0000000E+00   1.0000000E-01   2.0000000E+00
   8.7875000E-01   1.2500000E-01   0.0000000E+00   1.0000000E-01   2.0000000E+00
   8.8125000E-01   1.2500000E-01   0.0000000E+00   1.0000000E-01   2.0000000E+00
   8.8375000E-01   1.2500000E-01   0.0000000E+00   1.0000000E-01   2.0000000E+00
   8.8625000E-01   1.2500000E-01   0.0000000E+00   1.0000000E-01   2.0000000E+00
   8.8875000E-01   1.2500000E-01   0.0000000E+00   1.0000000E-01   2.0000000E+00
   8.9125000E-01   1.2500000E-01   0.0000000E+00   1.0000000E-01   2.0000000E+00
   8.9375000E-01   1.2500000E-01   0.0000000E+00   1.0000000E-01   2.0000000E+00
   8.9625000E-01   1.2500000E-01   0.0000000E+00   1.0000000E-01   2.0000000E+00
   8.9875000E-01   1.2500000E-01   0.0000000E+00   1.0000000E-01   2.0000000E+00
   9.0125000E-01   1.2500000E-01   0.0000000E+00   1.0000000E-01   2.0000000E+00
   9.0375000E-01   1.2500000E-01   0.0000000E+00   1.0000000E-01   2.0000000E+00
   9.0625000E-01   1.2500000E-01   0.0000000E+00   1.0000000E-01   2.0000000E+00
   9.0875000E-01   1.2500000E-01   0.0000000E+00   1.0000000E-01   2.0000000E+00
   9.1125000E-01   1.2500000E-01   0.0000000E+00   1.0000000E-01   2.0000000E+00
   9.1375000E-01   1.2500000E-01   0.0000000E+00   1.0000000E-01   2.0000000E+00
   9.1625000E-01   1.2500000E-01   0.0000000E+00   1.0000000E-01   2.0000000E+00
   9.1875000E-01   1.2500000E-01   0.0000000E+00   1.0000000E-01   2.0000000E+00
   9.2125000E-01   1.2500000E-01   0.0000000E+00   1.0000000E-01   2.0000000E+00
   9.2375000E-01   1.2500000E-01   0.0000000E+00   1.0000000E-01   2.0000000E+00
   9.2625000E-01   1.2500000E-01   0.0000000E+00   1.0000000E-01   2.0000000E+00
   9.2875000E-01   1.2500000E-01   0.0000000E+00   1.0000000E-01   2.0000000E+00
   9.3125000E-01   1.2500000E-01   0.0000000E+00   1.0000000E-01   2.0000000E+00
   9.3375000E-01   1.2500000E-01   0.0000000E+00   1.0000000E-01   2.0000000E+00
   9.3625000E-01   1.2500000E-01   0.0000000E+00   1.0000000E-01   2.0000000E+00
   9.3875000E-01   1.2500000E-01   0.0000000E+00   1.0000000E-01   2.0000000E+00
   9.4125000E-01   1.2500000E-01   0.0000000E+00   1.0000000E-01   2.0000000E+00
   9.4375000E-01   1.2500000E-01   0.0000000E+00   1.0000000E-01   2.0000000E+00
   9.4625000E-01   1.2500000E-01   0.0000000E+00   1.0000000E-01   2.0000000E+00
   9.4875000E-01   1.2500000E-01   0.0000000E+00   1.0000000E-01   2.0000000E+00
   9.5125000E-01   1.2500000E-01   0.0000000E+00   1.0000000E-01   2.0000000E+00
   9.5375000E-01   1.2500000E-01   0.0000000E+00   1.0000000E-01   2.0000000E+00
   9.5625000E-01   1.2500000E-01   0.0000000E+00   1.0000000E-01   2.0000000E+00
   9.5875000E-01   1.2500000E-01   0.0000000E+00   1.0000000E-01   2.0000000E+00
   9.6125000E-01   1.2500000E-01   0.0000000E+00   1.0000000E-01   2.0000000E+00
   9.6375000E-01   1.2500000E-01   0.0000000E+00   1.0000000E-01   2.0000000E+00
   9.6625000E-01   1.2500000E-01   0.0000000E+00   1.0000000E-01   2.0000000E+00
   9.6875000E-01   1.2500000E-01   0.0000000E+00   1.0000000E-01   2.0000000E+00
   9.7125000E-01   1.2500000E-01   0.0000000E+00   1.0000000E-01   2.0000000E+00
   9.7375000E-01   1.2500000E-01   0.0000000E+00   1.0000000E-01   2.0000000E+00
   9.7625000E-01   1.2500000E-01   0.0000000E+00   1.0000000E-01   2.0000000E+00
   9.7875000E-01   1.2500000E-01   0.0000000E+00   1.0000000E-01   2.0000000E+00
   9.8125000E-01   1.2500000E-01   0.0000000E+00   1.0000000E-01   2.0000000E+00
   9.8375000E-01   1.2500000E-01   0.0000000E+00   1.0000000E-01   2.0000000E+00
   9.8625000E-01   1.2500000E-01   0.0000000E+00   1.0000000E-01   2.0000000E+00
   9.8875000E-01   1.2500000E-01   0.0000000E+00   1.0000000E-01   2.0000000E+00
   9.9125000E-01   1.2500000E-01   0.0000000E+00   1.0000000E-01   2.0000000E+00
   9.9375000E-01   1.2500000E-01   0.0000000E+00   1.0000000E-01   2.0000000E+00
   9.9625000E-01   1.2500000E-01   0.0000000E+00   1.0000000E-01   2.0000000E+00
