     0.0006250000000      0.1588761846796      1.0000000000000   1207.4968191524249     76.7369950558596
     0.0018750000000      0.1588761846796      1.0097789816631   1207.4968191524249     76.7369950558596
     0.0031250000000      0.1589102765754      1.0290585940068   1207.5957907343177     76.7597524387601
     0.0043750000000      0.1588993155463      1.0482019345567   1207.5628728136703     76.7523655876698
     0.0056250000000      0.1588983282661      1.0674521007116   1207.5595977565451     76.7516805460651
     0.0068750000000      0.1588953484175      1.0866718646974   1207.5509169764853     76.7496894739568
     0.0081250000000      0.1588932555617      1.1058918017484   1207.5452858095509     76.7483206802020
     0.0093750000000      0.1588914658978      1.1251042318830   1207.5410025740732     76.7471840123007
     0.0106250000000      0.1588901075574      1.1443104763162   1207.5384401609554     76.7463650547659
     0.0118750000000      0.1588891584896      1.1635099726198   1207.5375226797842     76.7458483292936
     0.0131250000000      0.1588886247659      1.1827025628222   1207.5382473970781     76.7456365924565
     0.0143750000000      0.1588885084743      1.2018880153429   1207.5405913310292     76.7457293915180
     0.0156250000000      0.1588888131930      1.2210661129579   1207.5445285441251     76.7461268072516
     0.0168750000000      0.1588895428061      1.2402366371679   1207.5500291799258     76.7468288207526
     0.0181250000000      0.1588907012796      1.2593993709775   1207.5570628045923     76.7478354176587
     0.0193750000000      0.1588922921002      1.2785540985039   1207.5656024235916     76.7491465721741
     0.0206250000000      0.1588943175846      1.2977006051160   1207.5756297784860     76.7507622501623
     0.0218750000000      0.1588967780449      1.3168386774904   1207.5871416933460     76.7526824093934
     0.0231250000000      0.1588996708509      1.3359681036808   1207.6001572122123     76.7549070002100
     0.0243750000000      0.1589029894422      1.3550886731882   1207.6147251151683     76.7574359660654
     0.0256250000000      0.1589067223601      1.3742001770304   1207.6309312765309     76.7602692439282
     0.0268750000000      0.1589108523848      1.3933024078130   1207.6489052268169     76.7634067644714
     0.0281250000000      0.1589153558674      1.4123951597982   1207.6688252207000     76.7668484519744
     0.0293750000000      0.1589202023502      1.4314782289725   1207.6909211125053     76.7705942238816
     0.0306250000000      0.1589253545571      1.4505514131116   1207.7154744119059     76.7746439899819
     0.0318750000000      0.1589307688174      1.4696145118411   1207.7428150399187     76.7789976511996
     0.0331250000000      0.1589363959584      1.4886673266937   1207.7733145234697     76.7836550980250
     0.0343750000000      0.1589421826640      1.5077096611604   1207.8073756383033     76.7886162086446
     0.0356250000000      0.1589480732613      1.5267413207375   1207.8454188088770     76.7938808468639
     0.0368750000000      0.1589540118544      1.5457621129679   1207.8878658675476     76.7994488599417
     0.0381250000000      0.1589599446933      1.5647718474787   1207.9351220310273     76.8053200764711
     0.0393750000000      0.1589658226412      1.5837703360146   1207.9875571404364     76.8114943044465
     0.0406250000000      0.1589716035872      1.6027573924693   1208.0454873111853     76.8179713296492
     0.0418750000000      0.1589772546562      1.6217328329156   1208.1091581400083     76.8247509144630
     0.0431250000000      0.1589827540751      1.6406964756353   1208.1787305198902     76.8318327972060
     0.0443750000000      0.1589880925817      1.6596481411510   1208.2542699313353     76.8392166920277
     0.0456250000000      0.1589932742950      1.6785876522596   1208.3357398310170     76.8469022893824
     0.0468750000000      0.1589983170021      1.6975148340695   1208.4229994720063     76.8548892570552
     0.0481250000000      0.1590032518563      1.7164295140415   1208.5158061915718     76.8631772416798
     0.0493750000000      0.1590081225213      1.7353315220334   1208.6138219192592     76.8717658706618
     0.0506250000000      0.1590129838237      1.7542206903487   1208.7166234120425     76.8806547544016
     0.0518750000000      0.1590179000064      1.7730968537884   1208.8237155313352     76.8898434886991
     0.0531250000000      0.1590229426896      1.7919598497066   1208.9345467483199     76.8993316572203
     0.0543750000000      0.1590281886539      1.8108095180665   1209.0485260023315     76.9091188339125
     0.0556250000000      0.1590337175618      1.8296457014996   1209.1650400387884     76.9192045852644
     0.0568750000000      0.1590396097249      1.8484682453636   1209.2834704105098     76.9295884723293
     0.0581250000000      0.1590459440091      1.8672769978007   1209.4032094276270     76.9402700524431
     0.0593750000000      0.1590527959572      1.8860718097942   1209.5236744738620     76.9512488805979
     0.0606250000000      0.1590602361819      1.9048525352233   1209.6443202568528     76.9625245104457
     0.0618750000000      0.1590683290686      1.9236190309150   1209.7646487150948     76.9740964949339
     0.0631250000000      0.1590771318025      1.9423711566938   1209.8842164528364     76.9859643865842
     0.0643750000000      0.1590866937199      1.9611087754277   1210.0026397084762     76.9981277374469
     0.0656250000000      0.1590970559671      1.9798317530714   1210.1195969755120     77.0105860987676
     0.0668750000000      0.1591082514400      1.9985399587063   1210.2348294845119     77.0233390204137
     0.0681250000000      0.1591203049679      2.0172332645775   1210.3481398185638     77.0363860501094
     0.0693750000000      0.1591332337011      2.0359115461282   1210.4593889741373     77.0497267325300
     0.0706250000000      0.1591470476579      2.0545746820317   1210.5684921962898     77.0633606083018
     0.0718750000000      0.1591617503896      2.0732225542210   1210.6754139150023     77.0772872129545
     0.0731250000000      0.1591773397218      2.0918550479168   1210.7801620918274     77.0915060758613
     0.0743750000000      0.1591938085359      2.1104720516542   1210.8827822570204     77.1060167192030
     0.0756250000000      0.1592111455593      2.1290734573074   1210.9833514806505     77.1208186569803
     0.0768750000000      0.1592293361368      2.1476591601141   1211.0819724803700     77.1359113940958
     0.0781250000000      0.1592483629630      2.1662290586991   1211.1787680265231     77.1512944255189
     0.0793750000000      0.1592682067605      2.1847830550965   1211.2738757644661     77.1669672355434
     0.0806250000000      0.1592888468916      2.2033210547723   1211.3674435361097     77.1829292971415
     0.0818750000000      0.1593102618990      2.2218429666457   1211.4596252490896     77.1991800714137
     0.0831250000000      0.1593324299724      2.2403487031107   1211.5505773132386     77.2157190071332
     0.0843750000000      0.1593553293406      2.2588381800569   1211.6404556404614     77.2325455403778
     0.0856250000000      0.1593789385931      2.2773113168901   1211.7294131857625     77.2496590942432
     0.0868750000000      0.1594032369363      2.2957680365521   1211.8175979935452     77.2670590786299
     0.0881250000000      0.1594282043884      2.3142082655406   1211.9051517040673     77.2847448900930
     0.0893750000000      0.1594538219214      2.3326319339278   1211.9922084694281     77.3027159117495
     0.0906250000000      0.1594800715563      2.3510389753797   1212.0788942260886     77.3209715132310
     0.0918750000000      0.1595069364189      2.3694293271729   1212.1653262710115     77.3395110506763
     0.0931250000000      0.1595344007618      2.3878029302126   1212.2516130905283     77.3583338667545
     0.0943750000000      0.1595624499603      2.4061597290483   1212.3378543943973     77.3774392907138
     0.0956250000000      0.1595910704869      2.4244996718898   1212.4241413117975     77.3968266384481
     0.0968750000000      0.1596202498694      2.4428227106214   1212.5105567107728     77.4164952125777
     0.0981250000000      0.1596499766374      2.4611288008160   1212.5971756076049     77.4364443025396
     0.0993750000000      0.1596802402610      2.4794179017477   1212.6840656375628     77.4566731846825
     0.1006250000000      0.1597110310841      2.4976899764038   1212.7712875631473     77.4771811223658
     0.1018750000000      0.1597423402557      2.5159449914950   1212.8588958003604     77.4979673660588
     0.1031250000000      0.1597741596609      2.5341829174659   1212.9469389474336     77.5190311534379
     0.1043750000000      0.1598064818527      2.5524037285030   1213.0354603039852     77.5403717094830
     0.1056250000000      0.1598392999867      2.5706074025429   1213.1244983715619     77.5619882465690
     0.1068750000000      0.1598726077591      2.5887939212786   1213.2140873291082     77.5838799645544
     0.1081250000000      0.1599063993481      2.6069632701647   1213.3042574790375     77.6060460508651
     0.1093750000000      0.1599406693597      2.6251154384224   1213.3950356613066     77.6284856805748
     0.1106250000000      0.1599754127783      2.6432504190424   1213.4864456343073     77.6511980164798
     0.1118750000000      0.1600106249206      2.6613682087873   1213.5785084224601     77.6741822091715
     0.1131250000000      0.1600463013951      2.6794688081928   1213.6712426312072     77.6974373971043
     0.1143750000000      0.1600824380645      2.6975522215679   1213.7646647306897     77.7209627066594
     0.1156250000000      0.1601190310127      2.7156184569936   1213.8587893098741     77.7447572522075
     0.1168750000000      0.1601560765151      2.7336675263218   1213.9536293030280     77.7688201361670
     0.1181250000000      0.1601935710125      2.7516994451713   1214.0491961907348     77.7931504490614
     0.1193750000000      0.1602315110878      2.7697142329245   1214.1455001775830     77.8177472695740
     0.1206250000000      0.1602698934456      2.7877119127218   1214.2425503487120     77.8426096646018
     0.1218750000000      0.1603087148942      2.8056925114562   1214.3403548072959     77.8677366893075
     0.1231250000000      0.1603479723299      2.8236560597655   1214.4389207949696     77.8931273871722
     0.1243750000000      0.1603876627234      2.8416025920249   1214.5382547970603     77.9187807900457
     0.1256250000000      0.1604277831081      2.8595321463375   1214.6383626343634     77.9446959181986
     0.1268750000000      0.1604683305691      2.8774447645246   1214.7392495430252     77.9708717803731
     0.1281250000000      0.1605093022348      2.8953404921146   1214.8409202440007     77.9973073738351
     0.1293750000000      0.1605506952687      2.9132193783309   1214.9433790033663     78.0240016844258
     0.1306250000000      0.1605925068630      2.9310814760795   1215.0466296846569     78.0509536866153
     0.1318750000000      0.1606347342327      2.9489268419348   1215.1506757942427     78.0781623435558
     0.1331250000000      0.1606773746102      2.9667555361249   1215.2555205206954     78.1056266071372
     0.1343750000000      0.1607204252415      2.9845676225163   1215.3611667689145     78.1333454180423
     0.1356250000000      0.1607638833820      3.0023631685969   1215.4676171897397     78.1613177058047
     0.1368750000000      0.1608077462936      3.0201422454588   1215.5748742056671     78.1895423888671
     0.1381250000000      0.1608520112417      3.0379049277801   1215.6829400332049     78.2180183746415
     0.1393750000000      0.1608966754929      3.0556512938055   1215.7918167023313     78.2467445595710
     0.1406250000000      0.1609417363129      3.0733814253263   1215.9015060734816     78.2757198291926
     0.1418750000000      0.1609871909647      3.0910954076594   1216.0120098523848     78.3049430582023
     0.1431250000000      0.1610330367071      3.1087933296256   1216.1233296030787     78.3344131105216
     0.1443750000000      0.1610792707932      3.1264752835272   1216.2354667593495     78.3641288393656
     0.1456250000000      0.1611258904696      3.1441413651243   1216.3484226348296     78.3940890873128
     0.1468750000000      0.1611728929750      3.1617916736105   1216.4621984319338     78.4242926863772
     0.1481250000000      0.1612202755396      3.1794263115882   1216.5767952498113     78.4547384580814
     0.1493750000000      0.1612680353842      3.1970453850425   1216.6922140914471     78.4854252135321
     0.1506250000000      0.1613161697199      3.2146490033146   1216.8084558700350     78.5163517534973
     0.1518750000000      0.1613646757469      3.2322372790745   1216.9255214147215     78.5475168684851
     0.1531250000000      0.1614135506546      3.2498103282929   1217.0434114758170     78.5789193388245
     0.1543750000000      0.1614627916208      3.2673682702120   1217.1621267295402     78.6105579347480
     0.1556250000000      0.1615123958117      3.2849112273162   1217.2816677823564     78.6424314164763
     0.1568750000000      0.1615623603812      3.3024393253015   1217.4020351749757     78.6745385343043
     0.1581250000000      0.1616126824709      3.3199526930446   1217.5232293860458     78.7068780286894
     0.1593750000000      0.1616633592097      3.3374514625709   1217.6452508355699     78.7394486303416
     0.1606250000000      0.1617143877138      3.3549357690221   1217.7680998881087     78.7722490603150
     0.1618750000000      0.1617657650862      3.3724057506231   1217.8917768557606     78.8052780301020
     0.1631250000000      0.1618174884169      3.3898615486480   1218.0162820009589     78.8385342417282
     0.1643750000000      0.1618695547827      3.4073033073857   1218.1416155391055     78.8720163878502
     0.1656250000000      0.1619219612470      3.4247311741048   1218.2677776410442     78.9057231518543
     0.1668750000000      0.1619747048597      3.4421452990177   1218.3947684354043     78.9396532079578
     0.1681250000000      0.1620277826573      3.4595458352442   1218.5225880108007     78.9738052213113
     0.1693750000000      0.1620811916630      3.4769329387747   1218.6512364179125     79.0081778481035
     0.1706250000000      0.1621349288863      3.4943067684321   1218.7807136714489     79.0427697356674
     0.1718750000000      0.1621889913233      3.5116674858340   1218.9110197519938     79.0775795225882
     0.1731250000000      0.1622433759567      3.5290152553541   1219.0421546077412     79.1126058388128
     0.1743750000000      0.1622980797555      3.5463502440822   1219.1741181561292     79.1478473057620
     0.1756250000000      0.1623530996759      3.5636726217850   1219.3069102853503     79.1833025364427
     0.1768750000000      0.1624084326604      3.5809825608651   1219.4405308557737     79.2189701355637
     0.1781250000000      0.1624640756386      3.5982802363207   1219.5749797012411     79.2548486996513
     0.1793750000000      0.1625200255269      3.6155658257037   1219.7102566302765     79.2909368171685
     0.1806250000000      0.1625762792288      3.6328395090778   1219.8463614271659     79.3272330686340
     0.1818750000000      0.1626328336352      3.6501014689763   1219.9832938529498     79.3637360267440
     0.1831250000000      0.1626896856242      3.6673518903592   1220.1210536462888     79.4004442564953
     0.1843750000000      0.1627468320619      3.6845909605696   1220.2596405242239     79.4373563153099
     0.1856250000000      0.1628042698017      3.7018188692904   1220.3990541828275     79.4744707531610
     0.1868750000000      0.1628619956854      3.7190358084996   1220.5392942977378     79.5117861127010
     0.1881250000000      0.1629200065429      3.7362419724264   1220.6803605245732     79.5493009293905
     0.1893750000000      0.1629782991928      3.7534375575055   1220.8222524992398     79.5870137316294
     0.1906250000000      0.1630368704424      3.7706227623321   1220.9649698381099     79.6249230408886
     0.1918750000000      0.1630957170882      3.7877977876165   1221.1085121380879     79.6630273718439
     0.1931250000000      0.1631548359159      3.8049628361373   1221.2528789765547     79.7013252325111
     0.1943750000000      0.1632142237014      3.8221181126957   1221.3980699111887     79.7398151243823
     0.1956250000000      0.1632738772104      3.8392638240684   1221.5440844796644     79.7784955425637
     0.1968750000000      0.1633337931992      3.8564001789609   1221.6909221992325     79.8173649759147
     0.1981250000000      0.1633939684149      3.8735273879599   1221.8385825661712     79.8564219071884
     0.1993750000000      0.1634543995962      3.8906456634857   1221.9870650551193     79.8956648131734
     0.2006250000000      0.1635150834733      3.9077552197449   1222.1363691182783     79.9350921648364
     0.2018750000000      0.1635760167685      3.9248562726817   1222.2864941845010     79.9747024274667
     0.2031250000000      0.1636371961971      3.9419490399299   1222.4374396582473     80.0144940608215
     0.2043750000000      0.1636986184673      3.9590337407642   1222.5892049184329     80.0544655192726
     0.2056250000000      0.1637602802810      3.9761105960517   1222.7417893171403     80.0946152519538
     0.2068750000000      0.1638221783344      3.9931798282029   1222.8951921782216     80.1349417029098
     0.2081250000000      0.1638843093182      4.0102416611223   1223.0494127957834     80.1754433112467
     0.2093750000000      0.1639466699187      4.0272963201593   1223.2044504325509     80.2161185112824
     0.2106250000000      0.1640092568179      4.0443440320587   1223.3603043181301     80.2569657326994
     0.2118750000000      0.1640720666942      4.0613850249109   1223.5169736471430     80.2979834006975
     0.2131250000000      0.1641350962232      4.0784195281023   1223.6744575772759     80.3391699361489
     0.2143750000000      0.1641983420783      4.0954477722647   1223.8327552272058     80.3805237557533
     0.2156250000000      0.1642618009309      4.1124699892258   1223.9918656744435     80.4220432721948
     0.2168750000000      0.1643254694519      4.1294864119579   1224.1517879530722     80.4637268943003
     0.2181250000000      0.1643893443115      4.1464972745277   1224.3125210513938     80.5055730271982
     0.2193750000000      0.1644534221805      4.1635028120451   1224.4740639095028     80.5475800724797
     0.2206250000000      0.1645176997308      4.1805032606120   1224.6364154167670     80.5897464283612
     0.2218750000000      0.1645821736359      4.1974988572701   1224.7995744092391     80.6320704898480
     0.2231250000000      0.1646468405722      4.2144898399489   1224.9635396670062     80.6745506489012
     0.2243750000000      0.1647116972190      4.2314764474127   1225.1283099114796     80.7171852946061
     0.2256250000000      0.1647767402599      4.2484589192066   1225.2938838026266     80.7599728133434
     0.2268750000000      0.1648419663833      4.2654374956018   1225.4602599361706     80.8029115889648
     0.2281250000000      0.1649073722831      4.2824124175395   1225.6274368407512     80.8460000029714
     0.2293750000000      0.1649729546597      4.2993839265730   1225.7954129750685     80.8892364346986
     0.2306250000000      0.1650387102206      4.3163522648074   1225.9641867250180     80.9326192615064
     0.2318750000000      0.1651046356816      4.3333176748371   1226.1337564008345     80.9761468589784
     0.2331250000000      0.1651707277671      4.3502803996786   1226.3041202342517     81.0198176011305
     0.2343750000000      0.1652369832113      4.3672406826998   1226.4752763757217     81.0636298606329
     0.2356250000000      0.1653033987593      4.3841987675418   1226.6472228916812     81.1075820090490
     0.2368750000000      0.1653699711674      4.4011548980331   1226.8199577619271     81.1516724170948
     0.2381250000000      0.1654366972048      4.4181093180924   1226.9934788771270     81.1958994549277
     0.2393750000000      0.1655035736541      4.4350622716181   1227.1677840364978     81.2402614924708
     0.2406250000000      0.1655705973123      4.4520140023634   1227.3428709457266     81.2847568997859
     0.2418750000000      0.1656377649925      4.4689647537874   1227.5187372151411     81.3293840474968
     0.2431250000000      0.1657050735247      4.4859147688089   1227.6953803582364     81.3741413072858
     0.2443750000000      0.1657725197575      4.5028642893416   1227.8727977912488     81.4190270525998
     0.2456250000000      0.1658401005557      4.5198135592134   1228.0509868193633     81.4640396566383
     0.2468750000000      0.1659078126985      4.5367628306425   1228.2299443332697     81.5091774220334
     0.2481250000000      0.1659756530811      4.5537123596279   1228.4096674043262     81.5544387194400
     0.2493750000000      0.1660436186071      4.5706623956632   1228.5901529532885     81.5998219125829
     0.2506250000000      0.1661117061975      4.5876131840705   1228.7713977776498     81.6453253646231
     0.2518750000000      0.1661799127935      4.6045649703851   1228.9533985545083     81.6909474396322
     0.2531250000000      0.1662482353574      4.6215179999959   1229.1361518384228     81.7366865028621
     0.2543750000000      0.1663166708718      4.6384725180459   1229.3196540561125     81.7825409199688
     0.2556250000000      0.1663852163414      4.6554287693098   1229.5039015070433     81.8285090579499
     0.2568750000000      0.1664538687931      4.6723869981735   1229.6888903606668     81.8745892849577
     0.2581250000000      0.1665226252766      4.6893474486045   1229.8746166550588     81.9207799705899
     0.2593750000000      0.1665914828653      4.7063103641081   1230.0610762953017     81.9670794859721
     0.2606250000000      0.1666604386566      4.7232759876830   1230.2482650523309     82.0134862040389
     0.2618750000000      0.1667294897722      4.7402445617768   1230.4361785615113     82.0599984995294
     0.2631250000000      0.1667986333592      4.7572163282432   1230.6248123218152     82.1066147492677
     0.2643750000000      0.1668678665900      4.7741915283005   1230.8141616949649     82.1533333323019
     0.2656250000000      0.1669371866630      4.7911704024899   1231.0042219047471     82.2001526300047
     0.2668750000000      0.1670065908030      4.8081531906341   1231.1949880365810     82.2470710262681
     0.2681250000000      0.1670760762615      4.8251401317959   1231.3864550372596     82.2940869076602
     0.2693750000000      0.1671456403172      4.8421314642386   1231.5786177148743     82.3411986635681
     0.2706250000000      0.1672152802762      4.8591274253854   1231.7714707389518     82.3884046863437
     0.2718750000000      0.1672849934724      4.8761282517797   1231.9650086407969     82.4357033714579
     0.2731250000000      0.1673547772674      4.8931341790458   1232.1592258140242     82.4830931176540
     0.2743750000000      0.1674246290516      4.9101454418501   1232.3541165153049     82.5305723270955
     0.2756250000000      0.1674945462432      4.9271622738622   1232.5496748653327     82.5781394055123
     0.2768750000000      0.1675645262895      4.9441849077176   1232.7458948499934     82.6257927623471
     0.2781250000000      0.1676345666663      4.9612135749790   1232.9427703217386     82.6735308109008
     0.2793750000000      0.1677046648784      4.9782485060992   1233.1402950011848     82.7213519684781
     0.2806250000000      0.1677748184593      4.9952899303841   1233.3384624789078     82.7692546565316
     0.2818750000000      0.1678450249719      5.0123380759558   1233.5372662174577     82.8172373008048
     0.2831250000000      0.1679152820076      5.0293931697162   1233.7366995535745     82.8652983314746
     0.2843750000000      0.1679855871872      5.0464554373110   1233.9367557006115     82.9134361832929
     0.2856250000000      0.1680559381602      5.0635251030935   1234.1374277511711     82.9616492957270
     0.2868750000000      0.1681263326050      5.0806023900899   1234.3387086799257     83.0099361130999
     0.2881250000000      0.1681967682288      5.0976875199633   1234.5405913466398     83.0582950847291
     0.2893750000000      0.1682672427675      5.1147807129795   1234.7430684993781     83.1067246650658
     0.2906250000000      0.1683377539852      5.1318821879721   1234.9461327779052     83.1552233138322
     0.2918750000000      0.1684082996746      5.1489921623083   1235.1497767172698     83.2037894961582
     0.2931250000000      0.1684788776561      5.1661108518547   1235.3539927515669     83.2524216827182
     0.2943750000000      0.1685494857782      5.1832384709440   1235.5587732178524     83.3011183498666
     0.2956250000000      0.1686201219169      5.2003752323414   1235.7641103602350     83.3498779797723
     0.2968750000000      0.1686907839752      5.2175213472112   1235.9699963341072     83.3986990605534
     0.2981250000000      0.1687614698832      5.2346770250844   1236.1764232105409     83.4475800864106
     0.2993750000000      0.1688321775978      5.2518424738255   1236.3833829808189     83.4965195577598
     0.3006250000000      0.1689029051018      5.2690178996007   1236.5908675610867     83.5455159813645
     0.3018750000000      0.1689736504040      5.2862035068455   1236.7988687971365     83.5945678704668
     0.3031250000000      0.1690444115386      5.3033994982330   1237.0073784693027     83.6436737449187
     0.3043750000000      0.1691151865651      5.3206060746425   1237.2163882974628     83.6928321313115
     0.3056250000000      0.1691859735672      5.3378234351279   1237.4258899461322     83.7420415631056
     0.3068750000000      0.1692567706531      5.3550517768868   1237.6358750296449     83.7913005807588
     0.3081250000000      0.1693275759545      5.3722912952302   1237.8463351174139     83.8406077318541
     0.3093750000000      0.1693983876266      5.3895421835513   1238.0572617392579     83.8899615712267
     0.3106250000000      0.1694692038471      5.4068046332958   1238.2686463907794     83.9393606610907
     0.3118750000000      0.1695400228162      5.4240788339321   1238.4804805388026     83.9888035711637
     0.3131250000000      0.1696108427555      5.4413649729210   1238.6927556268345     84.0382888787924
     0.3143750000000      0.1696816619082      5.4586632356873   1238.9054630805649     84.0878151690759
     0.3156250000000      0.1697524785382      5.4759738055899   1239.1185943133785     84.1373810349884
     0.3168750000000      0.1698232909295      5.4932968638936   1239.3321407318822     84.1869850775017
     0.3181250000000      0.1698940973858      5.5106325897405   1239.5460937414261     84.2366259057060
     0.3193750000000      0.1699648962300      5.5279811601218   1239.7604447516187     84.2863021369299
     0.3206250000000      0.1700356858039      5.5453427498499   1239.9751851818216     84.3360123968595
     0.3218750000000      0.1701064644669      5.5627175315315   1240.1903064666121     84.3857553196566
     0.3231250000000      0.1701772305964      5.5801056755396   1240.4058000612188     84.4355295480752
     0.3243750000000      0.1702479825869      5.5975073499875   1240.6216574469074     84.4853337335775
     0.3256250000000      0.1703187188491      5.6149227207020   1240.8378701363156     84.5351665364480
     0.3268750000000      0.1703894378102      5.6323519511973   1241.0544296787198     84.5850266259073
     0.3281250000000      0.1704601379124      5.6497952026499   1241.2713276652473     84.6349126802234
     0.3293750000000      0.1705308176134      5.6672526338725   1241.4885557340056     84.6848233868223
     0.3306250000000      0.1706014753853      5.6847244012900   1241.7061055751269     84.7347574423975
     0.3318750000000      0.1706721097139      5.7022106589146   1241.9239689357323     84.7847135530168
     0.3331250000000      0.1707427190991      5.7197115583223   1242.1421376247956     84.8346904342284
     0.3343750000000      0.1708133020534      5.7372272486289   1242.3606035179107     84.8846868111652
     0.3356250000000      0.1708838571022      5.7547578764675   1242.5793585619508     84.9347014186471
     0.3368750000000      0.1709543827830      5.7723035859656   1242.7983947796233     84.9847330012816
     0.3381250000000      0.1710248776449      5.7898645187238   1243.0177042739012     85.0347803135625
     0.3393750000000      0.1710953402485      5.8074408137936   1243.2372792323433     85.0848421199661
     0.3406250000000      0.1711657691652      5.8250326076570   1243.4571119312907     85.1349171950462
     0.3418750000000      0.1712361629766      5.8426400342063   1243.6771947399327     85.1850043235262
     0.3431250000000      0.1713065202748      5.8602632247240   1243.8975201242501     85.2351023003887
     0.3443750000000      0.1713768396613      5.8779023078643   1244.1180806508250     85.2852099309637
     0.3456250000000      0.1714471197469      5.8955574096342   1244.3388689905125     85.3353260310128
     0.3468750000000      0.1715173591515      5.9132286533761   1244.5598779219838     85.3854494268124
     0.3481250000000      0.1715875565034      5.9309161597506   1244.7811003351278     85.4355789552327
     0.3493750000000      0.1716577104393      5.9486200467201   1245.0025292343173     85.4857134638152
     0.3506250000000      0.1717278196039      5.9663404295334   1245.2241577415348     85.5358518108458
     0.3518750000000      0.1717978826495      5.9840774207105   1245.4459790993542     85.5859928654265
     0.3531250000000      0.1718678982355      6.0018311300289   1245.6679866737882     85.6361355075422
     0.3543750000000      0.1719378650286      6.0196016645100   1245.8901739569926     85.6862786281259
     0.3556250000000      0.1720077817023      6.0373891284068   1246.1125345698297     85.7364211291190
     0.3568750000000      0.1720776469364      6.0551936231921   1246.3350622642934     85.7865619235291
     0.3581250000000      0.1721474594172      6.0730152475481   1246.5577509257953     85.8366999354843
     0.3593750000000      0.1722172178368      6.0908540973560   1246.7805945753041     85.8868341002824
     0.3606250000000      0.1722869208933      6.1087102656872   1247.0035873713575     85.9369633644380
     0.3618750000000      0.1723565672902      6.1265838427954   1247.2267236119271     85.9870866857246
     0.3631250000000      0.1724261557364      6.1444749161092   1247.4499977361511     86.0372030332130
     0.3643750000000      0.1724956849461      6.1623835702260   1247.6734043259237     86.0873113873057
     0.3656250000000      0.1725651536384      6.1803098869068   1247.8969381073528     86.1374107397662
     0.3668750000000      0.1726345605372      6.1982539450720   1248.1205939520787     86.1875000937456
     0.3681250000000      0.1727039043710      6.2162158207979   1248.3443668784482     86.2375784638029
     0.3693750000000      0.1727731838730      6.2341955873147   1248.5682520525577     86.2876448759223
     0.3706250000000      0.1728423977803      6.2521933150052   1248.7922447891478     86.3376983675251
     0.3718750000000      0.1729115448347      6.2702090714047   1249.0163405523570     86.3877379874769
     0.3731250000000      0.1729806237818      6.2882429212014   1249.2405349563189     86.4377627960909
     0.3743750000000      0.1730496333712      6.3062949262391   1249.4648237656111     86.4877718651251
     0.3756250000000      0.1731185723564      6.3243651455192   1249.6892028955367     86.5377642777760
     0.3768750000000      0.1731874394946      6.3424536352055   1249.9136684122329     86.5877391286662
     0.3781250000000      0.1732562335470      6.3605604486285   1250.1382165325965     86.6376955238279
     0.3793750000000      0.1733249532780      6.3786856362922   1250.3628436240094     86.6876325806813
     0.3806250000000      0.1733935974561      6.3968292458805   1250.5875462038393     86.7375494280072
     0.3818750000000      0.1734621648530      6.4149913222660   1250.8123209387097     86.7874452059159
     0.3831250000000      0.1735306542443      6.4331719075188   1251.0371646434942     86.8373190658101
     0.3843750000000      0.1735990644093      6.4513710409170   1251.2620742800104     86.8871701703429
     0.3856250000000      0.1736673941310      6.4695887589577   1251.4870469553773     86.9369976933711
     0.3868750000000      0.1737356421963      6.4878250953695   1251.7120799199834     86.9868008199036
     0.3881250000000      0.1738038073963      6.5060800811256   1251.9371705650149     87.0365787460441
     0.3893750000000      0.1738718885263      6.5243537444578   1252.1623164194796     87.0863306789297
     0.3906250000000      0.1739398843865      6.5426461108724   1252.3875151466498     87.1360558366646
     0.3918750000000      0.1740077937819      6.5609572031654   1252.6127645398385     87.1857534482481
     0.3931250000000      0.1740756155233      6.5792870414400   1252.8380625174059     87.2354227534993
     0.3943750000000      0.1741433484276      6.5976356431246   1253.0634071168681     87.2850630029758
     0.3956250000000      0.1742109913186      6.6160030229913   1253.2887964879944     87.3346734578889
     0.3968750000000      0.1742785430281      6.6343891931753   1253.5142288847085     87.3842533900138
     0.3981250000000      0.1743460023967      6.6527941631958   1253.7397026556228     87.4338020815959
     0.3993750000000      0.1744133682752      6.6712179399768   1253.9652162330037     87.4833188252527
     0.4006250000000      0.1744806395264      6.6896605278689   1254.1907681199102     87.5328029238718
     0.4018750000000      0.1745478150266      6.7081219286722   1254.4163568752519     87.5822536905053
     0.4031250000000      0.1746148936681      6.7266021416592   1254.6419810964369     87.6316704482601
     0.4043750000000      0.1746818743612      6.7451011635987   1254.8676393992637     87.6810525301851
     0.4056250000000      0.1747487560379      6.7636189887805   1255.0933303946572     87.7303992791555
     0.4068750000000      0.1748155376548      6.7821556090399   1255.3190526617771     87.7797100477533
     0.4081250000000      0.1748822181976      6.8007110137837   1255.5448047169955     87.8289841981457
     0.4093750000000      0.1749487966854      6.8192851900157   1255.7705849781619     87.8782211019610
     0.4106250000000      0.1750152721767      6.8378781223633   1255.9963917234829     87.9274201401620
     0.4118750000000      0.1750816437750      6.8564897931039   1256.2222230442978     87.9765807029177
     0.4131250000000      0.1751479106369      6.8751201821924   1256.4480767909070     88.0257021894734
     0.4143750000000      0.1752140719799      6.8937692672881   1256.6739505105365     88.0747840080200
     0.4156250000000      0.1752801270924      6.9124370237824   1256.8998413763909     88.1238255755617
     0.4168750000000      0.1753460753446      6.9311234248266   1257.1257461066500     88.1728263177841
     0.4181250000000      0.1754119162012      6.9498284413596   1257.3516608721091     88.2217856689221
     0.4193750000000      0.1754776492358      6.9685520421360   1257.5775811910387     88.2707030716278
     0.4206250000000      0.1755432741477      6.9872941937542   1257.8035018096655     88.3195779768405
     0.4218750000000      0.1756087907802      7.0060548606844   1258.0294165665214     88.3684098436574
     0.4231250000000      0.1756741991422      7.0248340052961   1258.2553182387098     88.4171981392065
     0.4243750000000      0.1757394994324      7.0436315878870   1258.4811983679369     88.4659423385236
     0.4256250000000      0.1758046920666      7.0624475667097   1258.7070470639412     88.5146419244309
     0.4268750000000      0.1758697777083      7.0812818980001   1258.9328527827158     88.5632963874221
     0.4281250000000      0.1759347573042      7.1001345360043   1259.1586020766654     88.6119052255506
     0.4293750000000      0.1759996321231      7.1190054330058   1259.3842793135607     88.6604679443258
     0.4306250000000      0.1760644038001      7.1378945393523   1259.6098663608607     88.7089840566149
     0.4318750000000      0.1761290743863      7.1568018034822   1259.8353422316650     88.7574530825539
     0.4331250000000      0.1761936464044      7.1757271719504   1260.0606826882110     88.8058745494676
     0.4343750000000      0.1762581229111      7.1946705894541   1260.2858597984782     88.8542479918006
     0.4356250000000      0.1763225075665      7.2136319988577   1260.5108414410865     88.9025729510601
     0.4368750000000      0.1763868047118      7.2326113412171   1260.7355907532537     88.9508489757724
     0.4381250000000      0.1764510194560      7.2516085558042   1260.9600655161826     88.9990756214549
     0.4393750000000      0.1765151577719      7.2706235801295   1261.1842174717603     89.0472524506059
     0.4406250000000      0.1765792266034      7.2896563499651   1261.4079915640132     89.0953790327123
     0.4418750000000      0.1766432339839      7.3087067993666   1261.6313250982457     89.1434549442798
     0.4431250000000      0.1767071891675      7.3277748606936   1261.8541468102894     89.1914797688871
     0.4443750000000      0.1767711027750      7.3468604646307   1262.0763758377368     89.2394530972654
     0.4456250000000      0.1768349869539      7.3659635402061   1262.2979205844974     89.2873745274085
     0.4468750000000      0.1768988555555      7.3850840148103   1262.5186774694237     89.3352436647144
     0.4481250000000      0.1769627243299      7.4042218142136   1262.7385295491717     89.3830601221631
     0.4493750000000      0.1770266111406      7.4233768625819   1262.9573450048592     89.4308235205336
     0.4506250000000      0.1770905361994      7.4425490824924   1263.1749754814712     89.4785334886642
     0.4518750000000      0.1771545223249      7.4617383949472   1263.3912542683443     89.5261896637605
     0.4531250000000      0.1772185952251      7.4809447193860   1263.6059943084313     89.5737916917555
     0.4543750000000      0.1772827838062      7.5001679736978   1263.8189860234529     89.6213392277269
     0.4556250000000      0.1773471205099      7.5194080742304   1264.0299949413925     89.6688319363767
     0.4568750000000      0.1774116416815      7.5386649357994   1264.2387591122410     89.7162694925795
     0.4581250000000      0.1774763879702      7.5579384716947   1264.4449862972806     89.7636515820050
     0.4593750000000      0.1775414047643      7.5772285936862   1264.6483509166846     89.8109779018215
     0.4606250000000      0.1776067426640      7.5965352120271   1264.8484907396953     89.8582481614881
     0.4618750000000      0.1776724579937      7.6158582354560   1265.0450033011703     89.9054620836419
     0.4631250000000      0.1777386133565      7.6351975711968   1265.2374420279343     89.9526194050904
     0.4643750000000      0.1778052782340      7.6545531249564   1265.4253120580206     89.9997198779156
     0.4656250000000      0.1778725296333      7.6739248009209   1265.6080657356824     90.0467632707002
     0.4668750000000      0.1779404527849      7.6933125017497   1265.7850977649207     90.0937493698863
     0.4681250000000      0.1780091418934      7.7127161285661   1265.9557400043020     90.1406779812750
     0.4693750000000      0.1780787009447      7.7321355809478   1266.1192558859784     90.1875489316805
     0.4706250000000      0.1781492445724      7.7515707569125   1266.2748344421466     90.2343620707485
     0.4718750000000      0.1782208989863      7.7710215529033   1266.4215839226988     90.2811172729523
     0.4731250000000      0.1782938029662      7.7904878637699   1266.5585249885628     90.3278144397789
     0.4743750000000      0.1783681089234      7.8099695827477   1266.6845834662047     90.3744535021196
     0.4756250000000      0.1784439840344      7.8294666014347   1266.7985826500567     90.4210344228799
     0.4768750000000      0.1785216114479      7.8489788097645   1266.8992351411896     90.4675571998219
     0.4781250000000      0.1786011915698      7.8685060959778   1266.9851342125492     90.5140218686584
     0.4793750000000      0.1786829434278      7.8880483465898   1267.0547446933695     90.5604285064124
     0.4806250000000      0.1787671061193      7.9076054463555   1267.1063933682071     90.6067772350613
     0.4818750000000      0.1788539403446      7.9271772782320   1267.1382588893041     90.6530682254838
     0.4831250000000      0.1789437300292      7.9467637233376   1267.1483612048173     90.6993017017286
     0.4843750000000      0.1790367840359      7.9663646609086   1267.1345505098591     90.7454779456241
     0.4856250000000      0.1791334379708      7.9859799682530   1267.0944957324002     90.7915973017511
     0.4868750000000      0.1792340560835      8.0056095207019   1267.0256725718045     90.8376601827986
     0.4881250000000      0.1793390332654      8.0252531915582   1266.9253511143772     90.8836670753263
     0.4893750000000      0.1794487971455      8.0449108520425   1266.7905830576376     90.9296185459567
     0.4906250000000      0.1795638102864      8.0645823712373   1266.6181885833116     90.9755152480202
     0.4918750000000      0.1796845724816      8.0842676160270   1266.4047429282477     91.0213579286816
     0.4931250000000      0.1798116231534      8.1039664510371   1266.1465627126579     91.0671474365712
     0.4943750000000      0.1799455438529      8.1236787385709   1265.8396920963473     91.1128847299515
     0.4956250000000      0.1800869608615      8.1434043385460   1265.4798888459236     91.1585708854434
     0.4968750000000      0.1802365478927      8.1631431084342   1265.0626104093997     91.2042071073413
     0.4981250000000      0.1803950288942      8.1828949032083   1264.5830001092104     91.2497947375379
     0.4993750000000      0.1805631809473      8.2026595752988   1264.0358735803181     91.2953352660795
     0.5006250000000      0.1807418372625      8.2224369745630   1263.4157055969711     91.3408303423720
     0.5018750000000      0.1809318902677      8.2422269482610   1262.7166174495524     91.3862817870575
     0.5031250000000      0.1811342947861      8.2620293410258   1261.9323650519461     91.4316916045981
     0.5043750000000      0.1813500712993      8.2818439948012   1261.0563279796941     91.4770619966251
     0.5056250000000      0.1815803092912      8.3016707487119   1260.0814996598244     91.5223953761413
     0.5068750000000      0.1818261706673      8.3215094388192   1259.0004789541626     91.5676943825886
     0.5081250000000      0.1820888932416      8.3413598977232   1257.8054633973131     91.6129618973028
     0.5093750000000      0.1823697942912      8.3612219544973   1256.4882443618474     91.6582010614198
     0.5106250000000      0.1826702743034      8.3810954412662   1255.0402044653356     91.7034153645849
     0.5118750000000      0.1829918220449      8.4009802431376   1253.4523184795657     91.7486094419768
     0.5131250000000      0.1833360243529      8.4208763713049   1251.7151675468544     91.7937929761204
     0.5143750000000      0.1837045638588      8.4407835855339   1249.8189455819656     91.8389777202344
     0.5156250000000      0.1840992066634      8.4607013329830   1247.7534340252623     91.8841669262151
     0.5168750000000      0.1845218139474      8.4806293816939   1245.5080179532497     91.9293595035200
     0.5181250000000      0.1849743579540      8.5005677028492   1243.0717346197878     91.9745584008283
     0.5193750000000      0.1854589228749      8.5205161432773   1240.4332920660361     92.0197688978700
     0.5206250000000      0.1859777063730      8.5404745190257   1237.5810932448987     92.0649972688938
     0.5218750000000      0.1865330225809      8.5604426359855   1234.5032685146257     92.1102504248339
     0.5231250000000      0.1871273054544      8.5804202961571   1231.1877147607490     92.1555358286810
     0.5243750000000      0.1877631121624      8.6004072994698   1227.6221408654069     92.2008614913643
     0.5256250000000      0.1884431264097      8.6204034444153   1223.7941195982853     92.2462359915541
     0.5268750000000      0.1891701616449      8.6404085284158   1219.6911460653519     92.2916685032105
     0.5281250000000      0.1899471641306      8.6604223481816   1215.3007028132324     92.3371688261284
     0.5293750000000      0.1907772158508      8.6804447001189   1210.6103316112344     92.3827474180254
     0.5306250000000      0.1916635372356      8.7004753807913   1205.6077118367778     92.4284154276835
     0.5318750000000      0.1926094896813      8.7205141874285   1200.2807452784355     92.4741847289401
     0.5331250000000      0.1936185778441      8.7405609184730   1194.6176470458843     92.5200679554049
     0.5343750000000      0.1946944516860      8.7606153741609   1188.6070421394643     92.5660785357985
     0.5356250000000      0.1958409082490      8.7806773571331   1182.2380670854618     92.6122307298028
     0.5368750000000      0.1970618931358      8.8007466730767   1175.5004758890968     92.6585396642974
     0.5381250000000      0.1983615016748      8.8208231313922   1168.3847493985120     92.7050213698406
     0.5393750000000      0.1997439797442      8.8409065458849   1160.8822070133763     92.7516928172298
     0.5406250000000      0.2012137242347      8.8609967354736   1152.9851195153001     92.7985719539630
     0.5418750000000      0.2027752831265      8.8810935249104   1144.6868216488751     92.8456777403996
     0.5431250000000      0.2044333551580      8.9011967455049   1135.9818229469854     92.8930301854042
     0.5443750000000      0.2061927890653      8.9213062358418   1126.8659151776174     92.9406503812431
     0.5456250000000      0.2080585823696      8.9414218424831   1117.3362746973601     92.9885605374865
     0.5468750000000      0.2100358796919      8.9615434206454   1107.3915579346576     93.0367840136595
     0.5481250000000      0.2121299705745      8.9816708348379   1097.0319881987969     93.0853453503756
     0.5493750000000      0.2143462867917      9.0018039594536   1086.2594320232668     93.1342702986796
     0.5506250000000      0.2166903991285      9.0219426792975   1075.0774633080021     93.1835858473225
     0.5518750000000      0.2191680136132      9.0420868900434   1063.4914136267882     93.2333202476928
     0.5531250000000      0.2217849671864      9.0622364986039   1051.5084072147315     93.2835030361299
     0.5543750000000      0.2245472227939      9.0823914234046   1039.1373793457294     93.3341650533553
     0.5556250000000      0.2274608638891      9.1025515945491   1026.3890770489900     93.3853384607661
     0.5568750000000      0.2305320883363      9.1227169538659   1013.2760413927648     93.4370567533503
     0.5581250000000      0.2337672017042      9.1428874548263    999.8125708767197     93.4893547690041
     0.5593750000000      0.2371726099449      9.1630630623262    986.0146658141596     93.5422686940482
     0.5606250000000      0.2407548114522      9.1832437523239    971.8999539427217     93.5958360647680
     0.5618750000000      0.2445203884976      9.2034295113290    957.4875978669658     93.6500957648256
     0.5631250000000      0.2484759980441      9.2236203357386    942.7981852976776     93.7050880184191
     0.5643750000000      0.2526283619408      9.2438162310180    927.8536033995375     93.7608543790952
     0.5656250000000      0.2569842565021      9.2640172107272    912.6768988800558     93.8174377141428
     0.5668750000000      0.2615505014805      9.2842232953920    897.2921257381940     93.8748821845309
     0.5681250000000      0.2663339484426      9.3044345112257    881.7241828316930     93.9332332203710
     0.5693750000000      0.2713414685618      9.3246508887034    865.9986436104203     93.9925374919151
     0.5706250000000      0.2765799398423      9.3448724609963    850.1415804933723     94.0528428761162
     0.5718750000000      0.2820562337943      9.3650992622731    834.1793864360520     94.1141984188005
     0.5731250000000      0.2877772015803      9.3853313258757    818.1385962415784     94.1766542925096
     0.5743750000000      0.2937496596567      9.4055686823798    802.0457101143875     94.2402617500880
     0.5756250000000      0.2999803749365      9.4258113575482    785.9270218430685     94.3050730740924
     0.5768750000000      0.3064760495032      9.4460593701873    769.8084538341760     94.3711415221037
     0.5781250000000      0.3132433049054      9.4663127299177    753.7154010087132     94.4385212680225
     0.5793750000000      0.3202886660675      9.4865714348663    737.6725853257375     94.5072673394197
     0.5806250000000      0.3276185448514      9.5068354692906    721.7039224222659     94.5774355510055
     0.5818750000000      0.3352392233072      9.5271048011431    705.8324015649641     94.6490824342657
     0.5831250000000      0.3431568366534      9.5473793795824    690.0799798064579     94.7222651632924
     0.5843750000000      0.3513773560278      9.5676591324370    674.4674909366628     94.7970414768129
     0.5856250000000      0.3599065710515      9.5879439636251    659.0145695256537     94.8734695963889
     0.5868750000000      0.3687500722513      9.6082337505308    643.7395900766581     94.9516081407148
     0.5881250000000      0.3779132333840      9.6285283413336    628.6596210519979     95.0315160358932
     0.5893750000000      0.3874011937089      9.6488275522821    613.7903933058737     95.1132524214888
     0.5906250000000      0.3972188402516      9.6691311648929    599.1462822594818     95.1968765520559
     0.5918750000000      0.4073707901047      9.6894389230469    584.7403029878166     95.2824476936871
     0.5931250000000      0.4178613728059      9.7097505299331    570.5841172547312     95.3700250149196
     0.5943750000000      0.4286946128323      9.7300656447648    556.6880514332072     95.4596674710059
     0.5956250000000      0.4398742122457      9.7503838791321    543.0611241802449     95.5514336800294
     0.5968750000000      0.4514035335187      9.7707047927912    529.7110826956776     95.6453817891351
     0.5981250000000      0.4632855825636      9.7910278888165    516.6444463841941     95.7415693285314
     0.5993750000000      0.4755229919800      9.8113526086708    503.8665567489773     95.8400530495785
     0.6006250000000      0.4881180046339      9.8316783340892    491.3816323178953     95.9408887523108
     0.6018750000000      0.5010724612431      9.8520044376602    479.1928287660224     96.0441320479265
     0.6031250000000      0.5143877852524      9.8723302910949    467.3023017975077     96.1498384259838
     0.6043750000000      0.5280649596781      9.8926551779154    455.7112676858648     96.2580608781587
     0.6056250000000      0.5421045173188      9.9129782752518    444.4200702805457     96.3688510744863
     0.6068750000000      0.5565065261664      9.9332986867719    433.4282467062584     96.4822591667525
     0.6081250000000      0.5712705755891      9.9536154434906    422.7345926122284     96.5983336172092
     0.6093750000000      0.5863957632218      9.9739275010568    412.3372264119254     96.7171210346354
     0.6106250000000      0.6018806826509      9.9942337362091    402.2336519526207     96.8386660089655
     0.6118750000000      0.6177234120852     10.0145329426927    392.4208191236265     96.9630109449195
     0.6131250000000      0.6339215042715     10.0348238266122    382.8951819806501     97.0901958957887
     0.6143750000000      0.6504719779934     10.0551050011560    373.6527540307235     97.2202583988228
     0.6156250000000      0.6673713115728     10.0753749807027    364.6891603871821     97.3532333135890
     0.6168750000000      0.6846154388776     10.0956321744462    355.9996865684381     97.4891526641294
     0.6181250000000      0.7021997484130     10.1158748798356    347.5793237794268     97.6280454845940
     0.6193750000000      0.7201190861216     10.1361012763123    339.4228105822046     97.7699376661160
     0.6206250000000      0.7383677625279     10.1563094199878    331.5246709337175     97.9148518000488
     0.6218750000000      0.7569395648211     10.1764972399449    323.8792486454768     98.0628070097197
     0.6231250000000      0.7758277743577     10.1966625366245    316.4807384027626     98.2138187608362
     0.6243750000000      0.7950251898849     10.2168029821350    309.3232135704513     98.3678986418608
     0.6256250000000      0.8145241565495     10.2369161212427    302.4006511078512     98.5250541134617
     0.6268750000000      0.8343166004684     10.2569993704882    295.7069540123792     98.6852882425951
     0.6281250000000      0.8543940683257     10.2770500120113    289.2359718006026     98.8485994611472
     0.6293750000000      0.8747477710862     10.2970651792356    282.9815196017706     99.0149814120889
     0.6306250000000      0.8953686303567     10.3170418350106    276.9373964401026     99.1844229380511
     0.6318750000000      0.9162473252787     10.3369767489623    271.0974032332227     99.3569082409753
     0.6331250000000      0.9373743361604     10.3568664880712    265.4553608510909     99.5324170632019
     0.6343750000000      0.9587399807212     10.3767074418627    260.0051283300940     99.7109246890411
     0.6356250000000      0.9803344362884     10.3964958878561    254.7406213959348     99.8924013903789
     0.6368750000000      1.0021477389286     10.4162281031483    249.6558304012406    100.0768103787781
     0.6381250000000      1.0241697694140     10.4359004485185    244.7448398545940    100.2641064796599
     0.6393750000000      1.0463901792968     10.4555092714634    240.0018476477379    100.4542305566698
     0.6406250000000      1.0687983715077     10.4750507853099    235.4211834478259    100.6471109949833
     0.6418750000000      1.0913834754729     10.4945199031216    230.9973499025101    100.8426762246551
     0.6431250000000      1.1141339521576     10.5139103544374    226.7250088810472    101.0408120790446
     0.6443750000000      1.1370388247303     10.5332140708598    222.5990945675750    101.2415251492547
     0.6456250000000      1.1600841618895     10.5524165036261    218.6147838546569    101.4446193218705
     0.6468750000000      1.1832577428978     10.5715212691045    214.7670464741724    101.6499082639450
     0.6481250000000      1.2065502241234     10.5904956296646    211.0521140734636    101.8579902148201
     0.6493750000000      1.2299007956971     10.6093509888149    207.4634012618263    102.0637609159798
     0.6506250000000      1.2534827217231     10.6284618891947    203.9951540080436    102.2817603457313
     0.6518750000000      1.2772401327196     10.6468793198926    200.6927067289648    102.5331117513474
     0.6531250000000      1.3006743228065     10.6639363368098    197.5951959297471    102.8027990622987
     0.6543750000000      1.3238723967102     10.6813700977083    194.5670142041545    103.0327597660806
     0.6556250000000      1.3470707237713     10.6994897091276    191.6259440803070    103.2534796742440
     0.6568750000000      1.3703303244900     10.7174653726554    188.7787007772340    103.4756713171474
     0.6581250000000      1.3936199314441     10.7352911139266    186.0244973135822    103.6989788772325
     0.6593750000000      1.4169139656184     10.7529580817571    183.3618930437973    103.9232108063920
     0.6606250000000      1.4401901189090     10.7704588616186    180.7889761357436    104.1481988153485
     0.6618750000000      1.4634282699582     10.7877860020493    178.3035085727525    104.3737580312397
     0.6631250000000      1.4866099780613     10.8049314974007    175.9030514862186    104.5996926043380
     0.6643750000000      1.5097181180212     10.8218871280308    173.5850537647255    104.8258002745178
     0.6656250000000      1.5327365853266     10.8386445718844    171.3469124513805    105.0518725987923
     0.6668750000000      1.5556500736903     10.8551953723298    169.1860144520821    105.2776943399005
     0.6681250000000      1.5784439157213     10.8715309036931    167.0997654103683    105.5030432121835
     0.6693750000000      1.6011039729150     10.8876423660926    165.0856094678305    105.7276900760163
     0.6706250000000      1.6236165627361     10.9035208029804    163.1410424619279    105.9513994412893
     0.6718750000000      1.6459684124786     10.9191571284960    161.2636203464853    106.1739300689026
     0.6731250000000      1.6681466341801     10.9345421525202    159.4509642104001    106.3950357057413
     0.6743750000000      1.6901387091766     10.9496665952212    157.7007626315271    106.6144653560868
     0.6756250000000      1.7119325025462     10.9645210615776    156.0107729847441    106.8319652079744
     0.6768750000000      1.7335162180128     10.9790959736004    154.3788190757401    107.0472746341806
     0.6781250000000      1.7548786131217     10.9933811371235    152.8027969793840    107.2601441777197
     0.6793750000000      1.7760083219427     11.0073652283146    151.2806491526511    107.4702767376034
     0.6806250000000      1.7968964137173     11.0210316958296    149.8104481768557    107.6775428265502
     0.6818750000000      1.8175278198198     11.0343559484236    148.3901091791654    107.8812606476931
     0.6831250000000      1.8379112235405     11.0472702525672    147.0183572696274    108.0826755569348
     0.6843750000000      1.8579815761019     11.0596470837178    145.6916192594766    108.2769377506239
     0.6856250000000      1.8779225121034     11.0710263742396    144.4140779253337    108.4793792002558
     0.6868750000000      1.8971576043212     11.0804793407491    143.1667815255832    108.6439793029802
     0.6881250000000      1.9183048020650     11.0782220849214    142.0259449732115    108.9796209039712
     0.6893750000000      1.9450599778446     11.0049838943300    141.1011634053728    109.7800903068398
     0.6906250000000      2.0102211493027     10.5710502703880    141.5172335598332    113.7923743571170
     0.6918750000000      2.1778675935496      9.4810785280631    150.0915912776348    130.7518450831422
     0.6931250000000      2.5388007392982      7.8099321200014    160.5899934787561    163.0823976671045
     0.6943750000000      3.1540361174985      5.8471895742855    176.2748556520916    222.3909045334148
     0.6956250000000      3.9384143096469      4.1015332304348    190.9221727218982    300.7722468307173
     0.6968750000000      4.6046306433188      3.0595906785067    198.9964244760652    366.5220136213461
     0.6981250000000      4.7675878343514      2.7779943832644    197.5261103415035    376.6892322523610
     0.6993750000000      4.7368740433143      2.9122005645728    193.4895927007104    366.6143317261785
     0.7006250000000      4.7753385152009      3.0402858673858    191.0203702592914    364.8747725148503
     0.7018750000000      4.8235620972168      3.0922143313563    188.7493317581563    364.1776490174593
     0.7031250000000      4.8559995243895      3.1649839058111    186.4550007812336    362.1701580454850
     0.7043750000000      4.8848761852940      3.2479218505978    184.3119874821228    360.1364953262493
     0.7056250000000      4.9109802026754      3.3259093707908    182.2680799582835    358.0459729019131
     0.7068750000000      4.9318092180656      3.4047201451520    180.2871662290418    355.6567633229269
     0.7081250000000      4.9496815302277      3.4838158026732    178.3874324017683    353.1843917535128
     0.7093750000000      4.9649883826086      3.5622689396074    176.5542780732835    350.6359758134803
     0.7106250000000      4.9778019461775      3.6406294550961    174.7760524536735    348.0002296196439
     0.7118750000000      4.9884357508970      3.7187944398003    173.0442409319584    345.2880311807265
     0.7131250000000      4.9971465410762      3.7966733900042    171.3502767578484    342.5049771251713
     0.7143750000000      5.0041043960058      3.8743342891942    169.6865660812688    339.6517165081610
     0.7156250000000      5.0095230267216      3.9518631454954    168.0469582579081    336.7340427854050
     0.7168750000000      5.0135783008422      4.0293439795429    166.4257508137003    333.7554131923758
     0.7181250000000      5.0164384016541      4.1068693706258    164.8183035478992    330.7203468852624
     0.7193750000000      5.0182525785135      4.1845211073497    163.2206982861371    327.6330760164733
     0.7206250000000      5.0191462491359      4.2623839005644    161.6297627817071    324.4973670458122
     0.7218750000000      5.0192377259077      4.3405448726853    160.0431191981750    321.3177846605695
     0.7231250000000      5.0186291378889      4.4190926790281    158.4589946851764    318.0987711550462
     0.7243750000000      5.0174135246213      4.4981192251580    156.8761983682466    314.8451037536036
     0.7256250000000      5.0156757079215      4.5777173646247    155.2940287102148    311.5617949548324
     0.7268750000000      5.0134930976363      4.6579829564030    153.7122083749028    308.2540382840002
     0.7281250000000      5.0109371447709      4.7390128796414    152.1308245287858    304.9271997983683
     0.7293750000000      5.0080731016343      4.8209041335776    150.5502596032195    301.5866822251783
     0.7306250000000      5.0049603075387      4.9037521474281    148.9711267132224    298.2378304675988
     0.7318750000000      5.0016522518168      4.9876489520884    147.3942009792848    294.8858148931097
     0.7331250000000      4.9981968949741      5.0726817307608    145.8203512999775    291.5355308366339
     0.7343750000000      4.9946373747054      5.1589315655806    144.2504724896679    288.1915204863211
     0.7356250000000      4.9910131174530      5.2464726567861    142.6854175287123    284.8579162220263
     0.7368750000000      4.9873614358324      5.3353718957637    141.1259294940917    281.5384073419314
     0.7381250000000      4.9837195895161      5.4256887262508    139.5725719162963    278.2362243273583
     0.7393750000000      4.9801272942189      5.5174751787546    138.0256566055695    274.9541359055510
     0.7406250000000      4.9766296325907      5.6107759623899    136.4851685928100    271.6944537712441
     0.7418750000000      4.9732802995155      5.7056285367772    134.9506890599142    268.4590413230870
     0.7431250000000      4.9701450701431      5.8020631232090    133.4213188648394    265.2493240832295
     0.7443750000000      4.9673053267888      5.9001026613299    131.8956072801796    262.0663010491497
     0.7456250000000      4.9648614134223      5.9997627323483    130.3714926063066    258.9105572205289
     0.7468750000000      4.9629354801345      6.1010515229493    128.8462629305707    255.7822759123457
     0.7481250000000      4.9616736180659      6.2039698658434    127.3165457391493    252.6812584548876
     0.7493750000000      4.9612467156035      6.3085112026189    125.7783376824029    249.6069458883569
     0.7506250000000      4.9618495475287      6.4146618905101    124.2270777403489    246.5584277907071
     0.7518750000000      4.9636994923900      6.5224023719339    122.6577653250135    243.5345149925830
     0.7531250000000      4.9670330168518      6.6317027387530    121.0651558432081    240.5338505054117
     0.7543750000000      4.9720856508197      6.7425313830894    119.4439933444446    237.5543061538059
     0.7556250000000      4.9791275990123      6.8548771794074    117.7889580635737    234.5945007812962
     0.7568750000000      4.9884527846861      6.9685762129877    116.0956769515225    231.6551211915338
     0.7581250000000      4.9999390516766      7.0837342721831    114.3616485124603    228.7205089646268
     0.7593750000000      5.0145880481859      7.2002878241568    112.5789357437121    225.8147942631622
     0.7606250000000      5.0316121304187      7.3168847014098    110.7588677356488    222.9182649800510
     0.7618750000000      5.0481340073095      7.4359984695068    108.8873867337414    219.8712479750656
     0.7631250000000      5.0746854943935      7.5518442864804    107.0247441439268    217.2467666593453
     0.7643750000000      5.0845580920257      7.6746784463599    105.3675730569656    214.2990184895598
     0.7656250000000      5.0726672781627      7.8218163283103    103.2861868197291    209.5745840666561
     0.7668750000000      5.0928778523280      7.9653339342303    101.2867930153289    206.3365059524396
     0.7681250000000      5.1216547924446      8.0913553392714     99.3210680138706    203.4752895935814
     0.7693750000000      5.1535403705915      8.2149188679667     97.3468183495850    200.6723033252878
     0.7706250000000      5.1870379011303      8.3393780491737     95.3716624896890    197.8785712111311
     0.7718750000000      5.2213722595702      8.4648138411389     93.4034191256116    195.0776086285901
     0.7731250000000      5.2560064816982      8.5911314701860     91.4505853748095    192.2659477940383
     0.7743750000000      5.2904042007870      8.7182827134164     89.5218096162737    189.4426230623971
     0.7756250000000      5.3240064192651      8.8462303674344     87.6255527221140    186.6076020736748
     0.7768750000000      5.3562332168434      8.9749352381524     85.7697695112371    183.7611553828353
     0.7781250000000      5.3864958876404      9.1043521368059     83.9617508499740    180.9038502689895
     0.7793750000000      5.4142106468773      9.2344307441166     82.2080400345324    178.0366582455538
     0.7806250000000      5.4388116658568      9.3651165099942     80.5143861288270    175.1610330187044
     0.7818750000000      5.4597627955044      9.4963506226952     78.8857266491947    172.2789421822411
     0.7831250000000      5.4765679460848      9.6280693851163     77.3261986657300    169.3928724021299
     0.7843750000000      5.4887800026793      9.7602035076739     75.8391747872737    166.5058183968366
     0.7856250000000      5.4960080795065      9.8926779170957     74.4273187775678    163.6212581350069
     0.7868750000000      5.4979237766387     10.0254110088446     73.0926604040355    160.7431502132505
     0.7881250000000      5.4942579266633     10.1583089299833     71.8366407785829    157.8756132090363
     0.7893750000000      5.4847827961535     10.2912760288755     70.6600937743963    155.0221066833604
     0.7906250000000      5.4693709840516     10.4242247154508     69.5636280383418    152.1877154953052
     0.7918750000000      5.4479731618610     10.5570515128141     68.5475972538891    149.3781880596969
     0.7931250000000      5.4206068511191     10.6896266744597     67.6121374190081    146.5995261249136
     0.7943750000000      5.3873570173366     10.8218042397193     66.7572693004189    143.8580972895360
     0.7956250000000      5.3483718871912     10.9534232458413     65.9829794300790    141.1606048867798
     0.7968750000000      5.3038573665186     11.0843066144818     65.2892964853547    138.5140464474651
     0.7981250000000      5.2540703257549     11.2142605586608     64.6763640992592    135.9256661566549
     0.7993750000000      5.1993108128617     11.3430744483342     64.1445102816921    133.4028983573280
     0.8006250000000      5.1399132817777     11.4705212303754     63.6943139251948    130.9533000471301
     0.8018750000000      5.0762369244210     11.5963585827526     63.3266688934404    128.5844699749862
     0.8031250000000      5.0086551903156     11.7203310089622     63.0428460608043    126.3039512538866
     0.8043750000000      4.9375445988820     11.8421730745733     62.8445535275044    124.1191143355521
     0.8056250000000      4.8632730021614     11.9616139584192     62.7339951137028    122.0370179016796
     0.8068750000000      4.7861875390737     12.0783834300708     62.7139271552829    120.0642466707958
     0.8081250000000      4.7066026331490     12.1922192663817     62.7877136194712    118.2067273003239
     0.8093750000000      4.6247885175160     12.3028759814825     62.9593796789556    116.4695264836660
     0.8106250000000      4.5409609109932     12.4101345715000     63.2336641741900    114.8566389095479
     0.8118750000000      4.4552725969729     12.5138127805900     63.6160718798176    113.3707767092835
     0.8131250000000      4.3678077446866     12.6137752011935     64.1129271576127    112.0131759094196
     0.8143750000000      4.2785798278972     12.7099423604579     64.7314313524355    110.7834385661771
     0.8156250000000      4.1875339066887     12.8022978540543     65.4797270279989    109.6794308521855
     0.8168750000000      4.0945538194093     12.8908926048961     66.3669726415823    108.6972565248896
     0.8181250000000      3.9994744775605     12.9758454737344     67.4034312862042    107.8313212516718
     0.8193750000000      3.9020989876408     13.0573397363333     68.6005764753421    107.0744960064027
     0.8206250000000      3.8022197935595     13.1356153441426     69.9712164856212    106.4183777204261
     0.8218750000000      3.6996425208801     13.2109573489030     71.5296365080199    105.8536338912681
     0.8231250000000      3.5942108011400     13.2836813227206     73.2917549076215    105.3704068493921
     0.8243750000000      3.4858301416170     13.3541169667314     75.2752864368754    104.9587449522060
     0.8256250000000      3.3744889298081     13.4225913140022     77.4999014246649    104.6090237675002
     0.8268750000000      3.2602749190431     13.4894129707471     79.9873657381358    104.3123209425500
     0.8281250000000      3.1433859811964     13.5548587164643     82.7616414148684    104.0607133617217
     0.8293750000000      3.0241344602729     13.6191635303400     85.8489218974997    103.8474732350026
     0.8306250000000      2.9029450477444     13.6825147530664     89.2775685611658    103.6671502117192
     0.8318750000000      2.7803466691881     13.7450506371181     93.0779069616656    103.5155394383464
     0.8331250000000      2.6569593562770     13.8068630002526     97.2818326653111    103.3895501983497
     0.8343750000000      2.5334773928878     13.8680031467833    101.9221685374140    103.2870039294564
     0.8356250000000      2.4106500937251     13.9284897973281    107.0317088527584    103.2063995909855
     0.8368750000000      2.2892613929861     13.9883176204624    112.6418818489076    103.1466845400003
     0.8381250000000      2.1701090857025     14.0474651516896    118.7809640953185    103.1070597566998
     0.8393750000000      2.0539842354388     14.1059013280539    125.4717924356474    103.0868334620292
     0.8406250000000      1.9416510746157     14.1635903562266    132.7289499680636    103.0853233352443
     0.8418750000000      1.8338277178118     14.2204949685242    140.5554605103657    103.1017997494834
     0.8431250000000      1.7311681189872     14.2765782375625    148.9391184175154    103.1354613897872
     0.8443750000000      1.6342458155377     14.3318041160554    157.8487082376496    103.1854363701641
     0.8456250000000      1.5435400353265     14.3861369002307    167.2305210080336    103.2508017217662
     0.8468750000000      1.4594247009786     14.4395399205049    177.0057258882977    103.3306114304085
     0.8481250000000      1.3821607937166     14.4919738269235    187.0692660983996    103.4239221242197
     0.8493750000000      1.3118924387286     14.5433947769684    197.2909607775395    103.5298078694224
     0.8506250000000      1.2486469026810     14.5937527209848    207.5193491799910    103.6473570399921
     0.8518750000000      1.1923384540772     14.6429898498191    217.5884735725142    103.7756416817835
     0.8531250000000      1.1427758077836     14.6910389334898    227.3272852069225    103.9136487934361
     0.8543750000000      1.0996727285090     14.7378206348676    236.5707764274434    104.0601724797860
     0.8556250000000      1.0626612501740     14.7832383170527    245.1714497767837    104.2136797307084
     0.8568750000000      1.0313067402108     14.8271692703744    253.0094878910691    104.3721560797350
     0.8581250000000      1.0051237659716     14.8694521241567    260.0000943790621    104.5329096061059
     0.8593750000000      0.9835912530563     14.9098698519462    266.0969172277005    104.6922401001625
     0.8606250000000      0.9661665375278     14.9481276057352    271.2912984323523    104.8450297871213
     0.8618750000000      0.9522963130665     14.9838095053333    275.6076782498616    104.9840703400622
     0.8631250000000      0.9414257452354     15.0163426968860    279.0964186015025    105.0994215497790
     0.8643750000000      0.9330112797042     15.0448613186793    281.8260528081459    105.1787544738069
     0.8656250000000      0.9264835015805     15.0682233250218    283.8698360827964    105.2002878908238
     0.8668750000000      0.9214132607588     15.0847957693712    285.3175709283480    105.1581573523434
     0.8681250000000      0.9168713374405     15.0903203984143    286.1898523166201    104.9597090621720
     0.8693750000000      0.9119744602188     15.0783158960290    286.4989081860970    104.5118748585113
     0.8706250000000      0.9061937681435     15.0424244846455    286.2829796705007    103.7711408411824
     0.8718750000000      0.8984781390501     14.9740275985629    285.4957518632698    102.6046767363243
     0.8731250000000      0.8876058224317     14.8600822603825    284.0489814230149    100.8494119067463
     0.8743750000000      0.8720846776693     14.6831223639833    281.7956359524184     98.2998625392672
     0.8756250000000      0.8500882152268     14.4204493835546    278.5545075319245     94.7183616604814
     0.8768750000000      0.8196291586639     14.0426820687095    274.0250680379650     89.8395743875116
     0.8781250000000      0.7792122128314     13.5224346799878    267.8021945458910     83.4698962452879
     0.8793750000000      0.7275657925589     12.7679969294778    259.6987514929205     75.5791711825977
     0.8806250000000      0.6616452054740     11.6795651718285    253.8145431980120     67.1740702346195
     0.8818750000000      0.5832081359279     10.2953910236069    241.1136934453605     56.2477870803863
     0.8831250000000      0.5035770443060      8.6823920085627    222.0782951465314     44.7334125897638
     0.8843750000000      0.4327507950445      6.9110337413499    200.5684927264625     34.7184698753050
     0.8856250000000      0.3757576334226      5.1247626545620    181.2006708184903     27.2350140965390
     0.8868750000000      0.3350556903184      3.5024142930670    167.2433984381763     22.4143409259586
     0.8881250000000      0.3093811301758      2.2116588458457    159.0532789723356     19.6832332826490
     0.8893750000000      0.2949912743018      1.3303989000410    154.9568432216428     18.2843666574968
     0.8906250000000      0.2877743916680      0.8148240368573    153.1155132338388     17.6250894703206
     0.8918750000000      0.2845122376148      0.5516449772610    152.3438823816320     17.3374795453279
     0.8931250000000      0.2832093487464      0.4315540372392    152.0467529505514     17.2244247528496
     0.8943750000000      0.2828141311221      0.3826728952660    151.9558361335805     17.1901031060204
     0.8956250000000      0.2828275164788      0.3668835649164    151.9548472859681     17.1908048299236
     0.8968750000000      0.2830233964680      0.3659545171890    151.9934840823384     17.2070848423931
     0.8981250000000      0.2832923777908      0.3711930165533    152.0479711456803     17.2296125136487
     0.8993750000000      0.2835909230725      0.3788555847619    152.1089340741833     17.2546852086708
     0.9006250000000      0.2839039005535      0.3876121639159    152.1731330815647     17.2810184165203
     0.9018750000000      0.2842236004962      0.3968684194336    152.2389256400659     17.3079582324371
     0.9031250000000      0.2845462033115      0.4063316737280    152.3055031880084     17.3351810702390
     0.9043750000000      0.2848697726427      0.4158616529752    152.3724602043486     17.3625232381667
     0.9056250000000      0.2851932920619      0.4253918175209    152.4395879126085     17.3898991669397
     0.9068750000000      0.2855161534233      0.4348890827057    152.5067648699054     17.4172579506756
     0.9081250000000      0.2858379803733      0.4443372676832    152.5739192182885     17.4445683707978
     0.9093750000000      0.2861585312875      0.4537299808199    152.6410079372430     17.4718106582273
     0.9106250000000      0.2864776266372      0.4630652789690    152.7080013199530     17.4989703146624
     0.9118750000000      0.2867951168945      0.4723429641354    152.7748760917531     17.5260353789116
     0.9131250000000      0.2871108686712      0.4815634563795    152.8416124133797     17.5529952436451
     0.9143750000000      0.2874247586002      0.4907273259199    152.9081925321233     17.5798401306140
     0.9156250000000      0.2877366705008      0.4998351050085    152.9746001312008     17.6065608451750
     0.9168750000000      0.2880464939356      0.5088872183322    153.0408199745820     17.6331486490813
     0.9181250000000      0.2883541233583      0.5178839634294    153.1068376772614     17.6595951834333
     0.9193750000000      0.2886594575152      0.5268255120613    153.1726395296071     17.6858924131135
     0.9206250000000      0.2889623989595      0.5357119202074    153.2382123461387     17.7120325807203
     0.9218750000000      0.2892628536196      0.5445431414371    153.3035433266703     17.7380081650647
     0.9231250000000      0.2895607303978      0.5533190414196    153.3686199251227     17.7638118422504
     0.9243750000000      0.2898559407905      0.5620394126038    153.4334297243871     17.7894364485931
     0.9256250000000      0.2901483985253      0.5707039886528    153.4979603168508     17.8148749451310
     0.9268750000000      0.2904380192147      0.5793124584460    153.5621991906938     17.8401203836764
     0.9281250000000      0.2907247200264      0.5878644795726    153.6261336221907     17.8651658744222
     0.9293750000000      0.2910084193690      0.5963596912843    153.6897505742725     17.8900045551333
     0.9306250000000      0.2912890365927      0.6047977268970    153.7530366015631     17.9146295619475
     0.9318750000000      0.2915664917066      0.6131782256475    153.8159777620446     17.9390340018000
     0.9331250000000      0.2918407051103      0.6215008440133    153.8785595354759     17.9632109264750
     0.9343750000000      0.2921115973401      0.6297652665067    153.9407667486142     17.9871533082795
     0.9356250000000      0.2923790888300      0.6379712159603    154.0025835072462     18.0108540173238
     0.9368750000000      0.2926430996858      0.6461184633139    154.0639931350094     18.0343058004005
     0.9381250000000      0.2929035494737      0.6542068369171    154.1249781189077     18.0575012614349
     0.9393750000000      0.2931603570216      0.6622362313570    154.1855200614538     18.0804328435087
     0.9406250000000      0.2934134402337      0.6702066158180    154.2455996392760     18.1030928124271
     0.9418750000000      0.2936627159192      0.6781180419769    154.3051965680773     18.1254732418494
     0.9431250000000      0.2939080996336      0.6859706514338    154.3642895738014     18.1475659999685
     0.9443750000000      0.2941495055345      0.6937646826734    154.4228563697482     18.1693627377529
     0.9456250000000      0.2943868462520      0.7015004775474    154.4808736397348     18.1908548788206
     0.9468750000000      0.2946200327734      0.7091784872666    154.5383170266251     18.2120336108505
     0.9481250000000      0.2948489743457      0.7167992778835    154.5951611269539     18.2328898788341
     0.9493750000000      0.2950735783922      0.7243635352460    154.6513794901564     18.2534143797795
     0.9506250000000      0.2952937504519      0.7318720693987    154.7069446240928     18.2735975595997
     0.9518750000000      0.2955093941318      0.7393258184064    154.7618280045081     18.2934296113347
     0.9531250000000      0.2957204110881      0.7467258515729    154.8160000906215     18.3129004759253
     0.9543750000000      0.2959267010197      0.7540733720303    154.8694303449560     18.3319998443131
     0.9556250000000      0.2961281616913      0.7613697186733    154.9220872600243     18.3507171622761
     0.9568750000000      0.2963246888947      0.7686163674183    154.9739384300748     18.3690416368311
     0.9581250000000      0.2965161765147      0.7758149317686    155.0249505891558     18.3869622452322
     0.9593750000000      0.2967025168510      0.7829671626744    155.0750895312837     18.4044677459315
     0.9606250000000      0.2968836009428      0.7900749476831    155.1243200492312     18.4215466920057
     0.9618750000000      0.2970593185704      0.7971403093797    155.1726060598846     18.4381874467774
     0.9631250000000      0.2972295580667      0.8041654031262    155.2199108467865     18.4543782016587
     0.9643750000000      0.2973942063288      0.8111525141150    155.2661972147622     18.4701069961502
     0.9656250000000      0.2975531491795      0.8181040537579    155.3114274789375     18.4853617399683
     0.9668750000000      0.2977062718941      0.8250225554361    155.3555633841517     18.5001302372393
     0.9681250000000      0.2978534596559      0.8319106696386    155.3985660770389     18.5144002126466
     0.9693750000000      0.2979945978684      0.8387711585164    155.4403961676135     18.5281593393889
     0.9706250000000      0.2981295723923      0.8456068898717    155.4810138427308     18.5413952688241
     0.9718750000000      0.2982582698018      0.8524208305924    155.5203789821720     18.5540956616576
     0.9731250000000      0.2983805777012      0.8592160395088    155.5584512542874     18.5662482206253
     0.9743750000000      0.2984963850989      0.8659956596604    155.5951901932687     18.5778407245874
     0.9756250000000      0.2986055828184      0.8727629095329    155.6305552702567     18.5888610643285
     0.9768750000000      0.2987080638898      0.8795210769895    155.6645059599695     18.5992972766660
     0.9781250000000      0.2988037244119      0.8862734899000    155.6970019115319     18.6091376203760
     0.9793750000000      0.2988924591626      0.8930236594539    155.7280020223987     18.6183701939816
     0.9806250000000      0.2989741570655      0.8997753481603    155.7574635350933     18.6269825468233
     0.9818750000000      0.2990487181589      0.9065322400263    155.7853455867166     18.6349631622565
     0.9831250000000      0.2991160523257      0.9132978340933    155.8116089806935     18.6423013539281
     0.9843750000000      0.2991760751805      0.9200756041453    155.8362153702327     18.6489869141826
     0.9856250000000      0.2992287061363      0.9268690418508    155.8591270239794     18.6550099675683
     0.9868750000000      0.2992738738961      0.9336816470464    155.8803078529417     18.6603614381052
     0.9881250000000      0.2993114964723      0.9405169623199    155.8997201890264     18.6650314197560
     0.9893750000000      0.2993415498141      0.9473784320853    155.9173366257054     18.6690148753714
     0.9906250000000      0.2993638219456      0.9542698530002    155.9330987803434     18.6722913674828
     0.9918750000000      0.2993787874166      0.9611937685716    155.9470647087493     18.6748972534758
     0.9931250000000      0.2993845276318      0.9681568929779    155.9588958328156     18.6766721435548
     0.9943750000000      0.2993874386529      0.9751517027285    155.9696301332982     18.6781392293014
     0.9956250000000      0.2993655052331      0.9822134951314    155.9755738232509     18.6774825846475
     0.9968750000000      0.2993851089462      0.9892527162180    155.9877206686106     18.6801602986567
     0.9981250000000      0.2992483927712      0.9963660055170    155.9703526889373     18.6695509448510
     0.9993750000000      0.2992483927712      1.0000000000000    155.9703526889373     18.6695509448510

