     0.0012500000000      1.0000000000000      0.0000000000000      1.0000000000000      2.5000000000000
     0.0037500000000      1.0000000000000      0.0000000000000      1.0000000000000      2.5000000000000
     0.0062500000000      1.0000000000000      0.0000000000000      1.0000000000000      2.5000000000000
     0.0087500000000      1.0000000000000      0.0000000000000      1.0000000000000      2.5000000000000
     0.0112500000000      1.0000000000000      0.0000000000000      1.0000000000000      2.5000000000000
     0.0137500000000      1.0000000000000      0.0000000000000      1.0000000000000      2.5000000000000
     0.0162500000000      1.0000000000000      0.0000000000000      1.0000000000000      2.5000000000000
     0.0187500000000      1.0000000000000      0.0000000000000      1.0000000000000      2.5000000000000
     0.0212500000000      1.0000000000000      0.0000000000000      1.0000000000000      2.5000000000000
     0.0237500000000      1.0000000000000      0.0000000000000      1.0000000000000      2.5000000000000
     0.0262500000000      1.0000000000000      0.0000000000000      1.0000000000000      2.5000000000000
     0.0287500000000      1.0000000000000      0.0000000000000      1.0000000000000      2.5000000000000
     0.0312500000000      1.0000000000000      0.0000000000000      1.0000000000000      2.5000000000000
     0.0337500000000      1.0000000000000      0.0000000000000      1.0000000000000      2.5000000000000
     0.0362500000000      1.0000000000000      0.0000000000000      1.0000000000000      2.5000000000000
     0.0387500000000      1.0000000000000      0.0000000000000      1.0000000000000      2.5000000000000
     0.0412500000000      1.0000000000000      0.0000000000000      1.0000000000000      2.5000000000000
     0.0437500000000      1.0000000000000      0.0000000000000      1.0000000000000      2.5000000000000
     0.0462500000000      1.0000000000000      0.0000000000000      1.0000000000000      2.5000000000000
     0.0487500000000      1.0000000000000      0.0000000000000      1.0000000000000      2.5000000000000
     0.0512500000000      1.0000000000000      0.0000000000000      1.0000000000000      2.5000000000000
     0.0537500000000      1.0000000000000      0.0000000000000      1.0000000000000      2.5000000000000
     0.0562500000000      1.0000000000000      0.0000000000000      1.0000000000000      2.5000000000000
     0.0587500000000      1.0000000000000      0.0000000000000      1.0000000000000      2.5000000000000
     0.0612500000000      1.0000000000000      0.0000000000000      1.0000000000000      2.5000000000000
     0.0637500000000      1.0000000000000      0.0000000000000      1.0000000000000      2.5000000000000
     0.0662500000000      1.0000000000000      0.0000000000000      1.0000000000000      2.5000000000000
     0.0687500000000      1.0000000000000      0.0000000000000      1.0000000000000      2.5000000000000
     0.0712500000000      1.0000000000000      0.0000000000000      1.0000000000000      2.5000000000000
     0.0737500000000      1.0000000000000      0.0000000000000      1.0000000000000      2.5000000000000
     0.0762500000000      1.0000000000000      0.0000000000000      1.0000000000000      2.5000000000000
     0.0787500000000      1.0000000000000      0.0000000000000      1.0000000000000      2.5000000000000
     0.0812500000000      1.0000000000000      0.0000000000000      1.0000000000000      2.5000000000000
     0.0837500000000      1.0000000000000      0.0000000000000      1.0000000000000      2.5000000000000
     0.0862500000000      1.0000000000000      0.0000000000000      1.0000000000000      2.5000000000000
     0.0887500000000      1.0000000000000      0.0000000000000      1.0000000000000      2.5000000000000
     0.0912500000000      1.0000000000000      0.0000000000000      1.0000000000000      2.5000000000000
     0.0937500000000      1.0000000000000      0.0000000000000      1.0000000000000      2.5000000000000
     0.0962500000000      1.0000000000000      0.0000000000000      1.0000000000000      2.5000000000000
     0.0987500000000      1.0000000000000      0.0000000000000      1.0000000000000      2.5000000000000
     0.1012500000000      1.0000000000000      0.0000000000000      1.0000000000000      2.5000000000000
     0.1037500000000      1.0000000000000      0.0000000000000      1.0000000000000      2.5000000000000
     0.1062500000000      1.0000000000000      0.0000000000000      1.0000000000000      2.5000000000000
     0.1087500000000      1.0000000000000      0.0000000000000      1.0000000000000      2.5000000000000
     0.1112500000000      1.0000000000000      0.0000000000000      1.0000000000000      2.5000000000000
     0.1137500000000      1.0000000000000      0.0000000000000      1.0000000000000      2.5000000000000
     0.1162500000000      1.0000000000000      0.0000000000000      1.0000000000000      2.5000000000000
     0.1187500000000      1.0000000000000      0.0000000000000      1.0000000000000      2.5000000000000
     0.1212500000000      1.0000000000000      0.0000000000000      1.0000000000000      2.5000000000000
     0.1237500000000      1.0000000000000      0.0000000000000      1.0000000000000      2.5000000000000
     0.1262500000000      1.0000000000000      0.0000000000000      1.0000000000000      2.5000000000000
     0.1287500000000      1.0000000000000      0.0000000000000      1.0000000000000      2.5000000000000
     0.1312500000000      1.0000000000000      0.0000000000000      1.0000000000000      2.5000000000000
     0.1337500000000      1.0000000000000      0.0000000000000      1.0000000000000      2.5000000000000
     0.1362500000000      1.0000000000000      0.0000000000000      1.0000000000000      2.5000000000000
     0.1387500000000      1.0000000000000      0.0000000000000      1.0000000000000      2.5000000000000
     0.1412500000000      1.0000000000000      0.0000000000000      1.0000000000000      2.5000000000000
     0.1437500000000      1.0000000000000      0.0000000000000      1.0000000000000      2.5000000000000
     0.1462500000000      1.0000000000000      0.0000000000000      1.0000000000000      2.5000000000000
     0.1487500000000      1.0000000000000      0.0000000000000      1.0000000000000      2.5000000000000
     0.1512500000000      1.0000000000000      0.0000000000000      1.0000000000000      2.5000000000000
     0.1537500000000      1.0000000000000      0.0000000000000      1.0000000000000      2.5000000000000
     0.1562500000000      1.0000000000000      0.0000000000000      1.0000000000000      2.5000000000000
     0.1587500000000      1.0000000000000      0.0000000000001      1.0000000000000      2.5000000000000
     0.1612500000000      0.9999999999999      0.0000000000002      0.9999999999999      2.4999999999999
     0.1637500000000      0.9999999999997      0.0000000000007      0.9999999999996      2.4999999999997
     0.1662500000000      0.9999999999990      0.0000000000021      0.9999999999987      2.4999999999990
     0.1687500000000      0.9999999999972      0.0000000000058      0.9999999999961      2.4999999999972
     0.1712500000000      0.9999999999922      0.0000000000157      0.9999999999891      2.4999999999922
     0.1737500000000      0.9999999999795      0.0000000000400      0.9999999999713      2.4999999999795
     0.1762500000000      0.9999999999486      0.0000000000970      0.9999999999281      2.4999999999486
     0.1787500000000      0.9999999998781      0.0000000002228      0.9999999998293      2.4999999998781
     0.1812500000000      0.9999999997259      0.0000000004850      0.9999999996162      2.4999999997259
     0.1837500000000      0.9999999994151      0.0000000010098      0.9999999991811      2.4999999994151
     0.1862500000000      0.9999999987961      0.0000000020374      0.9999999983146      2.4999999987961
     0.1887500000000      0.9999999975875      0.0000000040120      0.9999999966224      2.4999999975875
     0.1912500000000      0.9999999952763      0.0000000077354      0.9999999933868      2.4999999952763
     0.1937500000000      0.9999999909399      0.0000000146322      0.9999999873159      2.4999999909399
     0.1962500000000      0.9999999829461      0.0000000271946      0.9999999761245      2.4999999829461
     0.1987500000000      0.9999999684528      0.0000000497155      0.9999999558340      2.4999999684528
     0.2012500000000      0.9999999425904      0.0000000894752      0.9999999196266      2.4999999425904
     0.2037500000000      0.9999998971411      0.0000001586358      0.9999998559976      2.4999998971411
     0.2062500000000      0.9999998184487      0.0000002772120      0.9999997458282      2.4999998184487
     0.2087500000000      0.9999996841593      0.0000004776538      0.9999995578231      2.4999996841593
     0.2112500000000      0.9999994582285      0.0000008117974      0.9999992415200      2.4999994582286
     0.2137500000000      0.9999990834030      0.0000013612263      0.9999987167646      2.4999990834033
     0.2162500000000      0.9999984700975      0.0000022524477      0.9999978581377      2.4999984700981
     0.2187500000000      0.9999974802319      0.0000036787214      0.9999964723278      2.4999974802335
     0.2212500000000      0.9999959041793      0.0000059308808      0.9999942658592      2.4999959041831
     0.2237500000000      0.9999934285121      0.0000094400143      0.9999907999378      2.4999934285210
     0.2262500000000      0.9999895917645      0.0000148354002      0.9999854285219      2.4999895917850
     0.2287500000000      0.9999837250111      0.0000230215048      0.9999772151396      2.4999837250564
     0.2312500000000      0.9999748737847      0.0000352780652      0.9999648235899      2.4999748738816
     0.2337500000000      0.9999616978434      0.0000533871294      0.9999463776475      2.4999616980434
     0.2362500000000      0.9999423456917      0.0000797902443      0.9999192854571      2.4999423460894
     0.2387500000000      0.9999143017376      0.0001177775812      0.9998800256736      2.4999143024960
     0.2412500000000      0.9998742056707      0.0001717085203      0.9998238948210      2.4998742070515
     0.2437500000000      0.9998176462159      0.0002472599674      0.9997447189555      2.4998176485965
     0.2462500000000      0.9997389348611      0.0003516944878      0.9996345376013      2.4997389386964
     0.2487500000000      0.9996308693990      0.0004941353951      0.9994832739123      2.4996308750278
     0.2512500000000      0.9994845018471      0.0006858306520      0.9992784117182      2.4994845089431
     0.2537500000000      0.9992889300243      0.0009403824672      0.9990047068010      2.4992889363258
     0.2562500000000      0.9990311360414      0.0012739156687      0.9986439654113      2.4990311347261
     0.2587500000000      0.9986958973237      0.0017051562649      0.9981749264190      2.4986958720216
     0.2612500000000      0.9982657956379      0.0022553929805      0.9975732833093      2.4982657115680
     0.2637500000000      0.9977213461868      0.0029482996410      0.9968118774022      2.4977211352948
     0.2662500000000      0.9970412617987      0.0038096052281      0.9958610836443      2.4970407991131
     0.2687500000000      0.9962028567813      0.0048666107595      0.9946893953569      2.4962019246030
     0.2712500000000      0.9951825820228      0.0061475666331      0.9932641956948      2.4951808181669
     0.2737500000000      0.9939566689633      0.0076809388941      0.9915526834725      2.4939534952431
     0.2762500000000      0.9925018471070      0.0094946058816      0.9895229023406      2.4924963747545
     0.2787500000000      0.9907960898969      0.0116150358028      0.9871448080360      2.4907869997214
     0.2812500000000      0.9888193387182      0.0140664994309      0.9843913011081      2.4888047355146
     0.2837500000000      0.9865541555112      0.0168703696471      0.9812391535550      2.4865313983866
     0.2862500000000      0.9839862609105      0.0200445513138      0.9776697671755      2.4839517735512
     0.2887500000000      0.9811049259703      0.0236030722977      0.9736697176882      2.4810539930917
     0.2912500000000      0.9779031996084      0.0275558513129      0.9692310592127      2.4778297575895
     0.2937500000000      0.9743779687847      0.0319086428295      0.9643513854489      2.4742743995219
     0.2962500000000      0.9705298620840      0.0366631455632      0.9590336638366      2.4703867992720
     0.2987500000000      0.9663630182427      0.0418172504870      0.9532858748239      2.4661691745961
     0.3012500000000      0.9618847483267      0.0473653976230      0.9471204987764      2.4616267708371
     0.3037500000000      0.9571051235514      0.0532990081476      0.9405538977362      2.4567674819412
     0.3062500000000      0.9520365205095      0.0596069590745      0.9336056387528      2.4516014318789
     0.3087500000000      0.9466931526283      0.0662760711408      0.9262978010188      2.4461405431295
     0.3112500000000      0.9410906119463      0.0732915855378      0.9186543019435      2.4403981143846
     0.3137500000000      0.9352454397006      0.0806376109072      0.9107002689465      2.4343884243851
     0.3162500000000      0.9291747385301      0.0882975277964      0.9024614753063      2.4281263735546
     0.3187500000000      0.9228958338762      0.0962543430255      0.8939638506689      2.4216271703011
     0.3212500000000      0.9164259877431      0.1044909908285      0.8852330703132      2.4149060648457
     0.3237500000000      0.9097821645218      0.1129905810796      0.8762942222027      2.4079781303014
     0.3262500000000      0.9029808460734      0.1217365974006      0.8671715472141      2.4008580884770
     0.3287500000000      0.8960378916385      0.1307130495668      0.8578882455925      2.3935601764111
     0.3312500000000      0.8889684372227      0.1399045855371      0.8484663414130      2.3860980488345
     0.3337500000000      0.8817868287704      0.1492965687795      0.8389265963954      2.3784847114500
     0.3362500000000      0.8745065835010      0.1588751265060      0.8292884645863      2.3707324799840
     0.3387500000000      0.8671403741272      0.1686271740993      0.8195700799902      2.3628529602693
     0.3412500000000      0.8597000311844      0.1785404205156      0.8097882700342      2.3548570450748
     0.3437500000000      0.8521965592898      0.1886033588726      0.7999585886648      2.3467549239210
     0.3462500000000      0.8446401637610      0.1988052458271      0.7900953638084      2.3385561026670
     0.3487500000000      0.8370402846132      0.2091360727686      0.7802117548248      2.3302694301785
     0.3512500000000      0.8294056355016      0.2195865313130      0.7703198164014      2.3219031298709
     0.3537500000000      0.8217442456560      0.2301479751003      0.7604305660635      2.3134648343551
     0.3562500000000      0.8140635032783      0.2408123794799      0.7505540531019      2.3049616217878
     0.3587500000000      0.8063701992285      0.2515723003116      0.7406994272493      2.2964000528478
     0.3612500000000      0.7986705701206      0.2624208328073      0.7308750058708      2.2877862075238
     0.3637500000000      0.7909703401929      0.2733515710990      0.7210883387906      2.2791257211199
     0.3662500000000      0.7832747615114      0.2843585690128      0.7113462701610      2.2704238190579
     0.3687500000000      0.7755886522182      0.2954363023747      0.7016549970007      2.2616853501980
     0.3712500000000      0.7679164326582      0.3065796330455      0.6920201242046      2.2529148185079
     0.3737500000000      0.7602621593097      0.3177837747844      0.6824467159549      2.2441164129966
     0.3762500000000      0.7526295565125      0.3290442609669      0.6729393435636      2.2352940358928
     0.3787500000000      0.7450220460395      0.3403569141255      0.6635021298448      2.2264513290982
     0.3812500000000      0.7374427745941      0.3517178172376      0.6541387901650      2.2175916989797
     0.3837500000000      0.7298946393417      0.3631232866558      0.6448526703535      2.2087183395920
     0.3862500000000      0.7223803115989      0.3745698465518      0.6356467816751      2.1998342544392
     0.3887500000000      0.7149022588173      0.3860542047290      0.6265238330764      2.1909422768956
     0.3912500000000      0.7074627650006      0.3975732296483      0.6174862609260      2.1820450894169
     0.3937500000000      0.7000639496995      0.4091239285012      0.6085362564627      2.1731452416739
     0.3962500000000      0.6927077857250      0.4207034261611      0.5996757911660      2.1642451677452
     0.3987500000000      0.6853961157270      0.4323089448303      0.5909066402591      2.1553472025162
     0.4012500000000      0.6781306677511      0.4439377842221      0.5822304045183      2.1464535973912
     0.4037500000000      0.6709130700040      0.4555873020289      0.5736485306902      2.1375665355825
     0.4062500000000      0.6637448646278      0.4672548946433      0.5651623303052      2.1286881466951
     0.4087500000000      0.6566275217028      0.4789379776666      0.5567729983658      2.1198205221506
     0.4112500000000      0.6495624505356      0.4906339658121      0.5484816284166      2.1109657276385
     0.4137500000000      0.6425510156957      0.5023402569642      0.5402892328846      2.1021258222571
     0.4162500000000      0.6355945510203      0.5140541965107      0.5321967605106      2.0933028754584
     0.4187500000000      0.6286943508615      0.5257731246296      0.5242050868363      2.0844989545317
     0.4212500000000      0.6218519910615      0.5374941855161      0.5163153873345      2.0757165481335
     0.4237500000000      0.6150689436575      0.5492141268891      0.5085286851417      2.0669580637488
     0.4262500000000      0.6083464899948      0.5609296682549      0.5008457543471      2.0582257092966
     0.4287500000000      0.6016859376039      0.5726376006226      0.4932673746203      2.0495217845073
     0.4312500000000      0.5950886390897      0.5843345413039      0.4857943507455      2.0408487023404
     0.4337500000000      0.5885560167479      0.5960168931884      0.4784275393174      2.0322090238791
     0.4362500000000      0.5820895593309      0.6076808147741      0.4711678436970      2.0236054578894
     0.4387500000000      0.5756908331052      0.6193221605163      0.4640162251269      2.0150408797723
     0.4412500000000      0.5693615037429      0.6309364345148      0.4569737254732      2.0065183651737
     0.4437500000000      0.5631033589860      0.6425187478373      0.4500414903200      1.9980412260831
     0.4462500000000      0.5569183291606      0.6540637671709      0.4432207891402      1.9896130452747
     0.4487500000000      0.5508085079545      0.6655656529908      0.4365130352660      1.9812377122088
     0.4512500000000      0.5447761757946      0.6770179902619      0.4299198082386      1.9729194637208
     0.4537500000000      0.5388238265378      0.6884137135103      0.4234428792774      1.9646629307312
     0.4562500000000      0.5329541968051      0.6997450256650      0.4170842390762      1.9564731902690
     0.4587500000000      0.5271702973269      0.7110033089402      0.4108461272129      1.9483558220945
     0.4612500000000      0.5214754463551      0.7221790269190      0.4047310632349      1.9403169701650
     0.4637500000000      0.5158733054221      0.7332616183457      0.3987418797387      1.9323634095219
     0.4662500000000      0.5103679173921      0.7442393837902      0.3928817574126      1.9245026187195
     0.4687500000000      0.5049637462862      0.7550993666235      0.3871542615433      1.9167428572383
     0.4712500000000      0.4996657180010      0.7658272303484      0.3815633791478      1.9090932467525
     0.4737500000000      0.4944792607272      0.7764071355379      0.3761135556160      1.9015638545836
     0.4762500000000      0.4894103434346      0.7868216213702      0.3708097293617      1.8941657769195
     0.4787500000000      0.4844655101445      0.7970514988369      0.3656573623804      1.8869112182585
     0.4812500000000      0.4796519068648      0.8070757651399      0.3606624638350      1.8798135620500
     0.4837500000000      0.4749772970706      0.8168715516527      0.3558316028674      1.8728874256835
     0.4862500000000      0.4704500604965      0.8264141211014      0.3511719058034      1.8661486908558
     0.4887500000000      0.4660791688008      0.8356769331380      0.3466910317959      1.8596144979401
     0.4912500000000      0.4618741304380      0.8446318008315      0.3423971198022      1.8533031904036
     0.4937500000000      0.4578448960061      0.8532491632081      0.3382986987666      1.8472341928330
     0.4962500000000      0.4540017146805      0.8614984999783      0.3344045522215      1.8414278041704
     0.4987500000000      0.4503549324658      0.8693489128924      0.3307235285628      1.8359048870190
     0.5012500000000      0.4469147243655      0.8767698924289      0.3272642894387      1.8306864352215
     0.5037500000000      0.4436907557003      0.8837322773367      0.3240349915133      1.8257930064480
     0.5062500000000      0.4406917732090      0.8902093968426      0.3210429018326      1.8212440153742
     0.5087500000000      0.4379251345675      0.8961783608000      0.3182939544714      1.8170568970982
     0.5112500000000      0.4353962954864      0.9016214329102      0.3157922660757      1.8132461699224
     0.5137500000000      0.4331082858404      0.9065273896307      0.3135396396753      1.8098224504460
     0.5162500000000      0.4310612186946      0.9108927381598      0.3115350982226      1.8067914991637
     0.5187500000000      0.4292518860364      0.9147226485124      0.3097744992563      1.8041533964863
     0.5212500000000      0.4276734992354      0.9180314553578      0.3082502867373      1.8019019607738
     0.5237500000000      0.4263156275755      0.9208426113015      0.3069514322872      1.8000245148934
     0.5262500000000      0.4251643726431      0.9231880263128      0.3058636036623      1.7985020814472
     0.5287500000000      0.4242027903064      0.9251068026661      0.3049695734808      1.7973100392651
     0.5312500000000      0.4234115390279      0.9266434584307      0.3042498492395      1.7964192115428
     0.5337500000000      0.4227696996827      0.9278458070427      0.3036834726339      1.7957972914200
     0.5362500000000      0.4222556859583      0.9287627095339      0.3032489100760      1.7954104595879
     0.5387500000000      0.4218481515852      0.9294419268597      0.3029249429394      1.7952250223275
     0.5412500000000      0.4215268046760      0.9299282778103      0.3026914692440      1.7952089041918
     0.5437500000000      0.4212730536752      0.9302622442024      0.3025301418033      1.7953328557572
     0.5462500000000      0.4210703935338      0.9304790201764      0.3024247510686      1.7955712139397
     0.5487500000000      0.4209019728260      0.9306080723205      0.3023587793740      1.7958978508933
     0.5512500000000      0.4207584874185      0.9306739585458      0.3023233404052      1.7962997149506
     0.5537500000000      0.4206394414460      0.9306965556805      0.3023184574494      1.7967790681384
     0.5562500000000      0.4205212558423      0.9306906964180      0.3023209955035      1.7972991335360
     0.5587500000000      0.4204081228820      0.9306672015006      0.3023358321368      1.7978710191434
     0.5612500000000      0.4202920317835      0.9306335790198      0.3023556576572      1.7984855457179
     0.5637500000000      0.4201695200608      0.9305950528337      0.3023778489588      1.7991419803315
     0.5662500000000      0.4200379728361      0.9305554590656      0.3024007712618      1.7998418644154
     0.5687500000000      0.4198954927586      0.9305171270262      0.3024236781532      1.8005889761181
     0.5712500000000      0.4197400100586      0.9304813077851      0.3024458535664      1.8013880397307
     0.5737500000000      0.4195695376267      0.9304486355270      0.3024669186376      1.8022454653673
     0.5762500000000      0.4193819968469      0.9304193070724      0.3024867219964      1.8031694509460
     0.5787500000000      0.4191750511089      0.9303932407380      0.3025052598706      1.8041702331183
     0.5812500000000      0.4189459267453      0.9303701927394      0.3025226146812      1.8052605083873
     0.5837500000000      0.4186912092544      0.9303498431191      0.3025389125037      1.8064560815742
     0.5862500000000      0.4184065935891      0.9303318565418      0.3025542949034      1.8077768105191
     0.5887500000000      0.4180865638630      0.9303159228710      0.3025689018525      1.8092479405271
     0.5912500000000      0.4177239731848      0.9303017812087      0.3025828618367      1.8109019427933
     0.5937500000000      0.4173094932509      0.9302892296862      0.3025962859443      1.8127809865227
     0.5962500000000      0.4168309080577      0.9302781247907      0.3026092642717      1.8149401737131
     0.5987500000000      0.4162722388940      0.9302683752191      0.3026218640365      1.8174516323771
     0.6012500000000      0.4156127125022      0.9302599334614      0.3026341290711      1.8204094819978
     0.6037500000000      0.4148256257949      0.9302527867363      0.3026460811156      1.8239355424079
     0.6062500000000      0.4138772193131      0.9302469467543      0.3026577235943      1.8281854464994
     0.6087500000000      0.4127257483368      0.9302424377380      0.3026690522573      1.8333545549135
     0.6112500000000      0.4113210993121      0.9302393386406      0.3026801606442      1.8396829213869
     0.6137500000000      0.4096046954022      0.9302376074648      0.3026908439887      1.8474571177186
     0.6162500000000      0.4075113744005      0.9302371188838      0.3027010776202      1.8570099918409
     0.6187500000000      0.4049723891661      0.9302378687811      0.3027112056425      1.8687150886129
     0.6212500000000      0.4019187182788      0.9302396708804      0.3027208501332      1.8829730761829
     0.6237500000000      0.3982882873712      0.9302424059780      0.3027304054650      1.9001965100648
     0.6262500000000      0.3940315885186      0.9302458388041      0.3027398521849      1.9207841516151
     0.6287500000000      0.3891189246712      0.9302495893149      0.3027490428623      1.9450932842581
     0.6312500000000      0.3835474428881      0.9302542148006      0.3027586473603      1.9734106756167
     0.6337500000000      0.3773436511676      0.9302594857674      0.3027681957221      2.0059181781995
     0.6362500000000      0.3705660606390      0.9302645661795      0.3027771137325      2.0426662469467
     0.6387500000000      0.3633055370895      0.9302711311561      0.3027868400482      2.0835550875022
     0.6412500000000      0.3556767414788      0.9302791060706      0.3027962891701      2.1283110044751
     0.6437500000000      0.3478133381013      0.9302866293475      0.3028042485477      2.1764853110629
     0.6462500000000      0.3398628169442      0.9302966612738      0.3028135599776      2.2274690322132
     0.6487500000000      0.3319700944540      0.9303090345506      0.3028222689987      2.2804935900685
     0.6512500000000      0.3242734754447      0.9303199686232      0.3028286926785      2.3346705451565
     0.6537500000000      0.3169019513367      0.9303336730713      0.3028373468665      2.3890460881444
     0.6562500000000      0.3099594301853      0.9303500960389      0.3028454529890      2.4426217070409
     0.6587500000000      0.3035279374085      0.9303633785996      0.3028509864030      2.4944243105649
     0.6612500000000      0.2976709759769      0.9303787504404      0.3028596409219      2.5435771822230
     0.6637500000000      0.2924216454112      0.9303968852446      0.3028681661109      2.5893104260891
     0.6662500000000      0.2877913588560      0.9304106333825      0.3028739726080      2.6310203841070
     0.6687500000000      0.2837777398762      0.9304261806870      0.3028834792065      2.6683160502536
     0.6712500000000      0.2803545987811      0.9304451609437      0.3028930518681      2.7009816602352
     0.6737500000000      0.2774826864156      0.9304596672008      0.3028994578444      2.7289942100277
     0.6762500000000      0.2751195544276      0.9304767269360      0.3029098132159      2.7525289309780
     0.6787500000000      0.2732088935639      0.9304984211581      0.3029201896840      2.7718734347595
     0.6812500000000      0.2716911365194      0.9305157027153      0.3029266314597      2.7874173164099
     0.6837500000000      0.2705141592646      0.9305365524149      0.3029375487638      2.7996459555702
     0.6862500000000      0.2696194152501      0.9305630141213      0.3029484039851      2.8090373583083
     0.6887500000000      0.2689520622303      0.9305841407388      0.3029543931899      2.8160631180662
     0.6912500000000      0.2684720683043      0.9306096090378      0.3029659354774      2.8212053621722
     0.6937500000000      0.2681351570319      0.9306416036332      0.3029774044590      2.8248571337384
     0.6962500000000      0.2679033368374      0.9306664161305      0.3029831577816      2.8273552072771
     0.6987500000000      0.2677563003850      0.9306951452377      0.3029958072151      2.8290259349585
     0.7012500000000      0.2676672483321      0.9307303231957      0.3030086313414      2.8300869197627
     0.7037500000000      0.2676150724212      0.9307560059588      0.3030158438268      2.8307060686574
     0.7062500000000      0.2675950892946      0.9307843918437      0.3030308228579      2.8310573977346
     0.7087500000000      0.2675931689000      0.9308198408580      0.3030463407717      2.8312226916839
     0.7112500000000      0.2675985298427      0.9308468703669      0.3030560210707      2.8312564090768
     0.7137500000000      0.2676146984192      0.9308787728966      0.3030727755452      2.8312418687711
     0.7162500000000      0.2676338295265      0.9309199658427      0.3030889865255      2.8311909135489
     0.7187500000000      0.2676502348745      0.9309547397968      0.3030986827769      2.8311079468979
     0.7212500000000      0.2676706466270      0.9309927132222      0.3031143716132      2.8310385863458
     0.7237500000000      0.2676899769124      0.9310363647902      0.3031290156450      2.8309709158837
     0.7262500000000      0.2677080503894      0.9310750646910      0.3031428425057      2.8309089142513
     0.7287500000000      0.2677249664182      0.9311073740609      0.3031561749251      2.8308545424516
     0.7312500000000      0.2677393785100      0.9311367150991      0.3031668272034      2.8308016259186
     0.7337500000000      0.2677554835896      0.9311713821463      0.3031812884801      2.8307663807258
     0.7362500000000      0.2677590902269      0.9311881037698      0.3031768926973      2.8306872087928
     0.7387500000000      0.2677555802310      0.9311780719086      0.3031621013693      2.8305862113849
     0.7412500000000      0.2677357972020      0.9311213660377      0.3031224844668      2.8304254383856
     0.7437500000000      0.2677092979336      0.9310036441614      0.3030733697055      2.8302469511221
     0.7462500000000      0.2676117736702      0.9306738370892      0.3029129280354      2.8297795336231
     0.7487500000000      0.2675180973979      0.9302153475223      0.3027595837510      2.8293374046085
     0.7512500000000      0.2674022706284      0.9295982698916      0.3025714261592      2.8288038228708
     0.7537500000000      0.2669656021480      0.9282064270408      0.3018744370668      2.8269038654981
     0.7562500000000      0.2666231261087      0.9263280670224      0.3013253611760      2.8253865819310
     0.7587500000000      0.2654483345229      0.9225783912181      0.2994593232498      2.8203164637296
     0.7612500000000      0.2643306265542      0.9176702996633      0.2976868924885      2.8154786334183
     0.7637500000000      0.2629073865196      0.9110401178692      0.2954379749978      2.8093350562416
     0.7662500000000      0.2584424041475      0.8967645801766      0.2884215923894      2.7899987362830
     0.7687500000000      0.2551724875794      0.8775053776075      0.2832979933331      2.7755538618261
     0.7712500000000      0.2452890545410      0.8430860843899      0.2679357675552      2.7308165875624
     0.7737500000000      0.2367946308027      0.7982244930780      0.2548482244524      2.6906039168672
     0.7762500000000      0.2261780907404      0.7422446382199      0.2386141056574      2.6374582179507
     0.7787500000000      0.2023930052870      0.6388203242938      0.2032600729330      2.5107101977751
     0.7812500000000      0.1843523346599      0.5061308551466      0.1773700793617      2.4053137120418
     0.7837500000000      0.1583935025701      0.3481433836773      0.1416060318366      2.2350353634906
     0.7862500000000      0.1402287572722      0.1877145653130      0.1181438399082      2.1062698230797
     0.7887500000000      0.1306855862311      0.0824457470125      0.1065491684891      2.0382731478270
     0.7912500000000      0.1266342583757      0.0287044823259      0.1018475923131      2.0106642866531
     0.7937500000000      0.1253904470783      0.0077522412358      0.1004383458344      2.0025119172696
     0.7962500000000      0.1250898146586      0.0018244257245      0.1001006486602      2.0005755251408
     0.7987500000000      0.1250204472759      0.0004179534319      0.1000229038830      2.0001308998347
     0.8012500000000      0.1250046244406      0.0000949548023      0.1000051795240      2.0000295983360
     0.8037500000000      0.1250010410300      0.0000214475938      0.1000011659612      2.0000066626891
     0.8062500000000      0.1250002338996      0.0000048256671      0.1000002619680      2.0000014969625
     0.8087500000000      0.1250000524225      0.0000010835264      0.1000000587132      2.0000003355041
     0.8112500000000      0.1250000116943      0.0000002425476      0.1000000130976      2.0000000748434
     0.8137500000000      0.1250000025939      0.0000000540266      0.1000000029051      2.0000000166007
     0.8162500000000      0.1250000005713      0.0000000119616      0.1000000006398      2.0000000036563
     0.8187500000000      0.1250000001247      0.0000000026283      0.1000000001396      2.0000000007979
     0.8212500000000      0.1250000000269      0.0000000005718      0.1000000000301      2.0000000001721
     0.8237500000000      0.1250000000057      0.0000000001229      0.1000000000064      2.0000000000366
     0.8262500000000      0.1250000000012      0.0000000000260      0.1000000000013      2.0000000000076
     0.8287500000000      0.1250000000002      0.0000000000054      0.1000000000003      2.0000000000016
     0.8312500000000      0.1250000000000      0.0000000000011      0.1000000000001      2.0000000000003
     0.8337500000000      0.1250000000000      0.0000000000002      0.1000000000000      2.0000000000001
     0.8362500000000      0.1250000000000      0.0000000000000      0.1000000000000      2.0000000000000
     0.8387500000000      0.1250000000000      0.0000000000000      0.1000000000000      2.0000000000000
     0.8412500000000      0.1250000000000      0.0000000000000      0.1000000000000      2.0000000000000
     0.8437500000000      0.1250000000000      0.0000000000000      0.1000000000000      2.0000000000000
     0.8462500000000      0.1250000000000      0.0000000000000      0.1000000000000      2.0000000000000
     0.8487500000000      0.1250000000000      0.0000000000000      0.1000000000000      2.0000000000000
     0.8512500000000      0.1250000000000      0.0000000000000      0.1000000000000      2.0000000000000
     0.8537500000000      0.1250000000000      0.0000000000000      0.1000000000000      2.0000000000000
     0.8562500000000      0.1250000000000      0.0000000000000      0.1000000000000      2.0000000000000
     0.8587500000000      0.1250000000000      0.0000000000000      0.1000000000000      2.0000000000000
     0.8612500000000      0.1250000000000      0.0000000000000      0.1000000000000      2.0000000000000
     0.8637500000000      0.1250000000000      0.0000000000000      0.1000000000000      2.0000000000000
     0.8662500000000      0.1250000000000      0.0000000000000      0.1000000000000      2.0000000000000
     0.8687500000000      0.1250000000000      0.0000000000000      0.1000000000000      2.0000000000000
     0.8712500000000      0.1250000000000      0.0000000000000      0.1000000000000      2.0000000000000
     0.8737500000000      0.1250000000000      0.0000000000000      0.1000000000000      2.0000000000000
     0.8762500000000      0.1250000000000      0.0000000000000      0.1000000000000      2.0000000000000
     0.8787500000000      0.1250000000000      0.0000000000000      0.1000000000000      2.0000000000000
     0.8812500000000      0.1250000000000      0.0000000000000      0.1000000000000      2.0000000000000
     0.8837500000000      0.1250000000000      0.0000000000000      0.1000000000000      2.0000000000000
     0.8862500000000      0.1250000000000      0.0000000000000      0.1000000000000      2.0000000000000
     0.8887500000000      0.1250000000000      0.0000000000000      0.1000000000000      2.0000000000000
     0.8912500000000      0.1250000000000      0.0000000000000      0.1000000000000      2.0000000000000
     0.8937500000000      0.1250000000000      0.0000000000000      0.1000000000000      2.0000000000000
     0.8962500000000      0.1250000000000      0.0000000000000      0.1000000000000      2.0000000000000
     0.8987500000000      0.1250000000000      0.0000000000000      0.1000000000000      2.0000000000000
     0.9012500000000      0.1250000000000      0.0000000000000      0.1000000000000      2.0000000000000
     0.9037500000000      0.1250000000000      0.0000000000000      0.1000000000000      2.0000000000000
     0.9062500000000      0.1250000000000      0.0000000000000      0.1000000000000      2.0000000000000
     0.9087500000000      0.1250000000000      0.0000000000000      0.1000000000000      2.0000000000000
     0.9112500000000      0.1250000000000      0.0000000000000      0.1000000000000      2.0000000000000
     0.9137500000000      0.1250000000000      0.0000000000000      0.1000000000000      2.0000000000000
     0.9162500000000      0.1250000000000      0.0000000000000      0.1000000000000      2.0000000000000
     0.9187500000000      0.1250000000000      0.0000000000000      0.1000000000000      2.0000000000000
     0.9212500000000      0.1250000000000      0.0000000000000      0.1000000000000      2.0000000000000
     0.9237500000000      0.1250000000000      0.0000000000000      0.1000000000000      2.0000000000000
     0.9262500000000      0.1250000000000      0.0000000000000      0.1000000000000      2.0000000000000
     0.9287500000000      0.1250000000000      0.0000000000000      0.1000000000000      2.0000000000000
     0.9312500000000      0.1250000000000      0.0000000000000      0.1000000000000      2.0000000000000
     0.9337500000000      0.1250000000000      0.0000000000000      0.1000000000000      2.0000000000000
     0.9362500000000      0.1250000000000      0.0000000000000      0.1000000000000      2.0000000000000
     0.9387500000000      0.1250000000000      0.0000000000000      0.1000000000000      2.0000000000000
     0.9412500000000      0.1250000000000      0.0000000000000      0.1000000000000      2.0000000000000
     0.9437500000000      0.1250000000000      0.0000000000000      0.1000000000000      2.0000000000000
     0.9462500000000      0.1250000000000      0.0000000000000      0.1000000000000      2.0000000000000
     0.9487500000000      0.1250000000000      0.0000000000000      0.1000000000000      2.0000000000000
     0.9512500000000      0.1250000000000      0.0000000000000      0.1000000000000      2.0000000000000
     0.9537500000000      0.1250000000000      0.0000000000000      0.1000000000000      2.0000000000000
     0.9562500000000      0.1250000000000      0.0000000000000      0.1000000000000      2.0000000000000
     0.9587500000000      0.1250000000000      0.0000000000000      0.1000000000000      2.0000000000000
     0.9612500000000      0.1250000000000      0.0000000000000      0.1000000000000      2.0000000000000
     0.9637500000000      0.1250000000000      0.0000000000000      0.1000000000000      2.0000000000000
     0.9662500000000      0.1250000000000      0.0000000000000      0.1000000000000      2.0000000000000
     0.9687500000000      0.1250000000000      0.0000000000000      0.1000000000000      2.0000000000000
     0.9712500000000      0.1250000000000      0.0000000000000      0.1000000000000      2.0000000000000
     0.9737500000000      0.1250000000000      0.0000000000000      0.1000000000000      2.0000000000000
     0.9762500000000      0.1250000000000      0.0000000000000      0.1000000000000      2.0000000000000
     0.9787500000000      0.1250000000000      0.0000000000000      0.1000000000000      2.0000000000000
     0.9812500000000      0.1250000000000      0.0000000000000      0.1000000000000      2.0000000000000
     0.9837500000000      0.1250000000000      0.0000000000000      0.1000000000000      2.0000000000000
     0.9862500000000      0.1250000000000      0.0000000000000      0.1000000000000      2.0000000000000
     0.9887500000000      0.1250000000000      0.0000000000000      0.1000000000000      2.0000000000000
     0.9912500000000      0.1250000000000      0.0000000000000      0.1000000000000      2.0000000000000
     0.9937500000000      0.1250000000000      0.0000000000000      0.1000000000000      2.0000000000000
     0.9962500000000      0.1250000000000      0.0000000000000      0.1000000000000      2.0000000000000
     0.9987500000000      0.1250000000000      0.0000000000000      0.1000000000000      2.0000000000000

