     0.0012500000000      0.9818710882844      0.0000000000000    974.7210175089568   2481.7947822765850
     0.0037500000000      0.9818710882844      0.0415521000583    974.7210175089568   2481.7947822765850
     0.0062500000000      0.9821767763321      0.1149187807345    975.1464505794245   2482.1052433683535
     0.0087500000000      0.9818286831718      0.1841015855704    974.6633057184100   2481.7550210739573
     0.0112500000000      0.9813850896661      0.2586644435778    974.0475609451245   2481.3082326239582
     0.0137500000000      0.9808014536564      0.3333917708549    973.2375078818435   2480.7199873472628
     0.0162500000000      0.9800774807902      0.4088698031921    972.2329111799378   2479.9899248680781
     0.0187500000000      0.9792141005967      0.4852630905535    971.0352540139011   2479.1188500610269
     0.0212500000000      0.9782141494274      0.5627364199736    969.6486902936059   2478.1094478678006
     0.0237500000000      0.9770809832075      0.6414343999180    968.0781174615926   2476.9648936458025
     0.0262500000000      0.9758183029164      0.7214914312973    966.3289320284566   2475.6886838985351
     0.0287500000000      0.9744300838632      0.8030310990907    964.4069284809367   2474.2845701598530
     0.0312500000000      0.9729205286166      0.8861655044448    962.3182305965436   2472.7565157991239
     0.0337500000000      0.9712940235511      0.9709949674824    960.0692276121532   2471.1086559096329
     0.0362500000000      0.9695550933816      1.0576078431341    957.6665076394430   2469.3452547891402
     0.0387500000000      0.9677083558749      1.1460804120126    955.1167915026750   2467.4706633051846
     0.0412500000000      0.9657584790341      1.2364768920775    952.4268702681287   2465.4892784909430
     0.0437500000000      0.9637101417910      1.3288495905320    949.6035479523962   2463.4055064202407
     0.0462500000000      0.9615679987038      1.4232391909986    946.6535901292591   2461.2237288610522
     0.0487500000000      0.9593366489458      1.5196751632347    943.5836788414796   2458.9482739932373
     0.0512500000000      0.9570206097094      1.6181762801945    940.4003739841822   2456.5833913172978
     0.0537500000000      0.9546242940033      1.7187512258531    937.1100811142816   2454.1332307405437
     0.0562500000000      0.9521519926985      1.8213992763877    933.7190254601883   2451.6018257072938
     0.0587500000000      0.9496078605774      1.9261110370496    930.2332317612827   2448.9930801427754
     0.0612500000000      0.9469959060643      2.0328692173288    926.6585094582425   2446.3107589067322
     0.0637500000000      0.9443199842639      2.1416494277671    923.0004426821764   2443.5584814019571
     0.0662500000000      0.9415837929050      2.2524209829324    919.2643844498012   2440.7397179533691
     0.0687500000000      0.9387908707746      2.3651476965604    915.4554544596332   2437.8577885624186
     0.0712500000000      0.9359445982359      2.4797886565943    911.5785398956211   2434.9158636467100
     0.0737500000000      0.9330481994428      2.5962989697321    907.6382986748146   2431.9169663924977
     0.0762500000000      0.9301047458905      2.7146304670256    903.6391646195699   2428.8639763750180
     0.0787500000000      0.9271171609800      2.8347323640025    899.5853540878068   2425.7596341354597
     0.0812500000000      0.9240882253129      2.9565518706219    895.4808736528267   2422.6065464409407
     0.0837500000000      0.9210205824733      3.0800347480865    891.3295284837455   2419.4071919929529
     0.0862500000000      0.9179167450931      3.2051258110708    887.1349311358441   2416.1639273882952
     0.0887500000000      0.9147791010377      3.3317693752680    882.9005105150869   2412.8789931732731
     0.0912500000000      0.9116099195798      3.4599096512886    878.6295208311719   2409.5545198656569
     0.0937500000000      0.9084113574645      3.5894910868669    874.3250503979303   2406.1925338490678
     0.0962500000000      0.9051854647914      3.7204586600462    869.9900301782416   2402.7949630706289
     0.0987500000000      0.9019341906660      3.8527581265399    865.6272420028641   2399.3636424948822
     0.1012500000000      0.8986593885883      3.9863362248162    861.2393264189379   2395.9003192851769
     0.1037500000000      0.8953628215627      4.1211408426590    856.8287901448781   2392.4066576983341
     0.1062500000000      0.8920461669252      4.2571211490256    852.3980131244896   2388.8842436896089
     0.1087500000000      0.8887110208904      4.3942276949917    847.9492551850890   2385.3345892334032
     0.1112500000000      0.8853589028297      4.5324124874553    843.4846623128275   2381.7591363710508
     0.1137500000000      0.8819912592932      4.6716290390919    839.0062725639642   2378.1592610009538
     0.1162500000000      0.8786094677918      4.8118323978249    834.5160216340746   2374.5362764285678
     0.1187500000000      0.8752148403575      4.9529791588224    830.0157481086724   2370.8914366947524
     0.1212500000000      0.8718086268976      5.0950274617583    825.5071984189105   2367.2259397010848
     0.1237500000000      0.8683920183616      5.2379369757990    820.9920315252884   2363.5409301500763
     0.1262500000000      0.8649661497341      5.3816688745039    816.4718233509565   2359.8375023172025
     0.1287500000000      0.8615321028711      5.5261858025644    811.9480709845110   2356.1167026702792
     0.1312500000000      0.8580909091906      5.6714518360563    807.4221966703138   2352.3795323502832
     0.1337500000000      0.8546435522300      5.8174324376524    802.8955516024807   2348.6269495261840
     0.1362500000000      0.8511909700815      5.9640944080261    798.3694195368656   2344.8598716349252
     0.1387500000000      0.8477340577134      6.1114058344908    793.8450202336865   2341.0791775163189
     0.1412500000000      0.8442736691861      6.2593360377457    789.3235127419298   2337.2857094514115
     0.1437500000000      0.8408106197702      6.4078555174503    784.8059985353482   2333.4802751117791
     0.1462500000000      0.8373456879718      6.5569358972173    780.2935245087352   2329.6636494262912
     0.1487500000000      0.8338796174715      6.7065498694978    775.7870858422164   2325.8365763710758
     0.1512500000000      0.8304131189815      6.8566711407373    771.2876287405097   2321.9997706877766
     0.1537500000000      0.8269468720259      7.0072743770928    766.7960530534810   2318.1539195346454
     0.1562500000000      0.8234815266466      7.1583351509333    762.3132147838134   2314.2996840745859
     0.1587500000000      0.8200177050412      7.3098298882829    757.8399284872129   2310.4377010039502
     0.1612500000000      0.8165560031337      7.4617358173168    753.3769695702674   2306.5685840255837
     0.1637500000000      0.8130969920829      7.6140309179778    748.9250764908405   2302.6929252694817
     0.1662500000000      0.8096412197317      7.7666938727443    744.4849528656981   2298.8112966642202
     0.1687500000000      0.8061892120000      7.9197040185545    740.0572694899350   2294.9242512622745
     0.1712500000000      0.8027414742239      8.0730412998657    735.6426662726594   2291.0323245222362
     0.1737500000000      0.7992984924454      8.2266862228066    731.2417540933155   2287.1360355509214
     0.1762500000000      0.7958607346540      8.3806198103687    726.8551165829560   2283.2358883083389
     0.1787500000000      0.7924286519851      8.5348235585634    722.4833118347283   2279.3323727784782
     0.1812500000000      0.7890026798761      8.6892793934663    718.1268740477832   2275.4259661088818
     0.1837500000000      0.7855832391843      8.8439696290565    713.7863151087859   2271.5171337220117
     0.1862500000000      0.7821707372699      8.9988769257530    709.4621261151519   2267.6063304013915
     0.1887500000000      0.7787655690454      9.1539842495438    705.1547788441245   2263.6940013556004
     0.1912500000000      0.7753681179963      9.3092748315958    700.8647271717149   2259.7805832631584
     0.1937500000000      0.7719787571744      9.4647321282348    696.5924084455531   2255.8665053014506
     0.1962500000000      0.7685978501678      9.6203397811485    692.3382448160337   2251.9521901632033
     0.1987500000000      0.7652257520483      9.7760815777743    688.1026445270159   2248.0380550612417
     0.2012500000000      0.7618628103089      9.9319414115428    683.8860031825942   2244.1245127365278
     0.2037500000000      0.7585093657596     10.0879032419889    679.6887049506922   2240.2119724324480
     0.2062500000000      0.7551657534755     10.2439510565699    675.5111238198182   2236.3008409442559
     0.2087500000000      0.7518323036974     10.4000688190209    671.3536247855678   2232.3915236281637
     0.2112500000000      0.7485093422213     10.5562404758266    667.2165643872535   2228.4844248143163
     0.2137500000000      0.7451971959453     10.7124497793700    663.1002976631792   2224.5799543771363
     0.2162500000000      0.7418961810490     10.8686807372300    659.0051634165527   2220.6785135514351
     0.2187500000000      0.7386067031766     11.0249157602644    654.9316086651254   2216.7806149349744
     0.2212500000000      0.7353290893920     11.1811350257843    650.8799793137396   2212.8866812950409
     0.2237500000000      0.7320636711581     11.3373204455686    646.8506241207979   2208.9971460321885
     0.2262500000000      0.7288107639271     11.4934551268616    642.8438691365607   2205.1124275135890
     0.2287500000000      0.7255706885906     11.6495213332031    638.8600443537978   2201.2329549681531
     0.2312500000000      0.7223437692588     11.8055010131256    634.8994809172937   2197.3591658746127
     0.2337500000000      0.7191303343496     11.9613756826740    630.9625124259645   2193.4915073379339
     0.2362500000000      0.7159307168420     12.1171263410952    627.0494752098995   2189.6304365030041
     0.2387500000000      0.7127452555520     12.2727334145904    623.1607098469005   2185.7764221955572
     0.2412500000000      0.7095742962778     12.4281766974111    619.2965625071880   2181.9299464335136
     0.2437500000000      0.7064181928703     12.5834352913220    615.4573861921838   2178.0915058665555
     0.2462500000000      0.7032773083340     12.7384875381138    611.6435419989330   2174.2616132739499
     0.2487500000000      0.7001520159930     12.8933109491272    607.8554004508637   2170.4407991625671
     0.2512500000000      0.6970427007121     13.0478821316693    604.0933428819940   2166.6296134542863
     0.2537500000000      0.6939497601651     13.2021767116761    600.3577628645643   2162.8286272543573
     0.2562500000000      0.6908736061549     13.3561692521415    596.6490676854323   2159.0384347076174
     0.2587500000000      0.6878146659914     13.5098331671077    592.9676798779985   2155.2596549510940
     0.2612500000000      0.6847733839310     13.6631406310348    589.3140388137655   2151.4929341689194
     0.2637500000000      0.6817502226805     13.8160624833150    585.6886023564100   2147.7389477543020
     0.2662500000000      0.6787456649687     13.9685681277067    582.0918485812655   2143.9984025833255
     0.2687500000000      0.6757602151871     14.1206254264942    578.5242775630142   2140.2720394052640
     0.2712500000000      0.6727944011038     14.2722005892209    574.9864132338657   2136.5606353535227
     0.2737500000000      0.6698487756498     14.4232580558834    571.4788053137152   2132.8650065804604
     0.2762500000000      0.6669239187810     14.5737603745298    568.0020313128093   2129.1860110182070
     0.2787500000000      0.6640204394134     14.7236680732654    564.5566986062609   2125.5245512661659
     0.2812500000000      0.6611389774305     14.8729395267572    561.1434465783058   2121.8815776041224
     0.2837500000000      0.6582802057604     15.0215308174249    557.7629488324461   2118.2580911276705
     0.2862500000000      0.6554448325157     15.1693955916320    554.4159154615404   2114.6551470000222
     0.2887500000000      0.6526336031901     15.3164849113411    551.1030953694368   2111.0738578110618
     0.2912500000000      0.6498473029007     15.4627471018772    547.8252786328436   2107.5153970306851
     0.2937500000000      0.6470867586632     15.6081275966600    544.5832988887233   2103.9810025389552
     0.2962500000000      0.6443528416817     15.7525687800172    541.3780357285102   2100.4719802102163
     0.2987500000000      0.6416464696336     15.8960098294915    538.2104170758130   2096.9897075220611
     0.3012500000000      0.6389686089206     16.0383865593933    535.0814215188885   2093.5356371526800
     0.3037500000000      0.6363202768559     16.1796312677473    531.9920805630128   2090.1113005216566
     0.3062500000000      0.6337025437465     16.3196725892289    528.9434807608533   2086.7183112195271
     0.3087500000000      0.6311165348262     16.4584353571911    525.9367656710488   2083.3583682603903
     0.3112500000000      0.6285634319831     16.5958404784492    522.9731375863945   2080.0332590794333
     0.3137500000000      0.6260444752185     16.7318048251109    520.0538589633169   2076.7448621834478
     0.3162500000000      0.6235609637628     16.8662411484214    517.1802534737670   2073.4951493472718
     0.3187500000000      0.6211142567647     16.9990580203209    514.3537065893314   2070.2861872327117
     0.3212500000000      0.6187057734570     17.1301598091784    511.5756655954289   2067.1201382890604
     0.3237500000000      0.6163369926909     17.2594466969525    508.8476389211714   2063.9992607761446
     0.3262500000000      0.6140094517215     17.3868147458183    506.1711946581468   2060.9259077323509
     0.3287500000000      0.6117247441116     17.5121560230466    503.5479581295182   2057.9025246919555
     0.3312500000000      0.6094845166140     17.6353587935982    500.9796083600277   2054.9316459390784
     0.3337500000000      0.6072904648831     17.7563077904435    498.4678732885123   2052.0158890708676
     0.3362500000000      0.6051443278588     17.8748845729710    496.0145235583629   2049.1579476313327
     0.3387500000000      0.6030478806673     17.9909679839411    493.6213647190826   2046.3605815712631
     0.3412500000000      0.6010029258809     18.1044347151785    491.2902276750804   2043.6266052907133
     0.3437500000000      0.5990112829924     18.2151599914942    489.0229572275140   2040.9588730307541
     0.3462500000000      0.5970747759745     18.3230183810759    486.8213985729810   2038.3602614028844
     0.3487500000000      0.5951952188203     18.4278847386926    484.6873816507742   2035.8336488800883
     0.3512500000000      0.5933743989987     18.5296352854312    482.6227032698463   2033.3818921253173
     0.3537500000000      0.5916140588076     18.6281488252393    480.6291069989498   2031.0077991033306
     0.3562500000000      0.5899158746700     18.7233080942506    478.7082608696210   2028.7140990118808
     0.3587500000000      0.5882814344924     18.8150012337107    476.8617330221908   2026.5034091789769
     0.3612500000000      0.5867122132937     18.9031233713545    475.0909655193729   2024.3781992040122
     0.3637500000000      0.5852095474147     18.9875782894475    473.3972466587108   2022.3407527698607
     0.3662500000000      0.5837746077227     19.0682801505931    471.7816822314082   2020.3931277169572
     0.3687500000000      0.5824083723415     19.1451552451485    470.2451662964764   2018.5371151426536
     0.3712500000000      0.5811115995501     19.2181437170680    468.7883521597583   2016.7741984616578
     0.3737500000000      0.5798848015929     19.2872012187049    467.4116243597286   2015.1055135253359
     0.3762500000000      0.5787282202375     19.3523004400889    466.1150725571878   2013.5318110367377
     0.3787500000000      0.5776418049745     19.4134324550477    464.8984682943882   2012.0534226004802
     0.3812500000000      0.5766251947816     19.4706078258042    463.7612456208448   2010.6702317980084
     0.3837500000000      0.5756777043640     19.5238574098561    462.7024865689720   2009.3816516662548
     0.3862500000000      0.5747983157116     19.5732328183545    461.7209123953414   2008.1866098706853
     0.3887500000000      0.5739856757026     19.6188064840019    460.8148813783369   2007.0835426958611
     0.3912500000000      0.5732381003075     19.6606713085493    459.9823937797573   2006.0703987271656
     0.3937500000000      0.5725535857299     19.6989398748930    459.2211043407214   2005.1446527722774
     0.3962500000000      0.5719298265578     19.7337432258517    458.5283424004453   2004.3033301835817
     0.3987500000000      0.5713642407131     19.7652292299766    457.9011394144298   2003.5430413133167
     0.4012500000000      0.5708540006887     19.7935605730665    457.3362633248817   2002.8600253878587
     0.4037500000000      0.5703960702765     19.8189124311600    456.8302589221547   2002.2502026561053
     0.4062500000000      0.5699872457325     19.8414698954314    456.3794930539174   2001.7092332802961
     0.4087500000000      0.5696242001184     19.8614252305355    455.9802033096323   2001.2325811246719
     0.4112500000000      0.5693035294166     19.8789750546981    455.6285486492855   2000.8155803819211
     0.4137500000000      0.5690217989506     19.8943175317611    455.3206603693105   2000.4535028754483
     0.4162500000000      0.5687755886566     19.9076496623819    455.0526918106855   2000.1416238937632
     0.4187500000000      0.5685615358449     19.9191647539805    454.8208653124134   1999.8752845482534
     0.4212500000000      0.5683763742533     19.9290501375176    454.6215150890886   1999.6499488843333
     0.4237500000000      0.5682169684114     19.9374851847289    454.4511249491769   1999.4612542974166
     0.4262500000000      0.5680803425937     19.9446396631802    454.3063600518850   1999.3050541831169
     0.4287500000000      0.5679637039147     19.9506724496296    454.1840922037730   1999.1774521564075
     0.4312500000000      0.5678644593938     19.9557306058187    454.0814185003010   1999.0748275787196
     0.4337500000000      0.5677802270790     19.9599488059361    453.9956734028816   1998.9938525093098
     0.4362500000000      0.5677088415401     19.9634490923447    453.9244345928910   1998.9315005271512
     0.4387500000000      0.5676483542312     19.9663409262433    453.8655231489859   1998.8850481373543
     0.4412500000000      0.5675970293546     19.9687214929476    453.8169987464346   1998.8520696737796
     0.4437500000000      0.5675533359479     19.9706762174224    453.7771506751199   1998.8304267352385
     0.4462500000000      0.5675159369553     19.9722794443560    453.7444855186548   1998.8182532500155
     0.4487500000000      0.5674836760421     19.9735952380621    453.7177123361897   1998.8139372601377
     0.4512500000000      0.5674555628749     19.9746782603870    453.6957261486954   1998.8161004632645
     0.4537500000000      0.5674307575279     19.9755746890751    453.6775904617409   1998.8235764582009
     0.4562500000000      0.5674085545905     19.9763231442280    453.6625194662497   1998.8353885218796
     0.4587500000000      0.5673883674621     19.9769555961236    453.6498604561936   1998.8507276126472
     0.4612500000000      0.5673697132219     19.9774982333699    453.6390768953955   1998.8689311566964
     0.4637500000000      0.5673521983691     19.9779722758270    453.6297324609971   1998.8894630397901
     0.4662500000000      0.5673355056385     19.9783947217388    453.6214762936037   1998.9118951011599
     0.4687500000000      0.5673193820208     19.9787790228963    453.6140295970692   1998.9358903149298
     0.4712500000000      0.5673036280499     19.9791356853572    453.6071736563823   1998.9611877491238
     0.4737500000000      0.5672880883625     19.9794727962237    453.6007392809516   1998.9875893142275
     0.4762500000000      0.5672726434953     19.9797964792850    453.5945976326046   1999.0149482520571
     0.4787500000000      0.5672572028504     19.9801112839949    453.5886523619832   1999.0431592702557
     0.4812500000000      0.5672416987402     19.9804205133850    453.5828329527374   1999.0721501967760
     0.4837500000000      0.5672260814104     19.9807264974355    453.5770891618986   1999.1018750146097
     0.4862500000000      0.5672103149837     19.9810308226430    453.5713864897934   1999.1323081934231
     0.4887500000000      0.5671943748657     19.9813345076333    453.5657032883151   1999.1634410853260
     0.4912500000000      0.5671782426571     19.9816381366157    453.5600250770113   1999.1952748054987
     0.4937500000000      0.5671619048719     19.9819419945429    453.5543431212166   1999.2278184817246
     0.4962500000000      0.5671453532117     19.9822461671833    453.5486547521764   1999.2610897000804
     0.4987500000000      0.5671285820832     19.9825505975795    453.5429606022842   1999.2951110678791
     0.5012500000000      0.5671115890970     19.9828551124491    453.5372651789118   1999.3299109841209
     0.5037500000000      0.5670943708003     19.9831594551112    453.5315721022333   1999.3655176923444
     0.5062500000000      0.5670769247328     19.9834633595444    453.5258864230242   1999.4019622503017
     0.5087500000000      0.5670592480008     19.9837665735076    453.5202130446043   1999.4392765990042
     0.5112500000000      0.5670413372755     19.9840688520986    453.5145567421832   1999.4774936567128
     0.5137500000000      0.5670231885985     19.9843699700410    453.5089219645797   1999.5166471300745
     0.5162500000000      0.5670047972793     19.9846697255291    453.5033127418807   1999.5567714679928
     0.5187500000000      0.5669861578302     19.9849679419653    453.4977326356783   1999.5979018745736
     0.5212500000000      0.5669672639297     19.9852644678471    453.4921847243532   1999.6400743719666
     0.5237500000000      0.5669481084087     19.9855591756671    453.4866716148026   1999.6833259027292
     0.5262500000000      0.5669286832499     19.9858519602907    453.4811954715983   1999.7276944609091
     0.5287500000000      0.5669089795930     19.9861427370410    453.4757580551417   1999.7732192418393
     0.5312500000000      0.5668889877415     19.9864314396070    453.4703607630609   1999.8199408040327
     0.5337500000000      0.5668686971657     19.9867180178893    453.4650046718028   1999.8679012400551
     0.5362500000000      0.5668480965034     19.9870024358882    453.4596905769482   1999.9171443552261
     0.5387500000000      0.5668271735549     19.9872846697185    453.4544190313840   1999.9677158537911
     0.5412500000000      0.5668059152726     19.9875647057928    453.4491903806770   2000.0196635324326
     0.5437500000000      0.5667843077449     19.9878425391869    453.4440047951954   2000.0730374811289
     0.5462500000000      0.5667623361733     19.9881181721857    453.4388622988034   2000.1278902915558
     0.5487500000000      0.5667399848432     19.9883916129999    453.4337627941939   2000.1842772731402
     0.5512500000000      0.5667172370892     19.9886628746458    453.4287060850822   2000.2422566764876
     0.5537500000000      0.5666940752540     19.9889319739755    453.4236918955367   2000.3018899230231
     0.5562500000000      0.5666704806449     19.9891989308456    453.4187198867186   2000.3632418381535
     0.5587500000000      0.5666464334858     19.9894637674119    453.4137896712753   2000.4263808829442
     0.5612500000000      0.5666219128711     19.9897265075352    453.4089008256137   2000.4913793757714
     0.5637500000000      0.5665968967232     19.9899871762874    453.4040529002494   2000.5583136902408
     0.5662500000000      0.5665713617606     19.9902457995480    453.3992454283904   2000.6272644079381
     0.5687500000000      0.5665452834865     19.9905024036815    453.3944779328975   2000.6983163935490
     0.5712500000000      0.5665186362110     19.9907570152899    453.3897499317168   2000.7715587437785
     0.5737500000000      0.5664913931271     19.9910096610334    453.3850609418819   2000.8470845387517
     0.5762500000000      0.5664635264713     19.9912603675151    453.3804104821637   2000.9249902922652
     0.5787500000000      0.5664350078087     19.9915091612249    453.3757980744662   2001.0053749520669
     0.5812500000000      0.5664058085051     19.9917560685381    453.3712232440755   2001.0883382385894
     0.5837500000000      0.5663759004683     19.9920011157631    453.3666855188998   2001.1739780241951
     0.5862500000000      0.5663452572773     19.9922443292304    453.3621844278636   2001.2623863373406
     0.5887500000000      0.5663138558618     19.9924857354141    453.3577194986502   2001.3536434172679
     0.5912500000000      0.5662816789539     19.9927253610728    453.3532902550278   2001.4478090327352
     0.5937500000000      0.5662487186142     19.9929632333951    453.3488962140168   2001.5449099978471
     0.5962500000000      0.5662149812365     19.9931993801339    453.3445368831925   2001.6449224513365
     0.5987500000000      0.5661804945700     19.9934338297111    453.3402117584256   2001.7477469913845
     0.6012500000000      0.5661453174686     19.9936666112743    453.3359203223716   2001.8531741521226
     0.6037500000000      0.5661095532920     19.9938977546908    453.3316620439931   2001.9608369431940
     0.6062500000000      0.5660733681522     19.9941272904646    453.3274363793612   2002.0701462213058
     0.6087500000000      0.5660370155281     19.9943552495662    453.3232427739110   2002.1802034933116
     0.6112500000000      0.5660008691706     19.9945816631740    453.3190806662394   2002.2896843361843
     0.6137500000000      0.5659654666951     19.9948065623293    453.3149494933919   2002.3966839375505
     0.6162500000000      0.5659315668162     19.9950299775180    453.3108486973976   2002.4985142974274
     0.6187500000000      0.5659002238180     19.9952519381841    453.3067777327250   2002.5914403883328
     0.6212500000000      0.5658728835752     19.9954724721727    453.3027360744312   2002.6703400701688
     0.6237500000000      0.5658515062313     19.9956916051790    453.2987232262790   2002.7282698483805
     0.6262500000000      0.5658387215114     19.9959093601603    453.2947387326275   2002.7559156868251
     0.6287500000000      0.5658380233863     19.9961257567103    453.2907822261765   2002.7409059284028
     0.6312500000000      0.5658540114718     19.9963408110924    453.2868533346139   2002.6669606689725
     0.6337500000000      0.5658926883035     19.9965545363748    453.2829517233216   2002.5128486915182
     0.6362500000000      0.5659618212583     19.9967669418284    453.2790771092276   2002.2511240309946
     0.6387500000000      0.5660713788994     19.9969780327177    453.2752292491303   2001.8466139837553
     0.6412500000000      0.5662340519170     19.9971878106735    453.2714079215640   2001.2546330751670
     0.6437500000000      0.5664658689639     19.9973962740882    453.2676129065248   2000.4189031529825
     0.6462500000000      0.5667869176226     19.9976034186354    453.2638439595323   1999.2691691823798
     0.6487500000000      0.5672221805316     19.9978092379088    453.2601007795500   1997.7185146159563
     0.6512500000000      0.5678024964223     19.9980137241607    453.2563829705454   1995.6604005197912
     0.6537500000000      0.5685656556968     19.9982168691034    453.2526899966817   1992.9654801309985
     0.6562500000000      0.5695576404800     19.9984186647324    453.2490211311982   1989.4782762864752
     0.6587500000000      0.5708340202310     19.9986191041285    453.2453753990382   1985.0138540080254
     0.6612500000000      0.5724615165011     19.9988181821975    453.2417515132184   1979.3546747187038
     0.6637500000000      0.5745197549357     19.9990158963075    453.2381478047856   1972.2478814307312
     0.6662500000000      0.5771032298480     19.9992122467905    453.2345621459849   1963.4033336866296
     0.6687500000000      0.5803235174937     19.9994072372800    453.2309918659536   1952.4927829193382
     0.6712500000000      0.5843117894125     19.9996008748661    453.2274336578394   1939.1506464106033
     0.6737500000000      0.5892216978444     19.9997931700564    453.2238834757300   1922.9768910997066
     0.6762500000000      0.5952327322644     19.9999841365375    453.2203364191130   1903.5425634902338
     0.6787500000000      0.6025541806345     20.0001737907421    453.2167866017749   1880.3984818615122
     0.6812500000000      0.6114298723478     20.0003621512284    453.2132270010232   1853.0875227798217
     0.6837500000000      0.6221439336731     20.0005492378825    453.2096492818490   1821.1607666336265
     0.6862500000000      0.6350278530151     20.0007350709530    453.2060435890629   1784.1975018783876
     0.6887500000000      0.6504692355248     20.0009196699210    453.2023982984422   1741.8287197426428
     0.6912500000000      0.6689227288403     20.0011030521998    453.1986997153568   1693.7632710622124
     0.6937500000000      0.6909237299884     20.0012852316458    453.1949317059741   1639.8153371919948
     0.6962500000000      0.7171056460162     20.0014662168451    453.1910752415643   1579.9313453993848
     0.6987500000000      0.7482216889118     20.0016460091214    453.1871078299399   1514.2140175362301
     0.7012500000000      0.7851724536812     20.0018246001491    453.1830027980865   1442.9409764484883
     0.7037500000000      0.8290408765332     20.0020019688532    453.1787283729478   1366.5753438720387
     0.7062500000000      0.8811366233225     20.0021780767206    453.1742464719263   1285.7661186615073
     0.7087500000000      0.9430525482421     20.0023528591286    453.1695110197034   1201.3368498511852
     0.7112500000000      1.0167366191316     20.0025262048088    453.1644653221521   1114.2621815598229
     0.7137500000000      1.1045836469098     20.0026978979387    453.1590371854104   1025.6331389052391
     0.7162500000000      1.2095524579522     20.0028674615227    453.1531278997863    936.6132178073964
     0.7187500000000      1.3353163449428     20.0030337600304    453.1465828086804    848.3880702218501
     0.7212500000000      1.4864565023744     20.0031938036067    453.1391060097438    762.1129600595794
     0.7237500000000      1.6675815696338     20.0033377212909    453.1300764445002    679.3222063254103
     0.7262500000000      1.8731519514020     20.0034547635856    453.1187949959851    604.7544549934148
     0.7287500000000      2.0995817717882     20.0035258740387    453.1050815792643    539.5182598596166
     0.7312500000000      2.3461009046099     20.0035042914624    453.0825582567997    482.8037845330126
     0.7337500000000      2.6113731039052     20.0033304381378    453.0489380929899    433.7267407474945
     0.7362500000000      2.8935262887239     20.0029178767396    452.9964020794823    391.3878403704311
     0.7387500000000      3.1901799587775     20.0020998151326    452.9097812425011    354.9249470992702
     0.7412500000000      3.4984813587260     20.0005948840486    452.7645523667256    323.5436364677370
     0.7437500000000      3.8151353426420     19.9979638584689    452.5212990595302    296.5303052303768
     0.7462500000000      4.1364166694162     19.9935283417107    452.1173898377156    273.2542596473514
     0.7487500000000      4.4581490125175     19.9862541312885    451.4557378613608    253.1632167261427
     0.7512500000000      4.7756254200937     19.9745900891776    450.3892492248456    235.7750083003815
     0.7537500000000      5.0834431350139     19.9562433399254    448.6999619161912    220.6673459301726
     0.7562500000000      5.3752239280818     19.9278672019611    446.0720792748509    207.4667424292928
     0.7587500000000      5.6431930179915     19.8846291630833    442.0587692970106    195.8371651862916
     0.7612500000000      5.8776046549158     19.8196131285344    436.0448032963662    185.4687533856495
     0.7637500000000      6.0660297841908     19.7229858706555    427.2104782657156    176.0667576093616
     0.7662500000000      6.1926041011277     19.5808414909940    414.5109614763653    167.3411357755294
     0.7687500000000      6.2374763516274     19.3735483386664    396.6973775426660    158.9975477178233
     0.7712500000000      6.1768573490381     19.0734264475088    372.4144573744466    150.7297466698179
     0.7737500000000      5.9848339512870     18.6413878025612    340.4578278526478    142.2169063602159
     0.7762500000000      5.6371638840950     18.0216583789588    300.1467220471357    133.1106954748947
     0.7787500000000      5.1203935282211     17.1354378034983    251.9308905300811    123.0036759584795
     0.7812500000000      4.4433720512824     15.8663544174406    197.8083160924017    111.2940317676697
     0.7837500000000      3.6445479627332     14.0524621900419    140.9141290617232     96.6609100103915
     0.7862500000000      2.8169871910563     11.4641758491301     86.4758925866542     76.7450175680683
     0.7887500000000      2.0010904221388      7.8139790811435     37.4634219475316     46.8037595066419
     0.7912500000000      1.3680245577708      3.6623630874032      7.0320054104543     12.8506563908346
     0.7937500000000      1.0521595468865      0.8746832954888      0.2181410576284      0.5183174411948
     0.7962500000000      1.0009632884767      0.0556151065512      0.0102105722664      0.0255018650134
     0.7987500000000      1.0000018984410      0.0002726409299      0.0100000487513      0.0250000744171
     0.8012500000000      1.0000000010812      0.0000001516838      0.0100000000175      0.0250000000168
     0.8037500000000      1.0000000000005      0.0000000000595      0.0100000000000      0.0250000000000
     0.8062500000000      1.0000000000000      0.0000000000000      0.0100000000000      0.0250000000000
     0.8087500000000      1.0000000000000      0.0000000000000      0.0100000000000      0.0250000000000
     0.8112500000000      1.0000000000000     -0.0000000000000      0.0100000000000      0.0250000000000
     0.8137500000000      1.0000000000000      0.0000000000000      0.0100000000000      0.0250000000000
     0.8162500000000      1.0000000000000      0.0000000000000      0.0100000000000      0.0250000000000
     0.8187500000000      1.0000000000000      0.0000000000000      0.0100000000000      0.0250000000000
     0.8212500000000      1.0000000000000      0.0000000000000      0.0100000000000      0.0250000000000
     0.8237500000000      1.0000000000000      0.0000000000000      0.0100000000000      0.0250000000000
     0.8262500000000      1.0000000000000      0.0000000000000      0.0100000000000      0.0250000000000
     0.8287500000000      1.0000000000000      0.0000000000000      0.0100000000000      0.0250000000000
     0.8312500000000      1.0000000000000      0.0000000000000      0.0100000000000      0.0250000000000
     0.8337500000000      1.0000000000000      0.0000000000000      0.0100000000000      0.0250000000000
     0.8362500000000      1.0000000000000      0.0000000000000      0.0100000000000      0.0250000000000
     0.8387500000000      1.0000000000000      0.0000000000000      0.0100000000000      0.0250000000000
     0.8412500000000      1.0000000000000      0.0000000000000      0.0100000000000      0.0250000000000
     0.8437500000000      1.0000000000000      0.0000000000000      0.0100000000000      0.0250000000000
     0.8462500000000      1.0000000000000      0.0000000000000      0.0100000000000      0.0250000000000
     0.8487500000000      1.0000000000000      0.0000000000000      0.0100000000000      0.0250000000000
     0.8512500000000      1.0000000000000      0.0000000000000      0.0100000000000      0.0250000000000
     0.8537500000000      1.0000000000000      0.0000000000000      0.0100000000000      0.0250000000000
     0.8562500000000      1.0000000000000      0.0000000000000      0.0100000000000      0.0250000000000
     0.8587500000000      1.0000000000000      0.0000000000000      0.0100000000000      0.0250000000000
     0.8612500000000      1.0000000000000      0.0000000000000      0.0100000000000      0.0250000000000
     0.8637500000000      1.0000000000000      0.0000000000000      0.0100000000000      0.0250000000000
     0.8662500000000      1.0000000000000      0.0000000000000      0.0100000000000      0.0250000000000
     0.8687500000000      1.0000000000000      0.0000000000000      0.0100000000000      0.0250000000000
     0.8712500000000      1.0000000000000      0.0000000000000      0.0100000000000      0.0250000000000
     0.8737500000000      1.0000000000000      0.0000000000000      0.0100000000000      0.0250000000000
     0.8762500000000      1.0000000000000      0.0000000000000      0.0100000000000      0.0250000000000
     0.8787500000000      1.0000000000000      0.0000000000000      0.0100000000000      0.0250000000000
     0.8812500000000      1.0000000000000      0.0000000000000      0.0100000000000      0.0250000000000
     0.8837500000000      1.0000000000000      0.0000000000000      0.0100000000000      0.0250000000000
     0.8862500000000      1.0000000000000      0.0000000000000      0.0100000000000      0.0250000000000
     0.8887500000000      1.0000000000000      0.0000000000000      0.0100000000000      0.0250000000000
     0.8912500000000      1.0000000000000      0.0000000000000      0.0100000000000      0.0250000000000
     0.8937500000000      1.0000000000000      0.0000000000000      0.0100000000000      0.0250000000000
     0.8962500000000      1.0000000000000      0.0000000000000      0.0100000000000      0.0250000000000
     0.8987500000000      1.0000000000000      0.0000000000000      0.0100000000000      0.0250000000000
     0.9012500000000      1.0000000000000      0.0000000000000      0.0100000000000      0.0250000000000
     0.9037500000000      1.0000000000000      0.0000000000000      0.0100000000000      0.0250000000000
     0.9062500000000      1.0000000000000      0.0000000000000      0.0100000000000      0.0250000000000
     0.9087500000000      1.0000000000000      0.0000000000000      0.0100000000000      0.0250000000000
     0.9112500000000      1.0000000000000      0.0000000000000      0.0100000000000      0.0250000000000
     0.9137500000000      1.0000000000000      0.0000000000000      0.0100000000000      0.0250000000000
     0.9162500000000      1.0000000000000      0.0000000000000      0.0100000000000      0.0250000000000
     0.9187500000000      1.0000000000000      0.0000000000000      0.0100000000000      0.0250000000000
     0.9212500000000      1.0000000000000      0.0000000000000      0.0100000000000      0.0250000000000
     0.9237500000000      1.0000000000000      0.0000000000000      0.0100000000000      0.0250000000000
     0.9262500000000      1.0000000000000      0.0000000000000      0.0100000000000      0.0250000000000
     0.9287500000000      1.0000000000000      0.0000000000000      0.0100000000000      0.0250000000000
     0.9312500000000      1.0000000000000      0.0000000000000      0.0100000000000      0.0250000000000
     0.9337500000000      1.0000000000000      0.0000000000000      0.0100000000000      0.0250000000000
     0.9362500000000      1.0000000000000      0.0000000000000      0.0100000000000      0.0250000000000
     0.9387500000000      1.0000000000000      0.0000000000000      0.0100000000000      0.0250000000000
     0.9412500000000      1.0000000000000      0.0000000000000      0.0100000000000      0.0250000000000
     0.9437500000000      1.0000000000000      0.0000000000000      0.0100000000000      0.0250000000000
     0.9462500000000      1.0000000000000      0.0000000000000      0.0100000000000      0.0250000000000
     0.9487500000000      1.0000000000000      0.0000000000000      0.0100000000000      0.0250000000000
     0.9512500000000      1.0000000000000      0.0000000000000      0.0100000000000      0.0250000000000
     0.9537500000000      1.0000000000000      0.0000000000000      0.0100000000000      0.0250000000000
     0.9562500000000      1.0000000000000      0.0000000000000      0.0100000000000      0.0250000000000
     0.9587500000000      1.0000000000000      0.0000000000000      0.0100000000000      0.0250000000000
     0.9612500000000      1.0000000000000      0.0000000000000      0.0100000000000      0.0250000000000
     0.9637500000000      1.0000000000000      0.0000000000000      0.0100000000000      0.0250000000000
     0.9662500000000      1.0000000000000      0.0000000000000      0.0100000000000      0.0250000000000
     0.9687500000000      1.0000000000000      0.0000000000000      0.0100000000000      0.0250000000000
     0.9712500000000      1.0000000000000      0.0000000000000      0.0100000000000      0.0250000000000
     0.9737500000000      1.0000000000000      0.0000000000000      0.0100000000000      0.0250000000000
     0.9762500000000      1.0000000000000      0.0000000000000      0.0100000000000      0.0250000000000
     0.9787500000000      1.0000000000000      0.0000000000000      0.0100000000000      0.0250000000000
     0.9812500000000      1.0000000000000      0.0000000000000      0.0100000000000      0.0250000000000
     0.9837500000000      1.0000000000000      0.0000000000000      0.0100000000000      0.0250000000000
     0.9862500000000      1.0000000000000      0.0000000000000      0.0100000000000      0.0250000000000
     0.9887500000000      1.0000000000000      0.0000000000000      0.0100000000000      0.0250000000000
     0.9912500000000      1.0000000000000      0.0000000000000      0.0100000000000      0.0250000000000
     0.9937500000000      1.0000000000000      0.0000000000000      0.0100000000000      0.0250000000000
     0.9962500000000      1.0000000000000      0.0000000000000      0.0100000000000      0.0250000000000
     0.9987500000000      1.0000000000000      0.0000000000000      0.0100000000000      0.0250000000000

