     0.0012500000000      0.9846095087986      0.0000000000000   2484.5531899669531    978.5258783829751
     0.0037500000000      0.9846095087986      0.0364721498251   2484.5531899669531    978.5258783829751
     0.0062500000000      0.9855599812646      0.1073649213817   2485.5239134344788    979.8531606229051
     0.0087500000000      0.9845818425243      0.1779228254281   2484.5315271111617    978.4898515091706
     0.0112500000000      0.9845070134414      0.2495651658696   2484.4606152994065    978.3875601524652
     0.0137500000000      0.9836352947932      0.3216182583116   2483.5797067604890    977.1746628006938
     0.0162500000000      0.9829920498187      0.3948962147512   2482.9328753998552    976.2813107006527
     0.0187500000000      0.9819648407062      0.4692799383631   2481.8961421229328    974.8538999396525
     0.0212500000000      0.9809329834594      0.5451927047340   2480.8555848096348    973.4212281357053
     0.0237500000000      0.9796745673636      0.6226671359847   2479.5848798423353    971.6744977603518
     0.0262500000000      0.9783283219459      0.7019670438571   2478.2250317413282    969.8070946831001
     0.0287500000000      0.9768202742646      0.7831758026767   2476.7003275745851    967.7164373010588
     0.0312500000000      0.9752010049396      0.8664611324476   2475.0619460167331    965.4731588173539
     0.0337500000000      0.9734495558749      0.9519063914693   2473.2881437232663    963.0484980232366
     0.0362500000000      0.9715859469160      1.0396159491623   2471.3989345591140    960.4705896163186
     0.0387500000000      0.9696072270527      1.1296510378387   2469.3909064693521    957.7357077323219
     0.0412500000000      0.9675232884626      1.2220694643146   2467.2737383871577    954.8579203607030
     0.0437500000000      0.9653369182883      1.3169032559121   2465.0498634434889    951.8414554414210
     0.0462500000000      0.9630546925477      1.4141733616042   2462.7255808170580    948.6957708252586
     0.0487500000000      0.9606810072772      1.5138829580341   2460.3049717239805    945.4273033779527
     0.0512500000000      0.9582212457126      1.6160232748529   2457.7931312913493    942.0438383879364
     0.0537500000000      0.9556800606571      1.7205724218967   2455.1944193199915    938.5521406322608
     0.0562500000000      0.9530622535297      1.8274982176189   2452.5133579650678    934.9591631015459
     0.0587500000000      0.9503722982803      1.9367588065587   2449.7541479328452    931.2713919170957
     0.0612500000000      0.9476145745863      2.0483044553328   2446.9209070540041    927.4951657536886
     0.0637500000000      0.9447932417794      2.1620786336547   2444.0175427253289    923.6365028628508
     0.0662500000000      0.9419122995428      2.2780193730686   2441.0478142266370    919.7011839968463
     0.0687500000000      0.9389755580847      2.3960603492268   2438.0153027711904    915.6947118154391
     0.0712500000000      0.9359866560446      2.5161319647419   2434.9234299036452    911.6223355520598
     0.0737500000000      0.9329490569877      2.6381622781872   2431.7754540154715    907.4890466518224
     0.0762500000000      0.9298660578813      2.7620778550915   2428.5744788975931    903.2995907854789
     0.0787500000000      0.9267407929177      2.8878045027079   2425.3234574823050    899.0584736276514
     0.0812500000000      0.9235762403107      3.0152679121198   2422.0251985149066    894.7699707128377
     0.0837500000000      0.9203752281597      3.1443942029325   2418.6823722195945    890.4381360709552
     0.0862500000000      0.9171404409910      3.2751103819490   2415.2975165968196    886.0668117983843
     0.0887500000000      0.9138744260559      3.4073447206401   2411.8730434367330    881.6596373161361
     0.0912500000000      0.9105795996805      3.5410270602144   2408.4112443520116    877.2200586992059
     0.0937500000000      0.9072582534395      3.6760890514866   2404.9142966117133    872.7513377662382
     0.0962500000000      0.9039125601910      3.8124643374357   2401.3842688184632    868.2565609720747
     0.0987500000000      0.9005445799130      3.9500886856638   2397.8231263759326    863.7386480191350
     0.1012500000000      0.8971562653397      4.0889000777100   2394.2327367496428    859.2003601825814
     0.1037500000000      0.8937494673855      4.2288387615791   2390.6148745118153    854.6443083275115
     0.1062500000000      0.8903259403536      4.3698472733156   2386.9712261739646    850.0729606161551
     0.1087500000000      0.8868873469324      4.5118704328490   2383.3033948100392    845.4886499032549
     0.1112500000000      0.8834352629812      4.6548553187589   2379.6129044773229    840.8935808241589
     0.1137500000000      0.8799711821116      4.7987512260409   2375.9012044411120    836.2898365809382
     0.1162500000000      0.8764965200698      4.9435096104166   2372.1696732123914    831.6793854343244
     0.1187500000000      0.8730126189271      5.0890840222367   2368.4196224040788    827.0640869093628
     0.1212500000000      0.8695207510832      5.2354300325718   2364.6523004171727    822.4456977237651
     0.1237500000000      0.8660221230908      5.3825051536766   2360.8688959601868    817.8258774473907
     0.1262500000000      0.8625178793068      5.5302687556526   2357.0705414108693    813.2061939016805
     0.1287500000000      0.8590091053763      5.6786819808114   2353.2583160271720    808.5881283079040
     0.1312500000000      0.8554968315556      5.8277076569672   2349.4332490123265    803.9730801925598
     0.1337500000000      0.8519820358802      5.9773102106446   2345.5963224412126    799.3623720586537
     0.1362500000000      0.8484656471831      6.1274555809848   2341.7484740533628    794.7572538311331
     0.1387500000000      0.8449485479696      6.2781111349579   2337.8905999180365    790.1589070849891
     0.1412500000000      0.8414315771536      6.4292455843444   2334.0235569763950    785.5684490641204
     0.1437500000000      0.8379155326620      6.5808289048270   2330.1481654672634    780.9869364995621
     0.1462500000000      0.8344011739112      6.7328322574309   2326.2652112398855    776.4153692349421
     0.1487500000000      0.8308892241623      6.8852279124707   2322.3754479603504    771.8546936677112
     0.1512500000000      0.8273803727599      7.0379891760920   2318.4795992155464    767.3058060140628
     0.1537500000000      0.8238752772602      7.1910903194434   2314.5783605203387    762.7695554056758
     0.1562500000000      0.8203745654533      7.3445065104683   2310.6724012319337    758.2467468262544
     0.1587500000000      0.8168788372850      7.4982137482754   2306.7623663778181    753.7381438957832
     0.1612500000000      0.8133886666834      7.6521888000154   2302.8488784000906    749.2444715101216
     0.1637500000000      0.8099046032960      7.8064091401751   2298.9325388222960    744.7664183436241
     0.1662500000000      0.8064271741401      7.9608528921816   2295.0139298427980    740.3046392221494
     0.1687500000000      0.8029568851748      8.1154987721992   2291.0936158592817    735.8597573736715
     0.1712500000000      0.7994942227953      8.2703260349946   2287.1721449286752    731.4323665635565
     0.1737500000000      0.7960396552583      8.4253144217388   2283.2500501669347    727.0230331213082
     0.1762500000000      0.7925936340385      8.5804441096137   2279.3278510931509    722.6322978652619
     0.1787500000000      0.7891565951254      8.7356956630908   2275.4060549209480    718.2606779316628
     0.1812500000000      0.7857289602594      8.8910499867403   2271.4851578029161    713.9086685140754
     0.1837500000000      0.7823111381160      9.0464882793031   2267.5656460306395    709.5767445195592
     0.1862500000000      0.7789035254412      9.2019919884126   2263.6479971978929    705.2653621501076
     0.1887500000000      0.7755065081447      9.3575427725219   2259.7326813343329    700.9749604168500
     0.1912500000000      0.7721204634844      9.5131223510555   2255.8201629510986    696.7059639021057
     0.1937500000000      0.7687457333467      9.6687132896760   2251.9108666548741    692.4587482471628
     0.1962500000000      0.7653826140222      9.8242996304126   2248.0051744464054    688.2336307013298
     0.1987500000000      0.7620314416453      9.9798651640217   2244.1035180895101    684.0309756364160
     0.2012500000000      0.7586925666752     10.1353923262765   2240.2063497069962    679.8511621364979
     0.2037500000000      0.7553663339503     10.2908629839704   2236.3141187979659    675.6945589910715
     0.2062500000000      0.7520530847210     10.4462588981889   2232.4272752537695    671.5615275079651
     0.2087500000000      0.7487531573161     10.6015617134786   2228.5462700977778    667.4524223842740
     0.2112500000000      0.7454668877153     10.7567529102123   2224.6715561349333    663.3675924563045
     0.2137500000000      0.7421946103180     10.9118137593441   2220.8035888517702    659.3073816882378
     0.2162500000000      0.7389366587532     11.0667252834374   2216.9428273841022    655.2721302056137
     0.2187500000000      0.7356933666597     11.2214682183666   2213.0897354603585    651.2621752803246
     0.2212500000000      0.7324650684435     11.3760229738851   2209.2447823319962    647.2778522797329
     0.2237500000000      0.7292521000294     11.5303695934655   2205.4084437084070    643.3194955988057
     0.2262500000000      0.7260547996083     11.6844877136923   2201.5812027008369    639.3874395793293
     0.2287500000000      0.7228735083813     11.8383565231377   2197.7635507743903    635.4820194163394
     0.2312500000000      0.7197085713014     11.9919547206046   2193.9559887098794    631.6035720530110
     0.2337500000000      0.7165603378133     12.1452604726612   2190.1590275767239    627.7524370660901
     0.2362500000000      0.7134291625939     12.2982513704244   2186.3731897186485    623.9289575435264
     0.2387500000000      0.7103154062938     12.4509043855474   2182.5990097538743    620.1334809559074
     0.2412500000000      0.7072194362806     12.6031958253757   2178.8370355899265    616.3663600228755
     0.2437500000000      0.7041416273857     12.7551012872438   2175.0878294549070    612.6279535756941
     0.2462500000000      0.7010823626541     12.9065956118974   2171.3519689454524    608.9186274167790
     0.2487500000000      0.6980420340981     13.0576528360362   2167.6300480919708    605.2387551769144
     0.2512500000000      0.6950210434550     13.2082461439905   2163.9226784410944    601.5887191704239
     0.2537500000000      0.6920198029489     13.3583478185554   2160.2304901553816    597.9689112486268
     0.2562500000000      0.6890387360560     13.5079291910302   2156.5541331297109    594.3797336512461
     0.2587500000000      0.6860782782729     13.6569605905266   2152.8942781231190    590.8215998553151
     0.2612500000000      0.6831388778867     13.8054112926355   2149.2516179051740    587.2949354207844
     0.2637500000000      0.6802209967464     13.9532494675653   2145.6268684147926    583.8001788315885
     0.2662500000000      0.6773251110326     14.1004421278969   2142.0207699283656    580.3377823303804
     0.2687500000000      0.6744517120248     14.2469550761300   2138.4340882349943    576.9082127448997
     0.2712500000000      0.6716013068619     14.3927528522344   2134.8676158146591    573.5119523032955
     0.2737500000000      0.6687744192948     14.5377986814578   2131.3221730140149    570.1494994350467
     0.2762500000000      0.6659715904256     14.6820544226880   2127.7986092147930    566.8213695536488
     0.2787500000000      0.6631933794293     14.8254805177163   2124.2978039884347    563.5280958165631
     0.2812500000000      0.6604403642540     14.9680359418011   2120.8206682282371    560.2702298568623
     0.2837500000000      0.6577131422917     15.1096781559933   2117.3681452514147    557.0483424806204
     0.2862500000000      0.6550123310142     15.2503630617459   2113.9412118599289    553.8630243229305
     0.2887500000000      0.6523385685668     15.3900449584013   2110.5408793481361    550.7148864543067
     0.2912500000000      0.6496925143093     15.5286765042264   2107.1681944452785    547.6045609287369
     0.2937500000000      0.6470748492958     15.6662086817410   2103.8242401767197    544.5327012628678
     0.2962500000000      0.6444862766820     15.8025907681754   2100.5101366270278    541.4999828350626
     0.2987500000000      0.6419275220485     15.9377703119798   2097.2270415875055    538.5071031917342
     0.3012500000000      0.6393993336245     16.0716931164014   2093.9761510658341    535.5547822468202
     0.3037500000000      0.6369024824001     16.2043032312430   2090.7586996361065    532.6437623591675
     0.3062500000000      0.6344377621089     16.3355429540148   2087.5759606035531    529.7748082710474
     0.3087500000000      0.6320059890635     16.4653528417898   2084.4292459565122    526.9487068894738
     0.3112500000000      0.6296080018268     16.5936717351706   2081.3199060763432    524.1662668907956
     0.3137500000000      0.6272446606959     16.7204367958708   2078.2493291729470    521.4283181273928
     0.3162500000000      0.6249168469799     16.8455835594985   2075.2189404115020    518.7357108139860
     0.3187500000000      0.6226254620468     16.9690460052097   2072.2302006946570    516.0893144699126
     0.3212500000000      0.6203714261157     17.0907566439635   2069.2846050610933    513.4900165923642
     0.3237500000000      0.6181556767707     17.2106466271550   2066.3836806611844    510.9387210348444
     0.3262500000000      0.6159791671700     17.3286458774291   2063.5289842683515    508.4363460643035
     0.3287500000000      0.6138428639237     17.4446832434699   2060.7220992837265    505.9838220700773
     0.3312500000000      0.6117477446166     17.5586866805267   2057.9646321929004    503.5820888979101
     0.3337500000000      0.6096947949486     17.6705834583517   2055.2582084324622    501.2320927826306
     0.3362500000000      0.6076850054697     17.7803003981053   2052.6044676262809    498.9347828546572
     0.3387500000000      0.6057193678878     17.8877641395957   2050.0050581547930    496.6911071969386
     0.3412500000000      0.6037988709278     17.9929014399840   2047.4616310230217    494.5020084318972
     0.3437500000000      0.6019244957279     18.0956395047708   2044.9758329990341    492.3684188214805
     0.3462500000000      0.6000972107597     18.1959063514970   2042.5492990016892    490.2912548680290
     0.3487500000000      0.5983179662668     18.2936312061281   2040.1836437240695    488.2714114095376
     0.3512500000000      0.5965876882221     18.3887449315449   2037.8804524909779    486.3097552098798
     0.3537500000000      0.5949072718119     18.4811804869336   2035.6412713596867    484.4071180529330
     0.3562500000000      0.5932775744648     18.5708734161552   2033.4675964889600    482.5642893591021
     0.3587500000000      0.5916994084537     18.6577623623823   2031.3608628174154    480.7820083539864
     0.3612500000000      0.5901735331098     18.7417896054311   2029.3224321108614    479.0609558311107
     0.3637500000000      0.5887006467025     18.8229016172960   2027.3535804593128    477.4017455644188
     0.3662500000000      0.5872813780505     18.9010496304334   2025.4554853250424    475.8049154406658
     0.3687500000000      0.5859162779455     18.9761902123623   2023.6292122683733    474.2709183975983
     0.3712500000000      0.5846058104846     19.0482858391806   2021.8757014996545    472.8001132696962
     0.3737500000000      0.5833503444225     19.1173054596651   2020.1957544313984    471.3927556593509
     0.3762500000000      0.5821501446685     19.1832250407761   2018.5900204269244    470.0489889671593
     0.3787500000000      0.5810053640679     19.2460280846561   2017.0589839638735    468.7688357297488
     0.3812500000000      0.5799160356191     19.3057061066446   2015.6029524491980    467.5521894265648
     0.3837500000000      0.5788820652866     19.3622590634728   2014.2220449381027    466.3988069278406
     0.3862500000000      0.5779032255789     19.4156957206961   2012.9161820189520    465.3083017634870
     0.3887500000000      0.5769791500598     19.4660339486041   2011.6850771299992    464.2801383962074
     0.3912500000000      0.5761093289647     19.5133009363541   2010.5282295718055    463.3136276813055
     0.3937500000000      0.5752931060827     19.5575333149340   2009.4449194663316    462.4079236887605
     0.3962500000000      0.5745296770570     19.5987771807779   2008.4342048952508    461.5620220515069
     0.3987500000000      0.5738180892366     19.6370880134315   2007.4949214204369    460.7747599846860
     0.4012500000000      0.5731572431890     19.6725304825877   2006.6256841514619    460.0448180961981
     0.4037500000000      0.5725458959557     19.7051781420299   2005.8248924774630    459.3707240774744
     0.4062500000000      0.5719826660967     19.7351130104967   2005.0907375273246    458.7508583266734
     0.4087500000000      0.5714660405327     19.7624250421297   2004.4212123592977    458.1834615147200
     0.4112500000000      0.5709943831502     19.7872114919088   2003.8141248163888    457.6666440588743
     0.4137500000000      0.5705659450919     19.8095761842164   2003.2671129150017    457.1983974207486
     0.4162500000000      0.5701788766103     19.8296286952880   2002.7776625660701    456.7766070968583
     0.4187500000000      0.5698312403176     19.8474834627162   2002.3431273624976    456.3990671225690
     0.4212500000000      0.5695210256264     19.8632588372213   2001.9607501083888    456.0634958662227
     0.4237500000000      0.5692461641379     19.8770760936275   2001.6276857081066    455.7675528485861
     0.4262500000000      0.5690045457188     19.8890584187374   2001.3410250160612    455.5088563070427
     0.4287500000000      0.5687940349119     19.8993298957187   2001.0978191337201    455.2850011193770
     0.4312500000000      0.5686124876839     19.9080144990681   2000.8951039489523    455.0935770603766
     0.4337500000000      0.5684577668896     19.9152351337971   2000.7299236038925    454.9321858084450
     0.4362500000000      0.5683277615521     19.9211126821031   2000.5993553610049    454.7984613579862
     0.4387500000000      0.5682203888614     19.9257652587770   2000.5005266743299    454.6900748737297
     0.4412500000000      0.5681336560277     19.9293071623922   2000.4306501555807    454.6047915610942
     0.4437500000000      0.5680655104475     19.9318491145513   2000.3870233023063    454.5403501938916
     0.4462500000000      0.5680144023809     19.9334971520130   2000.3671207540228    454.4949338550122
     0.4487500000000      0.5679778016535     19.9343574461687   2000.3694200240848    454.4661702720518
     0.4512500000000      0.5679581741873     19.9345083192808   2000.3928331259724    454.4557844638223
     0.4537500000000      0.5679468775068     19.9340138464783   2000.4298413651175    454.4551528299284
     0.4562500000000      0.5679460036186     19.9329790319257   2000.4813434967609    454.4661537410128
     0.4587500000000      0.5679537185828     19.9315014411372   2000.5453021042167    454.4868574093674
     0.4612500000000      0.5679687927271     19.9296463678619   2000.6200305919224    454.5158973923732
     0.4637500000000      0.5679900884871     19.9274747736625   2000.7039474216151    454.5520048530193
     0.4662500000000      0.5680165673219     19.9250415324028   2000.7956392152942    454.5940283598640
     0.4687500000000      0.5680472879854     19.9223959843981   2000.8938421723319    454.6409282370814
     0.4712500000000      0.5680814074539     19.9195821484532   2000.9974271361366    454.6917738876460
     0.4737500000000      0.5681181757896     19.9166389847971   2001.1053925631816    454.7457380742766
     0.4762500000000      0.5681569297878     19.9136006857473   2001.2168582381730    454.8020904065035
     0.4787500000000      0.5681970870281     19.9104969905667   2001.3310570888234    454.8601907266892
     0.4812500000000      0.5682381377145     19.9073536907712   2001.4473301624321    454.9194814500818
     0.4837500000000      0.5682796724792     19.9041927827628   2001.5651704688405    454.9795198079156
     0.4862500000000      0.5683213470480     19.9010322823852   2001.6840879892663    455.0399189002769
     0.4887500000000      0.5683627925086     19.8978870970919   2001.8036408578798    455.1002829487649
     0.4912500000000      0.5684037345026     19.8947700377168   2001.9234918469772    455.1603155817460
     0.4937500000000      0.5684439467312     19.8916917822696   2002.0433684941695    455.2197735655605
     0.4962500000000      0.5684832441906     19.8886608475725   2002.1630570213176    455.2784600216442
     0.4987500000000      0.5685214780773     19.8856838780556   2002.2823947908273    455.3362186458945
     0.5012500000000      0.5685585310856     19.8827659044332   2002.4012631134340    455.3929283199244
     0.5037500000000      0.5685943129051     19.8799105775662   2002.5195810340044    455.4484981028104
     0.5062500000000      0.5686287560948     19.8771203796188   2002.6372998723712    455.5028626941594
     0.5087500000000      0.5686618124146     19.8743968138866   2002.7543983295293    455.5559783901693
     0.5112500000000      0.5686934495893     19.8717405740792   2002.8708781359655    455.6078195076123
     0.5137500000000      0.5687236484561     19.8691516935615   2002.9867602430422    455.6583752379129
     0.5162500000000      0.5687524004625     19.8666296752522   2003.1020815215752    455.7076468947271
     0.5187500000000      0.5687797054839     19.8641736033006   2003.2168919174551    455.7556455220745
     0.5212500000000      0.5688055699392     19.8617822380412   2003.3312520196853    455.8023898328358
     0.5237500000000      0.5688300051757     19.8594540959419   2003.4452310053509    455.8479044488317
     0.5262500000000      0.5688530260989     19.8571875163131   2003.5589049265980    455.8922184139327
     0.5287500000000      0.5688746500202     19.8549807164822   2003.6723553061536    455.9353639519510
     0.5312500000000      0.5688948956985     19.8528318369996   2003.7856680058017    455.9773754409213
     0.5337500000000      0.5689137825493     19.8507389782786   2003.8989323347241    456.0182885764011
     0.5362500000000      0.5689313299982     19.8487002299068   2004.0122403653829    456.0581396975168
     0.5387500000000      0.5689475569574     19.8467136937193   2004.1256864287586    456.0969652516616
     0.5412500000000      0.5689624814038     19.8447775015981   2004.2393667619615    456.1348013760564
     0.5437500000000      0.5689761200435     19.8428898288535   2004.3533792863918    456.1716835769446
     0.5462500000000      0.5689884880442     19.8410489039467   2004.4678234962439    456.2076464897643
     0.5487500000000      0.5689995988259     19.8392530152219   2004.5828004419852    456.2427237059445
     0.5512500000000      0.5690094638948     19.8375005152306   2004.6984127943729    456.2769476539543
     0.5537500000000      0.5690180927127     19.8357898231426   2004.8147649787618    456.3103495242121
     0.5562500000000      0.5690254925931     19.8341194256657   2004.9319633696782    456.3429592287974
     0.5587500000000      0.5690316686150     19.8324878768172   2005.0501165394371    456.3748053884904
     0.5612500000000      0.5690366235509     19.8308937968329   2005.1693355551861    456.4059153408131
     0.5637500000000      0.5690403577995     19.8293358704399   2005.2897343205357    456.4363151637504
     0.5662500000000      0.5690428693230     19.8278128446801   2005.4114299599080    456.4660297109766
     0.5687500000000      0.5690441535807     19.8263235264272   2005.5345432448487    456.4950826550792
     0.5712500000000      0.5690442034586     19.8248667797159   2005.6591990626823    456.5234965360540
     0.5737500000000      0.5690430091892     19.8234415229731   2005.7855269298966    456.5512928129315
     0.5762500000000      0.5690405582604     19.8220467262202   2005.9136615534048    456.5784919170064
     0.5787500000000      0.5690368353101     19.8206814083016   2006.0437434432895    456.6051133050768
     0.5812500000000      0.5690318220034     19.8193446341743   2006.1759195851246    456.6311755123538
     0.5837500000000      0.5690254968895     19.8180355122956   2006.3103441747935    456.6566962034284
     0.5862500000000      0.5690178352372     19.8167531920927   2006.4471794327503    456.6816922234728
     0.5887500000000      0.5690088088373     19.8154968616325   2006.5865964894922    456.7061796389409
     0.5912500000000      0.5689983858073     19.8142657451770   2006.7287763873630    456.7301738069921
     0.5937500000000      0.5689865302450     19.8130591015812   2006.8739111508226    456.7536893379517
     0.5962500000000      0.5689732020621     19.8118762219931   2007.0222050835371    456.7767402544731
     0.5987500000000      0.5689583565929     19.8107164272919   2007.1738760897381    456.7993399745055
     0.6012500000000      0.5689419442038     19.8095790669155   2007.3291571728892    456.8215013355571
     0.6037500000000      0.5689239098775     19.8084635173442   2007.4882980860141    456.8432366321713
     0.6062500000000      0.5689041927655     19.8073691804968   2007.6515670761360    456.8645576487179
     0.6087500000000      0.5688827257419     19.8062954822657   2007.8192526114694    456.8854756890751
     0.6112500000000      0.5688594350313     19.8052418711631   2007.9916648425683    456.9060016039386
     0.6137500000000      0.5688342400536     19.8042078170639   2008.1691362892166    456.9261458161036
     0.6162500000000      0.5688070537641     19.8031928100367   2008.3520207780616    456.9459183439957
     0.6187500000000      0.5687777839945     19.8021963592561   2008.5406888363589    456.9653288236154
     0.6212500000000      0.5687463366984     19.8012179919880   2008.7355163550931    456.9843865291693
     0.6237500000000      0.5687126226518     19.8002572526466   2008.9368610351964    457.0031003924898
     0.6262500000000      0.5686765702030     19.7993137019161   2009.1450174326769    457.0214790216313
     0.6287500000000      0.5686381482971     19.7983869159373   2009.3601356490424    457.0395307189759
     0.6312500000000      0.5685974064712     19.7974764855582   2009.5820799456992    457.0572634992895
     0.6337500000000      0.5685545421641     19.7965820156492   2009.8101906327176    457.0746851087764
     0.6362500000000      0.5685100108990     19.7957031244865   2010.0428940665502    457.0918030453184
     0.6387500000000      0.5684647021485     19.7948394432246   2010.2770798948643    457.1086245833447
     0.6412500000000      0.5684202134045     19.7939906153609   2010.5071302144777    457.1251568030834
     0.6437500000000      0.5683792675943     19.7931562965054   2010.7234406699076    457.1414066170695
     0.6462500000000      0.5683463347478     19.7923361533895   2010.9102184870294    457.1573808735787
     0.6487500000000      0.5683285371633     19.7915298646213   2011.0422770222872    457.1730861894912
     0.6512500000000      0.5683369394978     19.7907371234475   2011.0804762079326    457.1885291727379
     0.6537500000000      0.5683883462008     19.7899576374893   2010.9653888748685    457.2037166598334
     0.6562500000000      0.5685077504813     19.7891911264654   2010.6087179949332    457.2186557461416
     0.6587500000000      0.5687315963831     19.7884373221826   2009.8819776379821    457.2333542734312
     0.6612500000000      0.5691120218657     19.7876959724646   2008.6020118253807    457.2478208293684
     0.6637500000000      0.5697222473310     19.7869668447820   2006.5131181204204    457.2620651818851
     0.6662500000000      0.5706632467339     19.7862497283442   2003.2659427834169    457.2760987920918
     0.6687500000000      0.5720717872356     19.7855444371304   1998.3940199686137    457.2899354417856
     0.6712500000000      0.5741298406193     19.7848508135024   1991.2899471726298    457.3035919988141
     0.6737500000000      0.5770752525163     19.7841687321209   1981.1848079618351    457.3170893344375
     0.6762500000000      0.5812134036284     19.7834981038630   1967.1365566498066    457.3304533969240
     0.6787500000000      0.5869294145548     19.7828388793832   1948.0354242549970    457.3437164360283
     0.6812500000000      0.5947002417632     19.7821910519740   1922.6363394641705    457.3569183608191
     0.6837500000000      0.6051058016159     19.7815546594759   1889.6286690068623    457.3701082063353
     0.6862500000000      0.6188380626808     19.7809297853392   1847.7505394575999    457.3833456621128
     0.6887500000000      0.6367068889406     19.7803165596288   1795.9468893590458    457.3967026505088
     0.6912500000000      0.6596413253830     19.7797151604270   1733.5567347450979    457.4102648535548
     0.6937500000000      0.6886850206203     19.7791258217048   1660.4983390982723    457.4241331607236
     0.6962500000000      0.7249846018183     19.7785488378823   1577.4073834053843    457.4384255053820
     0.6987500000000      0.7697700677200     19.7779845988946   1485.6815534462123    457.4532760026440
     0.7012500000000      0.8243266739700     19.7774336088807   1387.4015532679546    457.4688431464859
     0.7037500000000      0.8899582408117     19.7768964796579   1285.1313438628031    457.4852919984305
     0.7062500000000      0.9679426206495     19.7763744022874   1181.6372699291264    457.5028302849081
     0.7087500000000      1.0594803417408     19.7758678053605   1079.5898453711379    457.5216873254917
     0.7112500000000      1.1656385865557     19.7753807697309    981.3118192010759    457.5419687615696
     0.7137500000000      1.2872945075080     19.7749133057685    888.6166198564842    457.5645176086317
     0.7162500000000      1.4250724489091     19.7744686898425    802.7452656687063    457.5880646386824
     0.7187500000000      1.5793080745514     19.7740524040500    724.3929802399575    457.6158731365286
     0.7212500000000      1.7499770903819     19.7735973968059    653.7961668932977    457.6513255371136
     0.7237500000000      1.9366521604149     19.7731051889216    590.8260986846111    457.6898561788310
     0.7262500000000      2.1385406037538     19.7726859340742    535.0914965184551    457.7259568112471
     0.7287500000000      2.3544570555872     19.7723436243063    486.0619640037333    457.7648082404660
     0.7312500000000      2.5828180237666     19.7720345662788    443.1274643817650    457.8070407324868
     0.7337500000000      2.8216839514337     19.7717538955528    405.6556447944357    457.8528090899833
     0.7362500000000      3.0688077341831     19.7715001400136    373.0292091767874    457.9019688791664
     0.7387500000000      3.3216993853383     19.7712698093730    344.6688295251481    457.9544956715870
     0.7412500000000      3.5776952627486     19.7710450334997    320.0450452389657    458.0094568870480
     0.7437500000000      3.8340343679912     19.7707800986573    298.6828995386714    458.0642007850133
     0.7462500000000      4.0879367346564     19.7703841914409    280.1619050892501    458.1136573862632
     0.7487500000000      4.3366665690256     19.7696809855721    264.1127946847668    458.1476508645399
     0.7512500000000      4.5775737215987     19.7683361918785    250.2125760540702    458.1466051834523
     0.7537500000000      4.8080942436164     19.7657349290459    238.1785484074377    458.0739630202826
     0.7562500000000      5.0256842002834     19.7607719574263    227.7615999284763    457.8631496767210
     0.7587500000000      5.2276467547392     19.7514972535523    218.7387120446890    457.3954872624964
     0.7612500000000      5.4107903041039     19.7345214074763    210.9041844371283    456.4633264989429
     0.7637500000000      5.5708214461964     19.7040232948121    204.0585612956828    454.7095238183878
     0.7662500000000      5.7013291837436     19.6501021681189    197.9934472332311    451.5303275603236
     0.7687500000000      5.7921661590017     19.5560568261548    192.4691432467521    445.9253032663578
     0.7712500000000      5.8270268309691     19.3939362133650    187.1799428923263    436.2810197811426
     0.7737500000000      5.7802196182908     19.1173973823898    181.6983216261405    420.1024813095709
     0.7762500000000      5.6134566150132     18.6506825962183    175.3825439594026    393.8009206187001
     0.7787500000000      5.2758459704487     17.8731257978573    167.2177211276053    352.8859760794759
     0.7812500000000      4.7152664188691     16.6026946423088    155.5246230523350    293.3360129543813
     0.7837500000000      3.9147799348652     14.5976889460609    137.4064936829380    215.1664737560603
     0.7862500000000      2.9567303508359     11.6356882877496    108.1123768044186    127.8636583194512
     0.7887500000000      2.0495695538046      7.7210806256415     64.0821062683072     52.5362935804767
     0.7912500000000      1.3608325112053      3.5992046119969     17.7450906055336      9.6592384841177
     0.7937500000000      1.0431974030890      0.8826043232921      0.6346663125517      0.2648328996328
     0.7962500000000      1.0013344544552      0.0583484890951      0.0254727783275      0.0102027082360
     0.7987500000000      1.0000060580134      0.0004658503775      0.0250000620979      0.0100000854194
     0.8012500000000      1.0000000044924      0.0000003895169      0.0250000000449      0.0100000000629
     0.8037500000000      1.0000000000028      0.0000000002651      0.0250000000000      0.0100000000000
     0.8062500000000      1.0000000000000      0.0000000000001      0.0250000000000      0.0100000000000
     0.8087500000000      1.0000000000000      0.0000000000000      0.0250000000000      0.0100000000000
     0.8112500000000      1.0000000000000      0.0000000000000      0.0250000000000      0.0100000000000
     0.8137500000000      1.0000000000000      0.0000000000000      0.0250000000000      0.0100000000000
     0.8162500000000      1.0000000000000      0.0000000000000      0.0250000000000      0.0100000000000
     0.8187500000000      1.0000000000000      0.0000000000000      0.0250000000000      0.0100000000000
     0.8212500000000      1.0000000000000      0.0000000000000      0.0250000000000      0.0100000000000
     0.8237500000000      1.0000000000000      0.0000000000000      0.0250000000000      0.0100000000000
     0.8262500000000      1.0000000000000      0.0000000000000      0.0250000000000      0.0100000000000
     0.8287500000000      1.0000000000000      0.0000000000000      0.0250000000000      0.0100000000000
     0.8312500000000      1.0000000000000      0.0000000000000      0.0250000000000      0.0100000000000
     0.8337500000000      1.0000000000000      0.0000000000000      0.0250000000000      0.0100000000000
     0.8362500000000      1.0000000000000      0.0000000000000      0.0250000000000      0.0100000000000
     0.8387500000000      1.0000000000000      0.0000000000000      0.0250000000000      0.0100000000000
     0.8412500000000      1.0000000000000      0.0000000000000      0.0250000000000      0.0100000000000
     0.8437500000000      1.0000000000000      0.0000000000000      0.0250000000000      0.0100000000000
     0.8462500000000      1.0000000000000      0.0000000000000      0.0250000000000      0.0100000000000
     0.8487500000000      1.0000000000000      0.0000000000000      0.0250000000000      0.0100000000000
     0.8512500000000      1.0000000000000      0.0000000000000      0.0250000000000      0.0100000000000
     0.8537500000000      1.0000000000000      0.0000000000000      0.0250000000000      0.0100000000000
     0.8562500000000      1.0000000000000      0.0000000000000      0.0250000000000      0.0100000000000
     0.8587500000000      1.0000000000000      0.0000000000000      0.0250000000000      0.0100000000000
     0.8612500000000      1.0000000000000      0.0000000000000      0.0250000000000      0.0100000000000
     0.8637500000000      1.0000000000000      0.0000000000000      0.0250000000000      0.0100000000000
     0.8662500000000      1.0000000000000      0.0000000000000      0.0250000000000      0.0100000000000
     0.8687500000000      1.0000000000000      0.0000000000000      0.0250000000000      0.0100000000000
     0.8712500000000      1.0000000000000      0.0000000000000      0.0250000000000      0.0100000000000
     0.8737500000000      1.0000000000000      0.0000000000000      0.0250000000000      0.0100000000000
     0.8762500000000      1.0000000000000      0.0000000000000      0.0250000000000      0.0100000000000
     0.8787500000000      1.0000000000000      0.0000000000000      0.0250000000000      0.0100000000000
     0.8812500000000      1.0000000000000      0.0000000000000      0.0250000000000      0.0100000000000
     0.8837500000000      1.0000000000000      0.0000000000000      0.0250000000000      0.0100000000000
     0.8862500000000      1.0000000000000      0.0000000000000      0.0250000000000      0.0100000000000
     0.8887500000000      1.0000000000000      0.0000000000000      0.0250000000000      0.0100000000000
     0.8912500000000      1.0000000000000      0.0000000000000      0.0250000000000      0.0100000000000
     0.8937500000000      1.0000000000000      0.0000000000000      0.0250000000000      0.0100000000000
     0.8962500000000      1.0000000000000      0.0000000000000      0.0250000000000      0.0100000000000
     0.8987500000000      1.0000000000000      0.0000000000000      0.0250000000000      0.0100000000000
     0.9012500000000      1.0000000000000      0.0000000000000      0.0250000000000      0.0100000000000
     0.9037500000000      1.0000000000000      0.0000000000000      0.0250000000000      0.0100000000000
     0.9062500000000      1.0000000000000      0.0000000000000      0.0250000000000      0.0100000000000
     0.9087500000000      1.0000000000000      0.0000000000000      0.0250000000000      0.0100000000000
     0.9112500000000      1.0000000000000      0.0000000000000      0.0250000000000      0.0100000000000
     0.9137500000000      1.0000000000000      0.0000000000000      0.0250000000000      0.0100000000000
     0.9162500000000      1.0000000000000      0.0000000000000      0.0250000000000      0.0100000000000
     0.9187500000000      1.0000000000000      0.0000000000000      0.0250000000000      0.0100000000000
     0.9212500000000      1.0000000000000      0.0000000000000      0.0250000000000      0.0100000000000
     0.9237500000000      1.0000000000000      0.0000000000000      0.0250000000000      0.0100000000000
     0.9262500000000      1.0000000000000      0.0000000000000      0.0250000000000      0.0100000000000
     0.9287500000000      1.0000000000000      0.0000000000000      0.0250000000000      0.0100000000000
     0.9312500000000      1.0000000000000      0.0000000000000      0.0250000000000      0.0100000000000
     0.9337500000000      1.0000000000000      0.0000000000000      0.0250000000000      0.0100000000000
     0.9362500000000      1.0000000000000      0.0000000000000      0.0250000000000      0.0100000000000
     0.9387500000000      1.0000000000000      0.0000000000000      0.0250000000000      0.0100000000000
     0.9412500000000      1.0000000000000      0.0000000000000      0.0250000000000      0.0100000000000
     0.9437500000000      1.0000000000000      0.0000000000000      0.0250000000000      0.0100000000000
     0.9462500000000      1.0000000000000      0.0000000000000      0.0250000000000      0.0100000000000
     0.9487500000000      1.0000000000000      0.0000000000000      0.0250000000000      0.0100000000000
     0.9512500000000      1.0000000000000      0.0000000000000      0.0250000000000      0.0100000000000
     0.9537500000000      1.0000000000000      0.0000000000000      0.0250000000000      0.0100000000000
     0.9562500000000      1.0000000000000      0.0000000000000      0.0250000000000      0.0100000000000
     0.9587500000000      1.0000000000000      0.0000000000000      0.0250000000000      0.0100000000000
     0.9612500000000      1.0000000000000      0.0000000000000      0.0250000000000      0.0100000000000
     0.9637500000000      1.0000000000000      0.0000000000000      0.0250000000000      0.0100000000000
     0.9662500000000      1.0000000000000      0.0000000000000      0.0250000000000      0.0100000000000
     0.9687500000000      1.0000000000000      0.0000000000000      0.0250000000000      0.0100000000000
     0.9712500000000      1.0000000000000      0.0000000000000      0.0250000000000      0.0100000000000
     0.9737500000000      1.0000000000000      0.0000000000000      0.0250000000000      0.0100000000000
     0.9762500000000      1.0000000000000      0.0000000000000      0.0250000000000      0.0100000000000
     0.9787500000000      1.0000000000000      0.0000000000000      0.0250000000000      0.0100000000000
     0.9812500000000      1.0000000000000      0.0000000000000      0.0250000000000      0.0100000000000
     0.9837500000000      1.0000000000000      0.0000000000000      0.0250000000000      0.0100000000000
     0.9862500000000      1.0000000000000      0.0000000000000      0.0250000000000      0.0100000000000
     0.9887500000000      1.0000000000000      0.0000000000000      0.0250000000000      0.0100000000000
     0.9912500000000      1.0000000000000      0.0000000000000      0.0250000000000      0.0100000000000
     0.9937500000000      1.0000000000000      0.0000000000000      0.0250000000000      0.0100000000000
     0.9962500000000      1.0000000000000      0.0000000000000      0.0250000000000      0.0100000000000
     0.9987500000000      1.0000000000000      0.0000000000000      0.0250000000000      0.0100000000000

